Log file open, 12/21/20 04:02:40
LogInit: Display: Running engine for game: Robogoo_Cplusplus
LogPlatformFile: Not using cached read wrapper
LogTaskGraph: Started task graph with 5 named threads and 20 total threads with 3 sets of task threads.
LogStats: Stats thread started at 0.167604
LogD3D11RHI: Loaded GFSDK_Aftermath_Lib.x64.dll
LogICUInternationalization: ICU TimeZone Detection - Raw Offset: +0:00, Platform Override: ''
LogPluginManager: Mounting plugin Paper2D
LogPluginManager: Mounting plugin AISupport
LogPluginManager: Mounting plugin LightPropagationVolume
LogPluginManager: Mounting plugin CameraShakePreviewer
LogPluginManager: Mounting plugin ActorLayerUtilities
LogPluginManager: Mounting plugin AnimationSharing
LogPluginManager: Mounting plugin CLionSourceCodeAccess
LogPluginManager: Mounting plugin CodeLiteSourceCodeAccess
LogPluginManager: Mounting plugin GitSourceControl
LogPluginManager: Mounting plugin KDevelopSourceCodeAccess
LogPluginManager: Mounting plugin NullSourceCodeAccess
LogPluginManager: Mounting plugin PerforceSourceControl
LogPluginManager: Mounting plugin PlasticSourceControl
LogPluginManager: Mounting plugin RiderSourceCodeAccess
LogPluginManager: Mounting plugin SubversionSourceControl
LogPluginManager: Mounting plugin UObjectPlugin
LogPluginManager: Mounting plugin VisualStudioCodeSourceCodeAccess
LogPluginManager: Mounting plugin VisualStudioSourceCodeAccess
LogPluginManager: Mounting plugin XCodeSourceCodeAccess
LogPluginManager: Mounting plugin AssetManagerEditor
LogPluginManager: Mounting plugin CryptoKeys
LogPluginManager: Mounting plugin CurveEditorTools
LogPluginManager: Mounting plugin DataValidation
LogPluginManager: Mounting plugin EditorScriptingUtilities
LogPluginManager: Mounting plugin FacialAnimation
LogPluginManager: Mounting plugin GameplayTagsEditor
LogPluginManager: Mounting plugin GeometryMode
LogPluginManager: Mounting plugin MacGraphicsSwitching
LogPluginManager: Mounting plugin MaterialAnalyzer
LogPluginManager: Mounting plugin MobileLauncherProfileWizard
LogPluginManager: Mounting plugin PluginBrowser
LogPluginManager: Mounting plugin SpeedTreeImporter
LogPluginManager: Mounting plugin DatasmithContent
LogPluginManager: Mounting plugin VariantManagerContent
LogPluginManager: Mounting plugin AlembicImporter
LogPluginManager: Mounting plugin AutomationUtils
LogPluginManager: Mounting plugin BackChannel
LogPluginManager: Mounting plugin ChaosCloth
LogPluginManager: Mounting plugin ChaosClothEditor
LogPluginManager: Mounting plugin ChaosEditor
LogPluginManager: Mounting plugin ChaosNiagara
LogPluginManager: Mounting plugin ChaosSolverPlugin
LogPluginManager: Mounting plugin CharacterAI
LogPluginManager: Mounting plugin GeometryCache
LogPluginManager: Mounting plugin GeometryCollectionPlugin
LogPluginManager: Mounting plugin GeometryProcessing
LogPluginManager: Mounting plugin PlanarCut
LogPluginManager: Mounting plugin PlatformCrypto
LogPluginManager: Mounting plugin ProxyLODPlugin
LogPluginManager: Mounting plugin SkeletalReduction
LogPluginManager: Mounting plugin Niagara
LogPluginManager: Mounting plugin MagicLeap
LogPluginManager: Mounting plugin MagicLeapLightEstimation
LogPluginManager: Mounting plugin MagicLeapMedia
LogPluginManager: Mounting plugin MagicLeapPassableWorld
LogPluginManager: Mounting plugin MLSDK
LogPluginManager: Mounting plugin AndroidMedia
LogPluginManager: Mounting plugin AvfMedia
LogPluginManager: Mounting plugin ImgMedia
LogPluginManager: Mounting plugin MediaCompositing
LogPluginManager: Mounting plugin MediaPlayerEditor
LogPluginManager: Mounting plugin WebMMedia
LogPluginManager: Mounting plugin WmfMedia
LogPluginManager: Mounting plugin MeshPainting
LogPluginManager: Mounting plugin TcpMessaging
LogPluginManager: Mounting plugin UdpMessaging
LogPluginManager: Mounting plugin ActorSequence
LogPluginManager: Mounting plugin LevelSequenceEditor
LogPluginManager: Mounting plugin MatineeToLevelSequence
LogPluginManager: Mounting plugin MovieRenderPipeline
LogPluginManager: Mounting plugin TemplateSequence
LogPluginManager: Mounting plugin NetcodeUnitTest
LogPluginManager: Mounting plugin NUTUnrealEngine4
LogPluginManager: Mounting plugin OnlineSubsystemGooglePlay
LogPluginManager: Mounting plugin OnlineSubsystemIOS
LogPluginManager: Mounting plugin OnlineSubsystem
LogPluginManager: Mounting plugin OnlineSubsystemNull
LogPluginManager: Mounting plugin OnlineSubsystemUtils
LogPluginManager: Mounting plugin LauncherChunkInstaller
LogPluginManager: Mounting plugin AndroidDeviceProfileSelector
LogPluginManager: Mounting plugin AndroidMoviePlayer
LogPluginManager: Mounting plugin AndroidPermission
LogPluginManager: Mounting plugin AppleImageUtils
LogPluginManager: Mounting plugin AppleMoviePlayer
LogPluginManager: Mounting plugin ArchVisCharacter
LogPluginManager: Mounting plugin AssetTags
LogPluginManager: Mounting plugin AudioCapture
LogPluginManager: Mounting plugin CableComponent
LogPluginManager: Mounting plugin CustomMeshComponent
LogPluginManager: Mounting plugin EditableMesh
LogPluginManager: Mounting plugin ExampleDeviceProfileSelector
LogPluginManager: Mounting plugin GoogleCloudMessaging
LogPluginManager: Mounting plugin GooglePAD
LogPluginManager: Mounting plugin IOSDeviceProfileSelector
LogPluginManager: Mounting plugin LinuxDeviceProfileSelector
LogPluginManager: Mounting plugin LocationServicesBPLibrary
LogPluginManager: Mounting plugin MobilePatchingUtils
LogPluginManager: Mounting plugin PhysXVehicles
LogPluginManager: Mounting plugin PostSplashScreen
LogPluginManager: Mounting plugin ProceduralMeshComponent
LogPluginManager: Mounting plugin RuntimePhysXCooking
LogPluginManager: Mounting plugin SignificanceManager
LogPluginManager: Mounting plugin SoundFields
LogPluginManager: Mounting plugin Synthesis
LogPluginManager: Mounting plugin WebMMoviePlayer
LogPluginManager: Mounting plugin WindowsMoviePlayer
LogPluginManager: Mounting plugin ScreenshotTools
LogInit: Using libcurl 7.55.1-DEV
LogInit:  - built for x86_64-pc-win32
LogInit:  - supports SSL with OpenSSL/1.1.1
LogInit:  - supports HTTP deflate (compression) using libz 1.2.8
LogInit:  - other features:
LogInit:      CURL_VERSION_SSL
LogInit:      CURL_VERSION_LIBZ
LogInit:      CURL_VERSION_IPV6
LogInit:      CURL_VERSION_ASYNCHDNS
LogInit:      CURL_VERSION_LARGEFILE
LogInit:      CURL_VERSION_IDN
LogInit:  CurlRequestOptions (configurable via config and command line):
LogInit:  - bVerifyPeer = true  - Libcurl will verify peer certificate
LogInit:  - bUseHttpProxy = false  - Libcurl will NOT use HTTP proxy
LogInit:  - bDontReuseConnections = false  - Libcurl will reuse connections
LogInit:  - MaxHostConnections = 16  - Libcurl will limit the number of connections to a host
LogInit:  - LocalHostAddr = Default
LogInit:  - BufferSize = 65536
LogOnline: OSS: Creating online subsystem instance for: NULL
LogInit: WinSock: version 1.1 (2.2), MaxSocks=32767, MaxUdp=65467
LogOnline: OSS: TryLoadSubsystemAndSetDefault: Loaded subsystem for module [NULL]
LogInit: Build: ++UE4+Release-4.25-CL-14469661
LogInit: Engine Version: 4.25.4-14469661+++UE4+Release-4.25
LogInit: Compatible Engine Version: 4.25.0-13144385+++UE4+Release-4.25
LogInit: Net CL: 13144385
LogInit: OS: Windows 10 (Release 2009) (), CPU: Intel(R) Core(TM) i5-8600K CPU @ 3.60GHz, GPU: NVIDIA GeForce GTX 1080
LogInit: Compiled (64-bit): Oct 11 2020 08:10:49
LogInit: Compiled with Visual C++: 19.24.28315.00
LogInit: Build Configuration: Development
LogInit: Branch Name: ++UE4+Release-4.25
LogInit: Command Line: 
LogInit: Base Directory: H:/Program Files/Epic games/UE_4.25/Engine/Binaries/Win64/
LogInit: Allocator: TBB
LogInit: Installed Engine Build: 1
LogDevObjectVersion: Number of dev versions registered: 26
LogDevObjectVersion:   Dev-Blueprints (B0D832E4-1F89-4F0D-ACCF-7EB736FD4AA2): 10
LogDevObjectVersion:   Dev-Build (E1C64328-A22C-4D53-A36C-8E866417BD8C): 0
LogDevObjectVersion:   Dev-Core (375EC13C-06E4-48FB-B500-84F0262A717E): 4
LogDevObjectVersion:   Dev-Editor (E4B068ED-F494-42E9-A231-DA0B2E46BB41): 38
LogDevObjectVersion:   Dev-Framework (CFFC743F-43B0-4480-9391-14DF171D2073): 37
LogDevObjectVersion:   Dev-Mobile (B02B49B5-BB20-44E9-A304-32B752E40360): 2
LogDevObjectVersion:   Dev-Networking (A4E4105C-59A1-49B5-A7C5-40C4547EDFEE): 0
LogDevObjectVersion:   Dev-Online (39C831C9-5AE6-47DC-9A44-9C173E1C8E7C): 0
LogDevObjectVersion:   Dev-Physics (78F01B33-EBEA-4F98-B9B4-84EACCB95AA2): 4
LogDevObjectVersion:   Dev-Platform (6631380F-2D4D-43E0-8009-CF276956A95A): 0
LogDevObjectVersion:   Dev-Rendering (12F88B9F-8875-4AFC-A67C-D90C383ABD29): 43
LogDevObjectVersion:   Dev-Sequencer (7B5AE74C-D270-4C10-A958-57980B212A5A): 12
LogDevObjectVersion:   Dev-VR (D7296918-1DD6-4BDD-9DE2-64A83CC13884): 3
LogDevObjectVersion:   Dev-LoadTimes (C2A15278-BFE7-4AFE-6C17-90FF531DF755): 1
LogDevObjectVersion:   Private-Geometry (6EACA3D4-40EC-4CC1-B786-8BED09428FC5): 3
LogDevObjectVersion:   Dev-AnimPhys (29E575DD-E0A3-4627-9D10-D276232CDCEA): 17
LogDevObjectVersion:   Dev-Anim (AF43A65D-7FD3-4947-9873-3E8ED9C1BB05): 7
LogDevObjectVersion:   Dev-ReflectionCapture (6B266CEC-1EC7-4B8F-A30B-E4D90942FC07): 1
LogDevObjectVersion:   Dev-Automation (0DF73D61-A23F-47EA-B727-89E90C41499A): 1
LogDevObjectVersion:   FortniteMain (601D1886-AC64-4F84-AA16-D3DE0DEAC7D6): 31
LogDevObjectVersion:   Dev-Enterprise (9DFFBCD6-494F-0158-E221-12823C92A888): 10
LogDevObjectVersion:   Dev-Niagara (F2AED0AC-9AFE-416F-8664-AA7FFA26D6FC): 1
LogDevObjectVersion:   Dev-Destruction (174F1F0B-B4C6-45A5-B13F-2EE8D0FB917D): 10
LogDevObjectVersion:   Dev-Physics-Ext (35F94A83-E258-406C-A318-09F59610247C): 37
LogDevObjectVersion:   Dev-PhysicsMaterial-Chaos (B68FC16E-8B1B-42E2-B453-215C058844FE): 1
LogDevObjectVersion:   Dev-CineCamera (B2E18506-4273-CFC2-A54E-F4BB758BBA07): 1
LogInit: Presizing for max 25165824 objects, including 0 objects not considered by GC, pre-allocating 0 bytes for permanent pool.
LogConfig: Applying CVar settings from Section [/Script/Engine.StreamingSettings] File [F:/old desktop/Games/My games/Robogoo group/RoboGoo/RoboGooCPlusPlus/Saved/Config/Windows/Engine.ini]
LogConfig: Setting CVar [[s.MinBulkDataSizeForAsyncLoading:131072]]
LogConfig: Setting CVar [[s.AsyncLoadingThreadEnabled:0]]
LogConfig: Setting CVar [[s.EventDrivenLoaderEnabled:1]]
LogConfig: Setting CVar [[s.WarnIfTimeLimitExceeded:0]]
LogConfig: Setting CVar [[s.TimeLimitExceededMultiplier:1.5]]
LogConfig: Setting CVar [[s.TimeLimitExceededMinTime:0.005]]
LogConfig: Setting CVar [[s.UseBackgroundLevelStreaming:1]]
LogConfig: Setting CVar [[s.PriorityAsyncLoadingExtraTime:15.0]]
LogConfig: Setting CVar [[s.LevelStreamingActorsUpdateTimeLimit:5.0]]
LogConfig: Setting CVar [[s.PriorityLevelStreamingActorsUpdateExtraTime:5.0]]
LogConfig: Setting CVar [[s.LevelStreamingComponentsRegistrationGranularity:10]]
LogConfig: Setting CVar [[s.UnregisterComponentsTimeLimit:1.0]]
LogConfig: Setting CVar [[s.LevelStreamingComponentsUnregistrationGranularity:5]]
LogConfig: Setting CVar [[s.FlushStreamingOnExit:1]]
LogInit: Object subsystem initialized
LogConfig: Setting CVar [[con.DebugEarlyDefault:1]]
LogConfig: Setting CVar [[r.setres:1280x720]]
[2020.12.21-04.02.40:614][  0]LogConfig: Setting CVar [[r.VSync:0]]
[2020.12.21-04.02.40:614][  0]LogConfig: Setting CVar [[r.RHICmdBypass:0]]
[2020.12.21-04.02.40:614][  0]LogConfig: Applying CVar settings from Section [/Script/Engine.RendererSettings] File [F:/old desktop/Games/My games/Robogoo group/RoboGoo/RoboGooCPlusPlus/Saved/Config/Windows/Engine.ini]
[2020.12.21-04.02.40:614][  0]LogConfig: Setting CVar [[r.GPUCrashDebugging:0]]
[2020.12.21-04.02.40:614][  0]LogConfig: Applying CVar settings from Section [/Script/Engine.RendererOverrideSettings] File [F:/old desktop/Games/My games/Robogoo group/RoboGoo/RoboGooCPlusPlus/Saved/Config/Windows/Engine.ini]
[2020.12.21-04.02.40:614][  0]LogConfig: Applying CVar settings from Section [/Script/Engine.StreamingSettings] File [F:/old desktop/Games/My games/Robogoo group/RoboGoo/RoboGooCPlusPlus/Saved/Config/Windows/Engine.ini]
[2020.12.21-04.02.40:614][  0]LogConfig: Setting CVar [[s.MinBulkDataSizeForAsyncLoading:131072]]
[2020.12.21-04.02.40:614][  0]LogConfig: Setting CVar [[s.AsyncLoadingThreadEnabled:0]]
[2020.12.21-04.02.40:614][  0]LogConfig: Setting CVar [[s.EventDrivenLoaderEnabled:1]]
[2020.12.21-04.02.40:614][  0]LogConfig: Setting CVar [[s.WarnIfTimeLimitExceeded:0]]
[2020.12.21-04.02.40:614][  0]LogConfig: Setting CVar [[s.TimeLimitExceededMultiplier:1.5]]
[2020.12.21-04.02.40:614][  0]LogConfig: Setting CVar [[s.TimeLimitExceededMinTime:0.005]]
[2020.12.21-04.02.40:614][  0]LogConfig: Setting CVar [[s.UseBackgroundLevelStreaming:1]]
[2020.12.21-04.02.40:614][  0]LogConfig: Setting CVar [[s.PriorityAsyncLoadingExtraTime:15.0]]
[2020.12.21-04.02.40:614][  0]LogConfig: Setting CVar [[s.LevelStreamingActorsUpdateTimeLimit:5.0]]
[2020.12.21-04.02.40:614][  0]LogConfig: Setting CVar [[s.PriorityLevelStreamingActorsUpdateExtraTime:5.0]]
[2020.12.21-04.02.40:614][  0]LogConfig: Setting CVar [[s.LevelStreamingComponentsRegistrationGranularity:10]]
[2020.12.21-04.02.40:614][  0]LogConfig: Setting CVar [[s.UnregisterComponentsTimeLimit:1.0]]
[2020.12.21-04.02.40:614][  0]LogConfig: Setting CVar [[s.LevelStreamingComponentsUnregistrationGranularity:5]]
[2020.12.21-04.02.40:614][  0]LogConfig: Setting CVar [[s.FlushStreamingOnExit:1]]
[2020.12.21-04.02.40:614][  0]LogConfig: Applying CVar settings from Section [/Script/Engine.GarbageCollectionSettings] File [F:/old desktop/Games/My games/Robogoo group/RoboGoo/RoboGooCPlusPlus/Saved/Config/Windows/Engine.ini]
[2020.12.21-04.02.40:614][  0]LogConfig: Setting CVar [[gc.MaxObjectsNotConsideredByGC:1]]
[2020.12.21-04.02.40:614][  0]LogConfig: Setting CVar [[gc.SizeOfPermanentObjectPool:0]]
[2020.12.21-04.02.40:614][  0]LogConfig: Setting CVar [[gc.FlushStreamingOnGC:0]]
[2020.12.21-04.02.40:614][  0]LogConfig: Setting CVar [[gc.NumRetriesBeforeForcingGC:10]]
[2020.12.21-04.02.40:614][  0]LogConfig: Setting CVar [[gc.AllowParallelGC:1]]
[2020.12.21-04.02.40:614][  0]LogConfig: Setting CVar [[gc.TimeBetweenPurgingPendingKillObjects:61.1]]
[2020.12.21-04.02.40:614][  0]LogConfig: Setting CVar [[gc.MaxObjectsInEditor:25165824]]
[2020.12.21-04.02.40:614][  0]LogConfig: Setting CVar [[gc.IncrementalBeginDestroyEnabled:1]]
[2020.12.21-04.02.40:614][  0]LogConfig: Setting CVar [[gc.CreateGCClusters:1]]
[2020.12.21-04.02.40:614][  0]LogConfig: Setting CVar [[gc.MinGCClusterSize:5]]
[2020.12.21-04.02.40:614][  0]LogConfig: Setting CVar [[gc.ActorClusteringEnabled:0]]
[2020.12.21-04.02.40:614][  0]LogConfig: Setting CVar [[gc.BlueprintClusteringEnabled:0]]
[2020.12.21-04.02.40:614][  0]LogConfig: Setting CVar [[gc.UseDisregardForGCOnDedicatedServers:0]]
[2020.12.21-04.02.40:614][  0]LogConfig: Applying CVar settings from Section [/Script/Engine.NetworkSettings] File [F:/old desktop/Games/My games/Robogoo group/RoboGoo/RoboGooCPlusPlus/Saved/Config/Windows/Engine.ini]
[2020.12.21-04.02.40:614][  0]LogConfig: Applying CVar settings from Section [/Script/UnrealEd.CookerSettings] File [F:/old desktop/Games/My games/Robogoo group/RoboGoo/RoboGooCPlusPlus/Saved/Config/Windows/Engine.ini]
[2020.12.21-04.02.40:624][  0]LogConfig: Applying CVar settings from Section [ViewDistanceQuality@3] File [F:/old desktop/Games/My games/Robogoo group/RoboGoo/RoboGooCPlusPlus/Saved/Config/Windows/Scalability.ini]
[2020.12.21-04.02.40:624][  0]LogConfig: Setting CVar [[r.SkeletalMeshLODBias:0]]
[2020.12.21-04.02.40:624][  0]LogConfig: Setting CVar [[r.ViewDistanceScale:1.0]]
[2020.12.21-04.02.40:624][  0]LogConfig: Applying CVar settings from Section [AntiAliasingQuality@3] File [F:/old desktop/Games/My games/Robogoo group/RoboGoo/RoboGooCPlusPlus/Saved/Config/Windows/Scalability.ini]
[2020.12.21-04.02.40:624][  0]LogConfig: Setting CVar [[r.PostProcessAAQuality:4]]
[2020.12.21-04.02.40:624][  0]LogConfig: Applying CVar settings from Section [ShadowQuality@3] File [F:/old desktop/Games/My games/Robogoo group/RoboGoo/RoboGooCPlusPlus/Saved/Config/Windows/Scalability.ini]
[2020.12.21-04.02.40:624][  0]LogConfig: Setting CVar [[r.LightFunctionQuality:1]]
[2020.12.21-04.02.40:624][  0]LogConfig: Setting CVar [[r.ShadowQuality:5]]
[2020.12.21-04.02.40:624][  0]LogConfig: Setting CVar [[r.Shadow.CSM.MaxCascades:10]]
[2020.12.21-04.02.40:624][  0]LogConfig: Setting CVar [[r.Shadow.MaxResolution:2048]]
[2020.12.21-04.02.40:624][  0]LogConfig: Setting CVar [[r.Shadow.MaxCSMResolution:2048]]
[2020.12.21-04.02.40:624][  0]LogConfig: Setting CVar [[r.Shadow.RadiusThreshold:0.01]]
[2020.12.21-04.02.40:624][  0]LogConfig: Setting CVar [[r.Shadow.DistanceScale:1.0]]
[2020.12.21-04.02.40:624][  0]LogConfig: Setting CVar [[r.Shadow.CSM.TransitionScale:1.0]]
[2020.12.21-04.02.40:624][  0]LogConfig: Setting CVar [[r.Shadow.PreShadowResolutionFactor:1.0]]
[2020.12.21-04.02.40:624][  0]LogConfig: Setting CVar [[r.DistanceFieldShadowing:1]]
[2020.12.21-04.02.40:624][  0]LogConfig: Setting CVar [[r.DistanceFieldAO:1]]
[2020.12.21-04.02.40:624][  0]LogConfig: Setting CVar [[r.AOQuality:2]]
[2020.12.21-04.02.40:624][  0]LogConfig: Setting CVar [[r.VolumetricFog:1]]
[2020.12.21-04.02.40:624][  0]LogConfig: Setting CVar [[r.VolumetricFog.GridPixelSize:8]]
[2020.12.21-04.02.40:624][  0]LogConfig: Setting CVar [[r.VolumetricFog.GridSizeZ:128]]
[2020.12.21-04.02.40:625][  0]LogConfig: Setting CVar [[r.VolumetricFog.HistoryMissSupersampleCount:4]]
[2020.12.21-04.02.40:625][  0]LogConfig: Setting CVar [[r.LightMaxDrawDistanceScale:1]]
[2020.12.21-04.02.40:625][  0]LogConfig: Setting CVar [[r.CapsuleShadows:1]]
[2020.12.21-04.02.40:625][  0]LogConfig: Applying CVar settings from Section [PostProcessQuality@3] File [F:/old desktop/Games/My games/Robogoo group/RoboGoo/RoboGooCPlusPlus/Saved/Config/Windows/Scalability.ini]
[2020.12.21-04.02.40:625][  0]LogConfig: Setting CVar [[r.MotionBlurQuality:4]]
[2020.12.21-04.02.40:625][  0]LogConfig: Setting CVar [[r.AmbientOcclusionMipLevelFactor:0.4]]
[2020.12.21-04.02.40:625][  0]LogConfig: Setting CVar [[r.AmbientOcclusionMaxQuality:100]]
[2020.12.21-04.02.40:625][  0]LogConfig: Setting CVar [[r.AmbientOcclusionLevels:-1]]
[2020.12.21-04.02.40:625][  0]LogConfig: Setting CVar [[r.AmbientOcclusionRadiusScale:1.0]]
[2020.12.21-04.02.40:625][  0]LogConfig: Setting CVar [[r.DepthOfFieldQuality:2]]
[2020.12.21-04.02.40:625][  0]LogConfig: Setting CVar [[r.RenderTargetPoolMin:400]]
[2020.12.21-04.02.40:625][  0]LogConfig: Setting CVar [[r.LensFlareQuality:2]]
[2020.12.21-04.02.40:625][  0]LogConfig: Setting CVar [[r.SceneColorFringeQuality:1]]
[2020.12.21-04.02.40:625][  0]LogConfig: Setting CVar [[r.EyeAdaptationQuality:2]]
[2020.12.21-04.02.40:625][  0]LogConfig: Setting CVar [[r.BloomQuality:5]]
[2020.12.21-04.02.40:625][  0]LogConfig: Setting CVar [[r.FastBlurThreshold:100]]
[2020.12.21-04.02.40:625][  0]LogConfig: Setting CVar [[r.Upscale.Quality:3]]
[2020.12.21-04.02.40:625][  0]LogConfig: Setting CVar [[r.Tonemapper.GrainQuantization:1]]
[2020.12.21-04.02.40:625][  0]LogConfig: Setting CVar [[r.LightShaftQuality:1]]
[2020.12.21-04.02.40:625][  0]LogConfig: Setting CVar [[r.Filter.SizeScale:1]]
[2020.12.21-04.02.40:625][  0]LogConfig: Setting CVar [[r.Tonemapper.Quality:5]]
[2020.12.21-04.02.40:625][  0]LogConfig: Setting CVar [[r.DOF.Gather.AccumulatorQuality:1        ; higher gathering accumulator quality]]
[2020.12.21-04.02.40:625][  0]LogConfig: Setting CVar [[r.DOF.Gather.PostfilterMethod:1          ; Median3x3 postfilering method]]
[2020.12.21-04.02.40:625][  0]LogConfig: Setting CVar [[r.DOF.Gather.EnableBokehSettings:0       ; no bokeh simulation when gathering]]
[2020.12.21-04.02.40:625][  0]LogConfig: Setting CVar [[r.DOF.Gather.RingCount:4                 ; medium number of samples when gathering]]
[2020.12.21-04.02.40:625][  0]LogConfig: Setting CVar [[r.DOF.Scatter.ForegroundCompositing:1    ; additive foreground scattering]]
[2020.12.21-04.02.40:625][  0]LogConfig: Setting CVar [[r.DOF.Scatter.BackgroundCompositing:2    ; additive background scattering]]
[2020.12.21-04.02.40:625][  0]LogConfig: Setting CVar [[r.DOF.Scatter.EnableBokehSettings:1      ; bokeh simulation when scattering]]
[2020.12.21-04.02.40:625][  0]LogConfig: Setting CVar [[r.DOF.Scatter.MaxSpriteRatio:0.1         ; only a maximum of 10% of scattered bokeh]]
[2020.12.21-04.02.40:625][  0]LogConfig: Setting CVar [[r.DOF.Recombine.Quality:1                ; cheap slight out of focus]]
[2020.12.21-04.02.40:625][  0]LogConfig: Setting CVar [[r.DOF.Recombine.EnableBokehSettings:0    ; no bokeh simulation on slight out of focus]]
[2020.12.21-04.02.40:625][  0]LogConfig: Setting CVar [[r.DOF.TemporalAAQuality:1                ; more stable temporal accumulation]]
[2020.12.21-04.02.40:625][  0]LogConfig: Setting CVar [[r.DOF.Kernel.MaxForegroundRadius:0.025]]
[2020.12.21-04.02.40:625][  0]LogConfig: Setting CVar [[r.DOF.Kernel.MaxBackgroundRadius:0.025]]
[2020.12.21-04.02.40:625][  0]LogConfig: Applying CVar settings from Section [TextureQuality@3] File [F:/old desktop/Games/My games/Robogoo group/RoboGoo/RoboGooCPlusPlus/Saved/Config/Windows/Scalability.ini]
[2020.12.21-04.02.40:625][  0]LogConfig: Setting CVar [[r.Streaming.MipBias:0]]
[2020.12.21-04.02.40:625][  0]LogConfig: Setting CVar [[r.Streaming.AmortizeCPUToGPUCopy:0]]
[2020.12.21-04.02.40:625][  0]LogConfig: Setting CVar [[r.Streaming.MaxNumTexturesToStreamPerFrame:0]]
[2020.12.21-04.02.40:625][  0]LogConfig: Setting CVar [[r.Streaming.Boost:1]]
[2020.12.21-04.02.40:625][  0]LogConfig: Setting CVar [[r.MaxAnisotropy:8]]
[2020.12.21-04.02.40:625][  0]LogConfig: Setting CVar [[r.VT.MaxAnisotropy:8]]
[2020.12.21-04.02.40:625][  0]LogConfig: Setting CVar [[r.Streaming.LimitPoolSizeToVRAM:0]]
[2020.12.21-04.02.40:625][  0]LogConfig: Setting CVar [[r.Streaming.PoolSize:1000]]
[2020.12.21-04.02.40:625][  0]LogConfig: Setting CVar [[r.Streaming.MaxEffectiveScreenSize:0]]
[2020.12.21-04.02.40:625][  0]LogConfig: Applying CVar settings from Section [EffectsQuality@3] File [F:/old desktop/Games/My games/Robogoo group/RoboGoo/RoboGooCPlusPlus/Saved/Config/Windows/Scalability.ini]
[2020.12.21-04.02.40:625][  0]LogConfig: Setting CVar [[r.TranslucencyLightingVolumeDim:64]]
[2020.12.21-04.02.40:625][  0]LogConfig: Setting CVar [[r.RefractionQuality:2]]
[2020.12.21-04.02.40:625][  0]LogConfig: Setting CVar [[r.SSR.Quality:3]]
[2020.12.21-04.02.40:625][  0]LogConfig: Setting CVar [[r.SSR.HalfResSceneColor:0]]
[2020.12.21-04.02.40:625][  0]LogConfig: Setting CVar [[r.SceneColorFormat:4]]
[2020.12.21-04.02.40:625][  0]LogConfig: Setting CVar [[r.DetailMode:2]]
[2020.12.21-04.02.40:625][  0]LogConfig: Setting CVar [[r.TranslucencyVolumeBlur:1]]
[2020.12.21-04.02.40:625][  0]LogConfig: Setting CVar [[r.MaterialQualityLevel:1 ; High quality]]
[2020.12.21-04.02.40:625][  0]LogConfig: Setting CVar [[r.SSS.Scale:1]]
[2020.12.21-04.02.40:625][  0]LogConfig: Setting CVar [[r.SSS.SampleSet:2]]
[2020.12.21-04.02.40:625][  0]LogConfig: Setting CVar [[r.SSS.Quality:1]]
[2020.12.21-04.02.40:625][  0]LogConfig: Setting CVar [[r.SSS.HalfRes:0]]
[2020.12.21-04.02.40:625][  0]LogConfig: Setting CVar [[r.SSGI.Quality:3]]
[2020.12.21-04.02.40:625][  0]LogConfig: Setting CVar [[r.EmitterSpawnRateScale:1.0]]
[2020.12.21-04.02.40:625][  0]LogConfig: Setting CVar [[r.ParticleLightQuality:2]]
[2020.12.21-04.02.40:625][  0]LogConfig: Setting CVar [[r.SkyAtmosphere.AerialPerspectiveLUT.FastApplyOnOpaque:1 ; Always have FastSkyLUT 1 in this case to avoid wrong sky]]
[2020.12.21-04.02.40:625][  0]LogConfig: Setting CVar [[r.SkyAtmosphere.AerialPerspectiveLUT.SampleCountPerSlice:1]]
[2020.12.21-04.02.40:625][  0]LogConfig: Setting CVar [[r.SkyAtmosphere.AerialPerspectiveLUT.DepthResolution:16.0]]
[2020.12.21-04.02.40:625][  0]LogConfig: Setting CVar [[r.SkyAtmosphere.FastSkyLUT:1]]
[2020.12.21-04.02.40:625][  0]LogConfig: Setting CVar [[r.SkyAtmosphere.FastSkyLUT.SampleCountMin:4.0]]
[2020.12.21-04.02.40:625][  0]LogConfig: Setting CVar [[r.SkyAtmosphere.FastSkyLUT.SampleCountMax:32.0]]
[2020.12.21-04.02.40:625][  0]LogConfig: Setting CVar [[r.SkyAtmosphere.SampleCountMin:4.0]]
[2020.12.21-04.02.40:625][  0]LogConfig: Setting CVar [[r.SkyAtmosphere.SampleCountMax:32.0]]
[2020.12.21-04.02.40:625][  0]LogConfig: Setting CVar [[r.SkyAtmosphere.TransmittanceLUT.UseSmallFormat:0]]
[2020.12.21-04.02.40:625][  0]LogConfig: Setting CVar [[r.SkyAtmosphere.TransmittanceLUT.SampleCount:10.0]]
[2020.12.21-04.02.40:625][  0]LogConfig: Setting CVar [[r.SkyAtmosphere.MultiScatteringLUT.SampleCount:15.0]]
[2020.12.21-04.02.40:625][  0]LogConfig: Applying CVar settings from Section [FoliageQuality@3] File [F:/old desktop/Games/My games/Robogoo group/RoboGoo/RoboGooCPlusPlus/Saved/Config/Windows/Scalability.ini]
[2020.12.21-04.02.40:625][  0]LogConfig: Setting CVar [[foliage.DensityScale:1.0]]
[2020.12.21-04.02.40:625][  0]LogConfig: Setting CVar [[grass.DensityScale:1.0]]
[2020.12.21-04.02.40:625][  0]LogConfig: Applying CVar settings from Section [ShadingQuality@3] File [F:/old desktop/Games/My games/Robogoo group/RoboGoo/RoboGooCPlusPlus/Saved/Config/Windows/Scalability.ini]
[2020.12.21-04.02.40:625][  0]LogConfig: Setting CVar [[r.HairStrands.SkyLighting.SampleCount:16]]
[2020.12.21-04.02.40:625][  0]LogConfig: Setting CVar [[r.HairStrands.SkyLighting.JitterIntegration:0]]
[2020.12.21-04.02.40:625][  0]LogConfig: Setting CVar [[r.HairStrands.SkyAO.SampleCount:16]]
[2020.12.21-04.02.40:626][  0]LogConfig: Setting CVar [[r.HairStrands.DeepShadow.SuperSampling:0]]
[2020.12.21-04.02.40:626][  0]LogConfig: Setting CVar [[r.HairStrands.VisibilityPPLL:0]]
[2020.12.21-04.02.40:626][  0]LogConfig: Setting CVar [[r.HairStrands.RasterizationScale:0.5]]
[2020.12.21-04.02.40:626][  0]LogConfig: Setting CVar [[r.HairStrands.VelocityRasterizationScale:1]]
[2020.12.21-04.02.40:626][  0]LogInit: Selected Device Profile: [Windows]
[2020.12.21-04.02.40:626][  0]LogInit: Applying CVar settings loaded from the selected device profile: [Windows]
[2020.12.21-04.02.40:626][  0]LogHAL: Display: Platform has ~ 16 GB [17103970304 / 17179869184 / 16], which maps to Larger [LargestMinGB=32, LargerMinGB=12, DefaultMinGB=8, SmallerMinGB=6, SmallestMinGB=0)
[2020.12.21-04.02.40:626][  0]LogInit: Going up to parent DeviceProfile []
[2020.12.21-04.02.40:626][  0]LogConfig: Applying CVar settings from Section [ViewDistanceQuality@3] File [F:/old desktop/Games/My games/Robogoo group/RoboGoo/RoboGooCPlusPlus/Saved/Config/Windows/Scalability.ini]
[2020.12.21-04.02.40:626][  0]LogConfig: Setting CVar [[r.SkeletalMeshLODBias:0]]
[2020.12.21-04.02.40:626][  0]LogConfig: Setting CVar [[r.ViewDistanceScale:1.0]]
[2020.12.21-04.02.40:626][  0]LogConfig: Applying CVar settings from Section [AntiAliasingQuality@3] File [F:/old desktop/Games/My games/Robogoo group/RoboGoo/RoboGooCPlusPlus/Saved/Config/Windows/Scalability.ini]
[2020.12.21-04.02.40:626][  0]LogConfig: Setting CVar [[r.PostProcessAAQuality:4]]
[2020.12.21-04.02.40:626][  0]LogConfig: Applying CVar settings from Section [ShadowQuality@3] File [F:/old desktop/Games/My games/Robogoo group/RoboGoo/RoboGooCPlusPlus/Saved/Config/Windows/Scalability.ini]
[2020.12.21-04.02.40:626][  0]LogConfig: Setting CVar [[r.LightFunctionQuality:1]]
[2020.12.21-04.02.40:626][  0]LogConfig: Setting CVar [[r.ShadowQuality:5]]
[2020.12.21-04.02.40:626][  0]LogConfig: Setting CVar [[r.Shadow.CSM.MaxCascades:10]]
[2020.12.21-04.02.40:626][  0]LogConfig: Setting CVar [[r.Shadow.MaxResolution:2048]]
[2020.12.21-04.02.40:626][  0]LogConfig: Setting CVar [[r.Shadow.MaxCSMResolution:2048]]
[2020.12.21-04.02.40:626][  0]LogConfig: Setting CVar [[r.Shadow.RadiusThreshold:0.01]]
[2020.12.21-04.02.40:626][  0]LogConfig: Setting CVar [[r.Shadow.DistanceScale:1.0]]
[2020.12.21-04.02.40:626][  0]LogConfig: Setting CVar [[r.Shadow.CSM.TransitionScale:1.0]]
[2020.12.21-04.02.40:626][  0]LogConfig: Setting CVar [[r.Shadow.PreShadowResolutionFactor:1.0]]
[2020.12.21-04.02.40:626][  0]LogConfig: Setting CVar [[r.DistanceFieldShadowing:1]]
[2020.12.21-04.02.40:626][  0]LogConfig: Setting CVar [[r.DistanceFieldAO:1]]
[2020.12.21-04.02.40:626][  0]LogConfig: Setting CVar [[r.AOQuality:2]]
[2020.12.21-04.02.40:626][  0]LogConfig: Setting CVar [[r.VolumetricFog:1]]
[2020.12.21-04.02.40:626][  0]LogConfig: Setting CVar [[r.VolumetricFog.GridPixelSize:8]]
[2020.12.21-04.02.40:626][  0]LogConfig: Setting CVar [[r.VolumetricFog.GridSizeZ:128]]
[2020.12.21-04.02.40:626][  0]LogConfig: Setting CVar [[r.VolumetricFog.HistoryMissSupersampleCount:4]]
[2020.12.21-04.02.40:626][  0]LogConfig: Setting CVar [[r.LightMaxDrawDistanceScale:1]]
[2020.12.21-04.02.40:626][  0]LogConfig: Setting CVar [[r.CapsuleShadows:1]]
[2020.12.21-04.02.40:626][  0]LogConfig: Applying CVar settings from Section [PostProcessQuality@3] File [F:/old desktop/Games/My games/Robogoo group/RoboGoo/RoboGooCPlusPlus/Saved/Config/Windows/Scalability.ini]
[2020.12.21-04.02.40:626][  0]LogConfig: Setting CVar [[r.MotionBlurQuality:4]]
[2020.12.21-04.02.40:626][  0]LogConfig: Setting CVar [[r.AmbientOcclusionMipLevelFactor:0.4]]
[2020.12.21-04.02.40:626][  0]LogConfig: Setting CVar [[r.AmbientOcclusionMaxQuality:100]]
[2020.12.21-04.02.40:626][  0]LogConfig: Setting CVar [[r.AmbientOcclusionLevels:-1]]
[2020.12.21-04.02.40:626][  0]LogConfig: Setting CVar [[r.AmbientOcclusionRadiusScale:1.0]]
[2020.12.21-04.02.40:626][  0]LogConfig: Setting CVar [[r.DepthOfFieldQuality:2]]
[2020.12.21-04.02.40:626][  0]LogConfig: Setting CVar [[r.RenderTargetPoolMin:400]]
[2020.12.21-04.02.40:626][  0]LogConfig: Setting CVar [[r.LensFlareQuality:2]]
[2020.12.21-04.02.40:626][  0]LogConfig: Setting CVar [[r.SceneColorFringeQuality:1]]
[2020.12.21-04.02.40:626][  0]LogConfig: Setting CVar [[r.EyeAdaptationQuality:2]]
[2020.12.21-04.02.40:626][  0]LogConfig: Setting CVar [[r.BloomQuality:5]]
[2020.12.21-04.02.40:626][  0]LogConfig: Setting CVar [[r.FastBlurThreshold:100]]
[2020.12.21-04.02.40:626][  0]LogConfig: Setting CVar [[r.Upscale.Quality:3]]
[2020.12.21-04.02.40:626][  0]LogConfig: Setting CVar [[r.Tonemapper.GrainQuantization:1]]
[2020.12.21-04.02.40:626][  0]LogConfig: Setting CVar [[r.LightShaftQuality:1]]
[2020.12.21-04.02.40:626][  0]LogConfig: Setting CVar [[r.Filter.SizeScale:1]]
[2020.12.21-04.02.40:626][  0]LogConfig: Setting CVar [[r.Tonemapper.Quality:5]]
[2020.12.21-04.02.40:626][  0]LogConfig: Setting CVar [[r.DOF.Gather.AccumulatorQuality:1        ; higher gathering accumulator quality]]
[2020.12.21-04.02.40:626][  0]LogConfig: Setting CVar [[r.DOF.Gather.PostfilterMethod:1          ; Median3x3 postfilering method]]
[2020.12.21-04.02.40:626][  0]LogConfig: Setting CVar [[r.DOF.Gather.EnableBokehSettings:0       ; no bokeh simulation when gathering]]
[2020.12.21-04.02.40:626][  0]LogConfig: Setting CVar [[r.DOF.Gather.RingCount:4                 ; medium number of samples when gathering]]
[2020.12.21-04.02.40:626][  0]LogConfig: Setting CVar [[r.DOF.Scatter.ForegroundCompositing:1    ; additive foreground scattering]]
[2020.12.21-04.02.40:626][  0]LogConfig: Setting CVar [[r.DOF.Scatter.BackgroundCompositing:2    ; additive background scattering]]
[2020.12.21-04.02.40:626][  0]LogConfig: Setting CVar [[r.DOF.Scatter.EnableBokehSettings:1      ; bokeh simulation when scattering]]
[2020.12.21-04.02.40:626][  0]LogConfig: Setting CVar [[r.DOF.Scatter.MaxSpriteRatio:0.1         ; only a maximum of 10% of scattered bokeh]]
[2020.12.21-04.02.40:626][  0]LogConfig: Setting CVar [[r.DOF.Recombine.Quality:1                ; cheap slight out of focus]]
[2020.12.21-04.02.40:626][  0]LogConfig: Setting CVar [[r.DOF.Recombine.EnableBokehSettings:0    ; no bokeh simulation on slight out of focus]]
[2020.12.21-04.02.40:626][  0]LogConfig: Setting CVar [[r.DOF.TemporalAAQuality:1                ; more stable temporal accumulation]]
[2020.12.21-04.02.40:626][  0]LogConfig: Setting CVar [[r.DOF.Kernel.MaxForegroundRadius:0.025]]
[2020.12.21-04.02.40:626][  0]LogConfig: Setting CVar [[r.DOF.Kernel.MaxBackgroundRadius:0.025]]
[2020.12.21-04.02.40:626][  0]LogConfig: Applying CVar settings from Section [TextureQuality@3] File [F:/old desktop/Games/My games/Robogoo group/RoboGoo/RoboGooCPlusPlus/Saved/Config/Windows/Scalability.ini]
[2020.12.21-04.02.40:626][  0]LogConfig: Setting CVar [[r.Streaming.MipBias:0]]
[2020.12.21-04.02.40:626][  0]LogConfig: Setting CVar [[r.Streaming.AmortizeCPUToGPUCopy:0]]
[2020.12.21-04.02.40:626][  0]LogConfig: Setting CVar [[r.Streaming.MaxNumTexturesToStreamPerFrame:0]]
[2020.12.21-04.02.40:626][  0]LogConfig: Setting CVar [[r.Streaming.Boost:1]]
[2020.12.21-04.02.40:626][  0]LogConfig: Setting CVar [[r.MaxAnisotropy:8]]
[2020.12.21-04.02.40:626][  0]LogConfig: Setting CVar [[r.VT.MaxAnisotropy:8]]
[2020.12.21-04.02.40:626][  0]LogConfig: Setting CVar [[r.Streaming.LimitPoolSizeToVRAM:0]]
[2020.12.21-04.02.40:626][  0]LogConfig: Setting CVar [[r.Streaming.PoolSize:1000]]
[2020.12.21-04.02.40:626][  0]LogConfig: Setting CVar [[r.Streaming.MaxEffectiveScreenSize:0]]
[2020.12.21-04.02.40:627][  0]LogConfig: Applying CVar settings from Section [EffectsQuality@3] File [F:/old desktop/Games/My games/Robogoo group/RoboGoo/RoboGooCPlusPlus/Saved/Config/Windows/Scalability.ini]
[2020.12.21-04.02.40:627][  0]LogConfig: Setting CVar [[r.TranslucencyLightingVolumeDim:64]]
[2020.12.21-04.02.40:627][  0]LogConfig: Setting CVar [[r.RefractionQuality:2]]
[2020.12.21-04.02.40:627][  0]LogConfig: Setting CVar [[r.SSR.Quality:3]]
[2020.12.21-04.02.40:627][  0]LogConfig: Setting CVar [[r.SSR.HalfResSceneColor:0]]
[2020.12.21-04.02.40:627][  0]LogConfig: Setting CVar [[r.SceneColorFormat:4]]
[2020.12.21-04.02.40:627][  0]LogConfig: Setting CVar [[r.DetailMode:2]]
[2020.12.21-04.02.40:627][  0]LogConfig: Setting CVar [[r.TranslucencyVolumeBlur:1]]
[2020.12.21-04.02.40:627][  0]LogConfig: Setting CVar [[r.MaterialQualityLevel:1 ; High quality]]
[2020.12.21-04.02.40:627][  0]LogConfig: Setting CVar [[r.SSS.Scale:1]]
[2020.12.21-04.02.40:627][  0]LogConfig: Setting CVar [[r.SSS.SampleSet:2]]
[2020.12.21-04.02.40:627][  0]LogConfig: Setting CVar [[r.SSS.Quality:1]]
[2020.12.21-04.02.40:627][  0]LogConfig: Setting CVar [[r.SSS.HalfRes:0]]
[2020.12.21-04.02.40:627][  0]LogConfig: Setting CVar [[r.SSGI.Quality:3]]
[2020.12.21-04.02.40:627][  0]LogConfig: Setting CVar [[r.EmitterSpawnRateScale:1.0]]
[2020.12.21-04.02.40:627][  0]LogConfig: Setting CVar [[r.ParticleLightQuality:2]]
[2020.12.21-04.02.40:627][  0]LogConfig: Setting CVar [[r.SkyAtmosphere.AerialPerspectiveLUT.FastApplyOnOpaque:1 ; Always have FastSkyLUT 1 in this case to avoid wrong sky]]
[2020.12.21-04.02.40:627][  0]LogConfig: Setting CVar [[r.SkyAtmosphere.AerialPerspectiveLUT.SampleCountPerSlice:1]]
[2020.12.21-04.02.40:627][  0]LogConfig: Setting CVar [[r.SkyAtmosphere.AerialPerspectiveLUT.DepthResolution:16.0]]
[2020.12.21-04.02.40:627][  0]LogConfig: Setting CVar [[r.SkyAtmosphere.FastSkyLUT:1]]
[2020.12.21-04.02.40:627][  0]LogConfig: Setting CVar [[r.SkyAtmosphere.FastSkyLUT.SampleCountMin:4.0]]
[2020.12.21-04.02.40:627][  0]LogConfig: Setting CVar [[r.SkyAtmosphere.FastSkyLUT.SampleCountMax:32.0]]
[2020.12.21-04.02.40:627][  0]LogConfig: Setting CVar [[r.SkyAtmosphere.SampleCountMin:4.0]]
[2020.12.21-04.02.40:627][  0]LogConfig: Setting CVar [[r.SkyAtmosphere.SampleCountMax:32.0]]
[2020.12.21-04.02.40:627][  0]LogConfig: Setting CVar [[r.SkyAtmosphere.TransmittanceLUT.UseSmallFormat:0]]
[2020.12.21-04.02.40:627][  0]LogConfig: Setting CVar [[r.SkyAtmosphere.TransmittanceLUT.SampleCount:10.0]]
[2020.12.21-04.02.40:627][  0]LogConfig: Setting CVar [[r.SkyAtmosphere.MultiScatteringLUT.SampleCount:15.0]]
[2020.12.21-04.02.40:627][  0]LogConfig: Applying CVar settings from Section [FoliageQuality@3] File [F:/old desktop/Games/My games/Robogoo group/RoboGoo/RoboGooCPlusPlus/Saved/Config/Windows/Scalability.ini]
[2020.12.21-04.02.40:627][  0]LogConfig: Setting CVar [[foliage.DensityScale:1.0]]
[2020.12.21-04.02.40:627][  0]LogConfig: Setting CVar [[grass.DensityScale:1.0]]
[2020.12.21-04.02.40:627][  0]LogConfig: Applying CVar settings from Section [ShadingQuality@3] File [F:/old desktop/Games/My games/Robogoo group/RoboGoo/RoboGooCPlusPlus/Saved/Config/Windows/Scalability.ini]
[2020.12.21-04.02.40:627][  0]LogConfig: Setting CVar [[r.HairStrands.SkyLighting.SampleCount:16]]
[2020.12.21-04.02.40:627][  0]LogConfig: Setting CVar [[r.HairStrands.SkyLighting.JitterIntegration:0]]
[2020.12.21-04.02.40:627][  0]LogConfig: Setting CVar [[r.HairStrands.SkyAO.SampleCount:16]]
[2020.12.21-04.02.40:627][  0]LogConfig: Setting CVar [[r.HairStrands.DeepShadow.SuperSampling:0]]
[2020.12.21-04.02.40:627][  0]LogConfig: Setting CVar [[r.HairStrands.VisibilityPPLL:0]]
[2020.12.21-04.02.40:627][  0]LogConfig: Setting CVar [[r.HairStrands.RasterizationScale:0.5]]
[2020.12.21-04.02.40:627][  0]LogConfig: Setting CVar [[r.HairStrands.VelocityRasterizationScale:1]]
[2020.12.21-04.02.40:627][  0]LogConfig: Applying CVar settings from Section [Startup] File [../../../Engine/Config/ConsoleVariables.ini]
[2020.12.21-04.02.40:627][  0]LogConfig: Setting CVar [[net.UseAdaptiveNetUpdateFrequency:0]]
[2020.12.21-04.02.40:627][  0]LogConfig: Setting CVar [[p.chaos.AllowCreatePhysxBodies:1]]
[2020.12.21-04.02.40:627][  0]LogConfig: Setting CVar [[fx.SkipVectorVMBackendOptimizations:1]]
[2020.12.21-04.02.40:627][  0]LogConfig: Applying CVar settings from Section [ConsoleVariables] File [F:/old desktop/Games/My games/Robogoo group/RoboGoo/RoboGooCPlusPlus/Saved/Config/Windows/Engine.ini]
[2020.12.21-04.02.40:627][  0]LogInit: Computer: JONDIVE
[2020.12.21-04.02.40:627][  0]LogInit: User: Jondive
[2020.12.21-04.02.40:627][  0]LogInit: CPU Page size=4096, Cores=6
[2020.12.21-04.02.40:627][  0]LogInit: High frequency timer resolution =10.000000 MHz
[2020.12.21-04.02.40:628][  0]LogMemory: Memory total: Physical=15.9GB (16GB approx)
[2020.12.21-04.02.40:628][  0]LogMemory: Platform Memory Stats for Windows
[2020.12.21-04.02.40:628][  0]LogMemory: Process Physical Memory: 114.20 MB used, 114.20 MB peak
[2020.12.21-04.02.40:628][  0]LogMemory: Process Virtual Memory: 97.78 MB used, 97.78 MB peak
[2020.12.21-04.02.40:628][  0]LogMemory: Physical Memory: 9237.20 MB used,  7074.42 MB free, 16311.62 MB total
[2020.12.21-04.02.40:628][  0]LogMemory: Virtual Memory: 5137.96 MB used,  134212592.00 MB free, 134217728.00 MB total
[2020.12.21-04.02.40:633][  0]LogWindows: WindowsPlatformFeatures enabled
[2020.12.21-04.02.40:682][  0]LogInit: Physics initialised using underlying interface: PhysX
[2020.12.21-04.02.40:683][  0]LogInit: Using OS detected language (en-GB).
[2020.12.21-04.02.40:683][  0]LogInit: Using OS detected locale (en-GB).
[2020.12.21-04.02.40:685][  0]LogTextLocalizationManager: No specific localization for 'en-GB' exists, so the 'en' localization will be used.
[2020.12.21-04.02.40:850][  0]LogInit: Setting process to per monitor DPI aware
[2020.12.21-04.02.40:885][  0]LogSlate: New Slate User Created.  User Index 0, Is Virtual User: 0
[2020.12.21-04.02.40:885][  0]LogSlate: Slate User Registered.  User Index 0, Is Virtual User: 0
[2020.12.21-04.02.41:092][  0]LogD3D11RHI: D3D11 min allowed feature level: 11_0
[2020.12.21-04.02.41:092][  0]LogD3D11RHI: D3D11 max allowed feature level: 11_0
[2020.12.21-04.02.41:092][  0]LogD3D11RHI: D3D11 adapters:
[2020.12.21-04.02.41:188][  0]LogD3D11RHI:    0. 'NVIDIA GeForce GTX 1080' (Feature Level 11_0)
[2020.12.21-04.02.41:188][  0]LogD3D11RHI:       8079/0/8155 MB DedicatedVideo/DedicatedSystem/SharedSystem, Outputs:3, VendorId:0x10de
[2020.12.21-04.02.41:191][  0]LogD3D11RHI:    1. 'Microsoft Basic Render Driver' (Feature Level 11_0)
[2020.12.21-04.02.41:191][  0]LogD3D11RHI:       0/0/8155 MB DedicatedVideo/DedicatedSystem/SharedSystem, Outputs:0, VendorId:0x1414
[2020.12.21-04.02.41:191][  0]LogD3D11RHI: Chosen D3D11 Adapter: 0
[2020.12.21-04.02.41:197][  0]LogD3D11RHI: Creating new Direct3DDevice
[2020.12.21-04.02.41:197][  0]LogD3D11RHI:     GPU DeviceId: 0x1b80 (for the marketing name, search the web for "GPU Device Id")
[2020.12.21-04.02.41:197][  0]LogWindows: EnumDisplayDevices:
[2020.12.21-04.02.41:197][  0]LogWindows:    0. 'NVIDIA GeForce GTX 1080' (P:1 D:1)
[2020.12.21-04.02.41:198][  0]LogWindows:    1. 'NVIDIA GeForce GTX 1080' (P:0 D:1)
[2020.12.21-04.02.41:198][  0]LogWindows:    2. 'NVIDIA GeForce GTX 1080' (P:0 D:1)
[2020.12.21-04.02.41:198][  0]LogWindows:    3. 'NVIDIA GeForce GTX 1080' (P:0 D:0)
[2020.12.21-04.02.41:198][  0]LogWindows: DebugString: FoundDriverCount:4 
[2020.12.21-04.02.41:198][  0]LogD3D11RHI:     Adapter Name: NVIDIA GeForce GTX 1080
[2020.12.21-04.02.41:198][  0]LogD3D11RHI:   Driver Version: 460.89 (internal:27.21.14.6089, unified:460.89)
[2020.12.21-04.02.41:198][  0]LogD3D11RHI:      Driver Date: 12-11-2020
[2020.12.21-04.02.41:198][  0]LogRHI: Texture pool is 5655 MB (70% of 8079 MB)
[2020.12.21-04.02.41:277][  0]LogD3D11RHI: RHI has support for 64 bit atomics
[2020.12.21-04.02.41:277][  0]LogD3D11RHI: Async texture creation enabled
[2020.12.21-04.02.41:277][  0]LogD3D11RHI: Array index from any shader is supported
[2020.12.21-04.02.41:297][  0]LogD3D11RHI: GPU Timing Frequency: 1000.000000 (Debug: 2 1)
[2020.12.21-04.02.41:568][  0]LogTargetPlatformManager: Display: Loaded TargetPlatform 'AllDesktop'
[2020.12.21-04.02.41:588][  0]LogTargetPlatformManager: Display: Loaded TargetPlatform 'Android'
[2020.12.21-04.02.41:588][  0]LogTargetPlatformManager: Display: Loaded TargetPlatform 'Android_ASTC'
[2020.12.21-04.02.41:588][  0]LogTargetPlatformManager: Display: Loaded TargetPlatform 'Android_DXT'
[2020.12.21-04.02.41:588][  0]LogTargetPlatformManager: Display: Loaded TargetPlatform 'Android_ETC2'
[2020.12.21-04.02.41:588][  0]LogTargetPlatformManager: Display: Loaded TargetPlatform 'AndroidClient'
[2020.12.21-04.02.41:588][  0]LogTargetPlatformManager: Display: Loaded TargetPlatform 'Android_ASTCClient'
[2020.12.21-04.02.41:588][  0]LogTargetPlatformManager: Display: Loaded TargetPlatform 'Android_DXTClient'
[2020.12.21-04.02.41:588][  0]LogTargetPlatformManager: Display: Loaded TargetPlatform 'Android_ETC2Client'
[2020.12.21-04.02.41:588][  0]LogTargetPlatformManager: Display: Loaded TargetPlatform 'Android_Multi'
[2020.12.21-04.02.41:588][  0]LogTargetPlatformManager: Display: Loaded TargetPlatform 'Android_MultiClient'
[2020.12.21-04.02.41:609][  0]LogTargetPlatformManager: Display: Loaded TargetPlatform 'IOSClient'
[2020.12.21-04.02.41:609][  0]LogTargetPlatformManager: Display: Loaded TargetPlatform 'IOS'
[2020.12.21-04.02.41:619][  0]LogTargetPlatformManager: Display: Loaded TargetPlatform 'Linux'
[2020.12.21-04.02.41:628][  0]LogTargetPlatformManager: Display: Loaded TargetPlatform 'LinuxNoEditor'
[2020.12.21-04.02.41:636][  0]LogTargetPlatformManager: Display: Loaded TargetPlatform 'LinuxClient'
[2020.12.21-04.02.41:645][  0]LogTargetPlatformManager: Display: Loaded TargetPlatform 'LinuxServer'
[2020.12.21-04.02.41:654][  0]LogTargetPlatformManager: Display: Loaded TargetPlatform 'LinuxAArch64NoEditor'
[2020.12.21-04.02.41:662][  0]LogTargetPlatformManager: Display: Loaded TargetPlatform 'LinuxAArch64Client'
[2020.12.21-04.02.41:669][  0]LogTargetPlatformManager: Display: Loaded TargetPlatform 'LinuxAArch64Server'
[2020.12.21-04.02.41:693][  0]LogTargetPlatformManager: Display: Loaded TargetPlatform 'Lumin'
[2020.12.21-04.02.41:693][  0]LogTargetPlatformManager: Display: Loaded TargetPlatform 'LuminClient'
[2020.12.21-04.02.41:708][  0]LogTargetPlatformManager: Display: Loaded TargetPlatform 'TVOSClient'
[2020.12.21-04.02.41:708][  0]LogTargetPlatformManager: Display: Loaded TargetPlatform 'TVOS'
[2020.12.21-04.02.41:717][  0]LogTargetPlatformManager: Display: Loaded TargetPlatform 'WindowsNoEditor'
[2020.12.21-04.02.41:725][  0]LogTargetPlatformManager: Display: Loaded TargetPlatform 'Windows'
[2020.12.21-04.02.41:733][  0]LogTargetPlatformManager: Display: Loaded TargetPlatform 'WindowsClient'
[2020.12.21-04.02.41:742][  0]LogTargetPlatformManager: Display: Loaded TargetPlatform 'WindowsServer'
[2020.12.21-04.02.41:742][  0]LogTargetPlatformManager: Display: Building Assets For Windows
[2020.12.21-04.02.41:749][  0]LogAudioDebug: Display: Lib vorbis DLL was dynamically loaded.
[2020.12.21-04.02.41:804][  0]LogShaderCompilers: Guid format shader working directory is -21 characters bigger than the processId version (F:/old desktop/Games/My games/Robogoo group/RoboGoo/RoboGooCPlusPlus/Intermediate/Shaders/WorkingDirectory/21668/).
[2020.12.21-04.02.41:804][  0]LogShaderCompilers: Cleaned the shader compiler working directory 'C:/Users/Jondive/AppData/Local/Temp/UnrealShaderWorkingDir/88AA5E374DE1DAD930D478873DDBE5DF/'.
[2020.12.21-04.02.41:804][  0]LogXGEController: Cleaning working directory: C:/Users/Jondive/AppData/Local/Temp/UnrealXGEWorkingDir/
[2020.12.21-04.02.41:804][  0]LogXGEController: Cannot use XGE Controller as Incredibuild is not installed on this machine.
[2020.12.21-04.02.41:804][  0]LogShaderCompilers: Cannot use XGE Shader Compiler as Incredibuild is not installed on this machine.
[2020.12.21-04.02.41:805][  0]LogShaderCompilers: Display: Using Local Shader Compiler.
[2020.12.21-04.02.42:540][  0]LogDerivedDataCache: Display: Max Cache Size: 512 MB
[2020.12.21-04.02.42:591][  0]LogDerivedDataCache: Loaded boot cache 0.05s 80MB C:/Users/Jondive/AppData/Local/UnrealEngine/4.25/DerivedDataCache/Boot.ddc.
[2020.12.21-04.02.42:591][  0]LogDerivedDataCache: Display: Loaded Boot cache: C:/Users/Jondive/AppData/Local/UnrealEngine/4.25/DerivedDataCache/Boot.ddc
[2020.12.21-04.02.42:591][  0]LogDerivedDataCache: FDerivedDataBackendGraph:  Pak pak cache file F:/old desktop/Games/My games/Robogoo group/RoboGoo/RoboGooCPlusPlus/DerivedDataCache/DDC.ddp not found, will not use a pak cache.
[2020.12.21-04.02.42:591][  0]LogDerivedDataCache: Unable to find inner node Pak for hierarchical cache Hierarchy.
[2020.12.21-04.02.42:591][  0]LogDerivedDataCache: FDerivedDataBackendGraph:  CompressedPak pak cache file F:/old desktop/Games/My games/Robogoo group/RoboGoo/RoboGooCPlusPlus/DerivedDataCache/Compressed.ddp not found, will not use a pak cache.
[2020.12.21-04.02.42:591][  0]LogDerivedDataCache: Unable to find inner node CompressedPak for hierarchical cache Hierarchy.
[2020.12.21-04.02.42:600][  0]LogDerivedDataCache: Display: Pak cache opened for reading ../../../Engine/DerivedDataCache/Compressed.ddp.
[2020.12.21-04.02.42:600][  0]LogDerivedDataCache: FDerivedDataBackendGraph:  EnterprisePak pak cache file ../../../Enterprise/DerivedDataCache/Compressed.ddp not found, will not use a pak cache.
[2020.12.21-04.02.42:600][  0]LogDerivedDataCache: Unable to find inner node EnterprisePak for hierarchical cache Hierarchy.
[2020.12.21-04.02.42:601][  0]LogDerivedDataCache: Using Local data cache path C:/Users/Jondive/AppData/Local/UnrealEngine/Common/DerivedDataCache: Writable
[2020.12.21-04.02.42:602][  0]LogDerivedDataCache: Shared data cache path not found in *engine.ini, will not use an Shared cache.
[2020.12.21-04.02.42:602][  0]LogDerivedDataCache: Unable to find inner node Shared for hierarchical cache Hierarchy.
[2020.12.21-04.02.42:649][  0]LogSlate: Using FreeType 2.10.0
[2020.12.21-04.02.42:650][  0]LogSlate: SlateFontServices - WITH_FREETYPE: 1, WITH_HARFBUZZ: 1
[2020.12.21-04.02.42:674][  0]LogAssetRegistry: FAssetRegistry took 0.0022 seconds to start up
[2020.12.21-04.02.42:875][  0]LogInit: Selected Device Profile: [Windows]
[2020.12.21-04.02.42:984][  0]LogMeshReduction: Using QuadricMeshReduction for automatic static mesh reduction
[2020.12.21-04.02.42:984][  0]LogMeshReduction: Using SimplygonMeshReduction for automatic skeletal mesh reduction
[2020.12.21-04.02.42:984][  0]LogMeshReduction: Using ProxyLODMeshReduction for automatic mesh merging
[2020.12.21-04.02.42:984][  0]LogMeshReduction: No distributed automatic mesh merging module available
[2020.12.21-04.02.42:984][  0]LogMeshMerging: No distributed automatic mesh merging module available
[2020.12.21-04.02.43:004][  0]LogNetVersion: Robogoo_Cplusplus 1.0.0, NetCL: 13144385, EngineNetVer: 14, GameNetVer: 0 (Checksum: 1371892769)
[2020.12.21-04.02.43:415][  0]LogAISub: UAISubsystem::UAISubsystem AISubsystem (000002B7857CF880), frame # 0
[2020.12.21-04.02.43:415][  0]LogAISub: UAISubsystem::UAISubsystem AIPerceptionSystem (000002B7847F0F40), frame # 0
[2020.12.21-04.02.43:416][  0]LogAISub: UAISubsystem::UAISubsystem EnvQueryManager (000002B784864800), frame # 0
[2020.12.21-04.02.43:458][  0]LogPackageLocalizationCache: Processed 17 localized package path(s) for 1 prioritized culture(s) in 0.036866 seconds
[2020.12.21-04.02.43:463][  0]LogUObjectArray: 15756 objects as part of root set at end of initial load.
[2020.12.21-04.02.43:463][  0]LogUObjectAllocator: 3925280 out of 0 bytes used by permanent object pool.
[2020.12.21-04.02.43:463][  0]LogUObjectArray: CloseDisregardForGC: 0/0 objects in disregard for GC pool
[2020.12.21-04.02.43:761][  0]LogTcpMessaging: Initializing TcpMessaging bridge
[2020.12.21-04.02.43:765][  0]LogUdpMessaging: Initializing bridge on interface 0.0.0.0:0 to multicast group 230.0.0.1:6666.
[2020.12.21-04.02.43:947][  0]SourceControl: Source control is disabled
[2020.12.21-04.02.43:948][  0]SourceControl: Source control is disabled
[2020.12.21-04.02.43:950][  0]SourceControl: Source control is disabled
[2020.12.21-04.02.43:953][  0]SourceControl: Source control is disabled
[2020.12.21-04.02.43:961][  0]SourceControl: Source control is disabled
[2020.12.21-04.02.44:184][  0]LogAndroidPermission: UAndroidPermissionCallbackProxy::GetInstance
[2020.12.21-04.02.44:203][  0]LogAudioCaptureCore: Display: No Audio Capture implementations found. Audio input will be silent.
[2020.12.21-04.02.44:203][  0]LogAudioCaptureCore: Display: No Audio Capture implementations found. Audio input will be silent.
[2020.12.21-04.02.44:282][  0]LogEngine: Initializing Engine...
[2020.12.21-04.02.44:283][  0]LogMagicLeap: Warning: VR disabled because ZI is not enabled.  To enable, in the editor, Edit -> Project Settings -> Plugins -> Magic Leap Plugin -> Enable Zero Iteration
[2020.12.21-04.02.44:283][  0]LogStats: UGameplayTagsManager::InitializeManager -  0.000 s
[2020.12.21-04.02.44:395][  0]LogInit: Initializing FReadOnlyCVARCache
[2020.12.21-04.02.44:402][  0]LogAIModule: Creating AISystem for world Untitled
[2020.12.21-04.02.44:402][  0]LogAISub: UAISubsystem::UAISubsystem EnvQueryManager (000002B786ADFC00), frame # 0
[2020.12.21-04.02.44:402][  0]LogAISub: UAISubsystem::UAISubsystem AIPerceptionSystem (000002B786AE7B00), frame # 0
[2020.12.21-04.02.44:420][  0]LogAudioMixer: Display: Audio Mixer Platform Settings:
[2020.12.21-04.02.44:420][  0]LogAudioMixer: Display: 	Sample Rate:						  48000
[2020.12.21-04.02.44:420][  0]LogAudioMixer: Display: 	Callback Buffer Frame Size Requested: 1024
[2020.12.21-04.02.44:420][  0]LogAudioMixer: Display: 	Callback Buffer Frame Size To Use:	  1024
[2020.12.21-04.02.44:420][  0]LogAudioMixer: Display: 	Number of buffers to queue:			  2
[2020.12.21-04.02.44:420][  0]LogAudioMixer: Display: 	Max Channels (voices):				  32
[2020.12.21-04.02.44:420][  0]LogAudioMixer: Display: 	Number of Async Source Workers:		  0
[2020.12.21-04.02.44:420][  0]LogAudio: Display: AudioDevice MaxSources: 32
[2020.12.21-04.02.44:420][  0]LogAudio: Display: Using built-in audio occlusion.
[2020.12.21-04.02.44:420][  0]LogAudioMixer: Display: Initializing audio mixer.
[2020.12.21-04.02.44:435][  0]LogAudioMixer: Display: 0: FrontLeft
[2020.12.21-04.02.44:435][  0]LogAudioMixer: Display: 1: FrontRight
[2020.12.21-04.02.44:470][  0]LogAudioMixer: Display: Using Audio Device Headset Earphone (HyperX Virtual Surround Sound)
[2020.12.21-04.02.44:473][  0]LogAudioMixer: Display: Initializing Sound Submixes...
[2020.12.21-04.02.44:475][  0]LogAudioMixer: Display: Creating Master Submix 'MasterSubmixDefault'
[2020.12.21-04.02.44:476][  0]LogAudioMixer: Display: Creating Master Submix 'MasterReverbSubmixDefault'
[2020.12.21-04.02.44:476][  0]LogAudioMixer: Display: Creating Master Submix 'MasterEQSubmixDefault'
[2020.12.21-04.02.44:477][  0]LogInit: FAudioDevice initialized.
[2020.12.21-04.02.44:477][  0]LogNetVersion: Set ProjectVersion to 1.0.0.0. Version Checksum will be recalculated on next use.
[2020.12.21-04.02.44:543][  0]LogDerivedDataCache: Saved boot cache 0.07s 79MB C:/Users/Jondive/AppData/Local/UnrealEngine/4.25/DerivedDataCache/Boot.ddc.
[2020.12.21-04.02.44:547][  0]LogInit: Texture streaming: Enabled
[2020.12.21-04.02.44:562][  0]LogEngineSessionManager: EngineSessionManager initialized
[2020.12.21-04.02.44:562][  0]LogEngineSessionManager: EngineSessionManager sent abnormal shutdown report. Type=Crashed, SessionId={9CDC80B0-4B36-C6C7-6264-2DB91FC3D04D}
[2020.12.21-04.02.44:562][  0]LogEditorSessionSummary: Verbose: Initializing EditorSessionSummaryWriter for editor session tracking
[2020.12.21-04.02.44:564][  0]LogEditorSessionSummary: EditorSessionSummaryWriter initialized
[2020.12.21-04.02.44:614][  0]LogInit: Transaction tracking system initialized
[2020.12.21-04.02.44:636][  0]BlueprintLog: New page: Editor Load
[2020.12.21-04.02.44:701][  0]LocalizationService: Localization service is disabled
[2020.12.21-04.02.44:830][  0]LogCook: Display: Max memory allowance for cook 16384mb min free memory 0mb
[2020.12.21-04.02.44:830][  0]LogCook: Display: Mobile HDR setting 1
[2020.12.21-04.02.44:960][  0]LogFileCache: Scanning file cache for directory 'F:/old desktop/Games/My games/Robogoo group/RoboGoo/RoboGooCPlusPlus/Content/' took 0.00s
[2020.12.21-04.02.44:960][  0]SourceControl: Source control is disabled
[2020.12.21-04.02.44:960][  0]LogUnrealEdMisc: Loading editor; pre map load, took 6.224
[2020.12.21-04.02.44:960][  0]Cmd: MAP LOAD FILE="F:/old desktop/Games/My games/Robogoo group/RoboGoo/RoboGooCPlusPlus/Content/ThirdPersonCPP/Maps/ThirdPersonExampleMap.umap" TEMPLATE=0 SHOWPROGRESS=1 FEATURELEVEL=3
[2020.12.21-04.02.44:960][  0]LightingResults: New page: Lighting Build
[2020.12.21-04.02.44:961][  0]LogWorld: UWorld::CleanupWorld for Untitled, bSessionEnded=true, bCleanupResources=true
[2020.12.21-04.02.44:961][  0]LogSlate: InvalidateAllWidgets triggered.  All widgets were invalidated
[2020.12.21-04.02.44:961][  0]MapCheck: New page: Map Check
[2020.12.21-04.02.44:961][  0]LightingResults: New page: Lighting Build
[2020.12.21-04.02.44:970][  0]LogAISub: UAISubsystem::~UAISubsystem EnvQueryManager (000002B786ADFC00), frame # 0
[2020.12.21-04.02.44:970][  0]LogAISub: UAISubsystem::~UAISubsystem AIPerceptionSystem (000002B786AE7B00), frame # 0
[2020.12.21-04.02.44:970][  0]LogUObjectHash: Compacting FUObjectHashTables data took   0.61ms
[2020.12.21-04.02.45:026][  0]LogAIModule: Creating AISystem for world ThirdPersonExampleMap
[2020.12.21-04.02.45:026][  0]LogAISub: UAISubsystem::UAISubsystem EnvQueryManager (000002B7971E5A00), frame # 0
[2020.12.21-04.02.45:026][  0]LogAISub: UAISubsystem::UAISubsystem AIPerceptionSystem (000002B7868C2FC0), frame # 0
[2020.12.21-04.02.45:030][  0]LogEditorServer: Finished looking for orphan Actors (0.000 secs)
[2020.12.21-04.02.45:040][  0]LogUObjectHash: Compacting FUObjectHashTables data took   0.66ms
[2020.12.21-04.02.45:041][  0]Cmd: MAP CHECKDEP NOCLEARLOG
[2020.12.21-04.02.45:041][  0]MapCheck: Map check complete: 0 Error(s), 0 Warning(s), took 0.123ms to complete.
[2020.12.21-04.02.45:041][  0]LogFileHelpers: Loading map 'ThirdPersonExampleMap' took 0.081
[2020.12.21-04.02.45:043][  0]LogUnrealEdMisc: Total Editor Startup Time, took 6.307
[2020.12.21-04.02.45:157][  0]LogSlate: Updating window title bar state: overlay mode, drag disabled, window buttons hidden, title bar hidden
[2020.12.21-04.02.45:164][  0]LogSlate: Updating window title bar state: overlay mode, drag disabled, window buttons hidden, title bar hidden
[2020.12.21-04.02.45:171][  0]LogSlate: Updating window title bar state: overlay mode, drag disabled, window buttons hidden, title bar hidden
[2020.12.21-04.02.45:177][  0]LogSlate: Updating window title bar state: overlay mode, drag disabled, window buttons hidden, title bar hidden
[2020.12.21-04.02.45:182][  0]LogCollectionManager: Loaded 0 collections in 0.000756 seconds
[2020.12.21-04.02.45:196][  0]LogFileCache: Scanning file cache for directory 'F:/old desktop/Games/My games/Robogoo group/RoboGoo/RoboGooCPlusPlus/Saved/Collections/' took 0.00s
[2020.12.21-04.02.45:196][  0]LogFileCache: Scanning file cache for directory 'F:/old desktop/Games/My games/Robogoo group/RoboGoo/RoboGooCPlusPlus/Content/Developers/Jondive/Collections/' took 0.00s
[2020.12.21-04.02.45:196][  0]LogFileCache: Scanning file cache for directory 'F:/old desktop/Games/My games/Robogoo group/RoboGoo/RoboGooCPlusPlus/Content/Collections/' took 0.00s
[2020.12.21-04.02.45:196][  0]LogContentBrowser: Native class hierarchy populated in 0.0084 seconds. Added 3410 classes and 808 folders.
[2020.12.21-04.02.45:198][  0]LogContentBrowser: Native class hierarchy updated for 'WidgetCarousel' in 0.0004 seconds. Added 0 classes and 0 folders.
[2020.12.21-04.02.45:271][  0]LogContentBrowser: Native class hierarchy updated for 'AddContentDialog' in 0.0004 seconds. Added 0 classes and 0 folders.
[2020.12.21-04.02.45:272][  0]LogContentBrowser: Native class hierarchy updated for 'SceneOutliner' in 0.0004 seconds. Added 2 classes and 0 folders.
[2020.12.21-04.02.45:320][  0]LogSlate: Took 0.000211 seconds to synchronously load lazily loaded font '../../../Engine/Content/Slate/Fonts/Roboto-Regular.ttf' (155K)
[2020.12.21-04.02.45:322][  0]LogSlate: Took 0.000181 seconds to synchronously load lazily loaded font '../../../Engine/Content/Slate/Fonts/Roboto-Bold.ttf' (160K)
[2020.12.21-04.02.45:325][  0]LogSlate: Took 0.000154 seconds to synchronously load lazily loaded font '../../../Engine/Content/Editor/Slate/Fonts/FontAwesome.ttf' (139K)
[2020.12.21-04.02.45:402][  0]LogRenderer: Reallocating scene render targets to support 1208x572 Format 10 NumSamples 1 (Frame:1).
[2020.12.21-04.02.45:444][  0]LogSlate: Took 0.000173 seconds to synchronously load lazily loaded font '../../../Engine/Content/Slate/Fonts/Roboto-Light.ttf' (167K)
[2020.12.21-04.02.45:496][  0]LogContentBrowser: Native class hierarchy updated for 'HierarchicalLODOutliner' in 0.0004 seconds. Added 0 classes and 0 folders.
[2020.12.21-04.02.45:496][  0]LogLoad: (Engine Initialization) Total time: 6.76 seconds
[2020.12.21-04.02.45:496][  0]LogLoad: (Engine Initialization) Total Blueprint compile time: 0.00 seconds
[2020.12.21-04.02.45:549][  0]LogAssetRegistry: Asset discovery search completed in 2.8757 seconds
[2020.12.21-04.02.45:552][  0]LogCollectionManager: Fixed up redirectors for 0 collections in 0.000002 seconds (updated 0 objects)
[2020.12.21-04.02.45:553][  0]LogContentStreaming: Texture pool size now 1000 MB
[2020.12.21-04.02.49:524][ 12]LogSlate: Window 'Plugins' being destroyed
[2020.12.21-04.02.49:531][ 12]LogDirectoryWatcher: A directory notification for '../../../Engine/Plugins/' was aborted.
[2020.12.21-04.02.51:202][209]LogSlate: Took 0.000155 seconds to synchronously load lazily loaded font '../../../Engine/Content/Slate/Fonts/Roboto-Light.ttf' (167K)
[2020.12.21-04.02.51:246][209]LogUObjectHash: Compacting FUObjectHashTables data took   0.51ms
[2020.12.21-04.02.51:269][209]LogSavePackage: Moving 'F:/old desktop/Games/My games/Robogoo group/RoboGoo/RoboGooCPlusPlus/Saved/ThirdPersonExampleMapA845DA7F425BD31177E42D897F19C219.tmp' to 'F:/old desktop/Games/My games/Robogoo group/RoboGoo/RoboGooCPlusPlus/Content/ThirdPersonCPP/Maps/ThirdPersonExampleMap.umap'
[2020.12.21-04.02.51:364][209]LogSavePackage: Moving 'F:/old desktop/Games/My games/Robogoo group/RoboGoo/RoboGooCPlusPlus/Saved/ThirdPersonExampleMap_BuiltData38ED0B5F40666E0FD70F77841647D71F.tmp' to 'F:/old desktop/Games/My games/Robogoo group/RoboGoo/RoboGooCPlusPlus/Content/ThirdPersonCPP/Maps/ThirdPersonExampleMap_BuiltData.uasset'
[2020.12.21-04.02.51:373][209]AssetCheck: New page: Asset Save: multiple assets
[2020.12.21-04.02.51:373][209]LogContentValidation: Display: Validating World /Game/ThirdPersonCPP/Maps/ThirdPersonExampleMap.ThirdPersonExampleMap
[2020.12.21-04.02.51:373][209]LogContentValidation: Display: Validating MapBuildDataRegistry /Game/ThirdPersonCPP/Maps/ThirdPersonExampleMap_BuiltData.ThirdPersonExampleMap_BuiltData
[2020.12.21-04.02.54:310][558]LogAssetEditorSubsystem: Opening Asset editor for Class /Script/Robogoo_Cplusplus.Character_Movement
[2020.12.21-04.02.54:367][558]LogVSAccessor: Warning: Couldn't goto line number '1' in 'F:/old desktop/Games/My games/Robogoo group/RoboGoo/RoboGooCPlusPlus/Source/Robogoo_Cplusplus/Public/Character_Movement.h'
[2020.12.21-04.02.54:403][558]LogVSAccessor: Warning: Couldn't goto line number '1' in 'F:/old desktop/Games/My games/Robogoo group/RoboGoo/RoboGooCPlusPlus/Source/Robogoo_Cplusplus/Private/Character_Movement.cpp'
[2020.12.21-04.02.58:610][858]LogAssetEditorSubsystem: Opening Asset editor for Blueprint /Game/CharactermovementBp.CharactermovementBp
[2020.12.21-04.02.58:780][858]LogContentBrowser: Native class hierarchy updated for 'BlueprintGraph' in 0.0006 seconds. Added 125 classes and 0 folders.
[2020.12.21-04.03.01:111][ 12]LogSlate: Window 'CharactermovementBp' being destroyed
[2020.12.21-04.03.01:118][ 12]LogWorld: UWorld::CleanupWorld for World_1, bSessionEnded=true, bCleanupResources=true
[2020.12.21-04.03.01:118][ 12]LogSlate: InvalidateAllWidgets triggered.  All widgets were invalidated
[2020.12.21-04.03.01:167][ 12]LogAssetEditorSubsystem: Opening Asset editor for Blueprint /Game/CharactermovementBp.CharactermovementBp
[2020.12.21-04.03.01:502][ 12]LogSlate: Took 0.000218 seconds to synchronously load lazily loaded font '../../../Engine/Content/Slate/Fonts/Roboto-BoldCondensed.ttf' (158K)
[2020.12.21-04.03.02:629][130]LogRenderer: Reallocating scene render targets to support 1208x692 Format 10 NumSamples 1 (Frame:1).
[2020.12.21-04.05.20:304][873]LogSlate: Took 0.000235 seconds to synchronously load lazily loaded font '../../../Engine/Content/Slate/Fonts/Roboto-Italic.ttf' (157K)
[2020.12.21-04.08.00:293][768]LogAssetEditorSubsystem: Opening Asset editor for Blueprint /Game/ThirdPersonCPP/Blueprints/SamJThirdPersonCharacter.SamJThirdPersonCharacter
[2020.12.21-04.08.19:054][684]LogWorld: UWorld::CleanupWorld for World_7, bSessionEnded=true, bCleanupResources=true
[2020.12.21-04.08.19:054][684]LogSlate: InvalidateAllWidgets triggered.  All widgets were invalidated
[2020.12.21-04.08.22:301][ 32]LogUObjectHash: Compacting FUObjectHashTables data took   1.67ms
[2020.12.21-04.08.22:328][ 32]Cmd: OBJ SAVEPACKAGE PACKAGE="/Engine/BasicShapes/Sphere" FILE="../../../Engine/Content/BasicShapes/Sphere.uasset" SILENT=true
[2020.12.21-04.08.22:357][ 32]LogSavePackage: Moving 'F:/old desktop/Games/My games/Robogoo group/RoboGoo/RoboGooCPlusPlus/Saved/Sphere1F4AEF52416E39B4064B27A9709E28D5.tmp' to '../../../Engine/Content/BasicShapes/Sphere.uasset'
[2020.12.21-04.08.22:868][ 32]LogSavePackage: Moving 'F:/old desktop/Games/My games/Robogoo group/RoboGoo/RoboGooCPlusPlus/Saved/SamJThirdPersonCharacterC251AB4948DD8D8C30B9DE8B9D947AC0.tmp' to 'F:/old desktop/Games/My games/Robogoo group/RoboGoo/RoboGooCPlusPlus/Content/ThirdPersonCPP/Blueprints/SamJThirdPersonCharacter.uasset'
[2020.12.21-04.08.22:892][ 32]AssetCheck: New page: Asset Save: multiple assets
[2020.12.21-04.08.22:892][ 32]LogContentValidation: Display: Validating StaticMesh /Engine/BasicShapes/Sphere.Sphere
[2020.12.21-04.08.22:892][ 32]LogContentValidation: Display: Validating Blueprint /Game/ThirdPersonCPP/Blueprints/SamJThirdPersonCharacter.SamJThirdPersonCharacter
[2020.12.21-04.08.24:196][183]Candidate modules for hot reload:
[2020.12.21-04.08.24:196][183]  Robogoo_Cplusplus
[2020.12.21-04.08.24:196][183]Launching UnrealBuildTool... [H:/Program Files/Epic games/UE_4.25/Engine/Binaries/DotNET/UnrealBuildTool.exe  -ModuleWithSuffix=Robogoo_Cplusplus,5278 Robogoo_CplusplusEditor Win64 Development -Project="F:/old desktop/Games/My games/Robogoo group/RoboGoo/RoboGooCPlusPlus/Robogoo_Cplusplus.uproject" "F:/old desktop/Games/My games/Robogoo group/RoboGoo/RoboGooCPlusPlus/Robogoo_Cplusplus.uproject"  -IgnoreJunk]
[2020.12.21-04.08.24:199][183]Warning: Starting HotReload took  0.0s.
[2020.12.21-04.08.27:609][550]CompilerResultsLog: New page: Compilation - 21 Dec 2020, 04:08:27
[2020.12.21-04.08.27:609][550]CompilerResultsLog: Using 'git status' to determine working set for adaptive non-unity build (F:\old desktop\Games\My games\Robogoo group\RoboGoo).
[2020.12.21-04.08.27:609][550]CompilerResultsLog: Building Robogoo_CplusplusEditor...
[2020.12.21-04.08.27:609][550]CompilerResultsLog: Using Visual Studio 2019 14.28.29333 toolchain (C:\Program Files (x86)\Microsoft Visual Studio\2019\Community\VC\Tools\MSVC\14.28.29333) and Windows 10.0.18362.0 SDK (C:\Program Files (x86)\Windows Kits\10).
[2020.12.21-04.08.27:609][550]CompilerResultsLog: Building 4 actions with 6 processes...
[2020.12.21-04.08.27:609][550]CompilerResultsLog:   [1/4] Character_Movement.cpp
[2020.12.21-04.08.27:609][550]CompilerResultsLog:   [2/4] UE4Editor-Robogoo_Cplusplus-5278.lib
[2020.12.21-04.08.27:609][550]CompilerResultsLog:      Creating library F:\old desktop\Games\My games\Robogoo group\RoboGoo\RoboGooCPlusPlus\Intermediate\Build\Win64\UE4Editor\Development\Robogoo_Cplusplus\UE4Editor-Robogoo_Cplusplus-5278.lib and object F:\old desktop\Games\My games\Robogoo group\RoboGoo\RoboGooCPlusPlus\Intermediate\Build\Win64\UE4Editor\Development\Robogoo_Cplusplus\UE4Editor-Robogoo_Cplusplus-5278.exp
[2020.12.21-04.08.27:609][550]CompilerResultsLog:   [3/4] UE4Editor-Robogoo_Cplusplus-5278.dll
[2020.12.21-04.08.27:609][550]CompilerResultsLog:      Creating library F:\old desktop\Games\My games\Robogoo group\RoboGoo\RoboGooCPlusPlus\Intermediate\Build\Win64\UE4Editor\Development\Robogoo_Cplusplus\UE4Editor-Robogoo_Cplusplus-5278.suppressed.lib and object F:\old desktop\Games\My games\Robogoo group\RoboGoo\RoboGooCPlusPlus\Intermediate\Build\Win64\UE4Editor\Development\Robogoo_Cplusplus\UE4Editor-Robogoo_Cplusplus-5278.suppressed.exp
[2020.12.21-04.08.27:609][550]CompilerResultsLog:   [4/4] Robogoo_CplusplusEditor.target
[2020.12.21-04.08.27:609][550]CompilerResultsLog: Total time in Parallel executor: 2.33 seconds
[2020.12.21-04.08.27:609][550]CompilerResultsLog: Total execution time: 3.31 seconds
[2020.12.21-04.08.27:609][550]LogMainFrame: MainFrame: Module compiling took 3.416 seconds
[2020.12.21-04.08.27:636][550]LogStaticMesh: Building static mesh Sphere...
[2020.12.21-04.08.27:659][550]LogStaticMesh: Built static mesh [0.02s] /Engine/BasicShapes/Sphere.Sphere
[2020.12.21-04.08.27:675][550]LogContentBrowser: Native class hierarchy updated for 'Robogoo_Cplusplus' in 0.0004 seconds. Added 3 classes and 3 folders.
[2020.12.21-04.08.27:678][550]Display: HotReload successful (1 functions remapped  0 scriptstructs remapped)
[2020.12.21-04.08.27:758][550]LogContentBrowser: Native class hierarchy populated in 0.0078 seconds. Added 3410 classes and 808 folders.
[2020.12.21-04.08.27:758][550]Display: HotReload took  3.6s.
[2020.12.21-04.27.12:504][739]LogHotReload: New module detected: UE4Editor-Robogoo_Cplusplus-0021.dll
[2020.12.21-04.27.13:190][742]LogHotReload: Starting Hot-Reload from IDE
[2020.12.21-04.27.13:217][742]LogClass: Could not find existing class Character_Movement in package /Script/Robogoo_Cplusplus for HotReload, assuming new class
[2020.12.21-04.27.13:217][742]LogClass: Function DisableActor is new.
[2020.12.21-04.27.13:241][742]LogHotReload: Re-instancing Character_Movement after hot-reload.
[2020.12.21-04.27.13:363][742]LogContentBrowser: Native class hierarchy updated for 'Robogoo_Cplusplus' in 0.0004 seconds. Added 3 classes and 3 folders.
[2020.12.21-04.27.13:367][742]Display: HotReload successful (0 functions remapped  0 scriptstructs remapped)
[2020.12.21-04.27.13:467][742]LogContentBrowser: Native class hierarchy populated in 0.0087 seconds. Added 3410 classes and 808 folders.
[2020.12.21-04.27.13:470][742]Display: HotReload took  0.3s.
[2020.12.21-04.27.19:608][128]LogUObjectHash: Compacting FUObjectHashTables data took   3.67ms
[2020.12.21-04.27.19:609][128]LogFileHelpers: Editor autosave (incl. sublevels) for '/Game/ThirdPersonCPP/Maps/ThirdPersonExampleMap' took 0.076
[2020.12.21-04.27.19:610][128]OBJ SavePackage: Generating thumbnails for [1] asset(s) in package [/Engine/BasicShapes/Sphere] ([1] browsable assets)...
[2020.12.21-04.27.19:619][128]OBJ SavePackage:     Rendered thumbnail for [StaticMesh /Engine/BasicShapes/Sphere.Sphere]
[2020.12.21-04.27.19:619][128]OBJ SavePackage: Finished generating thumbnails for package [/Engine/BasicShapes/Sphere]
[2020.12.21-04.27.19:650][128]LogSavePackage: Moving 'F:/old desktop/Games/My games/Robogoo group/RoboGoo/RoboGooCPlusPlus/Saved/Sphere_Auto144E0965A4B9DD405C69BA8BF545AE895.tmp' to 'F:/old desktop/Games/My games/Robogoo group/RoboGoo/RoboGooCPlusPlus/Saved/Autosaves/Engine/BasicShapes/Sphere_Auto1.uasset'
[2020.12.21-04.27.19:651][128]OBJ SavePackage: Generating thumbnails for [1] asset(s) in package [/Game/CharactermovementBp] ([1] browsable assets)...
[2020.12.21-04.27.19:659][128]OBJ SavePackage:     Rendered thumbnail for [Blueprint /Game/CharactermovementBp.CharactermovementBp]
[2020.12.21-04.27.19:659][128]OBJ SavePackage: Finished generating thumbnails for package [/Game/CharactermovementBp]
[2020.12.21-04.27.19:679][128]LogSavePackage: Moving 'F:/old desktop/Games/My games/Robogoo group/RoboGoo/RoboGooCPlusPlus/Saved/CharactermovementBp_Auto1CF7311A24EF9267CE2BEE7B8A3AC7DC9.tmp' to 'F:/old desktop/Games/My games/Robogoo group/RoboGoo/RoboGooCPlusPlus/Saved/Autosaves/Game/CharactermovementBp_Auto1.uasset'
[2020.12.21-04.27.19:680][128]LogFileHelpers: Auto-saving content packages took 0.070
[2020.12.21-04.29.57:404][361]LogUObjectHash: Compacting FUObjectHashTables data took   2.97ms
[2020.12.21-04.29.57:455][361]LogSavePackage: Moving 'F:/old desktop/Games/My games/Robogoo group/RoboGoo/RoboGooCPlusPlus/Saved/ThirdPersonExampleMap626B7C574971BB0C6EB60695E11A2819.tmp' to 'F:/old desktop/Games/My games/Robogoo group/RoboGoo/RoboGooCPlusPlus/Content/ThirdPersonCPP/Maps/ThirdPersonExampleMap.umap'
[2020.12.21-04.29.57:548][361]LogSavePackage: Moving 'F:/old desktop/Games/My games/Robogoo group/RoboGoo/RoboGooCPlusPlus/Saved/ThirdPersonExampleMap_BuiltData1F9D37BC4E11A9F880ABF7AA80FBC906.tmp' to 'F:/old desktop/Games/My games/Robogoo group/RoboGoo/RoboGooCPlusPlus/Content/ThirdPersonCPP/Maps/ThirdPersonExampleMap_BuiltData.uasset'
[2020.12.21-04.29.57:566][361]AssetCheck: New page: Asset Save: multiple assets
[2020.12.21-04.29.57:566][361]LogContentValidation: Display: Validating World /Game/ThirdPersonCPP/Maps/ThirdPersonExampleMap.ThirdPersonExampleMap
[2020.12.21-04.29.57:566][361]LogContentValidation: Display: Validating MapBuildDataRegistry /Game/ThirdPersonCPP/Maps/ThirdPersonExampleMap_BuiltData.ThirdPersonExampleMap_BuiltData
[2020.12.21-04.30.09:056][479]LogHotReload: New module detected: UE4Editor-Robogoo_Cplusplus-0022.dll
[2020.12.21-04.30.10:078][483]LogHotReload: Starting Hot-Reload from IDE
[2020.12.21-04.30.10:110][483]LogClass: Could not find existing class Character_Movement in package /Script/Robogoo_Cplusplus for HotReload, assuming new class
[2020.12.21-04.30.10:110][483]LogClass: Function DisableActor is new.
[2020.12.21-04.30.10:134][483]LogHotReload: Re-instancing Character_Movement after hot-reload.
[2020.12.21-04.30.10:249][483]LogContentBrowser: Native class hierarchy updated for 'Robogoo_Cplusplus' in 0.0004 seconds. Added 3 classes and 3 folders.
[2020.12.21-04.30.10:252][483]Display: HotReload successful (0 functions remapped  0 scriptstructs remapped)
[2020.12.21-04.30.10:347][483]LogContentBrowser: Native class hierarchy populated in 0.0091 seconds. Added 3410 classes and 808 folders.
[2020.12.21-04.30.10:350][483]Display: HotReload took  0.3s.
[2020.12.21-04.30.17:455][504]LogTemp: Repeating last play command: Selected Viewport
[2020.12.21-04.30.17:471][504]BlueprintLog: New page: Pre-Play auto-recompile
[2020.12.21-04.30.17:472][504]LogPlayLevel: [PlayLevel] Compiling SamJThirdPersonCharacter before play...
[2020.12.21-04.30.17:565][504]LogUObjectHash: Compacting FUObjectHashTables data took   3.36ms
[2020.12.21-04.30.17:566][504]LogPlayLevel: PlayLevel: Blueprint regeneration took 93 ms (1 blueprints)
[2020.12.21-04.30.17:566][504]PIE: New page: PIE session: ThirdPersonExampleMap (21 Dec 2020, 04:30:17)
[2020.12.21-04.30.17:567][504]LogOnline: OSS: Creating online subsystem instance for: NULL
[2020.12.21-04.30.17:568][504]LogOnline: OSS: TryLoadSubsystemAndSetDefault: Loaded subsystem for module [NULL]
[2020.12.21-04.30.17:568][504]LogPlayLevel: Creating play world package: /Game/ThirdPersonCPP/Maps/UEDPIE_0_ThirdPersonExampleMap
[2020.12.21-04.30.17:577][504]LogPlayLevel: PIE: StaticDuplicateObject took: (0.010027s)
[2020.12.21-04.30.17:578][504]LogAIModule: Creating AISystem for world ThirdPersonExampleMap
[2020.12.21-04.30.17:578][504]LogAISub: UAISubsystem::UAISubsystem EnvQueryManager (000002B809403000), frame # 22504
[2020.12.21-04.30.17:578][504]LogAISub: UAISubsystem::UAISubsystem AIPerceptionSystem (000002B7AC0D1F80), frame # 22504
[2020.12.21-04.30.17:579][504]LogPlayLevel: PIE: World Init took: (0.001311s)
[2020.12.21-04.30.17:579][504]LogPlayLevel: PIE: Created PIE world by copying editor world from /Game/ThirdPersonCPP/Maps/ThirdPersonExampleMap.ThirdPersonExampleMap to /Game/ThirdPersonCPP/Maps/UEDPIE_0_ThirdPersonExampleMap.ThirdPersonExampleMap (0.011485s)
[2020.12.21-04.30.17:617][504]LogUObjectHash: Compacting FUObjectHashTables data took   2.94ms
[2020.12.21-04.30.17:618][504]LogAudioMixer: Display: Audio Mixer Platform Settings:
[2020.12.21-04.30.17:618][504]LogAudioMixer: Display: 	Sample Rate:						  48000
[2020.12.21-04.30.17:618][504]LogAudioMixer: Display: 	Callback Buffer Frame Size Requested: 1024
[2020.12.21-04.30.17:618][504]LogAudioMixer: Display: 	Callback Buffer Frame Size To Use:	  1024
[2020.12.21-04.30.17:618][504]LogAudioMixer: Display: 	Number of buffers to queue:			  2
[2020.12.21-04.30.17:618][504]LogAudioMixer: Display: 	Max Channels (voices):				  32
[2020.12.21-04.30.17:618][504]LogAudioMixer: Display: 	Number of Async Source Workers:		  0
[2020.12.21-04.30.17:618][504]LogAudio: Display: AudioDevice MaxSources: 32
[2020.12.21-04.30.17:619][504]LogAudio: Display: Using built-in audio occlusion.
[2020.12.21-04.30.17:619][504]LogAudioMixer: Display: Initializing audio mixer.
[2020.12.21-04.30.17:624][504]LogAudioMixer: Display: 0: FrontLeft
[2020.12.21-04.30.17:624][504]LogAudioMixer: Display: 1: FrontRight
[2020.12.21-04.30.17:642][504]LogAudioMixer: Display: Using Audio Device Headset Earphone (HyperX Virtual Surround Sound)
[2020.12.21-04.30.17:642][504]LogAudioMixer: Display: Initializing Sound Submixes...
[2020.12.21-04.30.17:642][504]LogAudioMixer: Display: Creating Master Submix 'MasterSubmixDefault'
[2020.12.21-04.30.17:642][504]LogAudioMixer: Display: Creating Master Submix 'MasterReverbSubmixDefault'
[2020.12.21-04.30.17:643][504]LogAudioMixer: Display: Creating Master Submix 'MasterEQSubmixDefault'
[2020.12.21-04.30.17:655][504]LogInit: FAudioDevice initialized.
[2020.12.21-04.30.17:669][504]LogLoad: Game class is 'New_Gamemode_C'
[2020.12.21-04.30.17:670][504]LogWorld: Bringing World /Game/ThirdPersonCPP/Maps/UEDPIE_0_ThirdPersonExampleMap.ThirdPersonExampleMap up for play (max tick rate 0) at 2020.12.21-04.30.17
[2020.12.21-04.30.17:671][504]LogWorld: Bringing up level for play took: 0.000670
[2020.12.21-04.30.17:671][504]LogOnline: OSS: Creating online subsystem instance for: :Context_12
[2020.12.21-04.30.17:703][504]LogContentBrowser: Native class hierarchy updated for 'MovieSceneCapture' in 0.0005 seconds. Added 20 classes and 0 folders.
[2020.12.21-04.30.17:703][504]LogGameMode: Display: Match State Changed from EnteringMap to WaitingToStart
[2020.12.21-04.30.17:703][504]LogGameState: Match State Changed from EnteringMap to WaitingToStart
[2020.12.21-04.30.17:703][504]LogGameMode: Display: Match State Changed from WaitingToStart to InProgress
[2020.12.21-04.30.17:717][504]LogGameState: Match State Changed from WaitingToStart to InProgress
[2020.12.21-04.30.17:717][504]PIE: Server logged in
[2020.12.21-04.30.17:718][504]PIE: Play in editor total start time 0.25 seconds.
[2020.12.21-04.30.22:023][695]LogWindows: Error: === Critical error: ===
[2020.12.21-04.30.22:023][695]LogWindows: Error: 
[2020.12.21-04.30.22:023][695]LogWindows: Error: Fatal error!
[2020.12.21-04.30.22:023][695]LogWindows: Error: 
[2020.12.21-04.30.22:023][695]LogWindows: Error: Unhandled Exception: EXCEPTION_ACCESS_VIOLATION reading address 0x00000164
[2020.12.21-04.30.22:023][695]LogWindows: Error: 
[2020.12.21-04.30.22:023][695]LogWindows: Error: [Callstack] 0x00007fff308343d2 UE4Editor-Robogoo_Cplusplus-0022.dll!UnknownFunction [F:\old desktop\Games\My games\Robogoo group\RoboGoo\RoboGooCPlusPlus\Source\Robogoo_Cplusplus\Private\Character_Movement.cpp:101]
[2020.12.21-04.30.22:023][695]LogWindows: Error: [Callstack] 0x00007fff423691fa UE4Editor-Engine.dll!UnknownFunction []
[2020.12.21-04.30.22:023][695]LogWindows: Error: [Callstack] 0x00007fff4239514e UE4Editor-Engine.dll!UnknownFunction []
[2020.12.21-04.30.22:023][695]LogWindows: Error: [Callstack] 0x00007fff41e9b988 UE4Editor-Engine.dll!UnknownFunction []
[2020.12.21-04.30.22:023][695]LogWindows: Error: [Callstack] 0x00007fff41eaf1b4 UE4Editor-Engine.dll!UnknownFunction []
[2020.12.21-04.30.22:023][695]LogWindows: Error: [Callstack] 0x00007fff41e99a1b UE4Editor-Engine.dll!UnknownFunction []
[2020.12.21-04.30.22:023][695]LogWindows: Error: [Callstack] 0x00007fff41ead681 UE4Editor-Engine.dll!UnknownFunction []
[2020.12.21-04.30.22:023][695]LogWindows: Error: [Callstack] 0x00007fff41189f84 UE4Editor-Engine.dll!UnknownFunction []
[2020.12.21-04.30.22:023][695]LogWindows: Error: [Callstack] 0x00007fff4224936f UE4Editor-Engine.dll!UnknownFunction []
[2020.12.21-04.30.22:023][695]LogWindows: Error: [Callstack] 0x00007fff4224e3c7 UE4Editor-Engine.dll!UnknownFunction []
[2020.12.21-04.30.22:023][695]LogWindows: Error: [Callstack] 0x00007fff578887d8 UE4Editor-Core.dll!UnknownFunction []
[2020.12.21-04.30.22:023][695]LogWindows: Error: [Callstack] 0x00007fff57888aa3 UE4Editor-Core.dll!UnknownFunction []
[2020.12.21-04.30.22:023][695]LogWindows: Error: [Callstack] 0x00007fff5789f027 UE4Editor-Core.dll!UnknownFunction []
[2020.12.21-04.30.22:023][695]LogWindows: Error: [Callstack] 0x00007fff4226a402 UE4Editor-Engine.dll!UnknownFunction []
[2020.12.21-04.30.22:023][695]LogWindows: Error: [Callstack] 0x00007fff4226f6ca UE4Editor-Engine.dll!UnknownFunction []
[2020.12.21-04.30.22:023][695]LogWindows: Error: [Callstack] 0x00007fff41a2d0bf UE4Editor-Engine.dll!UnknownFunction []
[2020.12.21-04.30.22:023][695]LogWindows: Error: [Callstack] 0x00007fff41a37957 UE4Editor-Engine.dll!UnknownFunction []
[2020.12.21-04.30.22:023][695]LogWindows: Error: [Callstack] 0x00007fff5655af57 UE4Editor-UnrealEd.dll!UnknownFunction []
[2020.12.21-04.30.22:023][695]LogWindows: Error: [Callstack] 0x00007fff56e337e6 UE4Editor-UnrealEd.dll!UnknownFunction []
[2020.12.21-04.30.22:023][695]LogWindows: Error: [Callstack] 0x00007ff7e7e37800 UE4Editor.exe!UnknownFunction []
[2020.12.21-04.30.22:023][695]LogWindows: Error: [Callstack] 0x00007ff7e7e4ba7c UE4Editor.exe!UnknownFunction []
[2020.12.21-04.30.22:023][695]LogWindows: Error: [Callstack] 0x00007ff7e7e4bb5a UE4Editor.exe!UnknownFunction []
[2020.12.21-04.30.22:023][695]LogWindows: Error: [Callstack] 0x00007ff7e7e5e31d UE4Editor.exe!UnknownFunction []
[2020.12.21-04.30.22:023][695]LogWindows: Error: [Callstack] 0x00007ff7e7e6145a UE4Editor.exe!UnknownFunction []
[2020.12.21-04.30.22:023][695]LogWindows: Error: [Callstack] 0x00007fffc32c7034 KERNEL32.DLL!UnknownFunction []
[2020.12.21-04.30.22:023][695]LogWindows: Error: [Callstack] 0x00007fffc3f1d0d1 ntdll.dll!UnknownFunction []
[2020.12.21-04.30.22:023][695]LogWindows: Error: 
[2020.12.21-04.30.22:081][695]LogExit: Executing StaticShutdownAfterError
[2020.12.21-04.30.22:084][695]LogWindows: FPlatformMisc::RequestExit(1)
[2020.12.21-04.30.22:084][695]LogCore: Engine exit requested (reason: Win RequestExit)
[2020.12.21-04.30.22:124][695]Log file closed, 12/21/20 04:30:22
