Log file open, 01/14/21 14:02:33
LogInit: Display: Running engine for game: Robogoo_Cplusplus
LogPlatformFile: Not using cached read wrapper
LogTaskGraph: Started task graph with 5 named threads and 20 total threads with 3 sets of task threads.
LogStats: Stats thread started at 3.808053
LogD3D11RHI: Loaded GFSDK_Aftermath_Lib.x64.dll
LogICUInternationalization: ICU TimeZone Detection - Raw Offset: +0:00, Platform Override: ''
LogPluginManager: Mounting plugin Paper2D
LogPluginManager: Mounting plugin AISupport
LogPluginManager: Mounting plugin LightPropagationVolume
LogPluginManager: Mounting plugin CameraShakePreviewer
LogPluginManager: Mounting plugin ActorLayerUtilities
LogPluginManager: Mounting plugin AnimationSharing
LogPluginManager: Mounting plugin CLionSourceCodeAccess
LogPluginManager: Mounting plugin CodeLiteSourceCodeAccess
LogPluginManager: Mounting plugin GitSourceControl
LogPluginManager: Mounting plugin KDevelopSourceCodeAccess
LogPluginManager: Mounting plugin NullSourceCodeAccess
LogPluginManager: Mounting plugin PerforceSourceControl
LogPluginManager: Mounting plugin PlasticSourceControl
LogPluginManager: Mounting plugin RiderSourceCodeAccess
LogPluginManager: Mounting plugin SubversionSourceControl
LogPluginManager: Mounting plugin UObjectPlugin
LogPluginManager: Mounting plugin VisualStudioCodeSourceCodeAccess
LogPluginManager: Mounting plugin VisualStudioSourceCodeAccess
LogPluginManager: Mounting plugin XCodeSourceCodeAccess
LogPluginManager: Mounting plugin AssetManagerEditor
LogPluginManager: Mounting plugin CryptoKeys
LogPluginManager: Mounting plugin CurveEditorTools
LogPluginManager: Mounting plugin DataValidation
LogPluginManager: Mounting plugin EditorScriptingUtilities
LogPluginManager: Mounting plugin FacialAnimation
LogPluginManager: Mounting plugin GameplayTagsEditor
LogPluginManager: Mounting plugin GeometryMode
LogPluginManager: Mounting plugin MacGraphicsSwitching
LogPluginManager: Mounting plugin MaterialAnalyzer
LogPluginManager: Mounting plugin MobileLauncherProfileWizard
LogPluginManager: Mounting plugin PluginBrowser
LogPluginManager: Mounting plugin SpeedTreeImporter
LogPluginManager: Mounting plugin DatasmithContent
LogPluginManager: Mounting plugin VariantManagerContent
LogPluginManager: Mounting plugin AlembicImporter
LogPluginManager: Mounting plugin AutomationUtils
LogPluginManager: Mounting plugin BackChannel
LogPluginManager: Mounting plugin ChaosCloth
LogPluginManager: Mounting plugin ChaosClothEditor
LogPluginManager: Mounting plugin ChaosEditor
LogPluginManager: Mounting plugin ChaosNiagara
LogPluginManager: Mounting plugin ChaosSolverPlugin
LogPluginManager: Mounting plugin CharacterAI
LogPluginManager: Mounting plugin GeometryCache
LogPluginManager: Mounting plugin GeometryCollectionPlugin
LogPluginManager: Mounting plugin GeometryProcessing
LogPluginManager: Mounting plugin PlanarCut
LogPluginManager: Mounting plugin PlatformCrypto
LogPluginManager: Mounting plugin ProxyLODPlugin
LogPluginManager: Mounting plugin SkeletalReduction
LogPluginManager: Mounting plugin Niagara
LogPluginManager: Mounting plugin MagicLeap
LogPluginManager: Mounting plugin MagicLeapLightEstimation
LogPluginManager: Mounting plugin MagicLeapMedia
LogPluginManager: Mounting plugin MagicLeapPassableWorld
LogPluginManager: Mounting plugin MLSDK
LogPluginManager: Mounting plugin AndroidMedia
LogPluginManager: Mounting plugin AvfMedia
LogPluginManager: Mounting plugin ImgMedia
LogPluginManager: Mounting plugin MediaCompositing
LogPluginManager: Mounting plugin MediaPlayerEditor
LogPluginManager: Mounting plugin WebMMedia
LogPluginManager: Mounting plugin WmfMedia
LogPluginManager: Mounting plugin MeshPainting
LogPluginManager: Mounting plugin TcpMessaging
LogPluginManager: Mounting plugin UdpMessaging
LogPluginManager: Mounting plugin ActorSequence
LogPluginManager: Mounting plugin LevelSequenceEditor
LogPluginManager: Mounting plugin MatineeToLevelSequence
LogPluginManager: Mounting plugin MovieRenderPipeline
LogPluginManager: Mounting plugin TemplateSequence
LogPluginManager: Mounting plugin NetcodeUnitTest
LogPluginManager: Mounting plugin NUTUnrealEngine4
LogPluginManager: Mounting plugin OnlineSubsystemGooglePlay
LogPluginManager: Mounting plugin OnlineSubsystemIOS
LogPluginManager: Mounting plugin OnlineSubsystem
LogPluginManager: Mounting plugin OnlineSubsystemNull
LogPluginManager: Mounting plugin OnlineSubsystemUtils
LogPluginManager: Mounting plugin LauncherChunkInstaller
LogPluginManager: Mounting plugin AndroidDeviceProfileSelector
LogPluginManager: Mounting plugin AndroidMoviePlayer
LogPluginManager: Mounting plugin AndroidPermission
LogPluginManager: Mounting plugin ApexDestruction
LogPluginManager: Mounting plugin AppleImageUtils
LogPluginManager: Mounting plugin AppleMoviePlayer
LogPluginManager: Mounting plugin ArchVisCharacter
LogPluginManager: Mounting plugin AssetTags
LogPluginManager: Mounting plugin AudioCapture
LogPluginManager: Mounting plugin CableComponent
LogPluginManager: Mounting plugin CustomMeshComponent
LogPluginManager: Mounting plugin EditableMesh
LogPluginManager: Mounting plugin ExampleDeviceProfileSelector
LogPluginManager: Mounting plugin GoogleCloudMessaging
LogPluginManager: Mounting plugin GooglePAD
LogPluginManager: Mounting plugin IOSDeviceProfileSelector
LogPluginManager: Mounting plugin LinuxDeviceProfileSelector
LogPluginManager: Mounting plugin LocationServicesBPLibrary
LogPluginManager: Mounting plugin MobilePatchingUtils
LogPluginManager: Mounting plugin PhysXVehicles
LogPluginManager: Mounting plugin PostSplashScreen
LogPluginManager: Mounting plugin ProceduralMeshComponent
LogPluginManager: Mounting plugin RuntimePhysXCooking
LogPluginManager: Mounting plugin SignificanceManager
LogPluginManager: Mounting plugin SoundFields
LogPluginManager: Mounting plugin Synthesis
LogPluginManager: Mounting plugin WebMMoviePlayer
LogPluginManager: Mounting plugin WindowsMoviePlayer
LogPluginManager: Mounting plugin ScreenshotTools
LogInit: Using libcurl 7.55.1-DEV
LogInit:  - built for x86_64-pc-win32
LogInit:  - supports SSL with OpenSSL/1.1.1
LogInit:  - supports HTTP deflate (compression) using libz 1.2.8
LogInit:  - other features:
LogInit:      CURL_VERSION_SSL
LogInit:      CURL_VERSION_LIBZ
LogInit:      CURL_VERSION_IPV6
LogInit:      CURL_VERSION_ASYNCHDNS
LogInit:      CURL_VERSION_LARGEFILE
LogInit:      CURL_VERSION_IDN
LogInit:  CurlRequestOptions (configurable via config and command line):
LogInit:  - bVerifyPeer = true  - Libcurl will verify peer certificate
LogInit:  - bUseHttpProxy = false  - Libcurl will NOT use HTTP proxy
LogInit:  - bDontReuseConnections = false  - Libcurl will reuse connections
LogInit:  - MaxHostConnections = 16  - Libcurl will limit the number of connections to a host
LogInit:  - LocalHostAddr = Default
LogInit:  - BufferSize = 65536
LogOnline: OSS: Creating online subsystem instance for: NULL
LogInit: WinSock: version 1.1 (2.2), MaxSocks=32767, MaxUdp=65467
LogOnline: OSS: TryLoadSubsystemAndSetDefault: Loaded subsystem for module [NULL]
LogInit: Build: ++UE4+Release-4.25-CL-14469661
LogInit: Engine Version: 4.25.4-14469661+++UE4+Release-4.25
LogInit: Compatible Engine Version: 4.25.0-13144385+++UE4+Release-4.25
LogInit: Net CL: 13144385
LogInit: OS: Windows 10 (Release 2009) (), CPU: Intel(R) Core(TM) i5-8600K CPU @ 3.60GHz, GPU: NVIDIA GeForce GTX 1080
LogInit: Compiled (64-bit): Oct 11 2020 08:10:49
LogInit: Compiled with Visual C++: 19.24.28315.00
LogInit: Build Configuration: Development
LogInit: Branch Name: ++UE4+Release-4.25
LogInit: Command Line: 
LogInit: Base Directory: H:/Program Files/Epic games/UE_4.25/Engine/Binaries/Win64/
LogInit: Allocator: TBB
LogInit: Installed Engine Build: 1
LogDevObjectVersion: Number of dev versions registered: 26
LogDevObjectVersion:   Dev-Blueprints (B0D832E4-1F89-4F0D-ACCF-7EB736FD4AA2): 10
LogDevObjectVersion:   Dev-Build (E1C64328-A22C-4D53-A36C-8E866417BD8C): 0
LogDevObjectVersion:   Dev-Core (375EC13C-06E4-48FB-B500-84F0262A717E): 4
LogDevObjectVersion:   Dev-Editor (E4B068ED-F494-42E9-A231-DA0B2E46BB41): 38
LogDevObjectVersion:   Dev-Framework (CFFC743F-43B0-4480-9391-14DF171D2073): 37
LogDevObjectVersion:   Dev-Mobile (B02B49B5-BB20-44E9-A304-32B752E40360): 2
LogDevObjectVersion:   Dev-Networking (A4E4105C-59A1-49B5-A7C5-40C4547EDFEE): 0
LogDevObjectVersion:   Dev-Online (39C831C9-5AE6-47DC-9A44-9C173E1C8E7C): 0
LogDevObjectVersion:   Dev-Physics (78F01B33-EBEA-4F98-B9B4-84EACCB95AA2): 4
LogDevObjectVersion:   Dev-Platform (6631380F-2D4D-43E0-8009-CF276956A95A): 0
LogDevObjectVersion:   Dev-Rendering (12F88B9F-8875-4AFC-A67C-D90C383ABD29): 43
LogDevObjectVersion:   Dev-Sequencer (7B5AE74C-D270-4C10-A958-57980B212A5A): 12
LogDevObjectVersion:   Dev-VR (D7296918-1DD6-4BDD-9DE2-64A83CC13884): 3
LogDevObjectVersion:   Dev-LoadTimes (C2A15278-BFE7-4AFE-6C17-90FF531DF755): 1
LogDevObjectVersion:   Private-Geometry (6EACA3D4-40EC-4CC1-B786-8BED09428FC5): 3
LogDevObjectVersion:   Dev-AnimPhys (29E575DD-E0A3-4627-9D10-D276232CDCEA): 17
LogDevObjectVersion:   Dev-Anim (AF43A65D-7FD3-4947-9873-3E8ED9C1BB05): 7
LogDevObjectVersion:   Dev-ReflectionCapture (6B266CEC-1EC7-4B8F-A30B-E4D90942FC07): 1
LogDevObjectVersion:   Dev-Automation (0DF73D61-A23F-47EA-B727-89E90C41499A): 1
LogDevObjectVersion:   FortniteMain (601D1886-AC64-4F84-AA16-D3DE0DEAC7D6): 31
LogDevObjectVersion:   Dev-Enterprise (9DFFBCD6-494F-0158-E221-12823C92A888): 10
LogDevObjectVersion:   Dev-Niagara (F2AED0AC-9AFE-416F-8664-AA7FFA26D6FC): 1
LogDevObjectVersion:   Dev-Destruction (174F1F0B-B4C6-45A5-B13F-2EE8D0FB917D): 10
LogDevObjectVersion:   Dev-Physics-Ext (35F94A83-E258-406C-A318-09F59610247C): 37
LogDevObjectVersion:   Dev-PhysicsMaterial-Chaos (B68FC16E-8B1B-42E2-B453-215C058844FE): 1
LogDevObjectVersion:   Dev-CineCamera (B2E18506-4273-CFC2-A54E-F4BB758BBA07): 1
LogInit: Presizing for max 25165824 objects, including 0 objects not considered by GC, pre-allocating 0 bytes for permanent pool.
LogConfig: Applying CVar settings from Section [/Script/Engine.StreamingSettings] File [F:/old desktop/Games/My games/Robogoo group/RoboGoo/RoboGooCPlusPlus/Saved/Config/Windows/Engine.ini]
LogConfig: Setting CVar [[s.MinBulkDataSizeForAsyncLoading:131072]]
LogConfig: Setting CVar [[s.AsyncLoadingThreadEnabled:0]]
LogConfig: Setting CVar [[s.EventDrivenLoaderEnabled:1]]
LogConfig: Setting CVar [[s.WarnIfTimeLimitExceeded:0]]
LogConfig: Setting CVar [[s.TimeLimitExceededMultiplier:1.5]]
LogConfig: Setting CVar [[s.TimeLimitExceededMinTime:0.005]]
LogConfig: Setting CVar [[s.UseBackgroundLevelStreaming:1]]
LogConfig: Setting CVar [[s.PriorityAsyncLoadingExtraTime:15.0]]
LogConfig: Setting CVar [[s.LevelStreamingActorsUpdateTimeLimit:5.0]]
LogConfig: Setting CVar [[s.PriorityLevelStreamingActorsUpdateExtraTime:5.0]]
LogConfig: Setting CVar [[s.LevelStreamingComponentsRegistrationGranularity:10]]
LogConfig: Setting CVar [[s.UnregisterComponentsTimeLimit:1.0]]
LogConfig: Setting CVar [[s.LevelStreamingComponentsUnregistrationGranularity:5]]
LogConfig: Setting CVar [[s.FlushStreamingOnExit:1]]
LogInit: Object subsystem initialized
LogConfig: Setting CVar [[con.DebugEarlyDefault:1]]
LogConfig: Setting CVar [[r.setres:1280x720]]
[2021.01.14-14.02.37:568][  0]LogConfig: Setting CVar [[r.VSync:0]]
[2021.01.14-14.02.37:568][  0]LogConfig: Setting CVar [[r.RHICmdBypass:0]]
[2021.01.14-14.02.37:569][  0]LogConfig: Applying CVar settings from Section [/Script/Engine.RendererSettings] File [F:/old desktop/Games/My games/Robogoo group/RoboGoo/RoboGooCPlusPlus/Saved/Config/Windows/Engine.ini]
[2021.01.14-14.02.37:569][  0]LogConfig: Setting CVar [[r.GPUCrashDebugging:0]]
[2021.01.14-14.02.37:569][  0]LogConfig: Applying CVar settings from Section [/Script/Engine.RendererOverrideSettings] File [F:/old desktop/Games/My games/Robogoo group/RoboGoo/RoboGooCPlusPlus/Saved/Config/Windows/Engine.ini]
[2021.01.14-14.02.37:569][  0]LogConfig: Applying CVar settings from Section [/Script/Engine.StreamingSettings] File [F:/old desktop/Games/My games/Robogoo group/RoboGoo/RoboGooCPlusPlus/Saved/Config/Windows/Engine.ini]
[2021.01.14-14.02.37:569][  0]LogConfig: Setting CVar [[s.MinBulkDataSizeForAsyncLoading:131072]]
[2021.01.14-14.02.37:569][  0]LogConfig: Setting CVar [[s.AsyncLoadingThreadEnabled:0]]
[2021.01.14-14.02.37:569][  0]LogConfig: Setting CVar [[s.EventDrivenLoaderEnabled:1]]
[2021.01.14-14.02.37:569][  0]LogConfig: Setting CVar [[s.WarnIfTimeLimitExceeded:0]]
[2021.01.14-14.02.37:569][  0]LogConfig: Setting CVar [[s.TimeLimitExceededMultiplier:1.5]]
[2021.01.14-14.02.37:569][  0]LogConfig: Setting CVar [[s.TimeLimitExceededMinTime:0.005]]
[2021.01.14-14.02.37:569][  0]LogConfig: Setting CVar [[s.UseBackgroundLevelStreaming:1]]
[2021.01.14-14.02.37:569][  0]LogConfig: Setting CVar [[s.PriorityAsyncLoadingExtraTime:15.0]]
[2021.01.14-14.02.37:569][  0]LogConfig: Setting CVar [[s.LevelStreamingActorsUpdateTimeLimit:5.0]]
[2021.01.14-14.02.37:569][  0]LogConfig: Setting CVar [[s.PriorityLevelStreamingActorsUpdateExtraTime:5.0]]
[2021.01.14-14.02.37:569][  0]LogConfig: Setting CVar [[s.LevelStreamingComponentsRegistrationGranularity:10]]
[2021.01.14-14.02.37:569][  0]LogConfig: Setting CVar [[s.UnregisterComponentsTimeLimit:1.0]]
[2021.01.14-14.02.37:569][  0]LogConfig: Setting CVar [[s.LevelStreamingComponentsUnregistrationGranularity:5]]
[2021.01.14-14.02.37:569][  0]LogConfig: Setting CVar [[s.FlushStreamingOnExit:1]]
[2021.01.14-14.02.37:569][  0]LogConfig: Applying CVar settings from Section [/Script/Engine.GarbageCollectionSettings] File [F:/old desktop/Games/My games/Robogoo group/RoboGoo/RoboGooCPlusPlus/Saved/Config/Windows/Engine.ini]
[2021.01.14-14.02.37:569][  0]LogConfig: Setting CVar [[gc.MaxObjectsNotConsideredByGC:1]]
[2021.01.14-14.02.37:569][  0]LogConfig: Setting CVar [[gc.SizeOfPermanentObjectPool:0]]
[2021.01.14-14.02.37:569][  0]LogConfig: Setting CVar [[gc.FlushStreamingOnGC:0]]
[2021.01.14-14.02.37:569][  0]LogConfig: Setting CVar [[gc.NumRetriesBeforeForcingGC:10]]
[2021.01.14-14.02.37:569][  0]LogConfig: Setting CVar [[gc.AllowParallelGC:1]]
[2021.01.14-14.02.37:569][  0]LogConfig: Setting CVar [[gc.TimeBetweenPurgingPendingKillObjects:61.1]]
[2021.01.14-14.02.37:569][  0]LogConfig: Setting CVar [[gc.MaxObjectsInEditor:25165824]]
[2021.01.14-14.02.37:569][  0]LogConfig: Setting CVar [[gc.IncrementalBeginDestroyEnabled:1]]
[2021.01.14-14.02.37:569][  0]LogConfig: Setting CVar [[gc.CreateGCClusters:1]]
[2021.01.14-14.02.37:569][  0]LogConfig: Setting CVar [[gc.MinGCClusterSize:5]]
[2021.01.14-14.02.37:569][  0]LogConfig: Setting CVar [[gc.ActorClusteringEnabled:0]]
[2021.01.14-14.02.37:569][  0]LogConfig: Setting CVar [[gc.BlueprintClusteringEnabled:0]]
[2021.01.14-14.02.37:569][  0]LogConfig: Setting CVar [[gc.UseDisregardForGCOnDedicatedServers:0]]
[2021.01.14-14.02.37:569][  0]LogConfig: Applying CVar settings from Section [/Script/Engine.NetworkSettings] File [F:/old desktop/Games/My games/Robogoo group/RoboGoo/RoboGooCPlusPlus/Saved/Config/Windows/Engine.ini]
[2021.01.14-14.02.37:569][  0]LogConfig: Applying CVar settings from Section [/Script/UnrealEd.CookerSettings] File [F:/old desktop/Games/My games/Robogoo group/RoboGoo/RoboGooCPlusPlus/Saved/Config/Windows/Engine.ini]
[2021.01.14-14.02.37:667][  0]LogConfig: Applying CVar settings from Section [ViewDistanceQuality@3] File [F:/old desktop/Games/My games/Robogoo group/RoboGoo/RoboGooCPlusPlus/Saved/Config/Windows/Scalability.ini]
[2021.01.14-14.02.37:667][  0]LogConfig: Setting CVar [[r.SkeletalMeshLODBias:0]]
[2021.01.14-14.02.37:667][  0]LogConfig: Setting CVar [[r.ViewDistanceScale:1.0]]
[2021.01.14-14.02.37:667][  0]LogConfig: Applying CVar settings from Section [AntiAliasingQuality@3] File [F:/old desktop/Games/My games/Robogoo group/RoboGoo/RoboGooCPlusPlus/Saved/Config/Windows/Scalability.ini]
[2021.01.14-14.02.37:667][  0]LogConfig: Setting CVar [[r.PostProcessAAQuality:4]]
[2021.01.14-14.02.37:667][  0]LogConfig: Applying CVar settings from Section [ShadowQuality@3] File [F:/old desktop/Games/My games/Robogoo group/RoboGoo/RoboGooCPlusPlus/Saved/Config/Windows/Scalability.ini]
[2021.01.14-14.02.37:667][  0]LogConfig: Setting CVar [[r.LightFunctionQuality:1]]
[2021.01.14-14.02.37:667][  0]LogConfig: Setting CVar [[r.ShadowQuality:5]]
[2021.01.14-14.02.37:667][  0]LogConfig: Setting CVar [[r.Shadow.CSM.MaxCascades:10]]
[2021.01.14-14.02.37:667][  0]LogConfig: Setting CVar [[r.Shadow.MaxResolution:2048]]
[2021.01.14-14.02.37:667][  0]LogConfig: Setting CVar [[r.Shadow.MaxCSMResolution:2048]]
[2021.01.14-14.02.37:667][  0]LogConfig: Setting CVar [[r.Shadow.RadiusThreshold:0.01]]
[2021.01.14-14.02.37:667][  0]LogConfig: Setting CVar [[r.Shadow.DistanceScale:1.0]]
[2021.01.14-14.02.37:667][  0]LogConfig: Setting CVar [[r.Shadow.CSM.TransitionScale:1.0]]
[2021.01.14-14.02.37:667][  0]LogConfig: Setting CVar [[r.Shadow.PreShadowResolutionFactor:1.0]]
[2021.01.14-14.02.37:667][  0]LogConfig: Setting CVar [[r.DistanceFieldShadowing:1]]
[2021.01.14-14.02.37:667][  0]LogConfig: Setting CVar [[r.DistanceFieldAO:1]]
[2021.01.14-14.02.37:667][  0]LogConfig: Setting CVar [[r.AOQuality:2]]
[2021.01.14-14.02.37:667][  0]LogConfig: Setting CVar [[r.VolumetricFog:1]]
[2021.01.14-14.02.37:667][  0]LogConfig: Setting CVar [[r.VolumetricFog.GridPixelSize:8]]
[2021.01.14-14.02.37:667][  0]LogConfig: Setting CVar [[r.VolumetricFog.GridSizeZ:128]]
[2021.01.14-14.02.37:667][  0]LogConfig: Setting CVar [[r.VolumetricFog.HistoryMissSupersampleCount:4]]
[2021.01.14-14.02.37:667][  0]LogConfig: Setting CVar [[r.LightMaxDrawDistanceScale:1]]
[2021.01.14-14.02.37:667][  0]LogConfig: Setting CVar [[r.CapsuleShadows:1]]
[2021.01.14-14.02.37:667][  0]LogConfig: Applying CVar settings from Section [PostProcessQuality@3] File [F:/old desktop/Games/My games/Robogoo group/RoboGoo/RoboGooCPlusPlus/Saved/Config/Windows/Scalability.ini]
[2021.01.14-14.02.37:667][  0]LogConfig: Setting CVar [[r.MotionBlurQuality:4]]
[2021.01.14-14.02.37:667][  0]LogConfig: Setting CVar [[r.AmbientOcclusionMipLevelFactor:0.4]]
[2021.01.14-14.02.37:667][  0]LogConfig: Setting CVar [[r.AmbientOcclusionMaxQuality:100]]
[2021.01.14-14.02.37:667][  0]LogConfig: Setting CVar [[r.AmbientOcclusionLevels:-1]]
[2021.01.14-14.02.37:667][  0]LogConfig: Setting CVar [[r.AmbientOcclusionRadiusScale:1.0]]
[2021.01.14-14.02.37:667][  0]LogConfig: Setting CVar [[r.DepthOfFieldQuality:2]]
[2021.01.14-14.02.37:667][  0]LogConfig: Setting CVar [[r.RenderTargetPoolMin:400]]
[2021.01.14-14.02.37:667][  0]LogConfig: Setting CVar [[r.LensFlareQuality:2]]
[2021.01.14-14.02.37:668][  0]LogConfig: Setting CVar [[r.SceneColorFringeQuality:1]]
[2021.01.14-14.02.37:668][  0]LogConfig: Setting CVar [[r.EyeAdaptationQuality:2]]
[2021.01.14-14.02.37:668][  0]LogConfig: Setting CVar [[r.BloomQuality:5]]
[2021.01.14-14.02.37:668][  0]LogConfig: Setting CVar [[r.FastBlurThreshold:100]]
[2021.01.14-14.02.37:668][  0]LogConfig: Setting CVar [[r.Upscale.Quality:3]]
[2021.01.14-14.02.37:668][  0]LogConfig: Setting CVar [[r.Tonemapper.GrainQuantization:1]]
[2021.01.14-14.02.37:668][  0]LogConfig: Setting CVar [[r.LightShaftQuality:1]]
[2021.01.14-14.02.37:668][  0]LogConfig: Setting CVar [[r.Filter.SizeScale:1]]
[2021.01.14-14.02.37:668][  0]LogConfig: Setting CVar [[r.Tonemapper.Quality:5]]
[2021.01.14-14.02.37:668][  0]LogConfig: Setting CVar [[r.DOF.Gather.AccumulatorQuality:1        ; higher gathering accumulator quality]]
[2021.01.14-14.02.37:668][  0]LogConfig: Setting CVar [[r.DOF.Gather.PostfilterMethod:1          ; Median3x3 postfilering method]]
[2021.01.14-14.02.37:668][  0]LogConfig: Setting CVar [[r.DOF.Gather.EnableBokehSettings:0       ; no bokeh simulation when gathering]]
[2021.01.14-14.02.37:668][  0]LogConfig: Setting CVar [[r.DOF.Gather.RingCount:4                 ; medium number of samples when gathering]]
[2021.01.14-14.02.37:668][  0]LogConfig: Setting CVar [[r.DOF.Scatter.ForegroundCompositing:1    ; additive foreground scattering]]
[2021.01.14-14.02.37:668][  0]LogConfig: Setting CVar [[r.DOF.Scatter.BackgroundCompositing:2    ; additive background scattering]]
[2021.01.14-14.02.37:668][  0]LogConfig: Setting CVar [[r.DOF.Scatter.EnableBokehSettings:1      ; bokeh simulation when scattering]]
[2021.01.14-14.02.37:668][  0]LogConfig: Setting CVar [[r.DOF.Scatter.MaxSpriteRatio:0.1         ; only a maximum of 10% of scattered bokeh]]
[2021.01.14-14.02.37:668][  0]LogConfig: Setting CVar [[r.DOF.Recombine.Quality:1                ; cheap slight out of focus]]
[2021.01.14-14.02.37:668][  0]LogConfig: Setting CVar [[r.DOF.Recombine.EnableBokehSettings:0    ; no bokeh simulation on slight out of focus]]
[2021.01.14-14.02.37:668][  0]LogConfig: Setting CVar [[r.DOF.TemporalAAQuality:1                ; more stable temporal accumulation]]
[2021.01.14-14.02.37:668][  0]LogConfig: Setting CVar [[r.DOF.Kernel.MaxForegroundRadius:0.025]]
[2021.01.14-14.02.37:668][  0]LogConfig: Setting CVar [[r.DOF.Kernel.MaxBackgroundRadius:0.025]]
[2021.01.14-14.02.37:668][  0]LogConfig: Applying CVar settings from Section [TextureQuality@3] File [F:/old desktop/Games/My games/Robogoo group/RoboGoo/RoboGooCPlusPlus/Saved/Config/Windows/Scalability.ini]
[2021.01.14-14.02.37:668][  0]LogConfig: Setting CVar [[r.Streaming.MipBias:0]]
[2021.01.14-14.02.37:668][  0]LogConfig: Setting CVar [[r.Streaming.AmortizeCPUToGPUCopy:0]]
[2021.01.14-14.02.37:668][  0]LogConfig: Setting CVar [[r.Streaming.MaxNumTexturesToStreamPerFrame:0]]
[2021.01.14-14.02.37:668][  0]LogConfig: Setting CVar [[r.Streaming.Boost:1]]
[2021.01.14-14.02.37:668][  0]LogConfig: Setting CVar [[r.MaxAnisotropy:8]]
[2021.01.14-14.02.37:668][  0]LogConfig: Setting CVar [[r.VT.MaxAnisotropy:8]]
[2021.01.14-14.02.37:668][  0]LogConfig: Setting CVar [[r.Streaming.LimitPoolSizeToVRAM:0]]
[2021.01.14-14.02.37:668][  0]LogConfig: Setting CVar [[r.Streaming.PoolSize:1000]]
[2021.01.14-14.02.37:668][  0]LogConfig: Setting CVar [[r.Streaming.MaxEffectiveScreenSize:0]]
[2021.01.14-14.02.37:668][  0]LogConfig: Applying CVar settings from Section [EffectsQuality@3] File [F:/old desktop/Games/My games/Robogoo group/RoboGoo/RoboGooCPlusPlus/Saved/Config/Windows/Scalability.ini]
[2021.01.14-14.02.37:668][  0]LogConfig: Setting CVar [[r.TranslucencyLightingVolumeDim:64]]
[2021.01.14-14.02.37:668][  0]LogConfig: Setting CVar [[r.RefractionQuality:2]]
[2021.01.14-14.02.37:668][  0]LogConfig: Setting CVar [[r.SSR.Quality:3]]
[2021.01.14-14.02.37:668][  0]LogConfig: Setting CVar [[r.SSR.HalfResSceneColor:0]]
[2021.01.14-14.02.37:668][  0]LogConfig: Setting CVar [[r.SceneColorFormat:4]]
[2021.01.14-14.02.37:668][  0]LogConfig: Setting CVar [[r.DetailMode:2]]
[2021.01.14-14.02.37:668][  0]LogConfig: Setting CVar [[r.TranslucencyVolumeBlur:1]]
[2021.01.14-14.02.37:668][  0]LogConfig: Setting CVar [[r.MaterialQualityLevel:1 ; High quality]]
[2021.01.14-14.02.37:668][  0]LogConfig: Setting CVar [[r.SSS.Scale:1]]
[2021.01.14-14.02.37:668][  0]LogConfig: Setting CVar [[r.SSS.SampleSet:2]]
[2021.01.14-14.02.37:668][  0]LogConfig: Setting CVar [[r.SSS.Quality:1]]
[2021.01.14-14.02.37:668][  0]LogConfig: Setting CVar [[r.SSS.HalfRes:0]]
[2021.01.14-14.02.37:668][  0]LogConfig: Setting CVar [[r.SSGI.Quality:3]]
[2021.01.14-14.02.37:668][  0]LogConfig: Setting CVar [[r.EmitterSpawnRateScale:1.0]]
[2021.01.14-14.02.37:668][  0]LogConfig: Setting CVar [[r.ParticleLightQuality:2]]
[2021.01.14-14.02.37:668][  0]LogConfig: Setting CVar [[r.SkyAtmosphere.AerialPerspectiveLUT.FastApplyOnOpaque:1 ; Always have FastSkyLUT 1 in this case to avoid wrong sky]]
[2021.01.14-14.02.37:668][  0]LogConfig: Setting CVar [[r.SkyAtmosphere.AerialPerspectiveLUT.SampleCountPerSlice:1]]
[2021.01.14-14.02.37:668][  0]LogConfig: Setting CVar [[r.SkyAtmosphere.AerialPerspectiveLUT.DepthResolution:16.0]]
[2021.01.14-14.02.37:668][  0]LogConfig: Setting CVar [[r.SkyAtmosphere.FastSkyLUT:1]]
[2021.01.14-14.02.37:668][  0]LogConfig: Setting CVar [[r.SkyAtmosphere.FastSkyLUT.SampleCountMin:4.0]]
[2021.01.14-14.02.37:668][  0]LogConfig: Setting CVar [[r.SkyAtmosphere.FastSkyLUT.SampleCountMax:32.0]]
[2021.01.14-14.02.37:668][  0]LogConfig: Setting CVar [[r.SkyAtmosphere.SampleCountMin:4.0]]
[2021.01.14-14.02.37:668][  0]LogConfig: Setting CVar [[r.SkyAtmosphere.SampleCountMax:32.0]]
[2021.01.14-14.02.37:668][  0]LogConfig: Setting CVar [[r.SkyAtmosphere.TransmittanceLUT.UseSmallFormat:0]]
[2021.01.14-14.02.37:668][  0]LogConfig: Setting CVar [[r.SkyAtmosphere.TransmittanceLUT.SampleCount:10.0]]
[2021.01.14-14.02.37:668][  0]LogConfig: Setting CVar [[r.SkyAtmosphere.MultiScatteringLUT.SampleCount:15.0]]
[2021.01.14-14.02.37:668][  0]LogConfig: Applying CVar settings from Section [FoliageQuality@3] File [F:/old desktop/Games/My games/Robogoo group/RoboGoo/RoboGooCPlusPlus/Saved/Config/Windows/Scalability.ini]
[2021.01.14-14.02.37:668][  0]LogConfig: Setting CVar [[foliage.DensityScale:1.0]]
[2021.01.14-14.02.37:668][  0]LogConfig: Setting CVar [[grass.DensityScale:1.0]]
[2021.01.14-14.02.37:668][  0]LogConfig: Applying CVar settings from Section [ShadingQuality@3] File [F:/old desktop/Games/My games/Robogoo group/RoboGoo/RoboGooCPlusPlus/Saved/Config/Windows/Scalability.ini]
[2021.01.14-14.02.37:668][  0]LogConfig: Setting CVar [[r.HairStrands.SkyLighting.SampleCount:16]]
[2021.01.14-14.02.37:668][  0]LogConfig: Setting CVar [[r.HairStrands.SkyLighting.JitterIntegration:0]]
[2021.01.14-14.02.37:668][  0]LogConfig: Setting CVar [[r.HairStrands.SkyAO.SampleCount:16]]
[2021.01.14-14.02.37:668][  0]LogConfig: Setting CVar [[r.HairStrands.DeepShadow.SuperSampling:0]]
[2021.01.14-14.02.37:668][  0]LogConfig: Setting CVar [[r.HairStrands.VisibilityPPLL:0]]
[2021.01.14-14.02.37:668][  0]LogConfig: Setting CVar [[r.HairStrands.RasterizationScale:0.5]]
[2021.01.14-14.02.37:668][  0]LogConfig: Setting CVar [[r.HairStrands.VelocityRasterizationScale:1]]
[2021.01.14-14.02.37:675][  0]LogInit: Selected Device Profile: [Windows]
[2021.01.14-14.02.37:675][  0]LogInit: Applying CVar settings loaded from the selected device profile: [Windows]
[2021.01.14-14.02.37:685][  0]LogHAL: Display: Platform has ~ 16 GB [17103970304 / 17179869184 / 16], which maps to Larger [LargestMinGB=32, LargerMinGB=12, DefaultMinGB=8, SmallerMinGB=6, SmallestMinGB=0)
[2021.01.14-14.02.37:685][  0]LogInit: Going up to parent DeviceProfile []
[2021.01.14-14.02.37:685][  0]LogConfig: Applying CVar settings from Section [ViewDistanceQuality@3] File [F:/old desktop/Games/My games/Robogoo group/RoboGoo/RoboGooCPlusPlus/Saved/Config/Windows/Scalability.ini]
[2021.01.14-14.02.37:685][  0]LogConfig: Setting CVar [[r.SkeletalMeshLODBias:0]]
[2021.01.14-14.02.37:685][  0]LogConfig: Setting CVar [[r.ViewDistanceScale:1.0]]
[2021.01.14-14.02.37:685][  0]LogConfig: Applying CVar settings from Section [AntiAliasingQuality@3] File [F:/old desktop/Games/My games/Robogoo group/RoboGoo/RoboGooCPlusPlus/Saved/Config/Windows/Scalability.ini]
[2021.01.14-14.02.37:685][  0]LogConfig: Setting CVar [[r.PostProcessAAQuality:4]]
[2021.01.14-14.02.37:685][  0]LogConfig: Applying CVar settings from Section [ShadowQuality@3] File [F:/old desktop/Games/My games/Robogoo group/RoboGoo/RoboGooCPlusPlus/Saved/Config/Windows/Scalability.ini]
[2021.01.14-14.02.37:685][  0]LogConfig: Setting CVar [[r.LightFunctionQuality:1]]
[2021.01.14-14.02.37:685][  0]LogConfig: Setting CVar [[r.ShadowQuality:5]]
[2021.01.14-14.02.37:686][  0]LogConfig: Setting CVar [[r.Shadow.CSM.MaxCascades:10]]
[2021.01.14-14.02.37:686][  0]LogConfig: Setting CVar [[r.Shadow.MaxResolution:2048]]
[2021.01.14-14.02.37:686][  0]LogConfig: Setting CVar [[r.Shadow.MaxCSMResolution:2048]]
[2021.01.14-14.02.37:686][  0]LogConfig: Setting CVar [[r.Shadow.RadiusThreshold:0.01]]
[2021.01.14-14.02.37:686][  0]LogConfig: Setting CVar [[r.Shadow.DistanceScale:1.0]]
[2021.01.14-14.02.37:686][  0]LogConfig: Setting CVar [[r.Shadow.CSM.TransitionScale:1.0]]
[2021.01.14-14.02.37:686][  0]LogConfig: Setting CVar [[r.Shadow.PreShadowResolutionFactor:1.0]]
[2021.01.14-14.02.37:686][  0]LogConfig: Setting CVar [[r.DistanceFieldShadowing:1]]
[2021.01.14-14.02.37:686][  0]LogConfig: Setting CVar [[r.DistanceFieldAO:1]]
[2021.01.14-14.02.37:686][  0]LogConfig: Setting CVar [[r.AOQuality:2]]
[2021.01.14-14.02.37:686][  0]LogConfig: Setting CVar [[r.VolumetricFog:1]]
[2021.01.14-14.02.37:686][  0]LogConfig: Setting CVar [[r.VolumetricFog.GridPixelSize:8]]
[2021.01.14-14.02.37:686][  0]LogConfig: Setting CVar [[r.VolumetricFog.GridSizeZ:128]]
[2021.01.14-14.02.37:686][  0]LogConfig: Setting CVar [[r.VolumetricFog.HistoryMissSupersampleCount:4]]
[2021.01.14-14.02.37:686][  0]LogConfig: Setting CVar [[r.LightMaxDrawDistanceScale:1]]
[2021.01.14-14.02.37:686][  0]LogConfig: Setting CVar [[r.CapsuleShadows:1]]
[2021.01.14-14.02.37:686][  0]LogConfig: Applying CVar settings from Section [PostProcessQuality@3] File [F:/old desktop/Games/My games/Robogoo group/RoboGoo/RoboGooCPlusPlus/Saved/Config/Windows/Scalability.ini]
[2021.01.14-14.02.37:686][  0]LogConfig: Setting CVar [[r.MotionBlurQuality:4]]
[2021.01.14-14.02.37:686][  0]LogConfig: Setting CVar [[r.AmbientOcclusionMipLevelFactor:0.4]]
[2021.01.14-14.02.37:686][  0]LogConfig: Setting CVar [[r.AmbientOcclusionMaxQuality:100]]
[2021.01.14-14.02.37:686][  0]LogConfig: Setting CVar [[r.AmbientOcclusionLevels:-1]]
[2021.01.14-14.02.37:686][  0]LogConfig: Setting CVar [[r.AmbientOcclusionRadiusScale:1.0]]
[2021.01.14-14.02.37:686][  0]LogConfig: Setting CVar [[r.DepthOfFieldQuality:2]]
[2021.01.14-14.02.37:686][  0]LogConfig: Setting CVar [[r.RenderTargetPoolMin:400]]
[2021.01.14-14.02.37:686][  0]LogConfig: Setting CVar [[r.LensFlareQuality:2]]
[2021.01.14-14.02.37:686][  0]LogConfig: Setting CVar [[r.SceneColorFringeQuality:1]]
[2021.01.14-14.02.37:686][  0]LogConfig: Setting CVar [[r.EyeAdaptationQuality:2]]
[2021.01.14-14.02.37:686][  0]LogConfig: Setting CVar [[r.BloomQuality:5]]
[2021.01.14-14.02.37:686][  0]LogConfig: Setting CVar [[r.FastBlurThreshold:100]]
[2021.01.14-14.02.37:686][  0]LogConfig: Setting CVar [[r.Upscale.Quality:3]]
[2021.01.14-14.02.37:686][  0]LogConfig: Setting CVar [[r.Tonemapper.GrainQuantization:1]]
[2021.01.14-14.02.37:686][  0]LogConfig: Setting CVar [[r.LightShaftQuality:1]]
[2021.01.14-14.02.37:686][  0]LogConfig: Setting CVar [[r.Filter.SizeScale:1]]
[2021.01.14-14.02.37:686][  0]LogConfig: Setting CVar [[r.Tonemapper.Quality:5]]
[2021.01.14-14.02.37:686][  0]LogConfig: Setting CVar [[r.DOF.Gather.AccumulatorQuality:1        ; higher gathering accumulator quality]]
[2021.01.14-14.02.37:686][  0]LogConfig: Setting CVar [[r.DOF.Gather.PostfilterMethod:1          ; Median3x3 postfilering method]]
[2021.01.14-14.02.37:686][  0]LogConfig: Setting CVar [[r.DOF.Gather.EnableBokehSettings:0       ; no bokeh simulation when gathering]]
[2021.01.14-14.02.37:686][  0]LogConfig: Setting CVar [[r.DOF.Gather.RingCount:4                 ; medium number of samples when gathering]]
[2021.01.14-14.02.37:686][  0]LogConfig: Setting CVar [[r.DOF.Scatter.ForegroundCompositing:1    ; additive foreground scattering]]
[2021.01.14-14.02.37:686][  0]LogConfig: Setting CVar [[r.DOF.Scatter.BackgroundCompositing:2    ; additive background scattering]]
[2021.01.14-14.02.37:686][  0]LogConfig: Setting CVar [[r.DOF.Scatter.EnableBokehSettings:1      ; bokeh simulation when scattering]]
[2021.01.14-14.02.37:686][  0]LogConfig: Setting CVar [[r.DOF.Scatter.MaxSpriteRatio:0.1         ; only a maximum of 10% of scattered bokeh]]
[2021.01.14-14.02.37:686][  0]LogConfig: Setting CVar [[r.DOF.Recombine.Quality:1                ; cheap slight out of focus]]
[2021.01.14-14.02.37:686][  0]LogConfig: Setting CVar [[r.DOF.Recombine.EnableBokehSettings:0    ; no bokeh simulation on slight out of focus]]
[2021.01.14-14.02.37:686][  0]LogConfig: Setting CVar [[r.DOF.TemporalAAQuality:1                ; more stable temporal accumulation]]
[2021.01.14-14.02.37:686][  0]LogConfig: Setting CVar [[r.DOF.Kernel.MaxForegroundRadius:0.025]]
[2021.01.14-14.02.37:686][  0]LogConfig: Setting CVar [[r.DOF.Kernel.MaxBackgroundRadius:0.025]]
[2021.01.14-14.02.37:686][  0]LogConfig: Applying CVar settings from Section [TextureQuality@3] File [F:/old desktop/Games/My games/Robogoo group/RoboGoo/RoboGooCPlusPlus/Saved/Config/Windows/Scalability.ini]
[2021.01.14-14.02.37:686][  0]LogConfig: Setting CVar [[r.Streaming.MipBias:0]]
[2021.01.14-14.02.37:686][  0]LogConfig: Setting CVar [[r.Streaming.AmortizeCPUToGPUCopy:0]]
[2021.01.14-14.02.37:686][  0]LogConfig: Setting CVar [[r.Streaming.MaxNumTexturesToStreamPerFrame:0]]
[2021.01.14-14.02.37:686][  0]LogConfig: Setting CVar [[r.Streaming.Boost:1]]
[2021.01.14-14.02.37:686][  0]LogConfig: Setting CVar [[r.MaxAnisotropy:8]]
[2021.01.14-14.02.37:686][  0]LogConfig: Setting CVar [[r.VT.MaxAnisotropy:8]]
[2021.01.14-14.02.37:686][  0]LogConfig: Setting CVar [[r.Streaming.LimitPoolSizeToVRAM:0]]
[2021.01.14-14.02.37:686][  0]LogConfig: Setting CVar [[r.Streaming.PoolSize:1000]]
[2021.01.14-14.02.37:686][  0]LogConfig: Setting CVar [[r.Streaming.MaxEffectiveScreenSize:0]]
[2021.01.14-14.02.37:686][  0]LogConfig: Applying CVar settings from Section [EffectsQuality@3] File [F:/old desktop/Games/My games/Robogoo group/RoboGoo/RoboGooCPlusPlus/Saved/Config/Windows/Scalability.ini]
[2021.01.14-14.02.37:686][  0]LogConfig: Setting CVar [[r.TranslucencyLightingVolumeDim:64]]
[2021.01.14-14.02.37:686][  0]LogConfig: Setting CVar [[r.RefractionQuality:2]]
[2021.01.14-14.02.37:686][  0]LogConfig: Setting CVar [[r.SSR.Quality:3]]
[2021.01.14-14.02.37:686][  0]LogConfig: Setting CVar [[r.SSR.HalfResSceneColor:0]]
[2021.01.14-14.02.37:686][  0]LogConfig: Setting CVar [[r.SceneColorFormat:4]]
[2021.01.14-14.02.37:686][  0]LogConfig: Setting CVar [[r.DetailMode:2]]
[2021.01.14-14.02.37:686][  0]LogConfig: Setting CVar [[r.TranslucencyVolumeBlur:1]]
[2021.01.14-14.02.37:686][  0]LogConfig: Setting CVar [[r.MaterialQualityLevel:1 ; High quality]]
[2021.01.14-14.02.37:686][  0]LogConfig: Setting CVar [[r.SSS.Scale:1]]
[2021.01.14-14.02.37:686][  0]LogConfig: Setting CVar [[r.SSS.SampleSet:2]]
[2021.01.14-14.02.37:686][  0]LogConfig: Setting CVar [[r.SSS.Quality:1]]
[2021.01.14-14.02.37:686][  0]LogConfig: Setting CVar [[r.SSS.HalfRes:0]]
[2021.01.14-14.02.37:686][  0]LogConfig: Setting CVar [[r.SSGI.Quality:3]]
[2021.01.14-14.02.37:686][  0]LogConfig: Setting CVar [[r.EmitterSpawnRateScale:1.0]]
[2021.01.14-14.02.37:686][  0]LogConfig: Setting CVar [[r.ParticleLightQuality:2]]
[2021.01.14-14.02.37:686][  0]LogConfig: Setting CVar [[r.SkyAtmosphere.AerialPerspectiveLUT.FastApplyOnOpaque:1 ; Always have FastSkyLUT 1 in this case to avoid wrong sky]]
[2021.01.14-14.02.37:686][  0]LogConfig: Setting CVar [[r.SkyAtmosphere.AerialPerspectiveLUT.SampleCountPerSlice:1]]
[2021.01.14-14.02.37:686][  0]LogConfig: Setting CVar [[r.SkyAtmosphere.AerialPerspectiveLUT.DepthResolution:16.0]]
[2021.01.14-14.02.37:686][  0]LogConfig: Setting CVar [[r.SkyAtmosphere.FastSkyLUT:1]]
[2021.01.14-14.02.37:686][  0]LogConfig: Setting CVar [[r.SkyAtmosphere.FastSkyLUT.SampleCountMin:4.0]]
[2021.01.14-14.02.37:686][  0]LogConfig: Setting CVar [[r.SkyAtmosphere.FastSkyLUT.SampleCountMax:32.0]]
[2021.01.14-14.02.37:686][  0]LogConfig: Setting CVar [[r.SkyAtmosphere.SampleCountMin:4.0]]
[2021.01.14-14.02.37:687][  0]LogConfig: Setting CVar [[r.SkyAtmosphere.SampleCountMax:32.0]]
[2021.01.14-14.02.37:687][  0]LogConfig: Setting CVar [[r.SkyAtmosphere.TransmittanceLUT.UseSmallFormat:0]]
[2021.01.14-14.02.37:687][  0]LogConfig: Setting CVar [[r.SkyAtmosphere.TransmittanceLUT.SampleCount:10.0]]
[2021.01.14-14.02.37:687][  0]LogConfig: Setting CVar [[r.SkyAtmosphere.MultiScatteringLUT.SampleCount:15.0]]
[2021.01.14-14.02.37:687][  0]LogConfig: Applying CVar settings from Section [FoliageQuality@3] File [F:/old desktop/Games/My games/Robogoo group/RoboGoo/RoboGooCPlusPlus/Saved/Config/Windows/Scalability.ini]
[2021.01.14-14.02.37:687][  0]LogConfig: Setting CVar [[foliage.DensityScale:1.0]]
[2021.01.14-14.02.37:687][  0]LogConfig: Setting CVar [[grass.DensityScale:1.0]]
[2021.01.14-14.02.37:687][  0]LogConfig: Applying CVar settings from Section [ShadingQuality@3] File [F:/old desktop/Games/My games/Robogoo group/RoboGoo/RoboGooCPlusPlus/Saved/Config/Windows/Scalability.ini]
[2021.01.14-14.02.37:687][  0]LogConfig: Setting CVar [[r.HairStrands.SkyLighting.SampleCount:16]]
[2021.01.14-14.02.37:687][  0]LogConfig: Setting CVar [[r.HairStrands.SkyLighting.JitterIntegration:0]]
[2021.01.14-14.02.37:687][  0]LogConfig: Setting CVar [[r.HairStrands.SkyAO.SampleCount:16]]
[2021.01.14-14.02.37:687][  0]LogConfig: Setting CVar [[r.HairStrands.DeepShadow.SuperSampling:0]]
[2021.01.14-14.02.37:687][  0]LogConfig: Setting CVar [[r.HairStrands.VisibilityPPLL:0]]
[2021.01.14-14.02.37:687][  0]LogConfig: Setting CVar [[r.HairStrands.RasterizationScale:0.5]]
[2021.01.14-14.02.37:687][  0]LogConfig: Setting CVar [[r.HairStrands.VelocityRasterizationScale:1]]
[2021.01.14-14.02.37:687][  0]LogConfig: Applying CVar settings from Section [Startup] File [../../../Engine/Config/ConsoleVariables.ini]
[2021.01.14-14.02.37:714][  0]LogConfig: Setting CVar [[net.UseAdaptiveNetUpdateFrequency:0]]
[2021.01.14-14.02.37:714][  0]LogConfig: Setting CVar [[p.chaos.AllowCreatePhysxBodies:1]]
[2021.01.14-14.02.37:714][  0]LogConfig: Setting CVar [[fx.SkipVectorVMBackendOptimizations:1]]
[2021.01.14-14.02.37:714][  0]LogConfig: Applying CVar settings from Section [ConsoleVariables] File [F:/old desktop/Games/My games/Robogoo group/RoboGoo/RoboGooCPlusPlus/Saved/Config/Windows/Engine.ini]
[2021.01.14-14.02.37:747][  0]LogInit: Computer: JONDIVE
[2021.01.14-14.02.37:747][  0]LogInit: User: Jondive
[2021.01.14-14.02.37:747][  0]LogInit: CPU Page size=4096, Cores=6
[2021.01.14-14.02.37:747][  0]LogInit: High frequency timer resolution =10.000000 MHz
[2021.01.14-14.02.37:747][  0]LogMemory: Memory total: Physical=15.9GB (16GB approx)
[2021.01.14-14.02.37:762][  0]LogMemory: Platform Memory Stats for Windows
[2021.01.14-14.02.37:762][  0]LogMemory: Process Physical Memory: 117.87 MB used, 117.87 MB peak
[2021.01.14-14.02.37:762][  0]LogMemory: Process Virtual Memory: 103.86 MB used, 103.86 MB peak
[2021.01.14-14.02.37:762][  0]LogMemory: Physical Memory: 8419.43 MB used,  7892.19 MB free, 16311.62 MB total
[2021.01.14-14.02.37:762][  0]LogMemory: Virtual Memory: 5144.71 MB used,  134212584.00 MB free, 134217728.00 MB total
[2021.01.14-14.02.37:768][  0]LogWindows: WindowsPlatformFeatures enabled
[2021.01.14-14.02.38:851][  0]LogInit: Physics initialised using underlying interface: PhysX
[2021.01.14-14.02.38:911][  0]LogInit: Using OS detected language (en-GB).
[2021.01.14-14.02.38:911][  0]LogInit: Using OS detected locale (en-GB).
[2021.01.14-14.02.38:932][  0]LogTextLocalizationManager: No specific localization for 'en-GB' exists, so the 'en' localization will be used.
[2021.01.14-14.02.39:790][  0]LogInit: Setting process to per monitor DPI aware
[2021.01.14-14.02.40:313][  0]LogSlate: New Slate User Created.  User Index 0, Is Virtual User: 0
[2021.01.14-14.02.40:313][  0]LogSlate: Slate User Registered.  User Index 0, Is Virtual User: 0
[2021.01.14-14.02.46:932][  0]LogD3D11RHI: D3D11 min allowed feature level: 11_0
[2021.01.14-14.02.46:932][  0]LogD3D11RHI: D3D11 max allowed feature level: 11_0
[2021.01.14-14.02.46:932][  0]LogD3D11RHI: D3D11 adapters:
[2021.01.14-14.02.47:125][  0]LogD3D11RHI:    0. 'NVIDIA GeForce GTX 1080' (Feature Level 11_0)
[2021.01.14-14.02.47:125][  0]LogD3D11RHI:       8079/0/8155 MB DedicatedVideo/DedicatedSystem/SharedSystem, Outputs:3, VendorId:0x10de
[2021.01.14-14.02.47:132][  0]LogD3D11RHI:    1. 'Microsoft Basic Render Driver' (Feature Level 11_0)
[2021.01.14-14.02.47:132][  0]LogD3D11RHI:       0/0/8155 MB DedicatedVideo/DedicatedSystem/SharedSystem, Outputs:0, VendorId:0x1414
[2021.01.14-14.02.47:132][  0]LogD3D11RHI: Chosen D3D11 Adapter: 0
[2021.01.14-14.02.47:212][  0]LogD3D11RHI: Creating new Direct3DDevice
[2021.01.14-14.02.47:212][  0]LogD3D11RHI:     GPU DeviceId: 0x1b80 (for the marketing name, search the web for "GPU Device Id")
[2021.01.14-14.02.47:212][  0]LogWindows: EnumDisplayDevices:
[2021.01.14-14.02.47:212][  0]LogWindows:    0. 'NVIDIA GeForce GTX 1080' (P:1 D:1)
[2021.01.14-14.02.47:212][  0]LogWindows:    1. 'NVIDIA GeForce GTX 1080' (P:0 D:1)
[2021.01.14-14.02.47:212][  0]LogWindows:    2. 'NVIDIA GeForce GTX 1080' (P:0 D:1)
[2021.01.14-14.02.47:213][  0]LogWindows:    3. 'NVIDIA GeForce GTX 1080' (P:0 D:0)
[2021.01.14-14.02.47:213][  0]LogWindows: DebugString: FoundDriverCount:4 
[2021.01.14-14.02.47:213][  0]LogD3D11RHI:     Adapter Name: NVIDIA GeForce GTX 1080
[2021.01.14-14.02.47:213][  0]LogD3D11RHI:   Driver Version: 461.09 (internal:27.21.14.6109, unified:461.09)
[2021.01.14-14.02.47:213][  0]LogD3D11RHI:      Driver Date: 12-31-2020
[2021.01.14-14.02.47:213][  0]LogRHI: Texture pool is 5655 MB (70% of 8079 MB)
[2021.01.14-14.02.47:855][  0]LogD3D11RHI: RHI has support for 64 bit atomics
[2021.01.14-14.02.47:856][  0]LogD3D11RHI: Async texture creation enabled
[2021.01.14-14.02.47:856][  0]LogD3D11RHI: Array index from any shader is supported
[2021.01.14-14.02.48:331][  0]LogD3D11RHI: GPU Timing Frequency: 1000.000000 (Debug: 2 1)
[2021.01.14-14.02.49:546][  0]LogTargetPlatformManager: Display: Loaded TargetPlatform 'AllDesktop'
[2021.01.14-14.02.49:646][  0]LogTargetPlatformManager: Display: Loaded TargetPlatform 'Android'
[2021.01.14-14.02.49:646][  0]LogTargetPlatformManager: Display: Loaded TargetPlatform 'Android_ASTC'
[2021.01.14-14.02.49:646][  0]LogTargetPlatformManager: Display: Loaded TargetPlatform 'Android_DXT'
[2021.01.14-14.02.49:646][  0]LogTargetPlatformManager: Display: Loaded TargetPlatform 'Android_ETC2'
[2021.01.14-14.02.49:646][  0]LogTargetPlatformManager: Display: Loaded TargetPlatform 'AndroidClient'
[2021.01.14-14.02.49:646][  0]LogTargetPlatformManager: Display: Loaded TargetPlatform 'Android_ASTCClient'
[2021.01.14-14.02.49:646][  0]LogTargetPlatformManager: Display: Loaded TargetPlatform 'Android_DXTClient'
[2021.01.14-14.02.49:646][  0]LogTargetPlatformManager: Display: Loaded TargetPlatform 'Android_ETC2Client'
[2021.01.14-14.02.49:646][  0]LogTargetPlatformManager: Display: Loaded TargetPlatform 'Android_Multi'
[2021.01.14-14.02.49:646][  0]LogTargetPlatformManager: Display: Loaded TargetPlatform 'Android_MultiClient'
[2021.01.14-14.02.50:472][  0]LogTargetPlatformManager: Display: Loaded TargetPlatform 'IOSClient'
[2021.01.14-14.02.50:472][  0]LogTargetPlatformManager: Display: Loaded TargetPlatform 'IOS'
[2021.01.14-14.02.50:521][  0]LogTargetPlatformManager: Display: Loaded TargetPlatform 'Linux'
[2021.01.14-14.02.50:566][  0]LogTargetPlatformManager: Display: Loaded TargetPlatform 'LinuxNoEditor'
[2021.01.14-14.02.50:587][  0]LogTargetPlatformManager: Display: Loaded TargetPlatform 'LinuxClient'
[2021.01.14-14.02.50:638][  0]LogTargetPlatformManager: Display: Loaded TargetPlatform 'LinuxServer'
[2021.01.14-14.02.50:668][  0]LogTargetPlatformManager: Display: Loaded TargetPlatform 'LinuxAArch64NoEditor'
[2021.01.14-14.02.50:713][  0]LogTargetPlatformManager: Display: Loaded TargetPlatform 'LinuxAArch64Client'
[2021.01.14-14.02.50:742][  0]LogTargetPlatformManager: Display: Loaded TargetPlatform 'LinuxAArch64Server'
[2021.01.14-14.02.50:805][  0]LogTargetPlatformManager: Display: Loaded TargetPlatform 'Lumin'
[2021.01.14-14.02.50:805][  0]LogTargetPlatformManager: Display: Loaded TargetPlatform 'LuminClient'
[2021.01.14-14.02.50:859][  0]LogTargetPlatformManager: Display: Loaded TargetPlatform 'TVOSClient'
[2021.01.14-14.02.50:859][  0]LogTargetPlatformManager: Display: Loaded TargetPlatform 'TVOS'
[2021.01.14-14.02.50:962][  0]LogTargetPlatformManager: Display: Loaded TargetPlatform 'WindowsNoEditor'
[2021.01.14-14.02.51:004][  0]LogTargetPlatformManager: Display: Loaded TargetPlatform 'Windows'
[2021.01.14-14.02.51:031][  0]LogTargetPlatformManager: Display: Loaded TargetPlatform 'WindowsClient'
[2021.01.14-14.02.51:062][  0]LogTargetPlatformManager: Display: Loaded TargetPlatform 'WindowsServer'
[2021.01.14-14.02.51:062][  0]LogTargetPlatformManager: Display: Building Assets For Windows
[2021.01.14-14.02.51:348][  0]LogAudioDebug: Display: Lib vorbis DLL was dynamically loaded.
[2021.01.14-14.02.53:290][  0]LogShaderCompilers: Guid format shader working directory is -21 characters bigger than the processId version (F:/old desktop/Games/My games/Robogoo group/RoboGoo/RoboGooCPlusPlus/Intermediate/Shaders/WorkingDirectory/10872/).
[2021.01.14-14.02.53:290][  0]LogShaderCompilers: Cleaned the shader compiler working directory 'C:/Users/Jondive/AppData/Local/Temp/UnrealShaderWorkingDir/DB8E851A4AA55A16EA26769D69DAFD4A/'.
[2021.01.14-14.02.53:336][  0]LogXGEController: Cleaning working directory: C:/Users/Jondive/AppData/Local/Temp/UnrealXGEWorkingDir/
[2021.01.14-14.02.53:337][  0]LogXGEController: Cannot use XGE Controller as Incredibuild is not installed on this machine.
[2021.01.14-14.02.53:337][  0]LogShaderCompilers: Cannot use XGE Shader Compiler as Incredibuild is not installed on this machine.
[2021.01.14-14.02.53:337][  0]LogShaderCompilers: Display: Using Local Shader Compiler.
[2021.01.14-14.03.00:990][  0]LogDerivedDataCache: Display: Max Cache Size: 512 MB
[2021.01.14-14.03.01:204][  0]LogDerivedDataCache: Loaded boot cache 0.21s 76MB C:/Users/Jondive/AppData/Local/UnrealEngine/4.25/DerivedDataCache/Boot.ddc.
[2021.01.14-14.03.01:204][  0]LogDerivedDataCache: Display: Loaded Boot cache: C:/Users/Jondive/AppData/Local/UnrealEngine/4.25/DerivedDataCache/Boot.ddc
[2021.01.14-14.03.01:205][  0]LogDerivedDataCache: FDerivedDataBackendGraph:  Pak pak cache file F:/old desktop/Games/My games/Robogoo group/RoboGoo/RoboGooCPlusPlus/DerivedDataCache/DDC.ddp not found, will not use a pak cache.
[2021.01.14-14.03.01:205][  0]LogDerivedDataCache: Unable to find inner node Pak for hierarchical cache Hierarchy.
[2021.01.14-14.03.01:205][  0]LogDerivedDataCache: FDerivedDataBackendGraph:  CompressedPak pak cache file F:/old desktop/Games/My games/Robogoo group/RoboGoo/RoboGooCPlusPlus/DerivedDataCache/Compressed.ddp not found, will not use a pak cache.
[2021.01.14-14.03.01:205][  0]LogDerivedDataCache: Unable to find inner node CompressedPak for hierarchical cache Hierarchy.
[2021.01.14-14.03.01:269][  0]LogDerivedDataCache: Display: Pak cache opened for reading ../../../Engine/DerivedDataCache/Compressed.ddp.
[2021.01.14-14.03.01:269][  0]LogDerivedDataCache: FDerivedDataBackendGraph:  EnterprisePak pak cache file ../../../Enterprise/DerivedDataCache/Compressed.ddp not found, will not use a pak cache.
[2021.01.14-14.03.01:269][  0]LogDerivedDataCache: Unable to find inner node EnterprisePak for hierarchical cache Hierarchy.
[2021.01.14-14.03.01:271][  0]LogDerivedDataCache: Using Local data cache path C:/Users/Jondive/AppData/Local/UnrealEngine/Common/DerivedDataCache: Writable
[2021.01.14-14.03.01:271][  0]LogDerivedDataCache: Shared data cache path not found in *engine.ini, will not use an Shared cache.
[2021.01.14-14.03.01:271][  0]LogDerivedDataCache: Unable to find inner node Shared for hierarchical cache Hierarchy.
[2021.01.14-14.03.01:800][  0]LogSlate: Using FreeType 2.10.0
[2021.01.14-14.03.01:852][  0]LogSlate: SlateFontServices - WITH_FREETYPE: 1, WITH_HARFBUZZ: 1
[2021.01.14-14.03.03:029][  0]LogAssetRegistry: FAssetRegistry took 0.0263 seconds to start up
[2021.01.14-14.03.06:325][  0]LogInit: Selected Device Profile: [Windows]
[2021.01.14-14.03.08:065][  0]LogMeshReduction: Using QuadricMeshReduction for automatic static mesh reduction
[2021.01.14-14.03.08:065][  0]LogMeshReduction: Using SimplygonMeshReduction for automatic skeletal mesh reduction
[2021.01.14-14.03.08:065][  0]LogMeshReduction: Using ProxyLODMeshReduction for automatic mesh merging
[2021.01.14-14.03.08:065][  0]LogMeshReduction: No distributed automatic mesh merging module available
[2021.01.14-14.03.08:075][  0]LogMeshMerging: No distributed automatic mesh merging module available
[2021.01.14-14.03.08:665][  0]LogNetVersion: Robogoo_Cplusplus 1.0.0, NetCL: 13144385, EngineNetVer: 14, GameNetVer: 0 (Checksum: 1371892769)
[2021.01.14-14.03.19:911][  0]LogAISub: UAISubsystem::UAISubsystem AISubsystem (000002677275F000), frame # 0
[2021.01.14-14.03.19:911][  0]LogAISub: UAISubsystem::UAISubsystem AIPerceptionSystem (0000026773702AC0), frame # 0
[2021.01.14-14.03.19:932][  0]LogAISub: UAISubsystem::UAISubsystem EnvQueryManager (00000267736FF800), frame # 0
[2021.01.14-14.03.20:680][  0]LogPackageLocalizationCache: Processed 17 localized package path(s) for 1 prioritized culture(s) in 0.409561 seconds
[2021.01.14-14.03.20:745][  0]LogUObjectArray: 15756 objects as part of root set at end of initial load.
[2021.01.14-14.03.20:745][  0]LogUObjectAllocator: 3925280 out of 0 bytes used by permanent object pool.
[2021.01.14-14.03.20:745][  0]LogUObjectArray: CloseDisregardForGC: 0/0 objects in disregard for GC pool
[2021.01.14-14.03.40:703][  0]LogTcpMessaging: Initializing TcpMessaging bridge
[2021.01.14-14.03.41:208][  0]LogUdpMessaging: Initializing bridge on interface 0.0.0.0:0 to multicast group 230.0.0.1:6666.
[2021.01.14-14.03.44:873][  0]LogLinker: Warning: Failed to load '/Game/ThirdPersonCPP/Blueprints/ThirdPersonCharacter': Can't find file.
[2021.01.14-14.03.44:903][  0]LogLinker: Warning: Failed to load '/Game/ThirdPersonCPP/Blueprints/ThirdPersonCharacter': Can't find file.
[2021.01.14-14.03.44:904][  0]LogUObjectGlobals: Warning: Failed to find object 'Class /Game/ThirdPersonCPP/Blueprints/ThirdPersonCharacter.ThirdPersonCharacter_C'
[2021.01.14-14.03.44:904][  0]Error: CDO Constructor (Robogoo_CplusplusGameMode): Failed to find /Game/ThirdPersonCPP/Blueprints/ThirdPersonCharacter.ThirdPersonCharacter_C

[2021.01.14-14.03.44:906][  0]LogUObjectBase: Warning: -------------- Default Property warnings and errors:
[2021.01.14-14.03.44:906][  0]LogUObjectBase: Warning: Error: CDO Constructor (Robogoo_CplusplusGameMode): Failed to find /Game/ThirdPersonCPP/Blueprints/ThirdPersonCharacter.ThirdPersonCharacter_C

[2021.01.14-14.03.47:601][  0]LogWindowsTextInputMethodSystem: Display: IME system now deactivated.
[2021.01.14-14.03.47:695][  0]Message dialog closed, result: Ok, title: Message, text: Default Property warnings and errors:
Error: CDO Constructor (Robogoo_CplusplusGameMode): Failed to find /Game/ThirdPersonCPP/Blueprints/ThirdPersonCharacter.ThirdPersonCharacter_C


[2021.01.14-14.03.50:418][  0]SourceControl: Source control is disabled
[2021.01.14-14.03.50:420][  0]SourceControl: Source control is disabled
[2021.01.14-14.03.50:619][  0]SourceControl: Source control is disabled
[2021.01.14-14.03.50:765][  0]SourceControl: Source control is disabled
[2021.01.14-14.03.50:868][  0]SourceControl: Source control is disabled
[2021.01.14-14.04.03:745][  0]LogAndroidPermission: UAndroidPermissionCallbackProxy::GetInstance
[2021.01.14-14.04.05:481][  0]LogAudioCaptureCore: Display: No Audio Capture implementations found. Audio input will be silent.
[2021.01.14-14.04.05:481][  0]LogAudioCaptureCore: Display: No Audio Capture implementations found. Audio input will be silent.
[2021.01.14-14.04.10:038][  0]LogAutomationTest: Warning: Smoke tests took > 2s to run: 2.00s
[2021.01.14-14.04.10:581][  0]LogEngine: Initializing Engine...
[2021.01.14-14.04.10:602][  0]LogMagicLeap: Warning: VR disabled because ZI is not enabled.  To enable, in the editor, Edit -> Project Settings -> Plugins -> Magic Leap Plugin -> Enable Zero Iteration
[2021.01.14-14.04.10:649][  0]LogStats: UGameplayTagsManager::InitializeManager -  0.020 s
[2021.01.14-14.04.12:705][  0]LogInit: Initializing FReadOnlyCVARCache
[2021.01.14-14.04.14:091][  0]LogAIModule: Creating AISystem for world Untitled
[2021.01.14-14.04.14:091][  0]LogAISub: UAISubsystem::UAISubsystem EnvQueryManager (00000267753B1800), frame # 0
[2021.01.14-14.04.14:091][  0]LogAISub: UAISubsystem::UAISubsystem AIPerceptionSystem (0000026775BACCC0), frame # 0
[2021.01.14-14.04.14:888][  0]LogAudioMixer: Display: Audio Mixer Platform Settings:
[2021.01.14-14.04.14:888][  0]LogAudioMixer: Display: 	Sample Rate:						  48000
[2021.01.14-14.04.14:888][  0]LogAudioMixer: Display: 	Callback Buffer Frame Size Requested: 1024
[2021.01.14-14.04.14:888][  0]LogAudioMixer: Display: 	Callback Buffer Frame Size To Use:	  1024
[2021.01.14-14.04.14:888][  0]LogAudioMixer: Display: 	Number of buffers to queue:			  2
[2021.01.14-14.04.14:888][  0]LogAudioMixer: Display: 	Max Channels (voices):				  32
[2021.01.14-14.04.14:888][  0]LogAudioMixer: Display: 	Number of Async Source Workers:		  0
[2021.01.14-14.04.14:888][  0]LogAudio: Display: AudioDevice MaxSources: 32
[2021.01.14-14.04.14:916][  0]LogAudio: Display: Using built-in audio occlusion.
[2021.01.14-14.04.14:916][  0]LogAudioMixer: Display: Initializing audio mixer.
[2021.01.14-14.04.15:364][  0]LogAudioMixer: Display: 0: FrontLeft
[2021.01.14-14.04.15:364][  0]LogAudioMixer: Display: 1: FrontRight
[2021.01.14-14.04.15:401][  0]LogAudioMixer: Display: Using Audio Device Headset Earphone (HyperX Virtual Surround Sound)
[2021.01.14-14.04.15:420][  0]LogAudioMixer: Display: Initializing Sound Submixes...
[2021.01.14-14.04.15:495][  0]LogAudioMixer: Display: Creating Master Submix 'MasterSubmixDefault'
[2021.01.14-14.04.15:495][  0]LogAudioMixer: Display: Creating Master Submix 'MasterReverbSubmixDefault'
[2021.01.14-14.04.15:497][  0]LogAudioMixer: Display: Creating Master Submix 'MasterEQSubmixDefault'
[2021.01.14-14.04.15:498][  0]LogInit: FAudioDevice initialized.
[2021.01.14-14.04.15:498][  0]LogNetVersion: Set ProjectVersion to 1.0.0.0. Version Checksum will be recalculated on next use.
[2021.01.14-14.04.15:565][  0]LogDerivedDataCache: Saved boot cache 0.07s 76MB C:/Users/Jondive/AppData/Local/UnrealEngine/4.25/DerivedDataCache/Boot.ddc.
[2021.01.14-14.04.15:568][  0]LogInit: Texture streaming: Enabled
[2021.01.14-14.04.18:089][  0]LogEngineSessionManager: EngineSessionManager initialized
[2021.01.14-14.04.18:089][  0]LogEditorSessionSummary: Verbose: Initializing EditorSessionSummaryWriter for editor session tracking
[2021.01.14-14.04.18:129][  0]LogEditorSessionSummary: EditorSessionSummaryWriter initialized
[2021.01.14-14.04.18:509][  0]LogInit: Transaction tracking system initialized
[2021.01.14-14.04.19:163][  0]BlueprintLog: New page: Editor Load
[2021.01.14-14.04.21:315][  0]LocalizationService: Localization service is disabled
[2021.01.14-14.04.29:207][  0]LogFileCache: Scanning file cache for directory 'F:/old desktop/Games/My games/Robogoo group/RoboGoo/RoboGooCPlusPlus/Content/' took 0.01s
[2021.01.14-14.04.29:207][  0]LogCook: Display: Max memory allowance for cook 16384mb min free memory 0mb
[2021.01.14-14.04.29:207][  0]LogCook: Display: Mobile HDR setting 1
[2021.01.14-14.04.39:122][  0]SourceControl: Source control is disabled
[2021.01.14-14.04.39:146][  0]LogUnrealEdMisc: Loading editor; pre map load, took 143.328
[2021.01.14-14.04.39:167][  0]Cmd: MAP LOAD FILE="F:/old desktop/Games/My games/Robogoo group/RoboGoo/RoboGooCPlusPlus/Content/ThirdPersonCPP/Maps/ThirdPersonExampleMap.umap" TEMPLATE=0 SHOWPROGRESS=1 FEATURELEVEL=3
[2021.01.14-14.04.39:199][  0]LightingResults: New page: Lighting Build
[2021.01.14-14.04.39:306][  0]LogWorld: UWorld::CleanupWorld for Untitled, bSessionEnded=true, bCleanupResources=true
[2021.01.14-14.04.39:324][  0]LogSlate: InvalidateAllWidgets triggered.  All widgets were invalidated
[2021.01.14-14.04.39:366][  0]MapCheck: New page: Map Check
[2021.01.14-14.04.39:366][  0]LightingResults: New page: Lighting Build
[2021.01.14-14.04.39:708][  0]LogAISub: UAISubsystem::~UAISubsystem EnvQueryManager (00000267753B1800), frame # 0
[2021.01.14-14.04.39:708][  0]LogAISub: UAISubsystem::~UAISubsystem AIPerceptionSystem (0000026775BACCC0), frame # 0
[2021.01.14-14.04.39:709][  0]LogUObjectHash: Compacting FUObjectHashTables data took   0.59ms
[2021.01.14-14.04.45:066][  0]LogAIModule: Creating AISystem for world ThirdPersonExampleMap
[2021.01.14-14.04.45:066][  0]LogAISub: UAISubsystem::UAISubsystem EnvQueryManager (00000267074D7600), frame # 0
[2021.01.14-14.04.45:066][  0]LogAISub: UAISubsystem::UAISubsystem AIPerceptionSystem (00000267706BE5C0), frame # 0
[2021.01.14-14.04.45:471][  0]LogEditorServer: Finished looking for orphan Actors (0.000 secs)
[2021.01.14-14.04.45:541][  0]LogUObjectHash: Compacting FUObjectHashTables data took   0.63ms
[2021.01.14-14.04.45:542][  0]Cmd: MAP CHECKDEP NOCLEARLOG
[2021.01.14-14.04.45:549][  0]MapCheck: Map check complete: 0 Error(s), 0 Warning(s), took 6.893ms to complete.
[2021.01.14-14.04.45:549][  0]LogFileHelpers: Loading map 'ThirdPersonExampleMap' took 6.382
[2021.01.14-14.04.50:350][  0]LogUnrealEdMisc: Total Editor Startup Time, took 154.532
[2021.01.14-14.04.51:258][  0]LogWindowsTextInputMethodSystem: Display: IME system now deactivated.
[2021.01.14-14.04.52:039][  0]LogSlate: Updating window title bar state: overlay mode, drag disabled, window buttons hidden, title bar hidden
[2021.01.14-14.04.52:046][  0]LogSlate: Updating window title bar state: overlay mode, drag disabled, window buttons hidden, title bar hidden
[2021.01.14-14.04.52:052][  0]LogSlate: Updating window title bar state: overlay mode, drag disabled, window buttons hidden, title bar hidden
[2021.01.14-14.04.52:058][  0]LogSlate: Updating window title bar state: overlay mode, drag disabled, window buttons hidden, title bar hidden
[2021.01.14-14.04.52:269][  0]LogCollectionManager: Loaded 0 collections in 0.000812 seconds
[2021.01.14-14.04.53:060][  0]LogFileCache: Scanning file cache for directory 'F:/old desktop/Games/My games/Robogoo group/RoboGoo/RoboGooCPlusPlus/Saved/Collections/' took 0.00s
[2021.01.14-14.04.53:060][  0]LogFileCache: Scanning file cache for directory 'F:/old desktop/Games/My games/Robogoo group/RoboGoo/RoboGooCPlusPlus/Content/Developers/Jondive/Collections/' took 0.00s
[2021.01.14-14.04.53:060][  0]LogFileCache: Scanning file cache for directory 'F:/old desktop/Games/My games/Robogoo group/RoboGoo/RoboGooCPlusPlus/Content/Collections/' took 0.00s
[2021.01.14-14.04.53:060][  0]LogContentBrowser: Native class hierarchy populated in 0.6207 seconds. Added 3421 classes and 813 folders.
[2021.01.14-14.04.54:032][  0]LogContentBrowser: Native class hierarchy updated for 'WidgetCarousel' in 0.0004 seconds. Added 0 classes and 0 folders.
[2021.01.14-14.04.57:139][  0]LogContentBrowser: Native class hierarchy updated for 'AddContentDialog' in 0.0004 seconds. Added 0 classes and 0 folders.
[2021.01.14-14.04.57:192][  0]LogContentBrowser: Native class hierarchy updated for 'SceneOutliner' in 0.0004 seconds. Added 2 classes and 0 folders.
[2021.01.14-14.04.58:374][  0]LogSlate: Took 0.059549 seconds to synchronously load lazily loaded font '../../../Engine/Content/Slate/Fonts/Roboto-Regular.ttf' (155K)
[2021.01.14-14.04.59:035][  0]LogSlate: Took 0.024395 seconds to synchronously load lazily loaded font '../../../Engine/Content/Slate/Fonts/Roboto-Bold.ttf' (160K)
[2021.01.14-14.04.59:491][  0]LogSlate: Took 0.025703 seconds to synchronously load lazily loaded font '../../../Engine/Content/Editor/Slate/Fonts/FontAwesome.ttf' (139K)
[2021.01.14-14.04.59:938][  0]LogRenderer: Reallocating scene render targets to support 1208x572 Format 10 NumSamples 1 (Frame:1).
[2021.01.14-14.05.00:596][  0]LogContentBrowser: Native class hierarchy updated for 'HierarchicalLODOutliner' in 0.0003 seconds. Added 0 classes and 0 folders.
[2021.01.14-14.05.00:596][  0]LogLoad: (Engine Initialization) Total time: 164.78 seconds
[2021.01.14-14.05.00:596][  0]LogLoad: (Engine Initialization) Total Blueprint compile time: 0.00 seconds
[2021.01.14-14.05.02:200][  0]LogAssetRegistry: Asset discovery search completed in 119.1948 seconds
[2021.01.14-14.05.02:204][  0]LogCollectionManager: Fixed up redirectors for 0 collections in 0.000002 seconds (updated 0 objects)
[2021.01.14-14.05.02:426][  0]LogContentStreaming: Texture pool size now 1000 MB
[2021.01.14-14.05.02:714][  0]LogSlate: Took 0.108193 seconds to synchronously load lazily loaded font '../../../Engine/Content/Slate/Fonts/Roboto-Light.ttf' (167K)
[2021.01.14-14.14.53:002][111]LogSlate: Took 0.007581 seconds to synchronously load lazily loaded font '../../../Engine/Content/Slate/Fonts/Roboto-Light.ttf' (167K)
[2021.01.14-14.15.02:111][138]LogUObjectHash: Compacting FUObjectHashTables data took   0.68ms
[2021.01.14-14.15.02:112][138]LogFileHelpers: Editor autosave (incl. sublevels) for '/Game/ThirdPersonCPP/Maps/ThirdPersonExampleMap' took 0.011
[2021.01.14-14.15.02:146][138]OBJ SavePackage: Generating thumbnails for [1] asset(s) in package [/Engine/BasicShapes/Sphere] ([1] browsable assets)...
[2021.01.14-14.15.02:189][138]OBJ SavePackage:     Rendered thumbnail for [StaticMesh /Engine/BasicShapes/Sphere.Sphere]
[2021.01.14-14.15.02:189][138]OBJ SavePackage: Finished generating thumbnails for package [/Engine/BasicShapes/Sphere]
[2021.01.14-14.15.05:805][138]LogSavePackage: Moving 'F:/old desktop/Games/My games/Robogoo group/RoboGoo/RoboGooCPlusPlus/Saved/Sphere_Auto138DA71A1484933033AEA96AAC6A667E8.tmp' to 'F:/old desktop/Games/My games/Robogoo group/RoboGoo/RoboGooCPlusPlus/Saved/Autosaves/Engine/BasicShapes/Sphere_Auto1.uasset'
[2021.01.14-14.15.05:877][138]LogFileHelpers: Auto-saving content packages took 3.764
[2021.01.14-14.24.05:168][995]LogStaticMesh: Building static mesh Sphere...
[2021.01.14-14.24.05:187][995]LogSlate: Warning: Slate: Had to block on waiting for a draw buffer
[2021.01.14-14.24.05:298][995]LogStaticMesh: Built static mesh [0.13s] /Engine/BasicShapes/Sphere.Sphere
[2021.01.14-14.24.05:300][995]LogSlate: Warning: Slate: Had to block on waiting for a draw buffer
[2021.01.14-14.24.21:975][792]LogSlate: Window 'Project Settings' being destroyed
[2021.01.14-14.24.22:018][792]LogSlate: Window 'Project Settings' being destroyed
[2021.01.14-14.24.25:331][125]LogAssetEditorSubsystem: Opening Asset editor for Blueprint /Game/Jon/GlobalSingletons.GlobalSingletons
[2021.01.14-14.24.26:411][125]LogContentBrowser: Native class hierarchy updated for 'BlueprintGraph' in 0.0007 seconds. Added 125 classes and 0 folders.
[2021.01.14-14.24.27:959][125]LogSlate: Took 0.011983 seconds to synchronously load lazily loaded font '../../../Engine/Content/Slate/Fonts/Roboto-BoldCondensed.ttf' (158K)
[2021.01.14-14.24.44:047][952]LogSlate: Window 'GlobalSingletons' being destroyed
[2021.01.14-14.24.44:052][952]LogSlate: Window 'GlobalSingletons' being destroyed
[2021.01.14-14.24.44:080][952]LogWorld: UWorld::CleanupWorld for World_6, bSessionEnded=true, bCleanupResources=true
[2021.01.14-14.24.44:080][952]LogSlate: InvalidateAllWidgets triggered.  All widgets were invalidated
[2021.01.14-14.24.54:396][ 89]LogUObjectHash: Compacting FUObjectHashTables data took   1.71ms
[2021.01.14-14.24.54:892][ 89]LogSavePackage: Moving 'F:/old desktop/Games/My games/Robogoo group/RoboGoo/RoboGooCPlusPlus/Saved/ThirdPersonExampleMap12DC86A54C837D207D61659E1ED8C4A3.tmp' to 'F:/old desktop/Games/My games/Robogoo group/RoboGoo/RoboGooCPlusPlus/Content/ThirdPersonCPP/Maps/ThirdPersonExampleMap.umap'
[2021.01.14-14.24.55:299][ 89]LogSavePackage: Moving 'F:/old desktop/Games/My games/Robogoo group/RoboGoo/RoboGooCPlusPlus/Saved/ThirdPersonExampleMap_BuiltData33FB020943AD714E9F85ED8F0B6939F0.tmp' to 'F:/old desktop/Games/My games/Robogoo group/RoboGoo/RoboGooCPlusPlus/Content/ThirdPersonCPP/Maps/ThirdPersonExampleMap_BuiltData.uasset'
[2021.01.14-14.24.55:346][ 89]AssetCheck: New page: Asset Save: multiple assets
[2021.01.14-14.24.55:346][ 89]LogContentValidation: Display: Validating World /Game/ThirdPersonCPP/Maps/ThirdPersonExampleMap.ThirdPersonExampleMap
[2021.01.14-14.24.55:346][ 89]LogContentValidation: Display: Validating MapBuildDataRegistry /Game/ThirdPersonCPP/Maps/ThirdPersonExampleMap_BuiltData.ThirdPersonExampleMap_BuiltData
[2021.01.14-14.34.54:416][327]LogUObjectHash: Compacting FUObjectHashTables data took   1.57ms
[2021.01.14-14.34.54:420][327]LogFileHelpers: Editor autosave (incl. sublevels) for '/Game/ThirdPersonCPP/Maps/ThirdPersonExampleMap' took 0.020
[2021.01.14-14.34.54:420][327]OBJ SavePackage: Generating thumbnails for [1] asset(s) in package [/Engine/BasicShapes/Sphere] ([1] browsable assets)...
[2021.01.14-14.34.54:430][327]OBJ SavePackage:     Rendered thumbnail for [StaticMesh /Engine/BasicShapes/Sphere.Sphere]
[2021.01.14-14.34.54:430][327]OBJ SavePackage: Finished generating thumbnails for package [/Engine/BasicShapes/Sphere]
[2021.01.14-14.34.54:470][327]LogSavePackage: Moving 'F:/old desktop/Games/My games/Robogoo group/RoboGoo/RoboGooCPlusPlus/Saved/Sphere_Auto229B6BAF6456988F939ABB28AEE09E8DD.tmp' to 'F:/old desktop/Games/My games/Robogoo group/RoboGoo/RoboGooCPlusPlus/Saved/Autosaves/Engine/BasicShapes/Sphere_Auto2.uasset'
[2021.01.14-14.34.54:495][327]OBJ SavePackage: Generating thumbnails for [1] asset(s) in package [/Engine/BasicShapes/Cube] ([1] browsable assets)...
[2021.01.14-14.34.54:503][327]OBJ SavePackage:     Rendered thumbnail for [StaticMesh /Engine/BasicShapes/Cube.Cube]
[2021.01.14-14.34.54:503][327]OBJ SavePackage: Finished generating thumbnails for package [/Engine/BasicShapes/Cube]
[2021.01.14-14.34.54:545][327]LogSavePackage: Moving 'F:/old desktop/Games/My games/Robogoo group/RoboGoo/RoboGooCPlusPlus/Saved/Cube_Auto2986445BF486230CE1C3431AADDBBCD2B.tmp' to 'F:/old desktop/Games/My games/Robogoo group/RoboGoo/RoboGooCPlusPlus/Saved/Autosaves/Engine/BasicShapes/Cube_Auto2.uasset'
[2021.01.14-14.34.54:597][327]LogFileHelpers: Auto-saving content packages took 0.177
[2021.01.14-14.38.00:879][457]LogStaticMesh: Building static mesh Cube...
[2021.01.14-14.38.00:892][457]LogStaticMesh: Built static mesh [0.01s] /Engine/BasicShapes/Cube.Cube
[2021.01.14-14.38.05:555][968]MapCheck: New page: Map Check
[2021.01.14-14.38.05:647][968]LightingResults: New page: Lighting Build - 14 Jan 2021, 14:38:05
[2021.01.14-14.38.05:959][968]LogSwarmInterface: [OpenConnection] Registering TCP channel ...
[2021.01.14-14.38.06:295][968]LogSwarmInterface: [OpenConnection] Connecting to agent ...
[2021.01.14-14.38.06:335][968]LogSwarmInterface: [TryOpenConnection] Testing the Agent
[2021.01.14-14.38.09:351][968]LogSwarmInterface: [TryOpenConnection] Opening Connection to Agent
[2021.01.14-14.38.09:351][968]LogSwarmInterface: [TryOpenConnection] Local Process ID is 10872
[2021.01.14-14.38.15:793][968]LogStaticLightingSystem: Warning: No importance volume found, so the scene bounding box was used.  You can optimize your scene's quality and lighting build times by adding importance volumes.
[2021.01.14-14.38.15:813][968]LogStaticLightingSystem: Running Lightmass w/ ImmediateImport mode ENABLED
[2021.01.14-14.38.15:813][968]LogStaticLightingSystem: Running Lightmass w/ ImmediateProcess mode ENABLED
[2021.01.14-14.38.15:813][968]LogStaticLightingSystem: Running Lightmass w/ Sorting mode ENABLED
[2021.01.14-14.38.15:813][968]LogStaticLightingSystem: Running Lightmass w/ Mapping paddings ENABLED
[2021.01.14-14.38.15:813][968]LogStaticLightingSystem: Running Lightmass w/ Mapping debug paddings DISABLED
[2021.01.14-14.38.16:010][968]LogEditorBuildUtils: Build time 0:10
[2021.01.14-14.38.16:124][971]LogUObjectHash: Compacting FUObjectHashTables data took   1.40ms
[2021.01.14-14.38.22:997][555]Job is a success!
[2021.01.14-14.38.23:226][557]LogVolumetricLightmapImport: Imported Volumetric Lightmap in 0.070s
[2021.01.14-14.38.23:226][557]LogVolumetricLightmapImport:      Indirection Texture 32x32x16 = 0.1Mb
[2021.01.14-14.38.23:226][557]LogVolumetricLightmapImport:      BrickData (all levels) 2.5Mb (trimmed 0.0Mb due to 0.010000 MinBrickError)
[2021.01.14-14.38.23:226][557]LogVolumetricLightmapImport:      Bricks at depth
[2021.01.14-14.38.23:226][557]LogVolumetricLightmapImport:          0: 1.2% covering 100.0% of volume
[2021.01.14-14.38.23:226][557]LogVolumetricLightmapImport:          1: 7.6% covering 9.8% of volume
[2021.01.14-14.38.23:226][557]LogVolumetricLightmapImport:          2: 91.2% covering 1.8% of volume
[2021.01.14-14.38.23:226][557]LogVolumetricLightmapImport:      Bricks in each level
[2021.01.14-14.38.23:226][557]LogVolumetricLightmapImport:          ThirdPersonExampleMap 			 328 bricks 	 100.0% (Persistent Level)
[2021.01.14-14.38.23:731][557]LogTexture: Display: Building textures: SkyOcclusion1_1 (AutoDXT, 1024X512)
[2021.01.14-14.38.23:731][557]LogTexture: Display: Building textures: HQ_Lightmap1_1 (AutoDXT, 1024X1024)
[2021.01.14-14.38.23:731][557]LogTexture: Display: Building textures: LQ_Lightmap_1_1 (DXT1, 1024X1024)
[2021.01.14-14.38.23:731][557]LogTexture: Display: Building textures: SkyOcclusion1_2 (AutoDXT, 64X32)
[2021.01.14-14.38.23:731][557]LogTexture: Display: Building textures: HQ_Lightmap1_2 (AutoDXT, 64X64)
[2021.01.14-14.38.23:731][557]LogTexture: Display: Building textures: LQ_Lightmap_1_2 (DXT1, 64X64)
[2021.01.14-14.38.23:863][557]LogTexture: Display: Building textures: ShadowMapTexture2D_3 (G8, 32X32)
[2021.01.14-14.38.23:863][557]LogTexture: Display: Building textures: ShadowMapTexture2D_2 (G8, 1024X512)
[2021.01.14-14.38.23:863][557]Lightmass on JONDIVE: 7.06 sec total, 262 ms importing, 18 ms setup, 1.83 sec photons, 4.84 sec processing, 0 ms extra exporting [15/15 mappings]. Threads: 24.2 sec total, 7.05 sec processing.
[2021.01.14-14.38.23:863][557]LogStaticLightingSystem: ThirdPersonExampleMap_BuiltData storing lightmap data for 15 meshes in 2 LightmapResourceClusters (7.5 Meshes per cluster).
[2021.01.14-14.38.23:901][557]LogUObjectHash: Compacting FUObjectHashTables data took   1.13ms
[2021.01.14-14.38.23:915][557]LogStaticLightingSystem: Illumination: 18.2 sec (472 ms encoding lightmaps, 88 ms encoding shadowmaps)
[2021.01.14-14.38.23:915][557]LogStaticLightingSystem: Lightmap texture memory:  2.7 MB (2.7 MB streaming, 0.0 MB non-streaming), 4 textures
[2021.01.14-14.38.23:915][557]LogStaticLightingSystem: Shadowmap texture memory: 0.7 MB (0.7 MB streaming, 0.0 MB non-streaming), 2 textures
[2021.01.14-14.38.24:804][557]DumpUnbuiltLightIteractions
[2021.01.14-14.38.24:804][557]Lights with unbuilt interactions: 0
[2021.01.14-14.38.24:804][557]
[2021.01.14-14.38.24:804][557]Primitives with unbuilt interactions: 0
[2021.01.14-14.38.24:892][558]Cmd: MAP CHECK NOTIFYRESULTS
[2021.01.14-14.38.24:892][558]MapCheck: New page: ThirdPersonExampleMap - 14 Jan 2021, 14:38:24
[2021.01.14-14.38.25:017][558]MapCheck: Map check complete: 0 Error(s), 0 Warning(s), took 124.639ms to complete.
[2021.01.14-14.41.55:373][619]LogAssetEditorSubsystem: Opening Asset editor for Class /Script/Robogoo_Cplusplus.Character_Movement
[2021.01.14-14.44.57:007][231]LogUObjectHash: Compacting FUObjectHashTables data took   1.70ms
[2021.01.14-14.44.57:141][231]LogSavePackage: Moving 'F:/old desktop/Games/My games/Robogoo group/RoboGoo/RoboGooCPlusPlus/Saved/ThirdPersonExampleMap_Auto33AF15BF7486AC63CB70DD193BAB7F367.tmp' to 'F:/old desktop/Games/My games/Robogoo group/RoboGoo/RoboGooCPlusPlus/Saved/Autosaves/Game/ThirdPersonCPP/Maps/ThirdPersonExampleMap_Auto3.umap'
[2021.01.14-14.44.57:155][231]LogFileHelpers: Editor autosave (incl. sublevels) for '/Game/ThirdPersonCPP/Maps/ThirdPersonExampleMap' took 0.185
[2021.01.14-14.44.57:155][231]LogFileHelpers: Editor autosave (incl. sublevels) for all levels took 0.185
[2021.01.14-14.44.57:155][231]OBJ SavePackage: Generating thumbnails for [1] asset(s) in package [/Engine/BasicShapes/Sphere] ([1] browsable assets)...
[2021.01.14-14.44.57:164][231]OBJ SavePackage:     Rendered thumbnail for [StaticMesh /Engine/BasicShapes/Sphere.Sphere]
[2021.01.14-14.44.57:164][231]OBJ SavePackage: Finished generating thumbnails for package [/Engine/BasicShapes/Sphere]
[2021.01.14-14.44.57:196][231]LogSavePackage: Moving 'F:/old desktop/Games/My games/Robogoo group/RoboGoo/RoboGooCPlusPlus/Saved/Sphere_Auto390BE86BA44AF6E3F97421CB003417BF5.tmp' to 'F:/old desktop/Games/My games/Robogoo group/RoboGoo/RoboGooCPlusPlus/Saved/Autosaves/Engine/BasicShapes/Sphere_Auto3.uasset'
[2021.01.14-14.44.57:206][231]OBJ SavePackage: Generating thumbnails for [1] asset(s) in package [/Engine/BasicShapes/Cube] ([1] browsable assets)...
[2021.01.14-14.44.57:214][231]OBJ SavePackage:     Rendered thumbnail for [StaticMesh /Engine/BasicShapes/Cube.Cube]
[2021.01.14-14.44.57:214][231]OBJ SavePackage: Finished generating thumbnails for package [/Engine/BasicShapes/Cube]
[2021.01.14-14.44.57:236][231]LogSavePackage: Moving 'F:/old desktop/Games/My games/Robogoo group/RoboGoo/RoboGooCPlusPlus/Saved/Cube_Auto3A7FE71C34DFE7144D7B11B88DA683CD3.tmp' to 'F:/old desktop/Games/My games/Robogoo group/RoboGoo/RoboGooCPlusPlus/Saved/Autosaves/Engine/BasicShapes/Cube_Auto3.uasset'
[2021.01.14-14.44.57:257][231]LogFileHelpers: Auto-saving content packages took 0.102
[2021.01.14-14.49.18:577][  6]LogSlate: Took 0.505065 seconds to synchronously load lazily loaded font '../../../Engine/Content/Slate/Fonts/Roboto-Italic.ttf' (157K)
[2021.01.14-14.50.59:437][433]LogUObjectHash: Compacting FUObjectHashTables data took   1.34ms
[2021.01.14-14.50.59:470][433]LogUObjectHash: Compacting FUObjectHashTables data took   0.35ms
[2021.01.14-14.50.59:512][433]LogSavePackage: Moving 'F:/old desktop/Games/My games/Robogoo group/RoboGoo/RoboGooCPlusPlus/Saved/ThirdPersonExampleMap8E55B51C4CCFAE33000DE7818294C78A.tmp' to 'F:/old desktop/Games/My games/Robogoo group/RoboGoo/RoboGooCPlusPlus/Content/ThirdPersonCPP/Maps/ThirdPersonExampleMap.umap'
[2021.01.14-14.50.59:547][433]LogFileHelpers: Saving map 'ThirdPersonExampleMap' took 0.094
[2021.01.14-14.50.59:650][433]LogSavePackage: Moving 'F:/old desktop/Games/My games/Robogoo group/RoboGoo/RoboGooCPlusPlus/Saved/ThirdPersonExampleMap_BuiltData0E1AF3EC4790B3FC3C8F99BCCCF83808.tmp' to 'F:/old desktop/Games/My games/Robogoo group/RoboGoo/RoboGooCPlusPlus/Content/ThirdPersonCPP/Maps/ThirdPersonExampleMap_BuiltData.uasset'
[2021.01.14-14.50.59:652][433]Cmd: OBJ SAVEPACKAGE PACKAGE="/Engine/BasicShapes/Sphere" FILE="../../../Engine/Content/BasicShapes/Sphere.uasset" SILENT=true
[2021.01.14-14.50.59:677][433]LogSavePackage: Moving 'F:/old desktop/Games/My games/Robogoo group/RoboGoo/RoboGooCPlusPlus/Saved/SphereFDD745F344A80FFA3E84608EC5D50E6C.tmp' to '../../../Engine/Content/BasicShapes/Sphere.uasset'
[2021.01.14-14.51.00:108][433]Cmd: OBJ SAVEPACKAGE PACKAGE="/Engine/BasicShapes/Cube" FILE="../../../Engine/Content/BasicShapes/Cube.uasset" SILENT=true
[2021.01.14-14.51.00:125][433]LogSavePackage: Moving 'F:/old desktop/Games/My games/Robogoo group/RoboGoo/RoboGooCPlusPlus/Saved/CubeBF62D4A04C05732ED7938B8322FD6A72.tmp' to '../../../Engine/Content/BasicShapes/Cube.uasset'
[2021.01.14-14.51.00:189][433]AssetCheck: New page: Asset Save: multiple assets
[2021.01.14-14.51.00:189][433]LogContentValidation: Display: Validating World /Game/ThirdPersonCPP/Maps/ThirdPersonExampleMap.ThirdPersonExampleMap
[2021.01.14-14.51.00:189][433]LogContentValidation: Display: Validating MapBuildDataRegistry /Game/ThirdPersonCPP/Maps/ThirdPersonExampleMap_BuiltData.ThirdPersonExampleMap_BuiltData
[2021.01.14-14.51.00:189][433]LogContentValidation: Display: Validating StaticMesh /Engine/BasicShapes/Sphere.Sphere
[2021.01.14-14.51.00:189][433]LogContentValidation: Display: Validating StaticMesh /Engine/BasicShapes/Cube.Cube
[2021.01.14-14.53.20:592][591]LogEditorViewport: Clicking on Actor (LMB): StaticMeshActor (Floor)
[2021.01.14-15.03.17:122][291]LogHotReload: New module detected: UE4Editor-Robogoo_Cplusplus-0036.dll
[2021.01.14-15.03.18:208][354]LogHotReload: Starting Hot-Reload from IDE
[2021.01.14-15.03.18:264][354]LogClass: Could not find existing class Bullet in package /Script/Robogoo_Cplusplus for HotReload, assuming new class
[2021.01.14-15.03.18:264][354]LogClass: Could not find existing class Character_Movement in package /Script/Robogoo_Cplusplus for HotReload, assuming new class
[2021.01.14-15.03.18:264][354]LogClass: Function Aiming is new.
[2021.01.14-15.03.18:264][354]LogClass: Function AimReset is new.
[2021.01.14-15.03.18:264][354]LogClass: Function BeginOverlap is new.
[2021.01.14-15.03.18:264][354]LogClass: Function Blocking is new.
[2021.01.14-15.03.18:264][354]LogClass: Function BlockReset is new.
[2021.01.14-15.03.18:264][354]LogClass: Function combinedmelee is new.
[2021.01.14-15.03.18:264][354]LogClass: Function damage is new.
[2021.01.14-15.03.18:264][354]LogClass: Function DisableActor is new.
[2021.01.14-15.03.18:264][354]LogClass: Function OnFire is new.
[2021.01.14-15.03.18:264][354]LogClass: Function OnMelee is new.
[2021.01.14-15.03.18:264][354]LogClass: Function smallmelee is new.
[2021.01.14-15.03.18:341][354]LogHotReload: Re-instancing Bullet after hot-reload.
[2021.01.14-15.03.18:595][354]LogHotReload: Re-instancing Character_Movement after hot-reload.
[2021.01.14-15.03.18:883][354]Error: CDO Constructor (Robogoo_CplusplusGameMode): Failed to find /Game/ThirdPersonCPP/Blueprints/ThirdPersonCharacter.ThirdPersonCharacter_C

[2021.01.14-15.03.18:921][354]LogContentBrowser: Native class hierarchy updated for 'Robogoo_Cplusplus' in 0.0007 seconds. Added 5 classes and 3 folders.
[2021.01.14-15.03.18:921][354]Warning: Some classes could not be reloaded:
Error: CDO Constructor (Robogoo_CplusplusGameMode): Failed to find /Game/ThirdPersonCPP/Blueprints/ThirdPersonCharacter.ThirdPersonCharacter_C


[2021.01.14-15.03.18:924][354]Display: HotReload successful (0 functions remapped  0 scriptstructs remapped)
[2021.01.14-15.03.19:590][354]LogContentBrowser: Native class hierarchy populated in 0.0117 seconds. Added 3421 classes and 813 folders.
[2021.01.14-15.03.19:720][354]Display: HotReload took  1.5s.
[2021.01.14-15.03.29:050][291]LogUObjectHash: Compacting FUObjectHashTables data took   3.05ms
[2021.01.14-15.03.29:053][291]LogFileHelpers: Editor autosave (incl. sublevels) for '/Game/ThirdPersonCPP/Maps/ThirdPersonExampleMap' took 0.098
[2021.01.14-15.03.29:054][291]OBJ SavePackage: Generating thumbnails for [1] asset(s) in package [/Engine/BasicShapes/Sphere] ([1] browsable assets)...
[2021.01.14-15.03.29:061][291]OBJ SavePackage:     Rendered thumbnail for [StaticMesh /Engine/BasicShapes/Sphere.Sphere]
[2021.01.14-15.03.29:061][291]OBJ SavePackage: Finished generating thumbnails for package [/Engine/BasicShapes/Sphere]
[2021.01.14-15.03.29:112][291]LogSavePackage: Moving 'F:/old desktop/Games/My games/Robogoo group/RoboGoo/RoboGooCPlusPlus/Saved/Sphere_Auto4E68921B742F6FD5722C75FBBBD80BC5C.tmp' to 'F:/old desktop/Games/My games/Robogoo group/RoboGoo/RoboGooCPlusPlus/Saved/Autosaves/Engine/BasicShapes/Sphere_Auto4.uasset'
[2021.01.14-15.03.29:113][291]OBJ SavePackage: Generating thumbnails for [1] asset(s) in package [/Engine/BasicShapes/Cube] ([1] browsable assets)...
[2021.01.14-15.03.29:121][291]OBJ SavePackage:     Rendered thumbnail for [StaticMesh /Engine/BasicShapes/Cube.Cube]
[2021.01.14-15.03.29:121][291]OBJ SavePackage: Finished generating thumbnails for package [/Engine/BasicShapes/Cube]
[2021.01.14-15.03.29:151][291]LogSavePackage: Moving 'F:/old desktop/Games/My games/Robogoo group/RoboGoo/RoboGooCPlusPlus/Saved/Cube_Auto4C16C4B324F415FA9C5B6028309F62833.tmp' to 'F:/old desktop/Games/My games/Robogoo group/RoboGoo/RoboGooCPlusPlus/Saved/Autosaves/Engine/BasicShapes/Cube_Auto4.uasset'
[2021.01.14-15.03.29:170][291]LogFileHelpers: Auto-saving content packages took 0.116
[2021.01.14-15.03.38:867][457]LogTemp: Repeating last play command: Selected Viewport
[2021.01.14-15.03.38:967][457]LogPlayLevel: PlayLevel: No blueprints needed recompiling
[2021.01.14-15.03.38:972][457]PIE: New page: PIE session: ThirdPersonExampleMap (14 Jan 2021, 15:03:38)
[2021.01.14-15.03.39:035][457]LogOnline: OSS: Creating online subsystem instance for: NULL
[2021.01.14-15.03.39:037][457]LogOnline: OSS: TryLoadSubsystemAndSetDefault: Loaded subsystem for module [NULL]
[2021.01.14-15.03.39:060][457]LogPlayLevel: Creating play world package: /Game/ThirdPersonCPP/Maps/UEDPIE_0_ThirdPersonExampleMap
[2021.01.14-15.03.39:144][457]LogPlayLevel: PIE: StaticDuplicateObject took: (0.083744s)
[2021.01.14-15.03.39:158][457]LogAIModule: Creating AISystem for world ThirdPersonExampleMap
[2021.01.14-15.03.39:158][457]LogAISub: UAISubsystem::UAISubsystem EnvQueryManager (000002672118C600), frame # 76457
[2021.01.14-15.03.39:158][457]LogAISub: UAISubsystem::UAISubsystem AIPerceptionSystem (000002676A9B3100), frame # 76457
[2021.01.14-15.03.39:158][457]LogPlayLevel: PIE: World Init took: (0.014036s)
[2021.01.14-15.03.39:158][457]LogPlayLevel: PIE: Created PIE world by copying editor world from /Game/ThirdPersonCPP/Maps/ThirdPersonExampleMap.ThirdPersonExampleMap to /Game/ThirdPersonCPP/Maps/UEDPIE_0_ThirdPersonExampleMap.ThirdPersonExampleMap (0.098341s)
[2021.01.14-15.03.39:234][457]LogUObjectHash: Compacting FUObjectHashTables data took   2.89ms
[2021.01.14-15.03.39:237][457]LogAudioMixer: Display: Audio Mixer Platform Settings:
[2021.01.14-15.03.39:237][457]LogAudioMixer: Display: 	Sample Rate:						  48000
[2021.01.14-15.03.39:237][457]LogAudioMixer: Display: 	Callback Buffer Frame Size Requested: 1024
[2021.01.14-15.03.39:237][457]LogAudioMixer: Display: 	Callback Buffer Frame Size To Use:	  1024
[2021.01.14-15.03.39:237][457]LogAudioMixer: Display: 	Number of buffers to queue:			  2
[2021.01.14-15.03.39:237][457]LogAudioMixer: Display: 	Max Channels (voices):				  32
[2021.01.14-15.03.39:237][457]LogAudioMixer: Display: 	Number of Async Source Workers:		  0
[2021.01.14-15.03.39:237][457]LogAudio: Display: AudioDevice MaxSources: 32
[2021.01.14-15.03.39:237][457]LogAudio: Display: Using built-in audio occlusion.
[2021.01.14-15.03.39:237][457]LogAudioMixer: Display: Initializing audio mixer.
[2021.01.14-15.03.39:272][457]LogAudioMixer: Display: 0: FrontLeft
[2021.01.14-15.03.39:272][457]LogAudioMixer: Display: 1: FrontRight
[2021.01.14-15.03.39:292][457]LogAudioMixer: Display: Using Audio Device Headset Earphone (HyperX Virtual Surround Sound)
[2021.01.14-15.03.39:292][457]LogAudioMixer: Display: Initializing Sound Submixes...
[2021.01.14-15.03.39:292][457]LogAudioMixer: Display: Creating Master Submix 'MasterSubmixDefault'
[2021.01.14-15.03.39:292][457]LogAudioMixer: Display: Creating Master Submix 'MasterReverbSubmixDefault'
[2021.01.14-15.03.39:292][457]LogAudioMixer: Display: Creating Master Submix 'MasterEQSubmixDefault'
[2021.01.14-15.03.39:306][457]LogInit: FAudioDevice initialized.
[2021.01.14-15.03.39:369][457]LogLoad: Game class is 'New_Gamemode_C'
[2021.01.14-15.03.39:571][457]LogWorld: Bringing World /Game/ThirdPersonCPP/Maps/UEDPIE_0_ThirdPersonExampleMap.ThirdPersonExampleMap up for play (max tick rate 0) at 2021.01.14-15.03.39
[2021.01.14-15.03.39:577][457]LogWorld: Bringing up level for play took: 0.093257
[2021.01.14-15.03.39:584][457]LogOnline: OSS: Creating online subsystem instance for: :Context_11
[2021.01.14-15.03.39:905][457]LogContentBrowser: Native class hierarchy updated for 'MovieSceneCapture' in 0.0004 seconds. Added 20 classes and 0 folders.
[2021.01.14-15.03.39:905][457]LogGameMode: Display: Match State Changed from EnteringMap to WaitingToStart
[2021.01.14-15.03.39:905][457]LogGameState: Match State Changed from EnteringMap to WaitingToStart
[2021.01.14-15.03.39:905][457]LogGameMode: Display: Match State Changed from WaitingToStart to InProgress
[2021.01.14-15.03.40:049][457]LogGameState: Match State Changed from WaitingToStart to InProgress
[2021.01.14-15.03.40:075][457]PIE: Server logged in
[2021.01.14-15.03.40:082][457]PIE: Play in editor total start time 1.194 seconds.
[2021.01.14-15.04.00:856][860]LogSlate: Updating window title bar state: overlay mode, drag disabled, window buttons hidden, title bar hidden
[2021.01.14-15.04.00:856][860]LogWorld: BeginTearingDown for /Game/ThirdPersonCPP/Maps/UEDPIE_0_ThirdPersonExampleMap
[2021.01.14-15.04.00:901][860]LogWorld: UWorld::CleanupWorld for ThirdPersonExampleMap, bSessionEnded=true, bCleanupResources=true
[2021.01.14-15.04.00:916][860]LogSlate: InvalidateAllWidgets triggered.  All widgets were invalidated
[2021.01.14-15.04.00:930][860]LogPlayLevel: Display: Shutting down PIE online subsystems
[2021.01.14-15.04.00:941][860]LogSlate: InvalidateAllWidgets triggered.  All widgets were invalidated
[2021.01.14-15.04.01:008][860]LogSlate: Updating window title bar state: overlay mode, drag disabled, window buttons hidden, title bar hidden
[2021.01.14-15.04.01:071][860]LogAISub: UAISubsystem::~UAISubsystem AIPerceptionSystem (000002676A9B3100), frame # 78860
[2021.01.14-15.04.01:071][860]LogAISub: UAISubsystem::~UAISubsystem EnvQueryManager (000002672118C600), frame # 78860
[2021.01.14-15.04.01:101][860]LogUObjectHash: Compacting FUObjectHashTables data took   2.40ms
[2021.01.14-15.04.01:130][861]LogPlayLevel: Display: Destroying online subsystem :Context_11
[2021.01.14-15.09.15:930][831]LogAssetEditorSubsystem: Opening Asset editor for Blueprint /Game/Jon/CharactermovementBp.CharactermovementBp
[2021.01.14-15.09.19:082][969]LogSlate: Window 'CharactermovementBp' being destroyed
[2021.01.14-15.09.19:090][969]LogWorld: UWorld::CleanupWorld for World_10, bSessionEnded=true, bCleanupResources=true
[2021.01.14-15.09.19:090][969]LogSlate: InvalidateAllWidgets triggered.  All widgets were invalidated
[2021.01.14-15.09.19:178][969]LogAssetEditorSubsystem: Opening Asset editor for Blueprint /Game/Jon/CharactermovementBp.CharactermovementBp
[2021.01.14-15.09.25:124][577]LogSlate: Window 'CharactermovementBp' being destroyed
[2021.01.14-15.09.25:129][577]LogSlate: Window 'CharactermovementBp' being destroyed
[2021.01.14-15.09.25:160][577]LogWorld: UWorld::CleanupWorld for World_11, bSessionEnded=true, bCleanupResources=true
[2021.01.14-15.09.25:160][577]LogSlate: InvalidateAllWidgets triggered.  All widgets were invalidated
[2021.01.14-15.09.29:441][ 82]LogAssetEditorSubsystem: Opening Asset editor for Blueprint /Game/Jon/BP_Bullet.BP_Bullet
[2021.01.14-15.12.40:974][658]LogSlate: Window 'BP_Bullet' being destroyed
[2021.01.14-15.12.40:979][658]LogSlate: Window 'BP_Bullet' being destroyed
[2021.01.14-15.12.41:017][658]LogWorld: UWorld::CleanupWorld for World_12, bSessionEnded=true, bCleanupResources=true
[2021.01.14-15.12.41:017][658]LogSlate: InvalidateAllWidgets triggered.  All widgets were invalidated
[2021.01.14-15.12.44:525][990]LogUObjectHash: Compacting FUObjectHashTables data took   2.07ms
[2021.01.14-15.12.44:550][990]Cmd: OBJ SAVEPACKAGE PACKAGE="/Engine/BasicShapes/Sphere" FILE="../../../Engine/Content/BasicShapes/Sphere.uasset" SILENT=true
[2021.01.14-15.12.44:589][990]LogSavePackage: Moving 'F:/old desktop/Games/My games/Robogoo group/RoboGoo/RoboGooCPlusPlus/Saved/SphereE17AAEF64456156A7F12A9BAE3ADDB5C.tmp' to '../../../Engine/Content/BasicShapes/Sphere.uasset'
[2021.01.14-15.12.44:603][990]Cmd: OBJ SAVEPACKAGE PACKAGE="/Engine/BasicShapes/Cube" FILE="../../../Engine/Content/BasicShapes/Cube.uasset" SILENT=true
[2021.01.14-15.12.44:623][990]LogSavePackage: Moving 'F:/old desktop/Games/My games/Robogoo group/RoboGoo/RoboGooCPlusPlus/Saved/Cube7DD2910E4DF492E07DE2769C2429FDAD.tmp' to '../../../Engine/Content/BasicShapes/Cube.uasset'
[2021.01.14-15.12.44:651][990]AssetCheck: New page: Asset Save: multiple assets
[2021.01.14-15.12.44:651][990]LogContentValidation: Display: Validating StaticMesh /Engine/BasicShapes/Sphere.Sphere
[2021.01.14-15.12.44:651][990]LogContentValidation: Display: Validating StaticMesh /Engine/BasicShapes/Cube.Cube
[2021.01.14-15.18.21:970][100]LogHotReload: New module detected: UE4Editor-Robogoo_Cplusplus-0037.dll
[2021.01.14-15.18.22:658][103]LogHotReload: Starting Hot-Reload from IDE
[2021.01.14-15.18.22:691][103]LogClass: Could not find existing class Character_Movement in package /Script/Robogoo_Cplusplus for HotReload, assuming new class
[2021.01.14-15.18.22:691][103]LogClass: Function Aiming is new.
[2021.01.14-15.18.22:691][103]LogClass: Function AimReset is new.
[2021.01.14-15.18.22:691][103]LogClass: Function BeginOverlap is new.
[2021.01.14-15.18.22:691][103]LogClass: Function Blocking is new.
[2021.01.14-15.18.22:691][103]LogClass: Function BlockReset is new.
[2021.01.14-15.18.22:691][103]LogClass: Function combinedmelee is new.
[2021.01.14-15.18.22:691][103]LogClass: Function damage is new.
[2021.01.14-15.18.22:691][103]LogClass: Function DisableActor is new.
[2021.01.14-15.18.22:691][103]LogClass: Function OnFire is new.
[2021.01.14-15.18.22:691][103]LogClass: Function OnMelee is new.
[2021.01.14-15.18.22:691][103]LogClass: Function smallmelee is new.
[2021.01.14-15.18.22:768][103]LogHotReload: Re-instancing Character_Movement after hot-reload.
[2021.01.14-15.18.23:002][103]Error: CDO Constructor (Robogoo_CplusplusGameMode): Failed to find /Game/ThirdPersonCPP/Blueprints/ThirdPersonCharacter.ThirdPersonCharacter_C

[2021.01.14-15.18.23:016][103]LogContentBrowser: Native class hierarchy updated for 'Robogoo_Cplusplus' in 0.0004 seconds. Added 5 classes and 3 folders.
[2021.01.14-15.18.23:016][103]Warning: Some classes could not be reloaded:
Error: CDO Constructor (Robogoo_CplusplusGameMode): Failed to find /Game/ThirdPersonCPP/Blueprints/ThirdPersonCharacter.ThirdPersonCharacter_C


[2021.01.14-15.18.23:019][103]Display: HotReload successful (0 functions remapped  0 scriptstructs remapped)
[2021.01.14-15.18.23:092][103]LogContentBrowser: Native class hierarchy populated in 0.0091 seconds. Added 3421 classes and 813 folders.
[2021.01.14-15.18.23:096][103]Display: HotReload took  0.4s.
