Log file open, 12/21/20 04:35:13
LogInit: Display: Running engine for game: Robogoo_Cplusplus
LogPlatformFile: Not using cached read wrapper
LogTaskGraph: Started task graph with 5 named threads and 20 total threads with 3 sets of task threads.
LogStats: Stats thread started at 0.168799
LogD3D11RHI: Loaded GFSDK_Aftermath_Lib.x64.dll
LogICUInternationalization: ICU TimeZone Detection - Raw Offset: +0:00, Platform Override: ''
LogPluginManager: Mounting plugin Paper2D
LogPluginManager: Mounting plugin AISupport
LogPluginManager: Mounting plugin LightPropagationVolume
LogPluginManager: Mounting plugin CameraShakePreviewer
LogPluginManager: Mounting plugin ActorLayerUtilities
LogPluginManager: Mounting plugin AnimationSharing
LogPluginManager: Mounting plugin CLionSourceCodeAccess
LogPluginManager: Mounting plugin CodeLiteSourceCodeAccess
LogPluginManager: Mounting plugin GitSourceControl
LogPluginManager: Mounting plugin KDevelopSourceCodeAccess
LogPluginManager: Mounting plugin NullSourceCodeAccess
LogPluginManager: Mounting plugin PerforceSourceControl
LogPluginManager: Mounting plugin PlasticSourceControl
LogPluginManager: Mounting plugin RiderSourceCodeAccess
LogPluginManager: Mounting plugin SubversionSourceControl
LogPluginManager: Mounting plugin UObjectPlugin
LogPluginManager: Mounting plugin VisualStudioCodeSourceCodeAccess
LogPluginManager: Mounting plugin VisualStudioSourceCodeAccess
LogPluginManager: Mounting plugin XCodeSourceCodeAccess
LogPluginManager: Mounting plugin AssetManagerEditor
LogPluginManager: Mounting plugin CryptoKeys
LogPluginManager: Mounting plugin CurveEditorTools
LogPluginManager: Mounting plugin DataValidation
LogPluginManager: Mounting plugin EditorScriptingUtilities
LogPluginManager: Mounting plugin FacialAnimation
LogPluginManager: Mounting plugin GameplayTagsEditor
LogPluginManager: Mounting plugin GeometryMode
LogPluginManager: Mounting plugin MacGraphicsSwitching
LogPluginManager: Mounting plugin MaterialAnalyzer
LogPluginManager: Mounting plugin MobileLauncherProfileWizard
LogPluginManager: Mounting plugin PluginBrowser
LogPluginManager: Mounting plugin SpeedTreeImporter
LogPluginManager: Mounting plugin DatasmithContent
LogPluginManager: Mounting plugin VariantManagerContent
LogPluginManager: Mounting plugin AlembicImporter
LogPluginManager: Mounting plugin AutomationUtils
LogPluginManager: Mounting plugin BackChannel
LogPluginManager: Mounting plugin ChaosCloth
LogPluginManager: Mounting plugin ChaosClothEditor
LogPluginManager: Mounting plugin ChaosEditor
LogPluginManager: Mounting plugin ChaosNiagara
LogPluginManager: Mounting plugin ChaosSolverPlugin
LogPluginManager: Mounting plugin CharacterAI
LogPluginManager: Mounting plugin GeometryCache
LogPluginManager: Mounting plugin GeometryCollectionPlugin
LogPluginManager: Mounting plugin GeometryProcessing
LogPluginManager: Mounting plugin PlanarCut
LogPluginManager: Mounting plugin PlatformCrypto
LogPluginManager: Mounting plugin ProxyLODPlugin
LogPluginManager: Mounting plugin SkeletalReduction
LogPluginManager: Mounting plugin Niagara
LogPluginManager: Mounting plugin MagicLeap
LogPluginManager: Mounting plugin MagicLeapLightEstimation
LogPluginManager: Mounting plugin MagicLeapMedia
LogPluginManager: Mounting plugin MagicLeapPassableWorld
LogPluginManager: Mounting plugin MLSDK
LogPluginManager: Mounting plugin AndroidMedia
LogPluginManager: Mounting plugin AvfMedia
LogPluginManager: Mounting plugin ImgMedia
LogPluginManager: Mounting plugin MediaCompositing
LogPluginManager: Mounting plugin MediaPlayerEditor
LogPluginManager: Mounting plugin WebMMedia
LogPluginManager: Mounting plugin WmfMedia
LogPluginManager: Mounting plugin MeshPainting
LogPluginManager: Mounting plugin TcpMessaging
LogPluginManager: Mounting plugin UdpMessaging
LogPluginManager: Mounting plugin ActorSequence
LogPluginManager: Mounting plugin LevelSequenceEditor
LogPluginManager: Mounting plugin MatineeToLevelSequence
LogPluginManager: Mounting plugin MovieRenderPipeline
LogPluginManager: Mounting plugin TemplateSequence
LogPluginManager: Mounting plugin NetcodeUnitTest
LogPluginManager: Mounting plugin NUTUnrealEngine4
LogPluginManager: Mounting plugin OnlineSubsystemGooglePlay
LogPluginManager: Mounting plugin OnlineSubsystemIOS
LogPluginManager: Mounting plugin OnlineSubsystem
LogPluginManager: Mounting plugin OnlineSubsystemNull
LogPluginManager: Mounting plugin OnlineSubsystemUtils
LogPluginManager: Mounting plugin LauncherChunkInstaller
LogPluginManager: Mounting plugin AndroidDeviceProfileSelector
LogPluginManager: Mounting plugin AndroidMoviePlayer
LogPluginManager: Mounting plugin AndroidPermission
LogPluginManager: Mounting plugin AppleImageUtils
LogPluginManager: Mounting plugin AppleMoviePlayer
LogPluginManager: Mounting plugin ArchVisCharacter
LogPluginManager: Mounting plugin AssetTags
LogPluginManager: Mounting plugin AudioCapture
LogPluginManager: Mounting plugin CableComponent
LogPluginManager: Mounting plugin CustomMeshComponent
LogPluginManager: Mounting plugin EditableMesh
LogPluginManager: Mounting plugin ExampleDeviceProfileSelector
LogPluginManager: Mounting plugin GoogleCloudMessaging
LogPluginManager: Mounting plugin GooglePAD
LogPluginManager: Mounting plugin IOSDeviceProfileSelector
LogPluginManager: Mounting plugin LinuxDeviceProfileSelector
LogPluginManager: Mounting plugin LocationServicesBPLibrary
LogPluginManager: Mounting plugin MobilePatchingUtils
LogPluginManager: Mounting plugin PhysXVehicles
LogPluginManager: Mounting plugin PostSplashScreen
LogPluginManager: Mounting plugin ProceduralMeshComponent
LogPluginManager: Mounting plugin RuntimePhysXCooking
LogPluginManager: Mounting plugin SignificanceManager
LogPluginManager: Mounting plugin SoundFields
LogPluginManager: Mounting plugin Synthesis
LogPluginManager: Mounting plugin WebMMoviePlayer
LogPluginManager: Mounting plugin WindowsMoviePlayer
LogPluginManager: Mounting plugin ScreenshotTools
LogInit: Using libcurl 7.55.1-DEV
LogInit:  - built for x86_64-pc-win32
LogInit:  - supports SSL with OpenSSL/1.1.1
LogInit:  - supports HTTP deflate (compression) using libz 1.2.8
LogInit:  - other features:
LogInit:      CURL_VERSION_SSL
LogInit:      CURL_VERSION_LIBZ
LogInit:      CURL_VERSION_IPV6
LogInit:      CURL_VERSION_ASYNCHDNS
LogInit:      CURL_VERSION_LARGEFILE
LogInit:      CURL_VERSION_IDN
LogInit:  CurlRequestOptions (configurable via config and command line):
LogInit:  - bVerifyPeer = true  - Libcurl will verify peer certificate
LogInit:  - bUseHttpProxy = false  - Libcurl will NOT use HTTP proxy
LogInit:  - bDontReuseConnections = false  - Libcurl will reuse connections
LogInit:  - MaxHostConnections = 16  - Libcurl will limit the number of connections to a host
LogInit:  - LocalHostAddr = Default
LogInit:  - BufferSize = 65536
LogOnline: OSS: Creating online subsystem instance for: NULL
LogInit: WinSock: version 1.1 (2.2), MaxSocks=32767, MaxUdp=65467
LogOnline: OSS: TryLoadSubsystemAndSetDefault: Loaded subsystem for module [NULL]
LogInit: Build: ++UE4+Release-4.25-CL-14469661
LogInit: Engine Version: 4.25.4-14469661+++UE4+Release-4.25
LogInit: Compatible Engine Version: 4.25.0-13144385+++UE4+Release-4.25
LogInit: Net CL: 13144385
LogInit: OS: Windows 10 (Release 2009) (), CPU: Intel(R) Core(TM) i5-8600K CPU @ 3.60GHz, GPU: NVIDIA GeForce GTX 1080
LogInit: Compiled (64-bit): Oct 11 2020 08:10:49
LogInit: Compiled with Visual C++: 19.24.28315.00
LogInit: Build Configuration: Development
LogInit: Branch Name: ++UE4+Release-4.25
LogInit: Command Line: 
LogInit: Base Directory: H:/Program Files/Epic games/UE_4.25/Engine/Binaries/Win64/
LogInit: Allocator: TBB
LogInit: Installed Engine Build: 1
LogDevObjectVersion: Number of dev versions registered: 26
LogDevObjectVersion:   Dev-Blueprints (B0D832E4-1F89-4F0D-ACCF-7EB736FD4AA2): 10
LogDevObjectVersion:   Dev-Build (E1C64328-A22C-4D53-A36C-8E866417BD8C): 0
LogDevObjectVersion:   Dev-Core (375EC13C-06E4-48FB-B500-84F0262A717E): 4
LogDevObjectVersion:   Dev-Editor (E4B068ED-F494-42E9-A231-DA0B2E46BB41): 38
LogDevObjectVersion:   Dev-Framework (CFFC743F-43B0-4480-9391-14DF171D2073): 37
LogDevObjectVersion:   Dev-Mobile (B02B49B5-BB20-44E9-A304-32B752E40360): 2
LogDevObjectVersion:   Dev-Networking (A4E4105C-59A1-49B5-A7C5-40C4547EDFEE): 0
LogDevObjectVersion:   Dev-Online (39C831C9-5AE6-47DC-9A44-9C173E1C8E7C): 0
LogDevObjectVersion:   Dev-Physics (78F01B33-EBEA-4F98-B9B4-84EACCB95AA2): 4
LogDevObjectVersion:   Dev-Platform (6631380F-2D4D-43E0-8009-CF276956A95A): 0
LogDevObjectVersion:   Dev-Rendering (12F88B9F-8875-4AFC-A67C-D90C383ABD29): 43
LogDevObjectVersion:   Dev-Sequencer (7B5AE74C-D270-4C10-A958-57980B212A5A): 12
LogDevObjectVersion:   Dev-VR (D7296918-1DD6-4BDD-9DE2-64A83CC13884): 3
LogDevObjectVersion:   Dev-LoadTimes (C2A15278-BFE7-4AFE-6C17-90FF531DF755): 1
LogDevObjectVersion:   Private-Geometry (6EACA3D4-40EC-4CC1-B786-8BED09428FC5): 3
LogDevObjectVersion:   Dev-AnimPhys (29E575DD-E0A3-4627-9D10-D276232CDCEA): 17
LogDevObjectVersion:   Dev-Anim (AF43A65D-7FD3-4947-9873-3E8ED9C1BB05): 7
LogDevObjectVersion:   Dev-ReflectionCapture (6B266CEC-1EC7-4B8F-A30B-E4D90942FC07): 1
LogDevObjectVersion:   Dev-Automation (0DF73D61-A23F-47EA-B727-89E90C41499A): 1
LogDevObjectVersion:   FortniteMain (601D1886-AC64-4F84-AA16-D3DE0DEAC7D6): 31
LogDevObjectVersion:   Dev-Enterprise (9DFFBCD6-494F-0158-E221-12823C92A888): 10
LogDevObjectVersion:   Dev-Niagara (F2AED0AC-9AFE-416F-8664-AA7FFA26D6FC): 1
LogDevObjectVersion:   Dev-Destruction (174F1F0B-B4C6-45A5-B13F-2EE8D0FB917D): 10
LogDevObjectVersion:   Dev-Physics-Ext (35F94A83-E258-406C-A318-09F59610247C): 37
LogDevObjectVersion:   Dev-PhysicsMaterial-Chaos (B68FC16E-8B1B-42E2-B453-215C058844FE): 1
LogDevObjectVersion:   Dev-CineCamera (B2E18506-4273-CFC2-A54E-F4BB758BBA07): 1
LogInit: Presizing for max 25165824 objects, including 0 objects not considered by GC, pre-allocating 0 bytes for permanent pool.
LogConfig: Applying CVar settings from Section [/Script/Engine.StreamingSettings] File [F:/old desktop/Games/My games/Robogoo group/RoboGoo/RoboGooCPlusPlus/Saved/Config/Windows/Engine.ini]
LogConfig: Setting CVar [[s.MinBulkDataSizeForAsyncLoading:131072]]
LogConfig: Setting CVar [[s.AsyncLoadingThreadEnabled:0]]
LogConfig: Setting CVar [[s.EventDrivenLoaderEnabled:1]]
LogConfig: Setting CVar [[s.WarnIfTimeLimitExceeded:0]]
LogConfig: Setting CVar [[s.TimeLimitExceededMultiplier:1.5]]
LogConfig: Setting CVar [[s.TimeLimitExceededMinTime:0.005]]
LogConfig: Setting CVar [[s.UseBackgroundLevelStreaming:1]]
LogConfig: Setting CVar [[s.PriorityAsyncLoadingExtraTime:15.0]]
LogConfig: Setting CVar [[s.LevelStreamingActorsUpdateTimeLimit:5.0]]
LogConfig: Setting CVar [[s.PriorityLevelStreamingActorsUpdateExtraTime:5.0]]
LogConfig: Setting CVar [[s.LevelStreamingComponentsRegistrationGranularity:10]]
LogConfig: Setting CVar [[s.UnregisterComponentsTimeLimit:1.0]]
LogConfig: Setting CVar [[s.LevelStreamingComponentsUnregistrationGranularity:5]]
LogConfig: Setting CVar [[s.FlushStreamingOnExit:1]]
LogInit: Object subsystem initialized
LogConfig: Setting CVar [[con.DebugEarlyDefault:1]]
LogConfig: Setting CVar [[r.setres:1280x720]]
[2020.12.21-04.35.13:263][  0]LogConfig: Setting CVar [[r.VSync:0]]
[2020.12.21-04.35.13:263][  0]LogConfig: Setting CVar [[r.RHICmdBypass:0]]
[2020.12.21-04.35.13:263][  0]LogConfig: Applying CVar settings from Section [/Script/Engine.RendererSettings] File [F:/old desktop/Games/My games/Robogoo group/RoboGoo/RoboGooCPlusPlus/Saved/Config/Windows/Engine.ini]
[2020.12.21-04.35.13:263][  0]LogConfig: Setting CVar [[r.GPUCrashDebugging:0]]
[2020.12.21-04.35.13:263][  0]LogConfig: Applying CVar settings from Section [/Script/Engine.RendererOverrideSettings] File [F:/old desktop/Games/My games/Robogoo group/RoboGoo/RoboGooCPlusPlus/Saved/Config/Windows/Engine.ini]
[2020.12.21-04.35.13:263][  0]LogConfig: Applying CVar settings from Section [/Script/Engine.StreamingSettings] File [F:/old desktop/Games/My games/Robogoo group/RoboGoo/RoboGooCPlusPlus/Saved/Config/Windows/Engine.ini]
[2020.12.21-04.35.13:263][  0]LogConfig: Setting CVar [[s.MinBulkDataSizeForAsyncLoading:131072]]
[2020.12.21-04.35.13:263][  0]LogConfig: Setting CVar [[s.AsyncLoadingThreadEnabled:0]]
[2020.12.21-04.35.13:263][  0]LogConfig: Setting CVar [[s.EventDrivenLoaderEnabled:1]]
[2020.12.21-04.35.13:263][  0]LogConfig: Setting CVar [[s.WarnIfTimeLimitExceeded:0]]
[2020.12.21-04.35.13:263][  0]LogConfig: Setting CVar [[s.TimeLimitExceededMultiplier:1.5]]
[2020.12.21-04.35.13:263][  0]LogConfig: Setting CVar [[s.TimeLimitExceededMinTime:0.005]]
[2020.12.21-04.35.13:263][  0]LogConfig: Setting CVar [[s.UseBackgroundLevelStreaming:1]]
[2020.12.21-04.35.13:263][  0]LogConfig: Setting CVar [[s.PriorityAsyncLoadingExtraTime:15.0]]
[2020.12.21-04.35.13:263][  0]LogConfig: Setting CVar [[s.LevelStreamingActorsUpdateTimeLimit:5.0]]
[2020.12.21-04.35.13:263][  0]LogConfig: Setting CVar [[s.PriorityLevelStreamingActorsUpdateExtraTime:5.0]]
[2020.12.21-04.35.13:263][  0]LogConfig: Setting CVar [[s.LevelStreamingComponentsRegistrationGranularity:10]]
[2020.12.21-04.35.13:263][  0]LogConfig: Setting CVar [[s.UnregisterComponentsTimeLimit:1.0]]
[2020.12.21-04.35.13:263][  0]LogConfig: Setting CVar [[s.LevelStreamingComponentsUnregistrationGranularity:5]]
[2020.12.21-04.35.13:263][  0]LogConfig: Setting CVar [[s.FlushStreamingOnExit:1]]
[2020.12.21-04.35.13:263][  0]LogConfig: Applying CVar settings from Section [/Script/Engine.GarbageCollectionSettings] File [F:/old desktop/Games/My games/Robogoo group/RoboGoo/RoboGooCPlusPlus/Saved/Config/Windows/Engine.ini]
[2020.12.21-04.35.13:263][  0]LogConfig: Setting CVar [[gc.MaxObjectsNotConsideredByGC:1]]
[2020.12.21-04.35.13:263][  0]LogConfig: Setting CVar [[gc.SizeOfPermanentObjectPool:0]]
[2020.12.21-04.35.13:263][  0]LogConfig: Setting CVar [[gc.FlushStreamingOnGC:0]]
[2020.12.21-04.35.13:263][  0]LogConfig: Setting CVar [[gc.NumRetriesBeforeForcingGC:10]]
[2020.12.21-04.35.13:263][  0]LogConfig: Setting CVar [[gc.AllowParallelGC:1]]
[2020.12.21-04.35.13:263][  0]LogConfig: Setting CVar [[gc.TimeBetweenPurgingPendingKillObjects:61.1]]
[2020.12.21-04.35.13:263][  0]LogConfig: Setting CVar [[gc.MaxObjectsInEditor:25165824]]
[2020.12.21-04.35.13:263][  0]LogConfig: Setting CVar [[gc.IncrementalBeginDestroyEnabled:1]]
[2020.12.21-04.35.13:263][  0]LogConfig: Setting CVar [[gc.CreateGCClusters:1]]
[2020.12.21-04.35.13:263][  0]LogConfig: Setting CVar [[gc.MinGCClusterSize:5]]
[2020.12.21-04.35.13:263][  0]LogConfig: Setting CVar [[gc.ActorClusteringEnabled:0]]
[2020.12.21-04.35.13:263][  0]LogConfig: Setting CVar [[gc.BlueprintClusteringEnabled:0]]
[2020.12.21-04.35.13:263][  0]LogConfig: Setting CVar [[gc.UseDisregardForGCOnDedicatedServers:0]]
[2020.12.21-04.35.13:263][  0]LogConfig: Applying CVar settings from Section [/Script/Engine.NetworkSettings] File [F:/old desktop/Games/My games/Robogoo group/RoboGoo/RoboGooCPlusPlus/Saved/Config/Windows/Engine.ini]
[2020.12.21-04.35.13:263][  0]LogConfig: Applying CVar settings from Section [/Script/UnrealEd.CookerSettings] File [F:/old desktop/Games/My games/Robogoo group/RoboGoo/RoboGooCPlusPlus/Saved/Config/Windows/Engine.ini]
[2020.12.21-04.35.13:272][  0]LogConfig: Applying CVar settings from Section [ViewDistanceQuality@3] File [F:/old desktop/Games/My games/Robogoo group/RoboGoo/RoboGooCPlusPlus/Saved/Config/Windows/Scalability.ini]
[2020.12.21-04.35.13:272][  0]LogConfig: Setting CVar [[r.SkeletalMeshLODBias:0]]
[2020.12.21-04.35.13:272][  0]LogConfig: Setting CVar [[r.ViewDistanceScale:1.0]]
[2020.12.21-04.35.13:272][  0]LogConfig: Applying CVar settings from Section [AntiAliasingQuality@3] File [F:/old desktop/Games/My games/Robogoo group/RoboGoo/RoboGooCPlusPlus/Saved/Config/Windows/Scalability.ini]
[2020.12.21-04.35.13:272][  0]LogConfig: Setting CVar [[r.PostProcessAAQuality:4]]
[2020.12.21-04.35.13:272][  0]LogConfig: Applying CVar settings from Section [ShadowQuality@3] File [F:/old desktop/Games/My games/Robogoo group/RoboGoo/RoboGooCPlusPlus/Saved/Config/Windows/Scalability.ini]
[2020.12.21-04.35.13:272][  0]LogConfig: Setting CVar [[r.LightFunctionQuality:1]]
[2020.12.21-04.35.13:273][  0]LogConfig: Setting CVar [[r.ShadowQuality:5]]
[2020.12.21-04.35.13:273][  0]LogConfig: Setting CVar [[r.Shadow.CSM.MaxCascades:10]]
[2020.12.21-04.35.13:273][  0]LogConfig: Setting CVar [[r.Shadow.MaxResolution:2048]]
[2020.12.21-04.35.13:273][  0]LogConfig: Setting CVar [[r.Shadow.MaxCSMResolution:2048]]
[2020.12.21-04.35.13:273][  0]LogConfig: Setting CVar [[r.Shadow.RadiusThreshold:0.01]]
[2020.12.21-04.35.13:273][  0]LogConfig: Setting CVar [[r.Shadow.DistanceScale:1.0]]
[2020.12.21-04.35.13:273][  0]LogConfig: Setting CVar [[r.Shadow.CSM.TransitionScale:1.0]]
[2020.12.21-04.35.13:273][  0]LogConfig: Setting CVar [[r.Shadow.PreShadowResolutionFactor:1.0]]
[2020.12.21-04.35.13:273][  0]LogConfig: Setting CVar [[r.DistanceFieldShadowing:1]]
[2020.12.21-04.35.13:273][  0]LogConfig: Setting CVar [[r.DistanceFieldAO:1]]
[2020.12.21-04.35.13:273][  0]LogConfig: Setting CVar [[r.AOQuality:2]]
[2020.12.21-04.35.13:273][  0]LogConfig: Setting CVar [[r.VolumetricFog:1]]
[2020.12.21-04.35.13:273][  0]LogConfig: Setting CVar [[r.VolumetricFog.GridPixelSize:8]]
[2020.12.21-04.35.13:273][  0]LogConfig: Setting CVar [[r.VolumetricFog.GridSizeZ:128]]
[2020.12.21-04.35.13:273][  0]LogConfig: Setting CVar [[r.VolumetricFog.HistoryMissSupersampleCount:4]]
[2020.12.21-04.35.13:273][  0]LogConfig: Setting CVar [[r.LightMaxDrawDistanceScale:1]]
[2020.12.21-04.35.13:273][  0]LogConfig: Setting CVar [[r.CapsuleShadows:1]]
[2020.12.21-04.35.13:273][  0]LogConfig: Applying CVar settings from Section [PostProcessQuality@3] File [F:/old desktop/Games/My games/Robogoo group/RoboGoo/RoboGooCPlusPlus/Saved/Config/Windows/Scalability.ini]
[2020.12.21-04.35.13:273][  0]LogConfig: Setting CVar [[r.MotionBlurQuality:4]]
[2020.12.21-04.35.13:273][  0]LogConfig: Setting CVar [[r.AmbientOcclusionMipLevelFactor:0.4]]
[2020.12.21-04.35.13:273][  0]LogConfig: Setting CVar [[r.AmbientOcclusionMaxQuality:100]]
[2020.12.21-04.35.13:273][  0]LogConfig: Setting CVar [[r.AmbientOcclusionLevels:-1]]
[2020.12.21-04.35.13:273][  0]LogConfig: Setting CVar [[r.AmbientOcclusionRadiusScale:1.0]]
[2020.12.21-04.35.13:273][  0]LogConfig: Setting CVar [[r.DepthOfFieldQuality:2]]
[2020.12.21-04.35.13:273][  0]LogConfig: Setting CVar [[r.RenderTargetPoolMin:400]]
[2020.12.21-04.35.13:273][  0]LogConfig: Setting CVar [[r.LensFlareQuality:2]]
[2020.12.21-04.35.13:273][  0]LogConfig: Setting CVar [[r.SceneColorFringeQuality:1]]
[2020.12.21-04.35.13:273][  0]LogConfig: Setting CVar [[r.EyeAdaptationQuality:2]]
[2020.12.21-04.35.13:273][  0]LogConfig: Setting CVar [[r.BloomQuality:5]]
[2020.12.21-04.35.13:273][  0]LogConfig: Setting CVar [[r.FastBlurThreshold:100]]
[2020.12.21-04.35.13:273][  0]LogConfig: Setting CVar [[r.Upscale.Quality:3]]
[2020.12.21-04.35.13:273][  0]LogConfig: Setting CVar [[r.Tonemapper.GrainQuantization:1]]
[2020.12.21-04.35.13:273][  0]LogConfig: Setting CVar [[r.LightShaftQuality:1]]
[2020.12.21-04.35.13:273][  0]LogConfig: Setting CVar [[r.Filter.SizeScale:1]]
[2020.12.21-04.35.13:273][  0]LogConfig: Setting CVar [[r.Tonemapper.Quality:5]]
[2020.12.21-04.35.13:273][  0]LogConfig: Setting CVar [[r.DOF.Gather.AccumulatorQuality:1        ; higher gathering accumulator quality]]
[2020.12.21-04.35.13:273][  0]LogConfig: Setting CVar [[r.DOF.Gather.PostfilterMethod:1          ; Median3x3 postfilering method]]
[2020.12.21-04.35.13:273][  0]LogConfig: Setting CVar [[r.DOF.Gather.EnableBokehSettings:0       ; no bokeh simulation when gathering]]
[2020.12.21-04.35.13:273][  0]LogConfig: Setting CVar [[r.DOF.Gather.RingCount:4                 ; medium number of samples when gathering]]
[2020.12.21-04.35.13:273][  0]LogConfig: Setting CVar [[r.DOF.Scatter.ForegroundCompositing:1    ; additive foreground scattering]]
[2020.12.21-04.35.13:273][  0]LogConfig: Setting CVar [[r.DOF.Scatter.BackgroundCompositing:2    ; additive background scattering]]
[2020.12.21-04.35.13:273][  0]LogConfig: Setting CVar [[r.DOF.Scatter.EnableBokehSettings:1      ; bokeh simulation when scattering]]
[2020.12.21-04.35.13:273][  0]LogConfig: Setting CVar [[r.DOF.Scatter.MaxSpriteRatio:0.1         ; only a maximum of 10% of scattered bokeh]]
[2020.12.21-04.35.13:273][  0]LogConfig: Setting CVar [[r.DOF.Recombine.Quality:1                ; cheap slight out of focus]]
[2020.12.21-04.35.13:273][  0]LogConfig: Setting CVar [[r.DOF.Recombine.EnableBokehSettings:0    ; no bokeh simulation on slight out of focus]]
[2020.12.21-04.35.13:273][  0]LogConfig: Setting CVar [[r.DOF.TemporalAAQuality:1                ; more stable temporal accumulation]]
[2020.12.21-04.35.13:273][  0]LogConfig: Setting CVar [[r.DOF.Kernel.MaxForegroundRadius:0.025]]
[2020.12.21-04.35.13:273][  0]LogConfig: Setting CVar [[r.DOF.Kernel.MaxBackgroundRadius:0.025]]
[2020.12.21-04.35.13:273][  0]LogConfig: Applying CVar settings from Section [TextureQuality@3] File [F:/old desktop/Games/My games/Robogoo group/RoboGoo/RoboGooCPlusPlus/Saved/Config/Windows/Scalability.ini]
[2020.12.21-04.35.13:273][  0]LogConfig: Setting CVar [[r.Streaming.MipBias:0]]
[2020.12.21-04.35.13:273][  0]LogConfig: Setting CVar [[r.Streaming.AmortizeCPUToGPUCopy:0]]
[2020.12.21-04.35.13:273][  0]LogConfig: Setting CVar [[r.Streaming.MaxNumTexturesToStreamPerFrame:0]]
[2020.12.21-04.35.13:273][  0]LogConfig: Setting CVar [[r.Streaming.Boost:1]]
[2020.12.21-04.35.13:273][  0]LogConfig: Setting CVar [[r.MaxAnisotropy:8]]
[2020.12.21-04.35.13:273][  0]LogConfig: Setting CVar [[r.VT.MaxAnisotropy:8]]
[2020.12.21-04.35.13:273][  0]LogConfig: Setting CVar [[r.Streaming.LimitPoolSizeToVRAM:0]]
[2020.12.21-04.35.13:273][  0]LogConfig: Setting CVar [[r.Streaming.PoolSize:1000]]
[2020.12.21-04.35.13:273][  0]LogConfig: Setting CVar [[r.Streaming.MaxEffectiveScreenSize:0]]
[2020.12.21-04.35.13:273][  0]LogConfig: Applying CVar settings from Section [EffectsQuality@3] File [F:/old desktop/Games/My games/Robogoo group/RoboGoo/RoboGooCPlusPlus/Saved/Config/Windows/Scalability.ini]
[2020.12.21-04.35.13:273][  0]LogConfig: Setting CVar [[r.TranslucencyLightingVolumeDim:64]]
[2020.12.21-04.35.13:273][  0]LogConfig: Setting CVar [[r.RefractionQuality:2]]
[2020.12.21-04.35.13:273][  0]LogConfig: Setting CVar [[r.SSR.Quality:3]]
[2020.12.21-04.35.13:273][  0]LogConfig: Setting CVar [[r.SSR.HalfResSceneColor:0]]
[2020.12.21-04.35.13:273][  0]LogConfig: Setting CVar [[r.SceneColorFormat:4]]
[2020.12.21-04.35.13:273][  0]LogConfig: Setting CVar [[r.DetailMode:2]]
[2020.12.21-04.35.13:273][  0]LogConfig: Setting CVar [[r.TranslucencyVolumeBlur:1]]
[2020.12.21-04.35.13:273][  0]LogConfig: Setting CVar [[r.MaterialQualityLevel:1 ; High quality]]
[2020.12.21-04.35.13:273][  0]LogConfig: Setting CVar [[r.SSS.Scale:1]]
[2020.12.21-04.35.13:273][  0]LogConfig: Setting CVar [[r.SSS.SampleSet:2]]
[2020.12.21-04.35.13:273][  0]LogConfig: Setting CVar [[r.SSS.Quality:1]]
[2020.12.21-04.35.13:273][  0]LogConfig: Setting CVar [[r.SSS.HalfRes:0]]
[2020.12.21-04.35.13:273][  0]LogConfig: Setting CVar [[r.SSGI.Quality:3]]
[2020.12.21-04.35.13:273][  0]LogConfig: Setting CVar [[r.EmitterSpawnRateScale:1.0]]
[2020.12.21-04.35.13:273][  0]LogConfig: Setting CVar [[r.ParticleLightQuality:2]]
[2020.12.21-04.35.13:273][  0]LogConfig: Setting CVar [[r.SkyAtmosphere.AerialPerspectiveLUT.FastApplyOnOpaque:1 ; Always have FastSkyLUT 1 in this case to avoid wrong sky]]
[2020.12.21-04.35.13:273][  0]LogConfig: Setting CVar [[r.SkyAtmosphere.AerialPerspectiveLUT.SampleCountPerSlice:1]]
[2020.12.21-04.35.13:273][  0]LogConfig: Setting CVar [[r.SkyAtmosphere.AerialPerspectiveLUT.DepthResolution:16.0]]
[2020.12.21-04.35.13:273][  0]LogConfig: Setting CVar [[r.SkyAtmosphere.FastSkyLUT:1]]
[2020.12.21-04.35.13:273][  0]LogConfig: Setting CVar [[r.SkyAtmosphere.FastSkyLUT.SampleCountMin:4.0]]
[2020.12.21-04.35.13:274][  0]LogConfig: Setting CVar [[r.SkyAtmosphere.FastSkyLUT.SampleCountMax:32.0]]
[2020.12.21-04.35.13:274][  0]LogConfig: Setting CVar [[r.SkyAtmosphere.SampleCountMin:4.0]]
[2020.12.21-04.35.13:274][  0]LogConfig: Setting CVar [[r.SkyAtmosphere.SampleCountMax:32.0]]
[2020.12.21-04.35.13:274][  0]LogConfig: Setting CVar [[r.SkyAtmosphere.TransmittanceLUT.UseSmallFormat:0]]
[2020.12.21-04.35.13:274][  0]LogConfig: Setting CVar [[r.SkyAtmosphere.TransmittanceLUT.SampleCount:10.0]]
[2020.12.21-04.35.13:274][  0]LogConfig: Setting CVar [[r.SkyAtmosphere.MultiScatteringLUT.SampleCount:15.0]]
[2020.12.21-04.35.13:274][  0]LogConfig: Applying CVar settings from Section [FoliageQuality@3] File [F:/old desktop/Games/My games/Robogoo group/RoboGoo/RoboGooCPlusPlus/Saved/Config/Windows/Scalability.ini]
[2020.12.21-04.35.13:274][  0]LogConfig: Setting CVar [[foliage.DensityScale:1.0]]
[2020.12.21-04.35.13:274][  0]LogConfig: Setting CVar [[grass.DensityScale:1.0]]
[2020.12.21-04.35.13:274][  0]LogConfig: Applying CVar settings from Section [ShadingQuality@3] File [F:/old desktop/Games/My games/Robogoo group/RoboGoo/RoboGooCPlusPlus/Saved/Config/Windows/Scalability.ini]
[2020.12.21-04.35.13:274][  0]LogConfig: Setting CVar [[r.HairStrands.SkyLighting.SampleCount:16]]
[2020.12.21-04.35.13:274][  0]LogConfig: Setting CVar [[r.HairStrands.SkyLighting.JitterIntegration:0]]
[2020.12.21-04.35.13:274][  0]LogConfig: Setting CVar [[r.HairStrands.SkyAO.SampleCount:16]]
[2020.12.21-04.35.13:274][  0]LogConfig: Setting CVar [[r.HairStrands.DeepShadow.SuperSampling:0]]
[2020.12.21-04.35.13:274][  0]LogConfig: Setting CVar [[r.HairStrands.VisibilityPPLL:0]]
[2020.12.21-04.35.13:274][  0]LogConfig: Setting CVar [[r.HairStrands.RasterizationScale:0.5]]
[2020.12.21-04.35.13:274][  0]LogConfig: Setting CVar [[r.HairStrands.VelocityRasterizationScale:1]]
[2020.12.21-04.35.13:274][  0]LogInit: Selected Device Profile: [Windows]
[2020.12.21-04.35.13:274][  0]LogInit: Applying CVar settings loaded from the selected device profile: [Windows]
[2020.12.21-04.35.13:274][  0]LogHAL: Display: Platform has ~ 16 GB [17103970304 / 17179869184 / 16], which maps to Larger [LargestMinGB=32, LargerMinGB=12, DefaultMinGB=8, SmallerMinGB=6, SmallestMinGB=0)
[2020.12.21-04.35.13:274][  0]LogInit: Going up to parent DeviceProfile []
[2020.12.21-04.35.13:274][  0]LogConfig: Applying CVar settings from Section [ViewDistanceQuality@3] File [F:/old desktop/Games/My games/Robogoo group/RoboGoo/RoboGooCPlusPlus/Saved/Config/Windows/Scalability.ini]
[2020.12.21-04.35.13:274][  0]LogConfig: Setting CVar [[r.SkeletalMeshLODBias:0]]
[2020.12.21-04.35.13:274][  0]LogConfig: Setting CVar [[r.ViewDistanceScale:1.0]]
[2020.12.21-04.35.13:274][  0]LogConfig: Applying CVar settings from Section [AntiAliasingQuality@3] File [F:/old desktop/Games/My games/Robogoo group/RoboGoo/RoboGooCPlusPlus/Saved/Config/Windows/Scalability.ini]
[2020.12.21-04.35.13:274][  0]LogConfig: Setting CVar [[r.PostProcessAAQuality:4]]
[2020.12.21-04.35.13:274][  0]LogConfig: Applying CVar settings from Section [ShadowQuality@3] File [F:/old desktop/Games/My games/Robogoo group/RoboGoo/RoboGooCPlusPlus/Saved/Config/Windows/Scalability.ini]
[2020.12.21-04.35.13:274][  0]LogConfig: Setting CVar [[r.LightFunctionQuality:1]]
[2020.12.21-04.35.13:274][  0]LogConfig: Setting CVar [[r.ShadowQuality:5]]
[2020.12.21-04.35.13:274][  0]LogConfig: Setting CVar [[r.Shadow.CSM.MaxCascades:10]]
[2020.12.21-04.35.13:274][  0]LogConfig: Setting CVar [[r.Shadow.MaxResolution:2048]]
[2020.12.21-04.35.13:274][  0]LogConfig: Setting CVar [[r.Shadow.MaxCSMResolution:2048]]
[2020.12.21-04.35.13:274][  0]LogConfig: Setting CVar [[r.Shadow.RadiusThreshold:0.01]]
[2020.12.21-04.35.13:274][  0]LogConfig: Setting CVar [[r.Shadow.DistanceScale:1.0]]
[2020.12.21-04.35.13:274][  0]LogConfig: Setting CVar [[r.Shadow.CSM.TransitionScale:1.0]]
[2020.12.21-04.35.13:274][  0]LogConfig: Setting CVar [[r.Shadow.PreShadowResolutionFactor:1.0]]
[2020.12.21-04.35.13:274][  0]LogConfig: Setting CVar [[r.DistanceFieldShadowing:1]]
[2020.12.21-04.35.13:274][  0]LogConfig: Setting CVar [[r.DistanceFieldAO:1]]
[2020.12.21-04.35.13:274][  0]LogConfig: Setting CVar [[r.AOQuality:2]]
[2020.12.21-04.35.13:274][  0]LogConfig: Setting CVar [[r.VolumetricFog:1]]
[2020.12.21-04.35.13:274][  0]LogConfig: Setting CVar [[r.VolumetricFog.GridPixelSize:8]]
[2020.12.21-04.35.13:274][  0]LogConfig: Setting CVar [[r.VolumetricFog.GridSizeZ:128]]
[2020.12.21-04.35.13:274][  0]LogConfig: Setting CVar [[r.VolumetricFog.HistoryMissSupersampleCount:4]]
[2020.12.21-04.35.13:274][  0]LogConfig: Setting CVar [[r.LightMaxDrawDistanceScale:1]]
[2020.12.21-04.35.13:274][  0]LogConfig: Setting CVar [[r.CapsuleShadows:1]]
[2020.12.21-04.35.13:274][  0]LogConfig: Applying CVar settings from Section [PostProcessQuality@3] File [F:/old desktop/Games/My games/Robogoo group/RoboGoo/RoboGooCPlusPlus/Saved/Config/Windows/Scalability.ini]
[2020.12.21-04.35.13:274][  0]LogConfig: Setting CVar [[r.MotionBlurQuality:4]]
[2020.12.21-04.35.13:274][  0]LogConfig: Setting CVar [[r.AmbientOcclusionMipLevelFactor:0.4]]
[2020.12.21-04.35.13:274][  0]LogConfig: Setting CVar [[r.AmbientOcclusionMaxQuality:100]]
[2020.12.21-04.35.13:274][  0]LogConfig: Setting CVar [[r.AmbientOcclusionLevels:-1]]
[2020.12.21-04.35.13:274][  0]LogConfig: Setting CVar [[r.AmbientOcclusionRadiusScale:1.0]]
[2020.12.21-04.35.13:274][  0]LogConfig: Setting CVar [[r.DepthOfFieldQuality:2]]
[2020.12.21-04.35.13:274][  0]LogConfig: Setting CVar [[r.RenderTargetPoolMin:400]]
[2020.12.21-04.35.13:274][  0]LogConfig: Setting CVar [[r.LensFlareQuality:2]]
[2020.12.21-04.35.13:274][  0]LogConfig: Setting CVar [[r.SceneColorFringeQuality:1]]
[2020.12.21-04.35.13:274][  0]LogConfig: Setting CVar [[r.EyeAdaptationQuality:2]]
[2020.12.21-04.35.13:274][  0]LogConfig: Setting CVar [[r.BloomQuality:5]]
[2020.12.21-04.35.13:274][  0]LogConfig: Setting CVar [[r.FastBlurThreshold:100]]
[2020.12.21-04.35.13:274][  0]LogConfig: Setting CVar [[r.Upscale.Quality:3]]
[2020.12.21-04.35.13:274][  0]LogConfig: Setting CVar [[r.Tonemapper.GrainQuantization:1]]
[2020.12.21-04.35.13:274][  0]LogConfig: Setting CVar [[r.LightShaftQuality:1]]
[2020.12.21-04.35.13:274][  0]LogConfig: Setting CVar [[r.Filter.SizeScale:1]]
[2020.12.21-04.35.13:274][  0]LogConfig: Setting CVar [[r.Tonemapper.Quality:5]]
[2020.12.21-04.35.13:274][  0]LogConfig: Setting CVar [[r.DOF.Gather.AccumulatorQuality:1        ; higher gathering accumulator quality]]
[2020.12.21-04.35.13:274][  0]LogConfig: Setting CVar [[r.DOF.Gather.PostfilterMethod:1          ; Median3x3 postfilering method]]
[2020.12.21-04.35.13:274][  0]LogConfig: Setting CVar [[r.DOF.Gather.EnableBokehSettings:0       ; no bokeh simulation when gathering]]
[2020.12.21-04.35.13:274][  0]LogConfig: Setting CVar [[r.DOF.Gather.RingCount:4                 ; medium number of samples when gathering]]
[2020.12.21-04.35.13:274][  0]LogConfig: Setting CVar [[r.DOF.Scatter.ForegroundCompositing:1    ; additive foreground scattering]]
[2020.12.21-04.35.13:274][  0]LogConfig: Setting CVar [[r.DOF.Scatter.BackgroundCompositing:2    ; additive background scattering]]
[2020.12.21-04.35.13:274][  0]LogConfig: Setting CVar [[r.DOF.Scatter.EnableBokehSettings:1      ; bokeh simulation when scattering]]
[2020.12.21-04.35.13:274][  0]LogConfig: Setting CVar [[r.DOF.Scatter.MaxSpriteRatio:0.1         ; only a maximum of 10% of scattered bokeh]]
[2020.12.21-04.35.13:274][  0]LogConfig: Setting CVar [[r.DOF.Recombine.Quality:1                ; cheap slight out of focus]]
[2020.12.21-04.35.13:274][  0]LogConfig: Setting CVar [[r.DOF.Recombine.EnableBokehSettings:0    ; no bokeh simulation on slight out of focus]]
[2020.12.21-04.35.13:274][  0]LogConfig: Setting CVar [[r.DOF.TemporalAAQuality:1                ; more stable temporal accumulation]]
[2020.12.21-04.35.13:275][  0]LogConfig: Setting CVar [[r.DOF.Kernel.MaxForegroundRadius:0.025]]
[2020.12.21-04.35.13:275][  0]LogConfig: Setting CVar [[r.DOF.Kernel.MaxBackgroundRadius:0.025]]
[2020.12.21-04.35.13:275][  0]LogConfig: Applying CVar settings from Section [TextureQuality@3] File [F:/old desktop/Games/My games/Robogoo group/RoboGoo/RoboGooCPlusPlus/Saved/Config/Windows/Scalability.ini]
[2020.12.21-04.35.13:275][  0]LogConfig: Setting CVar [[r.Streaming.MipBias:0]]
[2020.12.21-04.35.13:275][  0]LogConfig: Setting CVar [[r.Streaming.AmortizeCPUToGPUCopy:0]]
[2020.12.21-04.35.13:275][  0]LogConfig: Setting CVar [[r.Streaming.MaxNumTexturesToStreamPerFrame:0]]
[2020.12.21-04.35.13:275][  0]LogConfig: Setting CVar [[r.Streaming.Boost:1]]
[2020.12.21-04.35.13:275][  0]LogConfig: Setting CVar [[r.MaxAnisotropy:8]]
[2020.12.21-04.35.13:275][  0]LogConfig: Setting CVar [[r.VT.MaxAnisotropy:8]]
[2020.12.21-04.35.13:275][  0]LogConfig: Setting CVar [[r.Streaming.LimitPoolSizeToVRAM:0]]
[2020.12.21-04.35.13:275][  0]LogConfig: Setting CVar [[r.Streaming.PoolSize:1000]]
[2020.12.21-04.35.13:275][  0]LogConfig: Setting CVar [[r.Streaming.MaxEffectiveScreenSize:0]]
[2020.12.21-04.35.13:275][  0]LogConfig: Applying CVar settings from Section [EffectsQuality@3] File [F:/old desktop/Games/My games/Robogoo group/RoboGoo/RoboGooCPlusPlus/Saved/Config/Windows/Scalability.ini]
[2020.12.21-04.35.13:275][  0]LogConfig: Setting CVar [[r.TranslucencyLightingVolumeDim:64]]
[2020.12.21-04.35.13:275][  0]LogConfig: Setting CVar [[r.RefractionQuality:2]]
[2020.12.21-04.35.13:275][  0]LogConfig: Setting CVar [[r.SSR.Quality:3]]
[2020.12.21-04.35.13:275][  0]LogConfig: Setting CVar [[r.SSR.HalfResSceneColor:0]]
[2020.12.21-04.35.13:275][  0]LogConfig: Setting CVar [[r.SceneColorFormat:4]]
[2020.12.21-04.35.13:275][  0]LogConfig: Setting CVar [[r.DetailMode:2]]
[2020.12.21-04.35.13:275][  0]LogConfig: Setting CVar [[r.TranslucencyVolumeBlur:1]]
[2020.12.21-04.35.13:275][  0]LogConfig: Setting CVar [[r.MaterialQualityLevel:1 ; High quality]]
[2020.12.21-04.35.13:275][  0]LogConfig: Setting CVar [[r.SSS.Scale:1]]
[2020.12.21-04.35.13:275][  0]LogConfig: Setting CVar [[r.SSS.SampleSet:2]]
[2020.12.21-04.35.13:275][  0]LogConfig: Setting CVar [[r.SSS.Quality:1]]
[2020.12.21-04.35.13:275][  0]LogConfig: Setting CVar [[r.SSS.HalfRes:0]]
[2020.12.21-04.35.13:275][  0]LogConfig: Setting CVar [[r.SSGI.Quality:3]]
[2020.12.21-04.35.13:275][  0]LogConfig: Setting CVar [[r.EmitterSpawnRateScale:1.0]]
[2020.12.21-04.35.13:275][  0]LogConfig: Setting CVar [[r.ParticleLightQuality:2]]
[2020.12.21-04.35.13:275][  0]LogConfig: Setting CVar [[r.SkyAtmosphere.AerialPerspectiveLUT.FastApplyOnOpaque:1 ; Always have FastSkyLUT 1 in this case to avoid wrong sky]]
[2020.12.21-04.35.13:275][  0]LogConfig: Setting CVar [[r.SkyAtmosphere.AerialPerspectiveLUT.SampleCountPerSlice:1]]
[2020.12.21-04.35.13:275][  0]LogConfig: Setting CVar [[r.SkyAtmosphere.AerialPerspectiveLUT.DepthResolution:16.0]]
[2020.12.21-04.35.13:275][  0]LogConfig: Setting CVar [[r.SkyAtmosphere.FastSkyLUT:1]]
[2020.12.21-04.35.13:275][  0]LogConfig: Setting CVar [[r.SkyAtmosphere.FastSkyLUT.SampleCountMin:4.0]]
[2020.12.21-04.35.13:275][  0]LogConfig: Setting CVar [[r.SkyAtmosphere.FastSkyLUT.SampleCountMax:32.0]]
[2020.12.21-04.35.13:275][  0]LogConfig: Setting CVar [[r.SkyAtmosphere.SampleCountMin:4.0]]
[2020.12.21-04.35.13:275][  0]LogConfig: Setting CVar [[r.SkyAtmosphere.SampleCountMax:32.0]]
[2020.12.21-04.35.13:275][  0]LogConfig: Setting CVar [[r.SkyAtmosphere.TransmittanceLUT.UseSmallFormat:0]]
[2020.12.21-04.35.13:275][  0]LogConfig: Setting CVar [[r.SkyAtmosphere.TransmittanceLUT.SampleCount:10.0]]
[2020.12.21-04.35.13:275][  0]LogConfig: Setting CVar [[r.SkyAtmosphere.MultiScatteringLUT.SampleCount:15.0]]
[2020.12.21-04.35.13:275][  0]LogConfig: Applying CVar settings from Section [FoliageQuality@3] File [F:/old desktop/Games/My games/Robogoo group/RoboGoo/RoboGooCPlusPlus/Saved/Config/Windows/Scalability.ini]
[2020.12.21-04.35.13:275][  0]LogConfig: Setting CVar [[foliage.DensityScale:1.0]]
[2020.12.21-04.35.13:275][  0]LogConfig: Setting CVar [[grass.DensityScale:1.0]]
[2020.12.21-04.35.13:275][  0]LogConfig: Applying CVar settings from Section [ShadingQuality@3] File [F:/old desktop/Games/My games/Robogoo group/RoboGoo/RoboGooCPlusPlus/Saved/Config/Windows/Scalability.ini]
[2020.12.21-04.35.13:275][  0]LogConfig: Setting CVar [[r.HairStrands.SkyLighting.SampleCount:16]]
[2020.12.21-04.35.13:275][  0]LogConfig: Setting CVar [[r.HairStrands.SkyLighting.JitterIntegration:0]]
[2020.12.21-04.35.13:275][  0]LogConfig: Setting CVar [[r.HairStrands.SkyAO.SampleCount:16]]
[2020.12.21-04.35.13:275][  0]LogConfig: Setting CVar [[r.HairStrands.DeepShadow.SuperSampling:0]]
[2020.12.21-04.35.13:275][  0]LogConfig: Setting CVar [[r.HairStrands.VisibilityPPLL:0]]
[2020.12.21-04.35.13:275][  0]LogConfig: Setting CVar [[r.HairStrands.RasterizationScale:0.5]]
[2020.12.21-04.35.13:275][  0]LogConfig: Setting CVar [[r.HairStrands.VelocityRasterizationScale:1]]
[2020.12.21-04.35.13:275][  0]LogConfig: Applying CVar settings from Section [Startup] File [../../../Engine/Config/ConsoleVariables.ini]
[2020.12.21-04.35.13:275][  0]LogConfig: Setting CVar [[net.UseAdaptiveNetUpdateFrequency:0]]
[2020.12.21-04.35.13:275][  0]LogConfig: Setting CVar [[p.chaos.AllowCreatePhysxBodies:1]]
[2020.12.21-04.35.13:275][  0]LogConfig: Setting CVar [[fx.SkipVectorVMBackendOptimizations:1]]
[2020.12.21-04.35.13:275][  0]LogConfig: Applying CVar settings from Section [ConsoleVariables] File [F:/old desktop/Games/My games/Robogoo group/RoboGoo/RoboGooCPlusPlus/Saved/Config/Windows/Engine.ini]
[2020.12.21-04.35.13:276][  0]LogInit: Computer: JONDIVE
[2020.12.21-04.35.13:276][  0]LogInit: User: Jondive
[2020.12.21-04.35.13:276][  0]LogInit: CPU Page size=4096, Cores=6
[2020.12.21-04.35.13:276][  0]LogInit: High frequency timer resolution =10.000000 MHz
[2020.12.21-04.35.13:276][  0]LogMemory: Memory total: Physical=15.9GB (16GB approx)
[2020.12.21-04.35.13:276][  0]LogMemory: Platform Memory Stats for Windows
[2020.12.21-04.35.13:276][  0]LogMemory: Process Physical Memory: 114.41 MB used, 114.42 MB peak
[2020.12.21-04.35.13:276][  0]LogMemory: Process Virtual Memory: 103.96 MB used, 103.96 MB peak
[2020.12.21-04.35.13:276][  0]LogMemory: Physical Memory: 9120.12 MB used,  7191.50 MB free, 16311.62 MB total
[2020.12.21-04.35.13:276][  0]LogMemory: Virtual Memory: 5144.14 MB used,  134212584.00 MB free, 134217728.00 MB total
[2020.12.21-04.35.13:281][  0]LogWindows: WindowsPlatformFeatures enabled
[2020.12.21-04.35.13:329][  0]LogInit: Physics initialised using underlying interface: PhysX
[2020.12.21-04.35.13:330][  0]LogInit: Using OS detected language (en-GB).
[2020.12.21-04.35.13:330][  0]LogInit: Using OS detected locale (en-GB).
[2020.12.21-04.35.13:332][  0]LogTextLocalizationManager: No specific localization for 'en-GB' exists, so the 'en' localization will be used.
[2020.12.21-04.35.13:497][  0]LogInit: Setting process to per monitor DPI aware
[2020.12.21-04.35.13:537][  0]LogSlate: New Slate User Created.  User Index 0, Is Virtual User: 0
[2020.12.21-04.35.13:537][  0]LogSlate: Slate User Registered.  User Index 0, Is Virtual User: 0
[2020.12.21-04.35.13:738][  0]LogD3D11RHI: D3D11 min allowed feature level: 11_0
[2020.12.21-04.35.13:738][  0]LogD3D11RHI: D3D11 max allowed feature level: 11_0
[2020.12.21-04.35.13:738][  0]LogD3D11RHI: D3D11 adapters:
[2020.12.21-04.35.13:834][  0]LogD3D11RHI:    0. 'NVIDIA GeForce GTX 1080' (Feature Level 11_0)
[2020.12.21-04.35.13:834][  0]LogD3D11RHI:       8079/0/8155 MB DedicatedVideo/DedicatedSystem/SharedSystem, Outputs:3, VendorId:0x10de
[2020.12.21-04.35.13:837][  0]LogD3D11RHI:    1. 'Microsoft Basic Render Driver' (Feature Level 11_0)
[2020.12.21-04.35.13:837][  0]LogD3D11RHI:       0/0/8155 MB DedicatedVideo/DedicatedSystem/SharedSystem, Outputs:0, VendorId:0x1414
[2020.12.21-04.35.13:837][  0]LogD3D11RHI: Chosen D3D11 Adapter: 0
[2020.12.21-04.35.13:851][  0]LogD3D11RHI: Creating new Direct3DDevice
[2020.12.21-04.35.13:851][  0]LogD3D11RHI:     GPU DeviceId: 0x1b80 (for the marketing name, search the web for "GPU Device Id")
[2020.12.21-04.35.13:851][  0]LogWindows: EnumDisplayDevices:
[2020.12.21-04.35.13:851][  0]LogWindows:    0. 'NVIDIA GeForce GTX 1080' (P:1 D:1)
[2020.12.21-04.35.13:851][  0]LogWindows:    1. 'NVIDIA GeForce GTX 1080' (P:0 D:1)
[2020.12.21-04.35.13:851][  0]LogWindows:    2. 'NVIDIA GeForce GTX 1080' (P:0 D:1)
[2020.12.21-04.35.13:852][  0]LogWindows:    3. 'NVIDIA GeForce GTX 1080' (P:0 D:0)
[2020.12.21-04.35.13:852][  0]LogWindows: DebugString: FoundDriverCount:4 
[2020.12.21-04.35.13:852][  0]LogD3D11RHI:     Adapter Name: NVIDIA GeForce GTX 1080
[2020.12.21-04.35.13:852][  0]LogD3D11RHI:   Driver Version: 460.89 (internal:27.21.14.6089, unified:460.89)
[2020.12.21-04.35.13:852][  0]LogD3D11RHI:      Driver Date: 12-11-2020
[2020.12.21-04.35.13:852][  0]LogRHI: Texture pool is 5655 MB (70% of 8079 MB)
[2020.12.21-04.35.13:939][  0]LogD3D11RHI: RHI has support for 64 bit atomics
[2020.12.21-04.35.13:939][  0]LogD3D11RHI: Async texture creation enabled
[2020.12.21-04.35.13:939][  0]LogD3D11RHI: Array index from any shader is supported
[2020.12.21-04.35.13:957][  0]LogD3D11RHI: GPU Timing Frequency: 1000.000000 (Debug: 2 1)
[2020.12.21-04.35.14:227][  0]LogTargetPlatformManager: Display: Loaded TargetPlatform 'AllDesktop'
[2020.12.21-04.35.14:247][  0]LogTargetPlatformManager: Display: Loaded TargetPlatform 'Android'
[2020.12.21-04.35.14:247][  0]LogTargetPlatformManager: Display: Loaded TargetPlatform 'Android_ASTC'
[2020.12.21-04.35.14:247][  0]LogTargetPlatformManager: Display: Loaded TargetPlatform 'Android_DXT'
[2020.12.21-04.35.14:247][  0]LogTargetPlatformManager: Display: Loaded TargetPlatform 'Android_ETC2'
[2020.12.21-04.35.14:247][  0]LogTargetPlatformManager: Display: Loaded TargetPlatform 'AndroidClient'
[2020.12.21-04.35.14:247][  0]LogTargetPlatformManager: Display: Loaded TargetPlatform 'Android_ASTCClient'
[2020.12.21-04.35.14:247][  0]LogTargetPlatformManager: Display: Loaded TargetPlatform 'Android_DXTClient'
[2020.12.21-04.35.14:247][  0]LogTargetPlatformManager: Display: Loaded TargetPlatform 'Android_ETC2Client'
[2020.12.21-04.35.14:247][  0]LogTargetPlatformManager: Display: Loaded TargetPlatform 'Android_Multi'
[2020.12.21-04.35.14:247][  0]LogTargetPlatformManager: Display: Loaded TargetPlatform 'Android_MultiClient'
[2020.12.21-04.35.14:268][  0]LogTargetPlatformManager: Display: Loaded TargetPlatform 'IOSClient'
[2020.12.21-04.35.14:268][  0]LogTargetPlatformManager: Display: Loaded TargetPlatform 'IOS'
[2020.12.21-04.35.14:277][  0]LogTargetPlatformManager: Display: Loaded TargetPlatform 'Linux'
[2020.12.21-04.35.14:286][  0]LogTargetPlatformManager: Display: Loaded TargetPlatform 'LinuxNoEditor'
[2020.12.21-04.35.14:294][  0]LogTargetPlatformManager: Display: Loaded TargetPlatform 'LinuxClient'
[2020.12.21-04.35.14:302][  0]LogTargetPlatformManager: Display: Loaded TargetPlatform 'LinuxServer'
[2020.12.21-04.35.14:311][  0]LogTargetPlatformManager: Display: Loaded TargetPlatform 'LinuxAArch64NoEditor'
[2020.12.21-04.35.14:319][  0]LogTargetPlatformManager: Display: Loaded TargetPlatform 'LinuxAArch64Client'
[2020.12.21-04.35.14:328][  0]LogTargetPlatformManager: Display: Loaded TargetPlatform 'LinuxAArch64Server'
[2020.12.21-04.35.14:351][  0]LogTargetPlatformManager: Display: Loaded TargetPlatform 'Lumin'
[2020.12.21-04.35.14:351][  0]LogTargetPlatformManager: Display: Loaded TargetPlatform 'LuminClient'
[2020.12.21-04.35.14:365][  0]LogTargetPlatformManager: Display: Loaded TargetPlatform 'TVOSClient'
[2020.12.21-04.35.14:365][  0]LogTargetPlatformManager: Display: Loaded TargetPlatform 'TVOS'
[2020.12.21-04.35.14:373][  0]LogTargetPlatformManager: Display: Loaded TargetPlatform 'WindowsNoEditor'
[2020.12.21-04.35.14:382][  0]LogTargetPlatformManager: Display: Loaded TargetPlatform 'Windows'
[2020.12.21-04.35.14:390][  0]LogTargetPlatformManager: Display: Loaded TargetPlatform 'WindowsClient'
[2020.12.21-04.35.14:399][  0]LogTargetPlatformManager: Display: Loaded TargetPlatform 'WindowsServer'
[2020.12.21-04.35.14:399][  0]LogTargetPlatformManager: Display: Building Assets For Windows
[2020.12.21-04.35.14:406][  0]LogAudioDebug: Display: Lib vorbis DLL was dynamically loaded.
[2020.12.21-04.35.14:460][  0]LogShaderCompilers: Guid format shader working directory is -21 characters bigger than the processId version (F:/old desktop/Games/My games/Robogoo group/RoboGoo/RoboGooCPlusPlus/Intermediate/Shaders/WorkingDirectory/22916/).
[2020.12.21-04.35.14:460][  0]LogShaderCompilers: Cleaned the shader compiler working directory 'C:/Users/Jondive/AppData/Local/Temp/UnrealShaderWorkingDir/0F5CE2C44AAAE8738D771783FCFC892F/'.
[2020.12.21-04.35.14:460][  0]LogXGEController: Cleaning working directory: C:/Users/Jondive/AppData/Local/Temp/UnrealXGEWorkingDir/
[2020.12.21-04.35.14:461][  0]LogXGEController: Cannot use XGE Controller as Incredibuild is not installed on this machine.
[2020.12.21-04.35.14:461][  0]LogShaderCompilers: Cannot use XGE Shader Compiler as Incredibuild is not installed on this machine.
[2020.12.21-04.35.14:461][  0]LogShaderCompilers: Display: Using Local Shader Compiler.
[2020.12.21-04.35.15:196][  0]LogDerivedDataCache: Display: Max Cache Size: 512 MB
[2020.12.21-04.35.15:249][  0]LogDerivedDataCache: Loaded boot cache 0.05s 79MB C:/Users/Jondive/AppData/Local/UnrealEngine/4.25/DerivedDataCache/Boot.ddc.
[2020.12.21-04.35.15:250][  0]LogDerivedDataCache: Display: Loaded Boot cache: C:/Users/Jondive/AppData/Local/UnrealEngine/4.25/DerivedDataCache/Boot.ddc
[2020.12.21-04.35.15:250][  0]LogDerivedDataCache: FDerivedDataBackendGraph:  Pak pak cache file F:/old desktop/Games/My games/Robogoo group/RoboGoo/RoboGooCPlusPlus/DerivedDataCache/DDC.ddp not found, will not use a pak cache.
[2020.12.21-04.35.15:250][  0]LogDerivedDataCache: Unable to find inner node Pak for hierarchical cache Hierarchy.
[2020.12.21-04.35.15:250][  0]LogDerivedDataCache: FDerivedDataBackendGraph:  CompressedPak pak cache file F:/old desktop/Games/My games/Robogoo group/RoboGoo/RoboGooCPlusPlus/DerivedDataCache/Compressed.ddp not found, will not use a pak cache.
[2020.12.21-04.35.15:250][  0]LogDerivedDataCache: Unable to find inner node CompressedPak for hierarchical cache Hierarchy.
[2020.12.21-04.35.15:260][  0]LogDerivedDataCache: Display: Pak cache opened for reading ../../../Engine/DerivedDataCache/Compressed.ddp.
[2020.12.21-04.35.15:260][  0]LogDerivedDataCache: FDerivedDataBackendGraph:  EnterprisePak pak cache file ../../../Enterprise/DerivedDataCache/Compressed.ddp not found, will not use a pak cache.
[2020.12.21-04.35.15:260][  0]LogDerivedDataCache: Unable to find inner node EnterprisePak for hierarchical cache Hierarchy.
[2020.12.21-04.35.15:261][  0]LogDerivedDataCache: Using Local data cache path C:/Users/Jondive/AppData/Local/UnrealEngine/Common/DerivedDataCache: Writable
[2020.12.21-04.35.15:261][  0]LogDerivedDataCache: Shared data cache path not found in *engine.ini, will not use an Shared cache.
[2020.12.21-04.35.15:261][  0]LogDerivedDataCache: Unable to find inner node Shared for hierarchical cache Hierarchy.
[2020.12.21-04.35.15:310][  0]LogSlate: Using FreeType 2.10.0
[2020.12.21-04.35.15:311][  0]LogSlate: SlateFontServices - WITH_FREETYPE: 1, WITH_HARFBUZZ: 1
[2020.12.21-04.35.15:336][  0]LogAssetRegistry: FAssetRegistry took 0.0021 seconds to start up
[2020.12.21-04.35.15:539][  0]LogInit: Selected Device Profile: [Windows]
[2020.12.21-04.35.15:645][  0]LogMeshReduction: Using QuadricMeshReduction for automatic static mesh reduction
[2020.12.21-04.35.15:645][  0]LogMeshReduction: Using SimplygonMeshReduction for automatic skeletal mesh reduction
[2020.12.21-04.35.15:645][  0]LogMeshReduction: Using ProxyLODMeshReduction for automatic mesh merging
[2020.12.21-04.35.15:645][  0]LogMeshReduction: No distributed automatic mesh merging module available
[2020.12.21-04.35.15:645][  0]LogMeshMerging: No distributed automatic mesh merging module available
[2020.12.21-04.35.15:665][  0]LogNetVersion: Robogoo_Cplusplus 1.0.0, NetCL: 13144385, EngineNetVer: 14, GameNetVer: 0 (Checksum: 1371892769)
[2020.12.21-04.35.16:113][  0]LogAISub: UAISubsystem::UAISubsystem AISubsystem (000001EA0D32B880), frame # 0
[2020.12.21-04.35.16:113][  0]LogAISub: UAISubsystem::UAISubsystem AIPerceptionSystem (000001EA0D32CF40), frame # 0
[2020.12.21-04.35.16:114][  0]LogAISub: UAISubsystem::UAISubsystem EnvQueryManager (000001EA0D3B0800), frame # 0
[2020.12.21-04.35.16:159][  0]LogPackageLocalizationCache: Processed 17 localized package path(s) for 1 prioritized culture(s) in 0.039250 seconds
[2020.12.21-04.35.16:164][  0]LogUObjectArray: 15756 objects as part of root set at end of initial load.
[2020.12.21-04.35.16:164][  0]LogUObjectAllocator: 3925280 out of 0 bytes used by permanent object pool.
[2020.12.21-04.35.16:164][  0]LogUObjectArray: CloseDisregardForGC: 0/0 objects in disregard for GC pool
[2020.12.21-04.35.16:477][  0]LogTcpMessaging: Initializing TcpMessaging bridge
[2020.12.21-04.35.16:480][  0]LogUdpMessaging: Initializing bridge on interface 0.0.0.0:0 to multicast group 230.0.0.1:6666.
[2020.12.21-04.35.16:664][  0]SourceControl: Source control is disabled
[2020.12.21-04.35.16:664][  0]SourceControl: Source control is disabled
[2020.12.21-04.35.16:667][  0]SourceControl: Source control is disabled
[2020.12.21-04.35.16:670][  0]SourceControl: Source control is disabled
[2020.12.21-04.35.16:679][  0]SourceControl: Source control is disabled
[2020.12.21-04.35.16:897][  0]LogAndroidPermission: UAndroidPermissionCallbackProxy::GetInstance
[2020.12.21-04.35.16:917][  0]LogAudioCaptureCore: Display: No Audio Capture implementations found. Audio input will be silent.
[2020.12.21-04.35.16:917][  0]LogAudioCaptureCore: Display: No Audio Capture implementations found. Audio input will be silent.
[2020.12.21-04.35.16:999][  0]LogEngine: Initializing Engine...
[2020.12.21-04.35.16:999][  0]LogMagicLeap: Warning: VR disabled because ZI is not enabled.  To enable, in the editor, Edit -> Project Settings -> Plugins -> Magic Leap Plugin -> Enable Zero Iteration
[2020.12.21-04.35.17:000][  0]LogStats: UGameplayTagsManager::InitializeManager -  0.000 s
[2020.12.21-04.35.17:116][  0]LogInit: Initializing FReadOnlyCVARCache
[2020.12.21-04.35.17:123][  0]LogAIModule: Creating AISystem for world Untitled
[2020.12.21-04.35.17:123][  0]LogAISub: UAISubsystem::UAISubsystem EnvQueryManager (000001EA0FEDBC00), frame # 0
[2020.12.21-04.35.17:123][  0]LogAISub: UAISubsystem::UAISubsystem AIPerceptionSystem (000001EA0FEE3B00), frame # 0
[2020.12.21-04.35.17:140][  0]LogAudioMixer: Display: Audio Mixer Platform Settings:
[2020.12.21-04.35.17:140][  0]LogAudioMixer: Display: 	Sample Rate:						  48000
[2020.12.21-04.35.17:140][  0]LogAudioMixer: Display: 	Callback Buffer Frame Size Requested: 1024
[2020.12.21-04.35.17:140][  0]LogAudioMixer: Display: 	Callback Buffer Frame Size To Use:	  1024
[2020.12.21-04.35.17:140][  0]LogAudioMixer: Display: 	Number of buffers to queue:			  2
[2020.12.21-04.35.17:140][  0]LogAudioMixer: Display: 	Max Channels (voices):				  32
[2020.12.21-04.35.17:140][  0]LogAudioMixer: Display: 	Number of Async Source Workers:		  0
[2020.12.21-04.35.17:140][  0]LogAudio: Display: AudioDevice MaxSources: 32
[2020.12.21-04.35.17:140][  0]LogAudio: Display: Using built-in audio occlusion.
[2020.12.21-04.35.17:140][  0]LogAudioMixer: Display: Initializing audio mixer.
[2020.12.21-04.35.17:154][  0]LogAudioMixer: Display: 0: FrontLeft
[2020.12.21-04.35.17:154][  0]LogAudioMixer: Display: 1: FrontRight
[2020.12.21-04.35.17:187][  0]LogAudioMixer: Display: Using Audio Device Headset Earphone (HyperX Virtual Surround Sound)
[2020.12.21-04.35.17:189][  0]LogAudioMixer: Display: Initializing Sound Submixes...
[2020.12.21-04.35.17:191][  0]LogAudioMixer: Display: Creating Master Submix 'MasterSubmixDefault'
[2020.12.21-04.35.17:191][  0]LogAudioMixer: Display: Creating Master Submix 'MasterReverbSubmixDefault'
[2020.12.21-04.35.17:192][  0]LogAudioMixer: Display: Creating Master Submix 'MasterEQSubmixDefault'
[2020.12.21-04.35.17:193][  0]LogInit: FAudioDevice initialized.
[2020.12.21-04.35.17:193][  0]LogNetVersion: Set ProjectVersion to 1.0.0.0. Version Checksum will be recalculated on next use.
[2020.12.21-04.35.17:258][  0]LogDerivedDataCache: Saved boot cache 0.06s 79MB C:/Users/Jondive/AppData/Local/UnrealEngine/4.25/DerivedDataCache/Boot.ddc.
[2020.12.21-04.35.17:262][  0]LogInit: Texture streaming: Enabled
[2020.12.21-04.35.17:277][  0]LogEngineSessionManager: EngineSessionManager initialized
[2020.12.21-04.35.17:277][  0]LogEngineSessionManager: EngineSessionManager sent abnormal shutdown report. Type=Crashed, SessionId={F47CDD9C-4D86-1F84-C2B1-978A29D8C197}
[2020.12.21-04.35.17:277][  0]LogEditorSessionSummary: Verbose: Initializing EditorSessionSummaryWriter for editor session tracking
[2020.12.21-04.35.17:279][  0]LogEditorSessionSummary: EditorSessionSummaryWriter initialized
[2020.12.21-04.35.17:321][  0]LogInit: Transaction tracking system initialized
[2020.12.21-04.35.17:341][  0]BlueprintLog: New page: Editor Load
[2020.12.21-04.35.17:405][  0]LocalizationService: Localization service is disabled
[2020.12.21-04.35.17:534][  0]LogCook: Display: Max memory allowance for cook 16384mb min free memory 0mb
[2020.12.21-04.35.17:534][  0]LogCook: Display: Mobile HDR setting 1
[2020.12.21-04.35.17:666][  0]LogFileCache: Scanning file cache for directory 'F:/old desktop/Games/My games/Robogoo group/RoboGoo/RoboGooCPlusPlus/Content/' took 0.00s
[2020.12.21-04.35.17:666][  0]SourceControl: Source control is disabled
[2020.12.21-04.35.17:666][  0]LogUnrealEdMisc: Loading editor; pre map load, took 6.329
[2020.12.21-04.35.17:667][  0]Cmd: MAP LOAD FILE="F:/old desktop/Games/My games/Robogoo group/RoboGoo/RoboGooCPlusPlus/Content/ThirdPersonCPP/Maps/ThirdPersonExampleMap.umap" TEMPLATE=0 SHOWPROGRESS=1 FEATURELEVEL=3
[2020.12.21-04.35.17:667][  0]LightingResults: New page: Lighting Build
[2020.12.21-04.35.17:667][  0]LogWorld: UWorld::CleanupWorld for Untitled, bSessionEnded=true, bCleanupResources=true
[2020.12.21-04.35.17:667][  0]LogSlate: InvalidateAllWidgets triggered.  All widgets were invalidated
[2020.12.21-04.35.17:668][  0]MapCheck: New page: Map Check
[2020.12.21-04.35.17:668][  0]LightingResults: New page: Lighting Build
[2020.12.21-04.35.17:677][  0]LogAISub: UAISubsystem::~UAISubsystem EnvQueryManager (000001EA0FEDBC00), frame # 0
[2020.12.21-04.35.17:677][  0]LogAISub: UAISubsystem::~UAISubsystem AIPerceptionSystem (000001EA0FEE3B00), frame # 0
[2020.12.21-04.35.17:677][  0]LogUObjectHash: Compacting FUObjectHashTables data took   0.63ms
[2020.12.21-04.35.17:738][  0]LogAIModule: Creating AISystem for world ThirdPersonExampleMap
[2020.12.21-04.35.17:738][  0]LogAISub: UAISubsystem::UAISubsystem EnvQueryManager (000001EA033ACA00), frame # 0
[2020.12.21-04.35.17:738][  0]LogAISub: UAISubsystem::UAISubsystem AIPerceptionSystem (000001EA0D6FAFC0), frame # 0
[2020.12.21-04.35.17:742][  0]LogEditorServer: Finished looking for orphan Actors (0.000 secs)
[2020.12.21-04.35.17:753][  0]LogUObjectHash: Compacting FUObjectHashTables data took   0.72ms
[2020.12.21-04.35.17:753][  0]Cmd: MAP CHECKDEP NOCLEARLOG
[2020.12.21-04.35.17:753][  0]MapCheck: Map check complete: 0 Error(s), 0 Warning(s), took 0.125ms to complete.
[2020.12.21-04.35.17:753][  0]LogFileHelpers: Loading map 'ThirdPersonExampleMap' took 0.087
[2020.12.21-04.35.17:756][  0]LogUnrealEdMisc: Total Editor Startup Time, took 6.419
[2020.12.21-04.35.17:865][  0]LogSlate: Updating window title bar state: overlay mode, drag disabled, window buttons hidden, title bar hidden
[2020.12.21-04.35.17:872][  0]LogSlate: Updating window title bar state: overlay mode, drag disabled, window buttons hidden, title bar hidden
[2020.12.21-04.35.17:879][  0]LogSlate: Updating window title bar state: overlay mode, drag disabled, window buttons hidden, title bar hidden
[2020.12.21-04.35.17:885][  0]LogSlate: Updating window title bar state: overlay mode, drag disabled, window buttons hidden, title bar hidden
[2020.12.21-04.35.17:891][  0]LogCollectionManager: Loaded 0 collections in 0.000720 seconds
[2020.12.21-04.35.17:904][  0]LogFileCache: Scanning file cache for directory 'F:/old desktop/Games/My games/Robogoo group/RoboGoo/RoboGooCPlusPlus/Saved/Collections/' took 0.00s
[2020.12.21-04.35.17:904][  0]LogFileCache: Scanning file cache for directory 'F:/old desktop/Games/My games/Robogoo group/RoboGoo/RoboGooCPlusPlus/Content/Developers/Jondive/Collections/' took 0.00s
[2020.12.21-04.35.17:904][  0]LogFileCache: Scanning file cache for directory 'F:/old desktop/Games/My games/Robogoo group/RoboGoo/RoboGooCPlusPlus/Content/Collections/' took 0.00s
[2020.12.21-04.35.17:904][  0]LogContentBrowser: Native class hierarchy populated in 0.0086 seconds. Added 3410 classes and 808 folders.
[2020.12.21-04.35.17:906][  0]LogContentBrowser: Native class hierarchy updated for 'WidgetCarousel' in 0.0003 seconds. Added 0 classes and 0 folders.
[2020.12.21-04.35.17:979][  0]LogContentBrowser: Native class hierarchy updated for 'AddContentDialog' in 0.0003 seconds. Added 0 classes and 0 folders.
[2020.12.21-04.35.17:981][  0]LogContentBrowser: Native class hierarchy updated for 'SceneOutliner' in 0.0003 seconds. Added 2 classes and 0 folders.
[2020.12.21-04.35.18:033][  0]LogSlate: Took 0.000205 seconds to synchronously load lazily loaded font '../../../Engine/Content/Slate/Fonts/Roboto-Regular.ttf' (155K)
[2020.12.21-04.35.18:035][  0]LogSlate: Took 0.000190 seconds to synchronously load lazily loaded font '../../../Engine/Content/Slate/Fonts/Roboto-Bold.ttf' (160K)
[2020.12.21-04.35.18:039][  0]LogSlate: Took 0.000169 seconds to synchronously load lazily loaded font '../../../Engine/Content/Editor/Slate/Fonts/FontAwesome.ttf' (139K)
[2020.12.21-04.35.18:119][  0]LogRenderer: Reallocating scene render targets to support 1208x572 Format 10 NumSamples 1 (Frame:1).
[2020.12.21-04.35.18:157][  0]LogSlate: Took 0.000174 seconds to synchronously load lazily loaded font '../../../Engine/Content/Slate/Fonts/Roboto-Light.ttf' (167K)
[2020.12.21-04.35.18:211][  0]LogContentBrowser: Native class hierarchy updated for 'HierarchicalLODOutliner' in 0.0003 seconds. Added 0 classes and 0 folders.
[2020.12.21-04.35.18:211][  0]LogLoad: (Engine Initialization) Total time: 6.87 seconds
[2020.12.21-04.35.18:211][  0]LogLoad: (Engine Initialization) Total Blueprint compile time: 0.00 seconds
[2020.12.21-04.35.18:263][  0]LogAssetRegistry: Asset discovery search completed in 2.9268 seconds
[2020.12.21-04.35.18:266][  0]LogCollectionManager: Fixed up redirectors for 0 collections in 0.000002 seconds (updated 0 objects)
[2020.12.21-04.35.18:267][  0]LogContentStreaming: Texture pool size now 1000 MB
[2020.12.21-04.35.19:567][  4]LogSlate: Took 0.000188 seconds to synchronously load lazily loaded font '../../../Engine/Content/Slate/Fonts/Roboto-Light.ttf' (167K)
[2020.12.21-04.35.25:273][ 21]LogSlate: Window 'Plugins' being destroyed
[2020.12.21-04.35.25:279][ 21]LogSlate: Window 'Plugins' being destroyed
[2020.12.21-04.35.25:280][ 21]LogDirectoryWatcher: A directory notification for '../../../Engine/Plugins/' was aborted.
[2020.12.21-04.35.28:268][373]LogAssetEditorSubsystem: Opening Asset editor for Blueprint /Game/CharactermovementBp.CharactermovementBp
[2020.12.21-04.35.28:439][373]LogContentBrowser: Native class hierarchy updated for 'BlueprintGraph' in 0.0006 seconds. Added 125 classes and 0 folders.
[2020.12.21-04.35.30:513][508]LogSlate: Window 'CharactermovementBp' being destroyed
[2020.12.21-04.35.30:520][508]LogWorld: UWorld::CleanupWorld for World_1, bSessionEnded=true, bCleanupResources=true
[2020.12.21-04.35.30:520][508]LogSlate: InvalidateAllWidgets triggered.  All widgets were invalidated
[2020.12.21-04.35.30:569][508]LogAssetEditorSubsystem: Opening Asset editor for Blueprint /Game/CharactermovementBp.CharactermovementBp
[2020.12.21-04.35.30:902][508]LogSlate: Took 0.000196 seconds to synchronously load lazily loaded font '../../../Engine/Content/Slate/Fonts/Roboto-BoldCondensed.ttf' (158K)
[2020.12.21-04.35.31:707][593]LogSlate: Took 0.000197 seconds to synchronously load lazily loaded font '../../../Engine/Content/Slate/Fonts/Roboto-Italic.ttf' (157K)
[2020.12.21-04.37.30:350][565]LogHotReload: New module detected: UE4Editor-Robogoo_Cplusplus-0026.dll
[2020.12.21-04.37.31:040][568]LogHotReload: Starting Hot-Reload from IDE
[2020.12.21-04.37.31:092][568]LogContentBrowser: Native class hierarchy updated for 'Robogoo_Cplusplus' in 0.0004 seconds. Added 3 classes and 3 folders.
[2020.12.21-04.37.31:095][568]Display: HotReload successful (1 functions remapped  0 scriptstructs remapped)
[2020.12.21-04.37.31:172][568]LogContentBrowser: Native class hierarchy populated in 0.0077 seconds. Added 3410 classes and 808 folders.
[2020.12.21-04.37.31:176][568]Display: HotReload took  0.1s.
[2020.12.21-04.37.35:393][697]LogTemp: Repeating last play command: Selected Viewport
[2020.12.21-04.37.35:408][697]LogPlayLevel: PlayLevel: No blueprints needed recompiling
[2020.12.21-04.37.35:408][697]PIE: New page: PIE session: ThirdPersonExampleMap (21 Dec 2020, 04:37:35)
[2020.12.21-04.37.35:409][697]LogOnline: OSS: Creating online subsystem instance for: NULL
[2020.12.21-04.37.35:410][697]LogOnline: OSS: TryLoadSubsystemAndSetDefault: Loaded subsystem for module [NULL]
[2020.12.21-04.37.35:410][697]LogPlayLevel: Creating play world package: /Game/ThirdPersonCPP/Maps/UEDPIE_0_ThirdPersonExampleMap
[2020.12.21-04.37.35:423][697]LogPlayLevel: PIE: StaticDuplicateObject took: (0.012788s)
[2020.12.21-04.37.35:424][697]LogAIModule: Creating AISystem for world ThirdPersonExampleMap
[2020.12.21-04.37.35:424][697]LogAISub: UAISubsystem::UAISubsystem EnvQueryManager (000001EA26E74400), frame # 1697
[2020.12.21-04.37.35:424][697]LogAISub: UAISubsystem::UAISubsystem AIPerceptionSystem (000001EA8F5AE5C0), frame # 1697
[2020.12.21-04.37.35:424][697]LogPlayLevel: PIE: World Init took: (0.001384s)
[2020.12.21-04.37.35:424][697]LogPlayLevel: PIE: Created PIE world by copying editor world from /Game/ThirdPersonCPP/Maps/ThirdPersonExampleMap.ThirdPersonExampleMap to /Game/ThirdPersonCPP/Maps/UEDPIE_0_ThirdPersonExampleMap.ThirdPersonExampleMap (0.014321s)
[2020.12.21-04.37.35:467][697]LogUObjectHash: Compacting FUObjectHashTables data took   2.93ms
[2020.12.21-04.37.35:468][697]LogAudioMixer: Display: Audio Mixer Platform Settings:
[2020.12.21-04.37.35:468][697]LogAudioMixer: Display: 	Sample Rate:						  48000
[2020.12.21-04.37.35:468][697]LogAudioMixer: Display: 	Callback Buffer Frame Size Requested: 1024
[2020.12.21-04.37.35:468][697]LogAudioMixer: Display: 	Callback Buffer Frame Size To Use:	  1024
[2020.12.21-04.37.35:468][697]LogAudioMixer: Display: 	Number of buffers to queue:			  2
[2020.12.21-04.37.35:468][697]LogAudioMixer: Display: 	Max Channels (voices):				  32
[2020.12.21-04.37.35:468][697]LogAudioMixer: Display: 	Number of Async Source Workers:		  0
[2020.12.21-04.37.35:468][697]LogAudio: Display: AudioDevice MaxSources: 32
[2020.12.21-04.37.35:468][697]LogAudio: Display: Using built-in audio occlusion.
[2020.12.21-04.37.35:468][697]LogAudioMixer: Display: Initializing audio mixer.
[2020.12.21-04.37.35:472][697]LogAudioMixer: Display: 0: FrontLeft
[2020.12.21-04.37.35:472][697]LogAudioMixer: Display: 1: FrontRight
[2020.12.21-04.37.35:489][697]LogAudioMixer: Display: Using Audio Device Headset Earphone (HyperX Virtual Surround Sound)
[2020.12.21-04.37.35:489][697]LogAudioMixer: Display: Initializing Sound Submixes...
[2020.12.21-04.37.35:489][697]LogAudioMixer: Display: Creating Master Submix 'MasterSubmixDefault'
[2020.12.21-04.37.35:489][697]LogAudioMixer: Display: Creating Master Submix 'MasterReverbSubmixDefault'
[2020.12.21-04.37.35:490][697]LogAudioMixer: Display: Creating Master Submix 'MasterEQSubmixDefault'
[2020.12.21-04.37.35:501][697]LogInit: FAudioDevice initialized.
[2020.12.21-04.37.35:510][697]LogLoad: Game class is 'New_Gamemode_C'
[2020.12.21-04.37.35:511][697]LogWorld: Bringing World /Game/ThirdPersonCPP/Maps/UEDPIE_0_ThirdPersonExampleMap.ThirdPersonExampleMap up for play (max tick rate 0) at 2020.12.21-04.37.35
[2020.12.21-04.37.35:511][697]LogWorld: Bringing up level for play took: 0.000780
[2020.12.21-04.37.35:511][697]LogOnline: OSS: Creating online subsystem instance for: :Context_6
[2020.12.21-04.37.35:545][697]LogContentBrowser: Native class hierarchy updated for 'MovieSceneCapture' in 0.0004 seconds. Added 20 classes and 0 folders.
[2020.12.21-04.37.35:545][697]LogGameMode: Display: Match State Changed from EnteringMap to WaitingToStart
[2020.12.21-04.37.35:545][697]LogGameState: Match State Changed from EnteringMap to WaitingToStart
[2020.12.21-04.37.35:545][697]LogGameMode: Display: Match State Changed from WaitingToStart to InProgress
[2020.12.21-04.37.35:560][697]LogGameState: Match State Changed from WaitingToStart to InProgress
[2020.12.21-04.37.35:560][697]PIE: Server logged in
[2020.12.21-04.37.35:561][697]PIE: Play in editor total start time 0.156 seconds.
[2020.12.21-04.37.38:818][772]LogWindows: Error: === Critical error: ===
[2020.12.21-04.37.38:818][772]LogWindows: Error: 
[2020.12.21-04.37.38:818][772]LogWindows: Error: Fatal error!
[2020.12.21-04.37.38:818][772]LogWindows: Error: 
[2020.12.21-04.37.38:818][772]LogWindows: Error: Unhandled Exception: EXCEPTION_ACCESS_VIOLATION reading address 0x00000164
[2020.12.21-04.37.38:818][772]LogWindows: Error: 
[2020.12.21-04.37.38:818][772]LogWindows: Error: [Callstack] 0x00007fff27bc440d UE4Editor-Robogoo_Cplusplus-0026.dll!UnknownFunction [F:\old desktop\Games\My games\Robogoo group\RoboGoo\RoboGooCPlusPlus\Source\Robogoo_Cplusplus\Private\Character_Movement.cpp:109]
[2020.12.21-04.37.38:818][772]LogWindows: Error: [Callstack] 0x00007fff423691fa UE4Editor-Engine.dll!UnknownFunction []
[2020.12.21-04.37.38:818][772]LogWindows: Error: [Callstack] 0x00007fff4239514e UE4Editor-Engine.dll!UnknownFunction []
[2020.12.21-04.37.38:818][772]LogWindows: Error: [Callstack] 0x00007fff41e9b988 UE4Editor-Engine.dll!UnknownFunction []
[2020.12.21-04.37.38:818][772]LogWindows: Error: [Callstack] 0x00007fff41eaf1b4 UE4Editor-Engine.dll!UnknownFunction []
[2020.12.21-04.37.38:818][772]LogWindows: Error: [Callstack] 0x00007fff41e99a1b UE4Editor-Engine.dll!UnknownFunction []
[2020.12.21-04.37.38:818][772]LogWindows: Error: [Callstack] 0x00007fff41ead681 UE4Editor-Engine.dll!UnknownFunction []
[2020.12.21-04.37.38:818][772]LogWindows: Error: [Callstack] 0x00007fff41189f84 UE4Editor-Engine.dll!UnknownFunction []
[2020.12.21-04.37.38:818][772]LogWindows: Error: [Callstack] 0x00007fff4224936f UE4Editor-Engine.dll!UnknownFunction []
[2020.12.21-04.37.38:818][772]LogWindows: Error: [Callstack] 0x00007fff4224e3c7 UE4Editor-Engine.dll!UnknownFunction []
[2020.12.21-04.37.38:818][772]LogWindows: Error: [Callstack] 0x00007fff578887d8 UE4Editor-Core.dll!UnknownFunction []
[2020.12.21-04.37.38:818][772]LogWindows: Error: [Callstack] 0x00007fff57888aa3 UE4Editor-Core.dll!UnknownFunction []
[2020.12.21-04.37.38:818][772]LogWindows: Error: [Callstack] 0x00007fff5789f027 UE4Editor-Core.dll!UnknownFunction []
[2020.12.21-04.37.38:818][772]LogWindows: Error: [Callstack] 0x00007fff4226a402 UE4Editor-Engine.dll!UnknownFunction []
[2020.12.21-04.37.38:818][772]LogWindows: Error: [Callstack] 0x00007fff4226f6ca UE4Editor-Engine.dll!UnknownFunction []
[2020.12.21-04.37.38:818][772]LogWindows: Error: [Callstack] 0x00007fff41a2d0bf UE4Editor-Engine.dll!UnknownFunction []
[2020.12.21-04.37.38:819][772]LogWindows: Error: [Callstack] 0x00007fff41a37957 UE4Editor-Engine.dll!UnknownFunction []
[2020.12.21-04.37.38:819][772]LogWindows: Error: [Callstack] 0x00007fff5655af57 UE4Editor-UnrealEd.dll!UnknownFunction []
[2020.12.21-04.37.38:819][772]LogWindows: Error: [Callstack] 0x00007fff56e337e6 UE4Editor-UnrealEd.dll!UnknownFunction []
[2020.12.21-04.37.38:819][772]LogWindows: Error: [Callstack] 0x00007ff7e7e37800 UE4Editor.exe!UnknownFunction []
[2020.12.21-04.37.38:819][772]LogWindows: Error: [Callstack] 0x00007ff7e7e4ba7c UE4Editor.exe!UnknownFunction []
[2020.12.21-04.37.38:819][772]LogWindows: Error: [Callstack] 0x00007ff7e7e4bb5a UE4Editor.exe!UnknownFunction []
[2020.12.21-04.37.38:819][772]LogWindows: Error: [Callstack] 0x00007ff7e7e5e31d UE4Editor.exe!UnknownFunction []
[2020.12.21-04.37.38:819][772]LogWindows: Error: [Callstack] 0x00007ff7e7e6145a UE4Editor.exe!UnknownFunction []
[2020.12.21-04.37.38:819][772]LogWindows: Error: [Callstack] 0x00007fffc32c7034 KERNEL32.DLL!UnknownFunction []
[2020.12.21-04.37.38:819][772]LogWindows: Error: [Callstack] 0x00007fffc3f1d0d1 ntdll.dll!UnknownFunction []
[2020.12.21-04.37.38:819][772]LogWindows: Error: 
[2020.12.21-04.37.38:872][772]LogExit: Executing StaticShutdownAfterError
[2020.12.21-04.37.38:874][772]LogWindows: FPlatformMisc::RequestExit(1)
[2020.12.21-04.37.38:874][772]LogCore: Engine exit requested (reason: Win RequestExit)
[2020.12.21-04.37.38:915][772]Log file closed, 12/21/20 04:37:38
