Log file open, 12/21/20 04:01:24
LogInit: Display: Running engine for game: Robogoo_Cplusplus
LogPlatformFile: Not using cached read wrapper
LogTaskGraph: Started task graph with 5 named threads and 20 total threads with 3 sets of task threads.
LogStats: Stats thread started at 0.169046
LogD3D11RHI: Loaded GFSDK_Aftermath_Lib.x64.dll
LogICUInternationalization: ICU TimeZone Detection - Raw Offset: +0:00, Platform Override: ''
LogPluginManager: Mounting plugin Paper2D
LogPluginManager: Mounting plugin AISupport
LogPluginManager: Mounting plugin LightPropagationVolume
LogPluginManager: Mounting plugin CameraShakePreviewer
LogPluginManager: Mounting plugin ActorLayerUtilities
LogPluginManager: Mounting plugin AnimationSharing
LogPluginManager: Mounting plugin CLionSourceCodeAccess
LogPluginManager: Mounting plugin CodeLiteSourceCodeAccess
LogPluginManager: Mounting plugin GitSourceControl
LogPluginManager: Mounting plugin KDevelopSourceCodeAccess
LogPluginManager: Mounting plugin NullSourceCodeAccess
LogPluginManager: Mounting plugin PerforceSourceControl
LogPluginManager: Mounting plugin PlasticSourceControl
LogPluginManager: Mounting plugin RiderSourceCodeAccess
LogPluginManager: Mounting plugin SubversionSourceControl
LogPluginManager: Mounting plugin UObjectPlugin
LogPluginManager: Mounting plugin VisualStudioCodeSourceCodeAccess
LogPluginManager: Mounting plugin VisualStudioSourceCodeAccess
LogPluginManager: Mounting plugin XCodeSourceCodeAccess
LogPluginManager: Mounting plugin AssetManagerEditor
LogPluginManager: Mounting plugin CryptoKeys
LogPluginManager: Mounting plugin CurveEditorTools
LogPluginManager: Mounting plugin DataValidation
LogPluginManager: Mounting plugin EditorScriptingUtilities
LogPluginManager: Mounting plugin FacialAnimation
LogPluginManager: Mounting plugin GameplayTagsEditor
LogPluginManager: Mounting plugin GeometryMode
LogPluginManager: Mounting plugin MacGraphicsSwitching
LogPluginManager: Mounting plugin MaterialAnalyzer
LogPluginManager: Mounting plugin MobileLauncherProfileWizard
LogPluginManager: Mounting plugin PluginBrowser
LogPluginManager: Mounting plugin SpeedTreeImporter
LogPluginManager: Mounting plugin DatasmithContent
LogPluginManager: Mounting plugin VariantManagerContent
LogPluginManager: Mounting plugin AlembicImporter
LogPluginManager: Mounting plugin AutomationUtils
LogPluginManager: Mounting plugin BackChannel
LogPluginManager: Mounting plugin ChaosCloth
LogPluginManager: Mounting plugin ChaosClothEditor
LogPluginManager: Mounting plugin ChaosEditor
LogPluginManager: Mounting plugin ChaosNiagara
LogPluginManager: Mounting plugin ChaosSolverPlugin
LogPluginManager: Mounting plugin CharacterAI
LogPluginManager: Mounting plugin GeometryCache
LogPluginManager: Mounting plugin GeometryCollectionPlugin
LogPluginManager: Mounting plugin GeometryProcessing
LogPluginManager: Mounting plugin PlanarCut
LogPluginManager: Mounting plugin PlatformCrypto
LogPluginManager: Mounting plugin ProxyLODPlugin
LogPluginManager: Mounting plugin SkeletalReduction
LogPluginManager: Mounting plugin Niagara
LogPluginManager: Mounting plugin MagicLeap
LogPluginManager: Mounting plugin MagicLeapLightEstimation
LogPluginManager: Mounting plugin MagicLeapMedia
LogPluginManager: Mounting plugin MagicLeapPassableWorld
LogPluginManager: Mounting plugin MLSDK
LogPluginManager: Mounting plugin AndroidMedia
LogPluginManager: Mounting plugin AvfMedia
LogPluginManager: Mounting plugin ImgMedia
LogPluginManager: Mounting plugin MediaCompositing
LogPluginManager: Mounting plugin MediaPlayerEditor
LogPluginManager: Mounting plugin WebMMedia
LogPluginManager: Mounting plugin WmfMedia
LogPluginManager: Mounting plugin MeshPainting
LogPluginManager: Mounting plugin TcpMessaging
LogPluginManager: Mounting plugin UdpMessaging
LogPluginManager: Mounting plugin ActorSequence
LogPluginManager: Mounting plugin LevelSequenceEditor
LogPluginManager: Mounting plugin MatineeToLevelSequence
LogPluginManager: Mounting plugin MovieRenderPipeline
LogPluginManager: Mounting plugin TemplateSequence
LogPluginManager: Mounting plugin NetcodeUnitTest
LogPluginManager: Mounting plugin NUTUnrealEngine4
LogPluginManager: Mounting plugin OnlineSubsystemGooglePlay
LogPluginManager: Mounting plugin OnlineSubsystemIOS
LogPluginManager: Mounting plugin OnlineSubsystem
LogPluginManager: Mounting plugin OnlineSubsystemNull
LogPluginManager: Mounting plugin OnlineSubsystemUtils
LogPluginManager: Mounting plugin LauncherChunkInstaller
LogPluginManager: Mounting plugin AndroidDeviceProfileSelector
LogPluginManager: Mounting plugin AndroidMoviePlayer
LogPluginManager: Mounting plugin AndroidPermission
LogPluginManager: Mounting plugin AppleImageUtils
LogPluginManager: Mounting plugin AppleMoviePlayer
LogPluginManager: Mounting plugin ArchVisCharacter
LogPluginManager: Mounting plugin AssetTags
LogPluginManager: Mounting plugin AudioCapture
LogPluginManager: Mounting plugin CableComponent
LogPluginManager: Mounting plugin CustomMeshComponent
LogPluginManager: Mounting plugin EditableMesh
LogPluginManager: Mounting plugin ExampleDeviceProfileSelector
LogPluginManager: Mounting plugin GoogleCloudMessaging
LogPluginManager: Mounting plugin GooglePAD
LogPluginManager: Mounting plugin IOSDeviceProfileSelector
LogPluginManager: Mounting plugin LinuxDeviceProfileSelector
LogPluginManager: Mounting plugin LocationServicesBPLibrary
LogPluginManager: Mounting plugin MobilePatchingUtils
LogPluginManager: Mounting plugin PhysXVehicles
LogPluginManager: Mounting plugin PostSplashScreen
LogPluginManager: Mounting plugin ProceduralMeshComponent
LogPluginManager: Mounting plugin RuntimePhysXCooking
LogPluginManager: Mounting plugin SignificanceManager
LogPluginManager: Mounting plugin SoundFields
LogPluginManager: Mounting plugin Synthesis
LogPluginManager: Mounting plugin WebMMoviePlayer
LogPluginManager: Mounting plugin WindowsMoviePlayer
LogPluginManager: Mounting plugin ScreenshotTools
LogInit: Using libcurl 7.55.1-DEV
LogInit:  - built for x86_64-pc-win32
LogInit:  - supports SSL with OpenSSL/1.1.1
LogInit:  - supports HTTP deflate (compression) using libz 1.2.8
LogInit:  - other features:
LogInit:      CURL_VERSION_SSL
LogInit:      CURL_VERSION_LIBZ
LogInit:      CURL_VERSION_IPV6
LogInit:      CURL_VERSION_ASYNCHDNS
LogInit:      CURL_VERSION_LARGEFILE
LogInit:      CURL_VERSION_IDN
LogInit:  CurlRequestOptions (configurable via config and command line):
LogInit:  - bVerifyPeer = true  - Libcurl will verify peer certificate
LogInit:  - bUseHttpProxy = false  - Libcurl will NOT use HTTP proxy
LogInit:  - bDontReuseConnections = false  - Libcurl will reuse connections
LogInit:  - MaxHostConnections = 16  - Libcurl will limit the number of connections to a host
LogInit:  - LocalHostAddr = Default
LogInit:  - BufferSize = 65536
LogOnline: OSS: Creating online subsystem instance for: NULL
LogInit: WinSock: version 1.1 (2.2), MaxSocks=32767, MaxUdp=65467
LogOnline: OSS: TryLoadSubsystemAndSetDefault: Loaded subsystem for module [NULL]
LogInit: Build: ++UE4+Release-4.25-CL-14469661
LogInit: Engine Version: 4.25.4-14469661+++UE4+Release-4.25
LogInit: Compatible Engine Version: 4.25.0-13144385+++UE4+Release-4.25
LogInit: Net CL: 13144385
LogInit: OS: Windows 10 (Release 2009) (), CPU: Intel(R) Core(TM) i5-8600K CPU @ 3.60GHz, GPU: NVIDIA GeForce GTX 1080
LogInit: Compiled (64-bit): Oct 11 2020 08:10:49
LogInit: Compiled with Visual C++: 19.24.28315.00
LogInit: Build Configuration: Development
LogInit: Branch Name: ++UE4+Release-4.25
LogInit: Command Line: 
LogInit: Base Directory: H:/Program Files/Epic games/UE_4.25/Engine/Binaries/Win64/
LogInit: Allocator: TBB
LogInit: Installed Engine Build: 1
LogDevObjectVersion: Number of dev versions registered: 26
LogDevObjectVersion:   Dev-Blueprints (B0D832E4-1F89-4F0D-ACCF-7EB736FD4AA2): 10
LogDevObjectVersion:   Dev-Build (E1C64328-A22C-4D53-A36C-8E866417BD8C): 0
LogDevObjectVersion:   Dev-Core (375EC13C-06E4-48FB-B500-84F0262A717E): 4
LogDevObjectVersion:   Dev-Editor (E4B068ED-F494-42E9-A231-DA0B2E46BB41): 38
LogDevObjectVersion:   Dev-Framework (CFFC743F-43B0-4480-9391-14DF171D2073): 37
LogDevObjectVersion:   Dev-Mobile (B02B49B5-BB20-44E9-A304-32B752E40360): 2
LogDevObjectVersion:   Dev-Networking (A4E4105C-59A1-49B5-A7C5-40C4547EDFEE): 0
LogDevObjectVersion:   Dev-Online (39C831C9-5AE6-47DC-9A44-9C173E1C8E7C): 0
LogDevObjectVersion:   Dev-Physics (78F01B33-EBEA-4F98-B9B4-84EACCB95AA2): 4
LogDevObjectVersion:   Dev-Platform (6631380F-2D4D-43E0-8009-CF276956A95A): 0
LogDevObjectVersion:   Dev-Rendering (12F88B9F-8875-4AFC-A67C-D90C383ABD29): 43
LogDevObjectVersion:   Dev-Sequencer (7B5AE74C-D270-4C10-A958-57980B212A5A): 12
LogDevObjectVersion:   Dev-VR (D7296918-1DD6-4BDD-9DE2-64A83CC13884): 3
LogDevObjectVersion:   Dev-LoadTimes (C2A15278-BFE7-4AFE-6C17-90FF531DF755): 1
LogDevObjectVersion:   Private-Geometry (6EACA3D4-40EC-4CC1-B786-8BED09428FC5): 3
LogDevObjectVersion:   Dev-AnimPhys (29E575DD-E0A3-4627-9D10-D276232CDCEA): 17
LogDevObjectVersion:   Dev-Anim (AF43A65D-7FD3-4947-9873-3E8ED9C1BB05): 7
LogDevObjectVersion:   Dev-ReflectionCapture (6B266CEC-1EC7-4B8F-A30B-E4D90942FC07): 1
LogDevObjectVersion:   Dev-Automation (0DF73D61-A23F-47EA-B727-89E90C41499A): 1
LogDevObjectVersion:   FortniteMain (601D1886-AC64-4F84-AA16-D3DE0DEAC7D6): 31
LogDevObjectVersion:   Dev-Enterprise (9DFFBCD6-494F-0158-E221-12823C92A888): 10
LogDevObjectVersion:   Dev-Niagara (F2AED0AC-9AFE-416F-8664-AA7FFA26D6FC): 1
LogDevObjectVersion:   Dev-Destruction (174F1F0B-B4C6-45A5-B13F-2EE8D0FB917D): 10
LogDevObjectVersion:   Dev-Physics-Ext (35F94A83-E258-406C-A318-09F59610247C): 37
LogDevObjectVersion:   Dev-PhysicsMaterial-Chaos (B68FC16E-8B1B-42E2-B453-215C058844FE): 1
LogDevObjectVersion:   Dev-CineCamera (B2E18506-4273-CFC2-A54E-F4BB758BBA07): 1
LogInit: Presizing for max 25165824 objects, including 0 objects not considered by GC, pre-allocating 0 bytes for permanent pool.
LogConfig: Applying CVar settings from Section [/Script/Engine.StreamingSettings] File [F:/old desktop/Games/My games/Robogoo group/RoboGoo/RoboGooCPlusPlus/Saved/Config/Windows/Engine.ini]
LogConfig: Setting CVar [[s.MinBulkDataSizeForAsyncLoading:131072]]
LogConfig: Setting CVar [[s.AsyncLoadingThreadEnabled:0]]
LogConfig: Setting CVar [[s.EventDrivenLoaderEnabled:1]]
LogConfig: Setting CVar [[s.WarnIfTimeLimitExceeded:0]]
LogConfig: Setting CVar [[s.TimeLimitExceededMultiplier:1.5]]
LogConfig: Setting CVar [[s.TimeLimitExceededMinTime:0.005]]
LogConfig: Setting CVar [[s.UseBackgroundLevelStreaming:1]]
LogConfig: Setting CVar [[s.PriorityAsyncLoadingExtraTime:15.0]]
LogConfig: Setting CVar [[s.LevelStreamingActorsUpdateTimeLimit:5.0]]
LogConfig: Setting CVar [[s.PriorityLevelStreamingActorsUpdateExtraTime:5.0]]
LogConfig: Setting CVar [[s.LevelStreamingComponentsRegistrationGranularity:10]]
LogConfig: Setting CVar [[s.UnregisterComponentsTimeLimit:1.0]]
LogConfig: Setting CVar [[s.LevelStreamingComponentsUnregistrationGranularity:5]]
LogConfig: Setting CVar [[s.FlushStreamingOnExit:1]]
LogInit: Object subsystem initialized
LogConfig: Setting CVar [[con.DebugEarlyDefault:1]]
LogConfig: Setting CVar [[r.setres:1280x720]]
[2020.12.21-04.01.24:628][  0]LogConfig: Setting CVar [[r.VSync:0]]
[2020.12.21-04.01.24:628][  0]LogConfig: Setting CVar [[r.RHICmdBypass:0]]
[2020.12.21-04.01.24:628][  0]LogConfig: Applying CVar settings from Section [/Script/Engine.RendererSettings] File [F:/old desktop/Games/My games/Robogoo group/RoboGoo/RoboGooCPlusPlus/Saved/Config/Windows/Engine.ini]
[2020.12.21-04.01.24:628][  0]LogConfig: Setting CVar [[r.GPUCrashDebugging:0]]
[2020.12.21-04.01.24:628][  0]LogConfig: Applying CVar settings from Section [/Script/Engine.RendererOverrideSettings] File [F:/old desktop/Games/My games/Robogoo group/RoboGoo/RoboGooCPlusPlus/Saved/Config/Windows/Engine.ini]
[2020.12.21-04.01.24:628][  0]LogConfig: Applying CVar settings from Section [/Script/Engine.StreamingSettings] File [F:/old desktop/Games/My games/Robogoo group/RoboGoo/RoboGooCPlusPlus/Saved/Config/Windows/Engine.ini]
[2020.12.21-04.01.24:628][  0]LogConfig: Setting CVar [[s.MinBulkDataSizeForAsyncLoading:131072]]
[2020.12.21-04.01.24:628][  0]LogConfig: Setting CVar [[s.AsyncLoadingThreadEnabled:0]]
[2020.12.21-04.01.24:628][  0]LogConfig: Setting CVar [[s.EventDrivenLoaderEnabled:1]]
[2020.12.21-04.01.24:628][  0]LogConfig: Setting CVar [[s.WarnIfTimeLimitExceeded:0]]
[2020.12.21-04.01.24:628][  0]LogConfig: Setting CVar [[s.TimeLimitExceededMultiplier:1.5]]
[2020.12.21-04.01.24:628][  0]LogConfig: Setting CVar [[s.TimeLimitExceededMinTime:0.005]]
[2020.12.21-04.01.24:628][  0]LogConfig: Setting CVar [[s.UseBackgroundLevelStreaming:1]]
[2020.12.21-04.01.24:628][  0]LogConfig: Setting CVar [[s.PriorityAsyncLoadingExtraTime:15.0]]
[2020.12.21-04.01.24:628][  0]LogConfig: Setting CVar [[s.LevelStreamingActorsUpdateTimeLimit:5.0]]
[2020.12.21-04.01.24:628][  0]LogConfig: Setting CVar [[s.PriorityLevelStreamingActorsUpdateExtraTime:5.0]]
[2020.12.21-04.01.24:628][  0]LogConfig: Setting CVar [[s.LevelStreamingComponentsRegistrationGranularity:10]]
[2020.12.21-04.01.24:628][  0]LogConfig: Setting CVar [[s.UnregisterComponentsTimeLimit:1.0]]
[2020.12.21-04.01.24:628][  0]LogConfig: Setting CVar [[s.LevelStreamingComponentsUnregistrationGranularity:5]]
[2020.12.21-04.01.24:628][  0]LogConfig: Setting CVar [[s.FlushStreamingOnExit:1]]
[2020.12.21-04.01.24:628][  0]LogConfig: Applying CVar settings from Section [/Script/Engine.GarbageCollectionSettings] File [F:/old desktop/Games/My games/Robogoo group/RoboGoo/RoboGooCPlusPlus/Saved/Config/Windows/Engine.ini]
[2020.12.21-04.01.24:628][  0]LogConfig: Setting CVar [[gc.MaxObjectsNotConsideredByGC:1]]
[2020.12.21-04.01.24:628][  0]LogConfig: Setting CVar [[gc.SizeOfPermanentObjectPool:0]]
[2020.12.21-04.01.24:628][  0]LogConfig: Setting CVar [[gc.FlushStreamingOnGC:0]]
[2020.12.21-04.01.24:628][  0]LogConfig: Setting CVar [[gc.NumRetriesBeforeForcingGC:10]]
[2020.12.21-04.01.24:628][  0]LogConfig: Setting CVar [[gc.AllowParallelGC:1]]
[2020.12.21-04.01.24:628][  0]LogConfig: Setting CVar [[gc.TimeBetweenPurgingPendingKillObjects:61.1]]
[2020.12.21-04.01.24:628][  0]LogConfig: Setting CVar [[gc.MaxObjectsInEditor:25165824]]
[2020.12.21-04.01.24:628][  0]LogConfig: Setting CVar [[gc.IncrementalBeginDestroyEnabled:1]]
[2020.12.21-04.01.24:628][  0]LogConfig: Setting CVar [[gc.CreateGCClusters:1]]
[2020.12.21-04.01.24:628][  0]LogConfig: Setting CVar [[gc.MinGCClusterSize:5]]
[2020.12.21-04.01.24:628][  0]LogConfig: Setting CVar [[gc.ActorClusteringEnabled:0]]
[2020.12.21-04.01.24:628][  0]LogConfig: Setting CVar [[gc.BlueprintClusteringEnabled:0]]
[2020.12.21-04.01.24:628][  0]LogConfig: Setting CVar [[gc.UseDisregardForGCOnDedicatedServers:0]]
[2020.12.21-04.01.24:628][  0]LogConfig: Applying CVar settings from Section [/Script/Engine.NetworkSettings] File [F:/old desktop/Games/My games/Robogoo group/RoboGoo/RoboGooCPlusPlus/Saved/Config/Windows/Engine.ini]
[2020.12.21-04.01.24:628][  0]LogConfig: Applying CVar settings from Section [/Script/UnrealEd.CookerSettings] File [F:/old desktop/Games/My games/Robogoo group/RoboGoo/RoboGooCPlusPlus/Saved/Config/Windows/Engine.ini]
[2020.12.21-04.01.24:637][  0]LogConfig: Applying CVar settings from Section [ViewDistanceQuality@3] File [F:/old desktop/Games/My games/Robogoo group/RoboGoo/RoboGooCPlusPlus/Saved/Config/Windows/Scalability.ini]
[2020.12.21-04.01.24:637][  0]LogConfig: Setting CVar [[r.SkeletalMeshLODBias:0]]
[2020.12.21-04.01.24:637][  0]LogConfig: Setting CVar [[r.ViewDistanceScale:1.0]]
[2020.12.21-04.01.24:637][  0]LogConfig: Applying CVar settings from Section [AntiAliasingQuality@3] File [F:/old desktop/Games/My games/Robogoo group/RoboGoo/RoboGooCPlusPlus/Saved/Config/Windows/Scalability.ini]
[2020.12.21-04.01.24:637][  0]LogConfig: Setting CVar [[r.PostProcessAAQuality:4]]
[2020.12.21-04.01.24:637][  0]LogConfig: Applying CVar settings from Section [ShadowQuality@3] File [F:/old desktop/Games/My games/Robogoo group/RoboGoo/RoboGooCPlusPlus/Saved/Config/Windows/Scalability.ini]
[2020.12.21-04.01.24:637][  0]LogConfig: Setting CVar [[r.LightFunctionQuality:1]]
[2020.12.21-04.01.24:637][  0]LogConfig: Setting CVar [[r.ShadowQuality:5]]
[2020.12.21-04.01.24:637][  0]LogConfig: Setting CVar [[r.Shadow.CSM.MaxCascades:10]]
[2020.12.21-04.01.24:637][  0]LogConfig: Setting CVar [[r.Shadow.MaxResolution:2048]]
[2020.12.21-04.01.24:637][  0]LogConfig: Setting CVar [[r.Shadow.MaxCSMResolution:2048]]
[2020.12.21-04.01.24:637][  0]LogConfig: Setting CVar [[r.Shadow.RadiusThreshold:0.01]]
[2020.12.21-04.01.24:637][  0]LogConfig: Setting CVar [[r.Shadow.DistanceScale:1.0]]
[2020.12.21-04.01.24:637][  0]LogConfig: Setting CVar [[r.Shadow.CSM.TransitionScale:1.0]]
[2020.12.21-04.01.24:637][  0]LogConfig: Setting CVar [[r.Shadow.PreShadowResolutionFactor:1.0]]
[2020.12.21-04.01.24:638][  0]LogConfig: Setting CVar [[r.DistanceFieldShadowing:1]]
[2020.12.21-04.01.24:638][  0]LogConfig: Setting CVar [[r.DistanceFieldAO:1]]
[2020.12.21-04.01.24:638][  0]LogConfig: Setting CVar [[r.AOQuality:2]]
[2020.12.21-04.01.24:638][  0]LogConfig: Setting CVar [[r.VolumetricFog:1]]
[2020.12.21-04.01.24:638][  0]LogConfig: Setting CVar [[r.VolumetricFog.GridPixelSize:8]]
[2020.12.21-04.01.24:638][  0]LogConfig: Setting CVar [[r.VolumetricFog.GridSizeZ:128]]
[2020.12.21-04.01.24:638][  0]LogConfig: Setting CVar [[r.VolumetricFog.HistoryMissSupersampleCount:4]]
[2020.12.21-04.01.24:638][  0]LogConfig: Setting CVar [[r.LightMaxDrawDistanceScale:1]]
[2020.12.21-04.01.24:638][  0]LogConfig: Setting CVar [[r.CapsuleShadows:1]]
[2020.12.21-04.01.24:638][  0]LogConfig: Applying CVar settings from Section [PostProcessQuality@3] File [F:/old desktop/Games/My games/Robogoo group/RoboGoo/RoboGooCPlusPlus/Saved/Config/Windows/Scalability.ini]
[2020.12.21-04.01.24:638][  0]LogConfig: Setting CVar [[r.MotionBlurQuality:4]]
[2020.12.21-04.01.24:638][  0]LogConfig: Setting CVar [[r.AmbientOcclusionMipLevelFactor:0.4]]
[2020.12.21-04.01.24:638][  0]LogConfig: Setting CVar [[r.AmbientOcclusionMaxQuality:100]]
[2020.12.21-04.01.24:638][  0]LogConfig: Setting CVar [[r.AmbientOcclusionLevels:-1]]
[2020.12.21-04.01.24:638][  0]LogConfig: Setting CVar [[r.AmbientOcclusionRadiusScale:1.0]]
[2020.12.21-04.01.24:638][  0]LogConfig: Setting CVar [[r.DepthOfFieldQuality:2]]
[2020.12.21-04.01.24:638][  0]LogConfig: Setting CVar [[r.RenderTargetPoolMin:400]]
[2020.12.21-04.01.24:638][  0]LogConfig: Setting CVar [[r.LensFlareQuality:2]]
[2020.12.21-04.01.24:638][  0]LogConfig: Setting CVar [[r.SceneColorFringeQuality:1]]
[2020.12.21-04.01.24:638][  0]LogConfig: Setting CVar [[r.EyeAdaptationQuality:2]]
[2020.12.21-04.01.24:638][  0]LogConfig: Setting CVar [[r.BloomQuality:5]]
[2020.12.21-04.01.24:638][  0]LogConfig: Setting CVar [[r.FastBlurThreshold:100]]
[2020.12.21-04.01.24:638][  0]LogConfig: Setting CVar [[r.Upscale.Quality:3]]
[2020.12.21-04.01.24:638][  0]LogConfig: Setting CVar [[r.Tonemapper.GrainQuantization:1]]
[2020.12.21-04.01.24:638][  0]LogConfig: Setting CVar [[r.LightShaftQuality:1]]
[2020.12.21-04.01.24:638][  0]LogConfig: Setting CVar [[r.Filter.SizeScale:1]]
[2020.12.21-04.01.24:638][  0]LogConfig: Setting CVar [[r.Tonemapper.Quality:5]]
[2020.12.21-04.01.24:638][  0]LogConfig: Setting CVar [[r.DOF.Gather.AccumulatorQuality:1        ; higher gathering accumulator quality]]
[2020.12.21-04.01.24:638][  0]LogConfig: Setting CVar [[r.DOF.Gather.PostfilterMethod:1          ; Median3x3 postfilering method]]
[2020.12.21-04.01.24:638][  0]LogConfig: Setting CVar [[r.DOF.Gather.EnableBokehSettings:0       ; no bokeh simulation when gathering]]
[2020.12.21-04.01.24:638][  0]LogConfig: Setting CVar [[r.DOF.Gather.RingCount:4                 ; medium number of samples when gathering]]
[2020.12.21-04.01.24:638][  0]LogConfig: Setting CVar [[r.DOF.Scatter.ForegroundCompositing:1    ; additive foreground scattering]]
[2020.12.21-04.01.24:638][  0]LogConfig: Setting CVar [[r.DOF.Scatter.BackgroundCompositing:2    ; additive background scattering]]
[2020.12.21-04.01.24:638][  0]LogConfig: Setting CVar [[r.DOF.Scatter.EnableBokehSettings:1      ; bokeh simulation when scattering]]
[2020.12.21-04.01.24:638][  0]LogConfig: Setting CVar [[r.DOF.Scatter.MaxSpriteRatio:0.1         ; only a maximum of 10% of scattered bokeh]]
[2020.12.21-04.01.24:638][  0]LogConfig: Setting CVar [[r.DOF.Recombine.Quality:1                ; cheap slight out of focus]]
[2020.12.21-04.01.24:638][  0]LogConfig: Setting CVar [[r.DOF.Recombine.EnableBokehSettings:0    ; no bokeh simulation on slight out of focus]]
[2020.12.21-04.01.24:638][  0]LogConfig: Setting CVar [[r.DOF.TemporalAAQuality:1                ; more stable temporal accumulation]]
[2020.12.21-04.01.24:638][  0]LogConfig: Setting CVar [[r.DOF.Kernel.MaxForegroundRadius:0.025]]
[2020.12.21-04.01.24:638][  0]LogConfig: Setting CVar [[r.DOF.Kernel.MaxBackgroundRadius:0.025]]
[2020.12.21-04.01.24:638][  0]LogConfig: Applying CVar settings from Section [TextureQuality@3] File [F:/old desktop/Games/My games/Robogoo group/RoboGoo/RoboGooCPlusPlus/Saved/Config/Windows/Scalability.ini]
[2020.12.21-04.01.24:638][  0]LogConfig: Setting CVar [[r.Streaming.MipBias:0]]
[2020.12.21-04.01.24:638][  0]LogConfig: Setting CVar [[r.Streaming.AmortizeCPUToGPUCopy:0]]
[2020.12.21-04.01.24:638][  0]LogConfig: Setting CVar [[r.Streaming.MaxNumTexturesToStreamPerFrame:0]]
[2020.12.21-04.01.24:638][  0]LogConfig: Setting CVar [[r.Streaming.Boost:1]]
[2020.12.21-04.01.24:638][  0]LogConfig: Setting CVar [[r.MaxAnisotropy:8]]
[2020.12.21-04.01.24:638][  0]LogConfig: Setting CVar [[r.VT.MaxAnisotropy:8]]
[2020.12.21-04.01.24:638][  0]LogConfig: Setting CVar [[r.Streaming.LimitPoolSizeToVRAM:0]]
[2020.12.21-04.01.24:638][  0]LogConfig: Setting CVar [[r.Streaming.PoolSize:1000]]
[2020.12.21-04.01.24:638][  0]LogConfig: Setting CVar [[r.Streaming.MaxEffectiveScreenSize:0]]
[2020.12.21-04.01.24:638][  0]LogConfig: Applying CVar settings from Section [EffectsQuality@3] File [F:/old desktop/Games/My games/Robogoo group/RoboGoo/RoboGooCPlusPlus/Saved/Config/Windows/Scalability.ini]
[2020.12.21-04.01.24:638][  0]LogConfig: Setting CVar [[r.TranslucencyLightingVolumeDim:64]]
[2020.12.21-04.01.24:638][  0]LogConfig: Setting CVar [[r.RefractionQuality:2]]
[2020.12.21-04.01.24:638][  0]LogConfig: Setting CVar [[r.SSR.Quality:3]]
[2020.12.21-04.01.24:638][  0]LogConfig: Setting CVar [[r.SSR.HalfResSceneColor:0]]
[2020.12.21-04.01.24:638][  0]LogConfig: Setting CVar [[r.SceneColorFormat:4]]
[2020.12.21-04.01.24:638][  0]LogConfig: Setting CVar [[r.DetailMode:2]]
[2020.12.21-04.01.24:638][  0]LogConfig: Setting CVar [[r.TranslucencyVolumeBlur:1]]
[2020.12.21-04.01.24:638][  0]LogConfig: Setting CVar [[r.MaterialQualityLevel:1 ; High quality]]
[2020.12.21-04.01.24:638][  0]LogConfig: Setting CVar [[r.SSS.Scale:1]]
[2020.12.21-04.01.24:638][  0]LogConfig: Setting CVar [[r.SSS.SampleSet:2]]
[2020.12.21-04.01.24:638][  0]LogConfig: Setting CVar [[r.SSS.Quality:1]]
[2020.12.21-04.01.24:638][  0]LogConfig: Setting CVar [[r.SSS.HalfRes:0]]
[2020.12.21-04.01.24:638][  0]LogConfig: Setting CVar [[r.SSGI.Quality:3]]
[2020.12.21-04.01.24:638][  0]LogConfig: Setting CVar [[r.EmitterSpawnRateScale:1.0]]
[2020.12.21-04.01.24:638][  0]LogConfig: Setting CVar [[r.ParticleLightQuality:2]]
[2020.12.21-04.01.24:638][  0]LogConfig: Setting CVar [[r.SkyAtmosphere.AerialPerspectiveLUT.FastApplyOnOpaque:1 ; Always have FastSkyLUT 1 in this case to avoid wrong sky]]
[2020.12.21-04.01.24:638][  0]LogConfig: Setting CVar [[r.SkyAtmosphere.AerialPerspectiveLUT.SampleCountPerSlice:1]]
[2020.12.21-04.01.24:638][  0]LogConfig: Setting CVar [[r.SkyAtmosphere.AerialPerspectiveLUT.DepthResolution:16.0]]
[2020.12.21-04.01.24:638][  0]LogConfig: Setting CVar [[r.SkyAtmosphere.FastSkyLUT:1]]
[2020.12.21-04.01.24:638][  0]LogConfig: Setting CVar [[r.SkyAtmosphere.FastSkyLUT.SampleCountMin:4.0]]
[2020.12.21-04.01.24:638][  0]LogConfig: Setting CVar [[r.SkyAtmosphere.FastSkyLUT.SampleCountMax:32.0]]
[2020.12.21-04.01.24:638][  0]LogConfig: Setting CVar [[r.SkyAtmosphere.SampleCountMin:4.0]]
[2020.12.21-04.01.24:638][  0]LogConfig: Setting CVar [[r.SkyAtmosphere.SampleCountMax:32.0]]
[2020.12.21-04.01.24:638][  0]LogConfig: Setting CVar [[r.SkyAtmosphere.TransmittanceLUT.UseSmallFormat:0]]
[2020.12.21-04.01.24:638][  0]LogConfig: Setting CVar [[r.SkyAtmosphere.TransmittanceLUT.SampleCount:10.0]]
[2020.12.21-04.01.24:638][  0]LogConfig: Setting CVar [[r.SkyAtmosphere.MultiScatteringLUT.SampleCount:15.0]]
[2020.12.21-04.01.24:638][  0]LogConfig: Applying CVar settings from Section [FoliageQuality@3] File [F:/old desktop/Games/My games/Robogoo group/RoboGoo/RoboGooCPlusPlus/Saved/Config/Windows/Scalability.ini]
[2020.12.21-04.01.24:638][  0]LogConfig: Setting CVar [[foliage.DensityScale:1.0]]
[2020.12.21-04.01.24:638][  0]LogConfig: Setting CVar [[grass.DensityScale:1.0]]
[2020.12.21-04.01.24:638][  0]LogConfig: Applying CVar settings from Section [ShadingQuality@3] File [F:/old desktop/Games/My games/Robogoo group/RoboGoo/RoboGooCPlusPlus/Saved/Config/Windows/Scalability.ini]
[2020.12.21-04.01.24:639][  0]LogConfig: Setting CVar [[r.HairStrands.SkyLighting.SampleCount:16]]
[2020.12.21-04.01.24:639][  0]LogConfig: Setting CVar [[r.HairStrands.SkyLighting.JitterIntegration:0]]
[2020.12.21-04.01.24:639][  0]LogConfig: Setting CVar [[r.HairStrands.SkyAO.SampleCount:16]]
[2020.12.21-04.01.24:639][  0]LogConfig: Setting CVar [[r.HairStrands.DeepShadow.SuperSampling:0]]
[2020.12.21-04.01.24:639][  0]LogConfig: Setting CVar [[r.HairStrands.VisibilityPPLL:0]]
[2020.12.21-04.01.24:639][  0]LogConfig: Setting CVar [[r.HairStrands.RasterizationScale:0.5]]
[2020.12.21-04.01.24:639][  0]LogConfig: Setting CVar [[r.HairStrands.VelocityRasterizationScale:1]]
[2020.12.21-04.01.24:639][  0]LogInit: Selected Device Profile: [Windows]
[2020.12.21-04.01.24:639][  0]LogInit: Applying CVar settings loaded from the selected device profile: [Windows]
[2020.12.21-04.01.24:639][  0]LogHAL: Display: Platform has ~ 16 GB [17103970304 / 17179869184 / 16], which maps to Larger [LargestMinGB=32, LargerMinGB=12, DefaultMinGB=8, SmallerMinGB=6, SmallestMinGB=0)
[2020.12.21-04.01.24:639][  0]LogInit: Going up to parent DeviceProfile []
[2020.12.21-04.01.24:639][  0]LogConfig: Applying CVar settings from Section [ViewDistanceQuality@3] File [F:/old desktop/Games/My games/Robogoo group/RoboGoo/RoboGooCPlusPlus/Saved/Config/Windows/Scalability.ini]
[2020.12.21-04.01.24:639][  0]LogConfig: Setting CVar [[r.SkeletalMeshLODBias:0]]
[2020.12.21-04.01.24:639][  0]LogConfig: Setting CVar [[r.ViewDistanceScale:1.0]]
[2020.12.21-04.01.24:639][  0]LogConfig: Applying CVar settings from Section [AntiAliasingQuality@3] File [F:/old desktop/Games/My games/Robogoo group/RoboGoo/RoboGooCPlusPlus/Saved/Config/Windows/Scalability.ini]
[2020.12.21-04.01.24:639][  0]LogConfig: Setting CVar [[r.PostProcessAAQuality:4]]
[2020.12.21-04.01.24:639][  0]LogConfig: Applying CVar settings from Section [ShadowQuality@3] File [F:/old desktop/Games/My games/Robogoo group/RoboGoo/RoboGooCPlusPlus/Saved/Config/Windows/Scalability.ini]
[2020.12.21-04.01.24:639][  0]LogConfig: Setting CVar [[r.LightFunctionQuality:1]]
[2020.12.21-04.01.24:639][  0]LogConfig: Setting CVar [[r.ShadowQuality:5]]
[2020.12.21-04.01.24:639][  0]LogConfig: Setting CVar [[r.Shadow.CSM.MaxCascades:10]]
[2020.12.21-04.01.24:639][  0]LogConfig: Setting CVar [[r.Shadow.MaxResolution:2048]]
[2020.12.21-04.01.24:639][  0]LogConfig: Setting CVar [[r.Shadow.MaxCSMResolution:2048]]
[2020.12.21-04.01.24:639][  0]LogConfig: Setting CVar [[r.Shadow.RadiusThreshold:0.01]]
[2020.12.21-04.01.24:639][  0]LogConfig: Setting CVar [[r.Shadow.DistanceScale:1.0]]
[2020.12.21-04.01.24:639][  0]LogConfig: Setting CVar [[r.Shadow.CSM.TransitionScale:1.0]]
[2020.12.21-04.01.24:639][  0]LogConfig: Setting CVar [[r.Shadow.PreShadowResolutionFactor:1.0]]
[2020.12.21-04.01.24:639][  0]LogConfig: Setting CVar [[r.DistanceFieldShadowing:1]]
[2020.12.21-04.01.24:639][  0]LogConfig: Setting CVar [[r.DistanceFieldAO:1]]
[2020.12.21-04.01.24:639][  0]LogConfig: Setting CVar [[r.AOQuality:2]]
[2020.12.21-04.01.24:639][  0]LogConfig: Setting CVar [[r.VolumetricFog:1]]
[2020.12.21-04.01.24:639][  0]LogConfig: Setting CVar [[r.VolumetricFog.GridPixelSize:8]]
[2020.12.21-04.01.24:639][  0]LogConfig: Setting CVar [[r.VolumetricFog.GridSizeZ:128]]
[2020.12.21-04.01.24:639][  0]LogConfig: Setting CVar [[r.VolumetricFog.HistoryMissSupersampleCount:4]]
[2020.12.21-04.01.24:639][  0]LogConfig: Setting CVar [[r.LightMaxDrawDistanceScale:1]]
[2020.12.21-04.01.24:639][  0]LogConfig: Setting CVar [[r.CapsuleShadows:1]]
[2020.12.21-04.01.24:639][  0]LogConfig: Applying CVar settings from Section [PostProcessQuality@3] File [F:/old desktop/Games/My games/Robogoo group/RoboGoo/RoboGooCPlusPlus/Saved/Config/Windows/Scalability.ini]
[2020.12.21-04.01.24:639][  0]LogConfig: Setting CVar [[r.MotionBlurQuality:4]]
[2020.12.21-04.01.24:639][  0]LogConfig: Setting CVar [[r.AmbientOcclusionMipLevelFactor:0.4]]
[2020.12.21-04.01.24:639][  0]LogConfig: Setting CVar [[r.AmbientOcclusionMaxQuality:100]]
[2020.12.21-04.01.24:639][  0]LogConfig: Setting CVar [[r.AmbientOcclusionLevels:-1]]
[2020.12.21-04.01.24:639][  0]LogConfig: Setting CVar [[r.AmbientOcclusionRadiusScale:1.0]]
[2020.12.21-04.01.24:639][  0]LogConfig: Setting CVar [[r.DepthOfFieldQuality:2]]
[2020.12.21-04.01.24:639][  0]LogConfig: Setting CVar [[r.RenderTargetPoolMin:400]]
[2020.12.21-04.01.24:639][  0]LogConfig: Setting CVar [[r.LensFlareQuality:2]]
[2020.12.21-04.01.24:639][  0]LogConfig: Setting CVar [[r.SceneColorFringeQuality:1]]
[2020.12.21-04.01.24:639][  0]LogConfig: Setting CVar [[r.EyeAdaptationQuality:2]]
[2020.12.21-04.01.24:639][  0]LogConfig: Setting CVar [[r.BloomQuality:5]]
[2020.12.21-04.01.24:639][  0]LogConfig: Setting CVar [[r.FastBlurThreshold:100]]
[2020.12.21-04.01.24:639][  0]LogConfig: Setting CVar [[r.Upscale.Quality:3]]
[2020.12.21-04.01.24:639][  0]LogConfig: Setting CVar [[r.Tonemapper.GrainQuantization:1]]
[2020.12.21-04.01.24:639][  0]LogConfig: Setting CVar [[r.LightShaftQuality:1]]
[2020.12.21-04.01.24:639][  0]LogConfig: Setting CVar [[r.Filter.SizeScale:1]]
[2020.12.21-04.01.24:639][  0]LogConfig: Setting CVar [[r.Tonemapper.Quality:5]]
[2020.12.21-04.01.24:639][  0]LogConfig: Setting CVar [[r.DOF.Gather.AccumulatorQuality:1        ; higher gathering accumulator quality]]
[2020.12.21-04.01.24:639][  0]LogConfig: Setting CVar [[r.DOF.Gather.PostfilterMethod:1          ; Median3x3 postfilering method]]
[2020.12.21-04.01.24:639][  0]LogConfig: Setting CVar [[r.DOF.Gather.EnableBokehSettings:0       ; no bokeh simulation when gathering]]
[2020.12.21-04.01.24:639][  0]LogConfig: Setting CVar [[r.DOF.Gather.RingCount:4                 ; medium number of samples when gathering]]
[2020.12.21-04.01.24:639][  0]LogConfig: Setting CVar [[r.DOF.Scatter.ForegroundCompositing:1    ; additive foreground scattering]]
[2020.12.21-04.01.24:639][  0]LogConfig: Setting CVar [[r.DOF.Scatter.BackgroundCompositing:2    ; additive background scattering]]
[2020.12.21-04.01.24:639][  0]LogConfig: Setting CVar [[r.DOF.Scatter.EnableBokehSettings:1      ; bokeh simulation when scattering]]
[2020.12.21-04.01.24:639][  0]LogConfig: Setting CVar [[r.DOF.Scatter.MaxSpriteRatio:0.1         ; only a maximum of 10% of scattered bokeh]]
[2020.12.21-04.01.24:639][  0]LogConfig: Setting CVar [[r.DOF.Recombine.Quality:1                ; cheap slight out of focus]]
[2020.12.21-04.01.24:639][  0]LogConfig: Setting CVar [[r.DOF.Recombine.EnableBokehSettings:0    ; no bokeh simulation on slight out of focus]]
[2020.12.21-04.01.24:639][  0]LogConfig: Setting CVar [[r.DOF.TemporalAAQuality:1                ; more stable temporal accumulation]]
[2020.12.21-04.01.24:639][  0]LogConfig: Setting CVar [[r.DOF.Kernel.MaxForegroundRadius:0.025]]
[2020.12.21-04.01.24:639][  0]LogConfig: Setting CVar [[r.DOF.Kernel.MaxBackgroundRadius:0.025]]
[2020.12.21-04.01.24:639][  0]LogConfig: Applying CVar settings from Section [TextureQuality@3] File [F:/old desktop/Games/My games/Robogoo group/RoboGoo/RoboGooCPlusPlus/Saved/Config/Windows/Scalability.ini]
[2020.12.21-04.01.24:639][  0]LogConfig: Setting CVar [[r.Streaming.MipBias:0]]
[2020.12.21-04.01.24:639][  0]LogConfig: Setting CVar [[r.Streaming.AmortizeCPUToGPUCopy:0]]
[2020.12.21-04.01.24:639][  0]LogConfig: Setting CVar [[r.Streaming.MaxNumTexturesToStreamPerFrame:0]]
[2020.12.21-04.01.24:639][  0]LogConfig: Setting CVar [[r.Streaming.Boost:1]]
[2020.12.21-04.01.24:639][  0]LogConfig: Setting CVar [[r.MaxAnisotropy:8]]
[2020.12.21-04.01.24:639][  0]LogConfig: Setting CVar [[r.VT.MaxAnisotropy:8]]
[2020.12.21-04.01.24:639][  0]LogConfig: Setting CVar [[r.Streaming.LimitPoolSizeToVRAM:0]]
[2020.12.21-04.01.24:639][  0]LogConfig: Setting CVar [[r.Streaming.PoolSize:1000]]
[2020.12.21-04.01.24:640][  0]LogConfig: Setting CVar [[r.Streaming.MaxEffectiveScreenSize:0]]
[2020.12.21-04.01.24:640][  0]LogConfig: Applying CVar settings from Section [EffectsQuality@3] File [F:/old desktop/Games/My games/Robogoo group/RoboGoo/RoboGooCPlusPlus/Saved/Config/Windows/Scalability.ini]
[2020.12.21-04.01.24:640][  0]LogConfig: Setting CVar [[r.TranslucencyLightingVolumeDim:64]]
[2020.12.21-04.01.24:640][  0]LogConfig: Setting CVar [[r.RefractionQuality:2]]
[2020.12.21-04.01.24:640][  0]LogConfig: Setting CVar [[r.SSR.Quality:3]]
[2020.12.21-04.01.24:640][  0]LogConfig: Setting CVar [[r.SSR.HalfResSceneColor:0]]
[2020.12.21-04.01.24:640][  0]LogConfig: Setting CVar [[r.SceneColorFormat:4]]
[2020.12.21-04.01.24:640][  0]LogConfig: Setting CVar [[r.DetailMode:2]]
[2020.12.21-04.01.24:640][  0]LogConfig: Setting CVar [[r.TranslucencyVolumeBlur:1]]
[2020.12.21-04.01.24:640][  0]LogConfig: Setting CVar [[r.MaterialQualityLevel:1 ; High quality]]
[2020.12.21-04.01.24:640][  0]LogConfig: Setting CVar [[r.SSS.Scale:1]]
[2020.12.21-04.01.24:640][  0]LogConfig: Setting CVar [[r.SSS.SampleSet:2]]
[2020.12.21-04.01.24:640][  0]LogConfig: Setting CVar [[r.SSS.Quality:1]]
[2020.12.21-04.01.24:640][  0]LogConfig: Setting CVar [[r.SSS.HalfRes:0]]
[2020.12.21-04.01.24:640][  0]LogConfig: Setting CVar [[r.SSGI.Quality:3]]
[2020.12.21-04.01.24:640][  0]LogConfig: Setting CVar [[r.EmitterSpawnRateScale:1.0]]
[2020.12.21-04.01.24:640][  0]LogConfig: Setting CVar [[r.ParticleLightQuality:2]]
[2020.12.21-04.01.24:640][  0]LogConfig: Setting CVar [[r.SkyAtmosphere.AerialPerspectiveLUT.FastApplyOnOpaque:1 ; Always have FastSkyLUT 1 in this case to avoid wrong sky]]
[2020.12.21-04.01.24:640][  0]LogConfig: Setting CVar [[r.SkyAtmosphere.AerialPerspectiveLUT.SampleCountPerSlice:1]]
[2020.12.21-04.01.24:640][  0]LogConfig: Setting CVar [[r.SkyAtmosphere.AerialPerspectiveLUT.DepthResolution:16.0]]
[2020.12.21-04.01.24:640][  0]LogConfig: Setting CVar [[r.SkyAtmosphere.FastSkyLUT:1]]
[2020.12.21-04.01.24:640][  0]LogConfig: Setting CVar [[r.SkyAtmosphere.FastSkyLUT.SampleCountMin:4.0]]
[2020.12.21-04.01.24:640][  0]LogConfig: Setting CVar [[r.SkyAtmosphere.FastSkyLUT.SampleCountMax:32.0]]
[2020.12.21-04.01.24:640][  0]LogConfig: Setting CVar [[r.SkyAtmosphere.SampleCountMin:4.0]]
[2020.12.21-04.01.24:640][  0]LogConfig: Setting CVar [[r.SkyAtmosphere.SampleCountMax:32.0]]
[2020.12.21-04.01.24:640][  0]LogConfig: Setting CVar [[r.SkyAtmosphere.TransmittanceLUT.UseSmallFormat:0]]
[2020.12.21-04.01.24:640][  0]LogConfig: Setting CVar [[r.SkyAtmosphere.TransmittanceLUT.SampleCount:10.0]]
[2020.12.21-04.01.24:640][  0]LogConfig: Setting CVar [[r.SkyAtmosphere.MultiScatteringLUT.SampleCount:15.0]]
[2020.12.21-04.01.24:640][  0]LogConfig: Applying CVar settings from Section [FoliageQuality@3] File [F:/old desktop/Games/My games/Robogoo group/RoboGoo/RoboGooCPlusPlus/Saved/Config/Windows/Scalability.ini]
[2020.12.21-04.01.24:640][  0]LogConfig: Setting CVar [[foliage.DensityScale:1.0]]
[2020.12.21-04.01.24:640][  0]LogConfig: Setting CVar [[grass.DensityScale:1.0]]
[2020.12.21-04.01.24:640][  0]LogConfig: Applying CVar settings from Section [ShadingQuality@3] File [F:/old desktop/Games/My games/Robogoo group/RoboGoo/RoboGooCPlusPlus/Saved/Config/Windows/Scalability.ini]
[2020.12.21-04.01.24:640][  0]LogConfig: Setting CVar [[r.HairStrands.SkyLighting.SampleCount:16]]
[2020.12.21-04.01.24:640][  0]LogConfig: Setting CVar [[r.HairStrands.SkyLighting.JitterIntegration:0]]
[2020.12.21-04.01.24:640][  0]LogConfig: Setting CVar [[r.HairStrands.SkyAO.SampleCount:16]]
[2020.12.21-04.01.24:640][  0]LogConfig: Setting CVar [[r.HairStrands.DeepShadow.SuperSampling:0]]
[2020.12.21-04.01.24:640][  0]LogConfig: Setting CVar [[r.HairStrands.VisibilityPPLL:0]]
[2020.12.21-04.01.24:640][  0]LogConfig: Setting CVar [[r.HairStrands.RasterizationScale:0.5]]
[2020.12.21-04.01.24:640][  0]LogConfig: Setting CVar [[r.HairStrands.VelocityRasterizationScale:1]]
[2020.12.21-04.01.24:640][  0]LogConfig: Applying CVar settings from Section [Startup] File [../../../Engine/Config/ConsoleVariables.ini]
[2020.12.21-04.01.24:640][  0]LogConfig: Setting CVar [[net.UseAdaptiveNetUpdateFrequency:0]]
[2020.12.21-04.01.24:640][  0]LogConfig: Setting CVar [[p.chaos.AllowCreatePhysxBodies:1]]
[2020.12.21-04.01.24:640][  0]LogConfig: Setting CVar [[fx.SkipVectorVMBackendOptimizations:1]]
[2020.12.21-04.01.24:640][  0]LogConfig: Applying CVar settings from Section [ConsoleVariables] File [F:/old desktop/Games/My games/Robogoo group/RoboGoo/RoboGooCPlusPlus/Saved/Config/Windows/Engine.ini]
[2020.12.21-04.01.24:640][  0]LogInit: Computer: JONDIVE
[2020.12.21-04.01.24:640][  0]LogInit: User: Jondive
[2020.12.21-04.01.24:640][  0]LogInit: CPU Page size=4096, Cores=6
[2020.12.21-04.01.24:640][  0]LogInit: High frequency timer resolution =10.000000 MHz
[2020.12.21-04.01.24:641][  0]LogMemory: Memory total: Physical=15.9GB (16GB approx)
[2020.12.21-04.01.24:641][  0]LogMemory: Platform Memory Stats for Windows
[2020.12.21-04.01.24:641][  0]LogMemory: Process Physical Memory: 114.34 MB used, 114.34 MB peak
[2020.12.21-04.01.24:641][  0]LogMemory: Process Virtual Memory: 97.65 MB used, 97.65 MB peak
[2020.12.21-04.01.24:641][  0]LogMemory: Physical Memory: 9896.65 MB used,  6414.97 MB free, 16311.62 MB total
[2020.12.21-04.01.24:641][  0]LogMemory: Virtual Memory: 5137.96 MB used,  134212592.00 MB free, 134217728.00 MB total
[2020.12.21-04.01.24:646][  0]LogWindows: WindowsPlatformFeatures enabled
[2020.12.21-04.01.24:694][  0]LogInit: Physics initialised using underlying interface: PhysX
[2020.12.21-04.01.24:694][  0]LogInit: Using OS detected language (en-GB).
[2020.12.21-04.01.24:694][  0]LogInit: Using OS detected locale (en-GB).
[2020.12.21-04.01.24:696][  0]LogTextLocalizationManager: No specific localization for 'en-GB' exists, so the 'en' localization will be used.
[2020.12.21-04.01.24:862][  0]LogInit: Setting process to per monitor DPI aware
[2020.12.21-04.01.24:901][  0]LogSlate: New Slate User Created.  User Index 0, Is Virtual User: 0
[2020.12.21-04.01.24:901][  0]LogSlate: Slate User Registered.  User Index 0, Is Virtual User: 0
[2020.12.21-04.01.25:100][  0]LogD3D11RHI: D3D11 min allowed feature level: 11_0
[2020.12.21-04.01.25:100][  0]LogD3D11RHI: D3D11 max allowed feature level: 11_0
[2020.12.21-04.01.25:100][  0]LogD3D11RHI: D3D11 adapters:
[2020.12.21-04.01.25:194][  0]LogD3D11RHI:    0. 'NVIDIA GeForce GTX 1080' (Feature Level 11_0)
[2020.12.21-04.01.25:194][  0]LogD3D11RHI:       8079/0/8155 MB DedicatedVideo/DedicatedSystem/SharedSystem, Outputs:3, VendorId:0x10de
[2020.12.21-04.01.25:197][  0]LogD3D11RHI:    1. 'Microsoft Basic Render Driver' (Feature Level 11_0)
[2020.12.21-04.01.25:197][  0]LogD3D11RHI:       0/0/8155 MB DedicatedVideo/DedicatedSystem/SharedSystem, Outputs:0, VendorId:0x1414
[2020.12.21-04.01.25:197][  0]LogD3D11RHI: Chosen D3D11 Adapter: 0
[2020.12.21-04.01.25:203][  0]LogD3D11RHI: Creating new Direct3DDevice
[2020.12.21-04.01.25:203][  0]LogD3D11RHI:     GPU DeviceId: 0x1b80 (for the marketing name, search the web for "GPU Device Id")
[2020.12.21-04.01.25:203][  0]LogWindows: EnumDisplayDevices:
[2020.12.21-04.01.25:203][  0]LogWindows:    0. 'NVIDIA GeForce GTX 1080' (P:1 D:1)
[2020.12.21-04.01.25:204][  0]LogWindows:    1. 'NVIDIA GeForce GTX 1080' (P:0 D:1)
[2020.12.21-04.01.25:204][  0]LogWindows:    2. 'NVIDIA GeForce GTX 1080' (P:0 D:1)
[2020.12.21-04.01.25:204][  0]LogWindows:    3. 'NVIDIA GeForce GTX 1080' (P:0 D:0)
[2020.12.21-04.01.25:204][  0]LogWindows: DebugString: FoundDriverCount:4 
[2020.12.21-04.01.25:204][  0]LogD3D11RHI:     Adapter Name: NVIDIA GeForce GTX 1080
[2020.12.21-04.01.25:204][  0]LogD3D11RHI:   Driver Version: 460.89 (internal:27.21.14.6089, unified:460.89)
[2020.12.21-04.01.25:204][  0]LogD3D11RHI:      Driver Date: 12-11-2020
[2020.12.21-04.01.25:204][  0]LogRHI: Texture pool is 5655 MB (70% of 8079 MB)
[2020.12.21-04.01.25:285][  0]LogD3D11RHI: RHI has support for 64 bit atomics
[2020.12.21-04.01.25:285][  0]LogD3D11RHI: Async texture creation enabled
[2020.12.21-04.01.25:285][  0]LogD3D11RHI: Array index from any shader is supported
[2020.12.21-04.01.25:303][  0]LogD3D11RHI: GPU Timing Frequency: 1000.000000 (Debug: 2 1)
[2020.12.21-04.01.25:572][  0]LogTargetPlatformManager: Display: Loaded TargetPlatform 'AllDesktop'
[2020.12.21-04.01.25:593][  0]LogTargetPlatformManager: Display: Loaded TargetPlatform 'Android'
[2020.12.21-04.01.25:593][  0]LogTargetPlatformManager: Display: Loaded TargetPlatform 'Android_ASTC'
[2020.12.21-04.01.25:593][  0]LogTargetPlatformManager: Display: Loaded TargetPlatform 'Android_DXT'
[2020.12.21-04.01.25:593][  0]LogTargetPlatformManager: Display: Loaded TargetPlatform 'Android_ETC2'
[2020.12.21-04.01.25:593][  0]LogTargetPlatformManager: Display: Loaded TargetPlatform 'AndroidClient'
[2020.12.21-04.01.25:593][  0]LogTargetPlatformManager: Display: Loaded TargetPlatform 'Android_ASTCClient'
[2020.12.21-04.01.25:593][  0]LogTargetPlatformManager: Display: Loaded TargetPlatform 'Android_DXTClient'
[2020.12.21-04.01.25:593][  0]LogTargetPlatformManager: Display: Loaded TargetPlatform 'Android_ETC2Client'
[2020.12.21-04.01.25:593][  0]LogTargetPlatformManager: Display: Loaded TargetPlatform 'Android_Multi'
[2020.12.21-04.01.25:593][  0]LogTargetPlatformManager: Display: Loaded TargetPlatform 'Android_MultiClient'
[2020.12.21-04.01.25:615][  0]LogTargetPlatformManager: Display: Loaded TargetPlatform 'IOSClient'
[2020.12.21-04.01.25:615][  0]LogTargetPlatformManager: Display: Loaded TargetPlatform 'IOS'
[2020.12.21-04.01.25:624][  0]LogTargetPlatformManager: Display: Loaded TargetPlatform 'Linux'
[2020.12.21-04.01.25:632][  0]LogTargetPlatformManager: Display: Loaded TargetPlatform 'LinuxNoEditor'
[2020.12.21-04.01.25:641][  0]LogTargetPlatformManager: Display: Loaded TargetPlatform 'LinuxClient'
[2020.12.21-04.01.25:649][  0]LogTargetPlatformManager: Display: Loaded TargetPlatform 'LinuxServer'
[2020.12.21-04.01.25:657][  0]LogTargetPlatformManager: Display: Loaded TargetPlatform 'LinuxAArch64NoEditor'
[2020.12.21-04.01.25:666][  0]LogTargetPlatformManager: Display: Loaded TargetPlatform 'LinuxAArch64Client'
[2020.12.21-04.01.25:674][  0]LogTargetPlatformManager: Display: Loaded TargetPlatform 'LinuxAArch64Server'
[2020.12.21-04.01.25:698][  0]LogTargetPlatformManager: Display: Loaded TargetPlatform 'Lumin'
[2020.12.21-04.01.25:698][  0]LogTargetPlatformManager: Display: Loaded TargetPlatform 'LuminClient'
[2020.12.21-04.01.25:712][  0]LogTargetPlatformManager: Display: Loaded TargetPlatform 'TVOSClient'
[2020.12.21-04.01.25:712][  0]LogTargetPlatformManager: Display: Loaded TargetPlatform 'TVOS'
[2020.12.21-04.01.25:721][  0]LogTargetPlatformManager: Display: Loaded TargetPlatform 'WindowsNoEditor'
[2020.12.21-04.01.25:730][  0]LogTargetPlatformManager: Display: Loaded TargetPlatform 'Windows'
[2020.12.21-04.01.25:738][  0]LogTargetPlatformManager: Display: Loaded TargetPlatform 'WindowsClient'
[2020.12.21-04.01.25:747][  0]LogTargetPlatformManager: Display: Loaded TargetPlatform 'WindowsServer'
[2020.12.21-04.01.25:747][  0]LogTargetPlatformManager: Display: Building Assets For Windows
[2020.12.21-04.01.25:755][  0]LogAudioDebug: Display: Lib vorbis DLL was dynamically loaded.
[2020.12.21-04.01.25:810][  0]LogShaderCompilers: Guid format shader working directory is -21 characters bigger than the processId version (F:/old desktop/Games/My games/Robogoo group/RoboGoo/RoboGooCPlusPlus/Intermediate/Shaders/WorkingDirectory/11696/).
[2020.12.21-04.01.25:810][  0]LogShaderCompilers: Cleaned the shader compiler working directory 'C:/Users/Jondive/AppData/Local/Temp/UnrealShaderWorkingDir/46DDFE5240627069B80CACBB51B85A21/'.
[2020.12.21-04.01.25:810][  0]LogXGEController: Cannot use XGE Controller as Incredibuild is not installed on this machine.
[2020.12.21-04.01.25:810][  0]LogShaderCompilers: Cannot use XGE Shader Compiler as Incredibuild is not installed on this machine.
[2020.12.21-04.01.25:810][  0]LogShaderCompilers: Display: Using Local Shader Compiler.
[2020.12.21-04.01.26:534][  0]LogDerivedDataCache: Display: Max Cache Size: 512 MB
[2020.12.21-04.01.26:583][  0]LogDerivedDataCache: Loaded boot cache 0.05s 80MB C:/Users/Jondive/AppData/Local/UnrealEngine/4.25/DerivedDataCache/Boot.ddc.
[2020.12.21-04.01.26:583][  0]LogDerivedDataCache: Display: Loaded Boot cache: C:/Users/Jondive/AppData/Local/UnrealEngine/4.25/DerivedDataCache/Boot.ddc
[2020.12.21-04.01.26:583][  0]LogDerivedDataCache: FDerivedDataBackendGraph:  Pak pak cache file F:/old desktop/Games/My games/Robogoo group/RoboGoo/RoboGooCPlusPlus/DerivedDataCache/DDC.ddp not found, will not use a pak cache.
[2020.12.21-04.01.26:583][  0]LogDerivedDataCache: Unable to find inner node Pak for hierarchical cache Hierarchy.
[2020.12.21-04.01.26:583][  0]LogDerivedDataCache: FDerivedDataBackendGraph:  CompressedPak pak cache file F:/old desktop/Games/My games/Robogoo group/RoboGoo/RoboGooCPlusPlus/DerivedDataCache/Compressed.ddp not found, will not use a pak cache.
[2020.12.21-04.01.26:583][  0]LogDerivedDataCache: Unable to find inner node CompressedPak for hierarchical cache Hierarchy.
[2020.12.21-04.01.26:593][  0]LogDerivedDataCache: Display: Pak cache opened for reading ../../../Engine/DerivedDataCache/Compressed.ddp.
[2020.12.21-04.01.26:593][  0]LogDerivedDataCache: FDerivedDataBackendGraph:  EnterprisePak pak cache file ../../../Enterprise/DerivedDataCache/Compressed.ddp not found, will not use a pak cache.
[2020.12.21-04.01.26:593][  0]LogDerivedDataCache: Unable to find inner node EnterprisePak for hierarchical cache Hierarchy.
[2020.12.21-04.01.26:594][  0]LogDerivedDataCache: Using Local data cache path C:/Users/Jondive/AppData/Local/UnrealEngine/Common/DerivedDataCache: Writable
[2020.12.21-04.01.26:594][  0]LogDerivedDataCache: Shared data cache path not found in *engine.ini, will not use an Shared cache.
[2020.12.21-04.01.26:594][  0]LogDerivedDataCache: Unable to find inner node Shared for hierarchical cache Hierarchy.
[2020.12.21-04.01.26:642][  0]LogSlate: Using FreeType 2.10.0
[2020.12.21-04.01.26:642][  0]LogSlate: SlateFontServices - WITH_FREETYPE: 1, WITH_HARFBUZZ: 1
[2020.12.21-04.01.26:667][  0]LogAssetRegistry: FAssetRegistry took 0.0023 seconds to start up
[2020.12.21-04.01.26:868][  0]LogInit: Selected Device Profile: [Windows]
[2020.12.21-04.01.26:978][  0]LogMeshReduction: Using QuadricMeshReduction for automatic static mesh reduction
[2020.12.21-04.01.26:978][  0]LogMeshReduction: Using SimplygonMeshReduction for automatic skeletal mesh reduction
[2020.12.21-04.01.26:978][  0]LogMeshReduction: Using ProxyLODMeshReduction for automatic mesh merging
[2020.12.21-04.01.26:978][  0]LogMeshReduction: No distributed automatic mesh merging module available
[2020.12.21-04.01.26:978][  0]LogMeshMerging: No distributed automatic mesh merging module available
[2020.12.21-04.01.26:998][  0]LogNetVersion: Robogoo_Cplusplus 1.0.0, NetCL: 13144385, EngineNetVer: 14, GameNetVer: 0 (Checksum: 1371892769)
[2020.12.21-04.01.27:405][  0]LogAISub: UAISubsystem::UAISubsystem AISubsystem (0000022509CDB880), frame # 0
[2020.12.21-04.01.27:405][  0]LogAISub: UAISubsystem::UAISubsystem AIPerceptionSystem (0000022509CDCF40), frame # 0
[2020.12.21-04.01.27:406][  0]LogAISub: UAISubsystem::UAISubsystem EnvQueryManager (0000022509D60800), frame # 0
[2020.12.21-04.01.27:450][  0]LogPackageLocalizationCache: Processed 17 localized package path(s) for 1 prioritized culture(s) in 0.038446 seconds
[2020.12.21-04.01.27:455][  0]LogUObjectArray: 15756 objects as part of root set at end of initial load.
[2020.12.21-04.01.27:455][  0]LogUObjectAllocator: 3925280 out of 0 bytes used by permanent object pool.
[2020.12.21-04.01.27:455][  0]LogUObjectArray: CloseDisregardForGC: 0/0 objects in disregard for GC pool
[2020.12.21-04.01.27:764][  0]LogTcpMessaging: Initializing TcpMessaging bridge
[2020.12.21-04.01.27:768][  0]LogUdpMessaging: Initializing bridge on interface 0.0.0.0:0 to multicast group 230.0.0.1:6666.
[2020.12.21-04.01.27:800][  0]LogStaticMesh: Building static mesh Sphere...
[2020.12.21-04.01.27:808][  0]LogStaticMesh: Built static mesh [0.01s] /Engine/BasicShapes/Sphere.Sphere
[2020.12.21-04.01.27:972][  0]SourceControl: Source control is disabled
[2020.12.21-04.01.27:972][  0]SourceControl: Source control is disabled
[2020.12.21-04.01.27:975][  0]SourceControl: Source control is disabled
[2020.12.21-04.01.27:978][  0]SourceControl: Source control is disabled
[2020.12.21-04.01.27:986][  0]SourceControl: Source control is disabled
[2020.12.21-04.01.28:216][  0]LogAndroidPermission: UAndroidPermissionCallbackProxy::GetInstance
[2020.12.21-04.01.28:234][  0]LogAudioCaptureCore: Display: No Audio Capture implementations found. Audio input will be silent.
[2020.12.21-04.01.28:234][  0]LogAudioCaptureCore: Display: No Audio Capture implementations found. Audio input will be silent.
[2020.12.21-04.01.28:315][  0]LogEngine: Initializing Engine...
[2020.12.21-04.01.28:316][  0]LogMagicLeap: Warning: VR disabled because ZI is not enabled.  To enable, in the editor, Edit -> Project Settings -> Plugins -> Magic Leap Plugin -> Enable Zero Iteration
[2020.12.21-04.01.28:317][  0]LogStats: UGameplayTagsManager::InitializeManager -  0.000 s
[2020.12.21-04.01.28:426][  0]LogInit: Initializing FReadOnlyCVARCache
[2020.12.21-04.01.28:433][  0]LogAIModule: Creating AISystem for world Untitled
[2020.12.21-04.01.28:433][  0]LogAISub: UAISubsystem::UAISubsystem EnvQueryManager (000002250D0FFC00), frame # 0
[2020.12.21-04.01.28:433][  0]LogAISub: UAISubsystem::UAISubsystem AIPerceptionSystem (000002250D107B00), frame # 0
[2020.12.21-04.01.28:451][  0]LogAudioMixer: Display: Audio Mixer Platform Settings:
[2020.12.21-04.01.28:451][  0]LogAudioMixer: Display: 	Sample Rate:						  48000
[2020.12.21-04.01.28:451][  0]LogAudioMixer: Display: 	Callback Buffer Frame Size Requested: 1024
[2020.12.21-04.01.28:451][  0]LogAudioMixer: Display: 	Callback Buffer Frame Size To Use:	  1024
[2020.12.21-04.01.28:451][  0]LogAudioMixer: Display: 	Number of buffers to queue:			  2
[2020.12.21-04.01.28:451][  0]LogAudioMixer: Display: 	Max Channels (voices):				  32
[2020.12.21-04.01.28:451][  0]LogAudioMixer: Display: 	Number of Async Source Workers:		  0
[2020.12.21-04.01.28:451][  0]LogAudio: Display: AudioDevice MaxSources: 32
[2020.12.21-04.01.28:452][  0]LogAudio: Display: Using built-in audio occlusion.
[2020.12.21-04.01.28:452][  0]LogAudioMixer: Display: Initializing audio mixer.
[2020.12.21-04.01.28:466][  0]LogAudioMixer: Display: 0: FrontLeft
[2020.12.21-04.01.28:466][  0]LogAudioMixer: Display: 1: FrontRight
[2020.12.21-04.01.28:500][  0]LogAudioMixer: Display: Using Audio Device Headset Earphone (HyperX Virtual Surround Sound)
[2020.12.21-04.01.28:503][  0]LogAudioMixer: Display: Initializing Sound Submixes...
[2020.12.21-04.01.28:505][  0]LogAudioMixer: Display: Creating Master Submix 'MasterSubmixDefault'
[2020.12.21-04.01.28:505][  0]LogAudioMixer: Display: Creating Master Submix 'MasterReverbSubmixDefault'
[2020.12.21-04.01.28:506][  0]LogAudioMixer: Display: Creating Master Submix 'MasterEQSubmixDefault'
[2020.12.21-04.01.28:506][  0]LogInit: FAudioDevice initialized.
[2020.12.21-04.01.28:507][  0]LogNetVersion: Set ProjectVersion to 1.0.0.0. Version Checksum will be recalculated on next use.
[2020.12.21-04.01.28:571][  0]LogDerivedDataCache: Saved boot cache 0.06s 80MB C:/Users/Jondive/AppData/Local/UnrealEngine/4.25/DerivedDataCache/Boot.ddc.
[2020.12.21-04.01.28:575][  0]LogInit: Texture streaming: Enabled
[2020.12.21-04.01.28:589][  0]LogEngineSessionManager: EngineSessionManager initialized
[2020.12.21-04.01.28:589][  0]LogEditorSessionSummary: Verbose: Initializing EditorSessionSummaryWriter for editor session tracking
[2020.12.21-04.01.28:590][  0]LogEditorSessionSummary: EditorSessionSummaryWriter initialized
[2020.12.21-04.01.28:637][  0]LogInit: Transaction tracking system initialized
[2020.12.21-04.01.28:656][  0]BlueprintLog: New page: Editor Load
[2020.12.21-04.01.28:718][  0]LocalizationService: Localization service is disabled
[2020.12.21-04.01.28:853][  0]LogCook: Display: Max memory allowance for cook 16384mb min free memory 0mb
[2020.12.21-04.01.28:853][  0]LogCook: Display: Mobile HDR setting 1
[2020.12.21-04.01.28:998][  0]LogFileCache: Scanning file cache for directory 'F:/old desktop/Games/My games/Robogoo group/RoboGoo/RoboGooCPlusPlus/Content/' took 0.00s
[2020.12.21-04.01.28:998][  0]SourceControl: Source control is disabled
[2020.12.21-04.01.28:998][  0]LogUnrealEdMisc: Loading editor; pre map load, took 6.112
[2020.12.21-04.01.28:998][  0]Cmd: MAP LOAD FILE="F:/old desktop/Games/My games/Robogoo group/RoboGoo/RoboGooCPlusPlus/Content/ThirdPersonCPP/Maps/ThirdPersonExampleMap.umap" TEMPLATE=0 SHOWPROGRESS=1 FEATURELEVEL=3
[2020.12.21-04.01.28:998][  0]LightingResults: New page: Lighting Build
[2020.12.21-04.01.28:999][  0]LogWorld: UWorld::CleanupWorld for Untitled, bSessionEnded=true, bCleanupResources=true
[2020.12.21-04.01.28:999][  0]LogSlate: InvalidateAllWidgets triggered.  All widgets were invalidated
[2020.12.21-04.01.28:999][  0]MapCheck: New page: Map Check
[2020.12.21-04.01.28:999][  0]LightingResults: New page: Lighting Build
[2020.12.21-04.01.29:009][  0]LogAISub: UAISubsystem::~UAISubsystem EnvQueryManager (000002250D0FFC00), frame # 0
[2020.12.21-04.01.29:010][  0]LogAISub: UAISubsystem::~UAISubsystem AIPerceptionSystem (000002250D107B00), frame # 0
[2020.12.21-04.01.29:010][  0]LogUObjectHash: Compacting FUObjectHashTables data took   0.88ms
[2020.12.21-04.01.29:074][  0]LogAIModule: Creating AISystem for world ThirdPersonExampleMap
[2020.12.21-04.01.29:074][  0]LogAISub: UAISubsystem::UAISubsystem EnvQueryManager (0000022501008600), frame # 0
[2020.12.21-04.01.29:074][  0]LogAISub: UAISubsystem::UAISubsystem AIPerceptionSystem (00000225076A1080), frame # 0
[2020.12.21-04.01.29:079][  0]LogEditorServer: Finished looking for orphan Actors (0.000 secs)
[2020.12.21-04.01.29:090][  0]LogUObjectHash: Compacting FUObjectHashTables data took   0.70ms
[2020.12.21-04.01.29:090][  0]Cmd: MAP CHECKDEP NOCLEARLOG
[2020.12.21-04.01.29:091][  0]MapCheck: Map check complete: 0 Error(s), 0 Warning(s), took 0.114ms to complete.
[2020.12.21-04.01.29:091][  0]LogFileHelpers: Loading map 'ThirdPersonExampleMap' took 0.093
[2020.12.21-04.01.29:093][  0]LogUnrealEdMisc: Total Editor Startup Time, took 6.207
[2020.12.21-04.01.29:201][  0]LogSlate: Updating window title bar state: overlay mode, drag disabled, window buttons hidden, title bar hidden
[2020.12.21-04.01.29:208][  0]LogSlate: Updating window title bar state: overlay mode, drag disabled, window buttons hidden, title bar hidden
[2020.12.21-04.01.29:214][  0]LogSlate: Updating window title bar state: overlay mode, drag disabled, window buttons hidden, title bar hidden
[2020.12.21-04.01.29:220][  0]LogSlate: Updating window title bar state: overlay mode, drag disabled, window buttons hidden, title bar hidden
[2020.12.21-04.01.29:225][  0]LogCollectionManager: Loaded 0 collections in 0.000721 seconds
[2020.12.21-04.01.29:236][  0]LogFileCache: Scanning file cache for directory 'F:/old desktop/Games/My games/Robogoo group/RoboGoo/RoboGooCPlusPlus/Saved/Collections/' took 0.00s
[2020.12.21-04.01.29:236][  0]LogFileCache: Scanning file cache for directory 'F:/old desktop/Games/My games/Robogoo group/RoboGoo/RoboGooCPlusPlus/Content/Developers/Jondive/Collections/' took 0.00s
[2020.12.21-04.01.29:236][  0]LogFileCache: Scanning file cache for directory 'F:/old desktop/Games/My games/Robogoo group/RoboGoo/RoboGooCPlusPlus/Content/Collections/' took 0.00s
[2020.12.21-04.01.29:236][  0]LogContentBrowser: Native class hierarchy populated in 0.0081 seconds. Added 3410 classes and 808 folders.
[2020.12.21-04.01.29:239][  0]LogContentBrowser: Native class hierarchy updated for 'WidgetCarousel' in 0.0003 seconds. Added 0 classes and 0 folders.
[2020.12.21-04.01.29:305][  0]LogContentBrowser: Native class hierarchy updated for 'AddContentDialog' in 0.0003 seconds. Added 0 classes and 0 folders.
[2020.12.21-04.01.29:306][  0]LogContentBrowser: Native class hierarchy updated for 'SceneOutliner' in 0.0003 seconds. Added 2 classes and 0 folders.
[2020.12.21-04.01.29:358][  0]LogSlate: Took 0.000180 seconds to synchronously load lazily loaded font '../../../Engine/Content/Slate/Fonts/Roboto-Regular.ttf' (155K)
[2020.12.21-04.01.29:360][  0]LogSlate: Took 0.000170 seconds to synchronously load lazily loaded font '../../../Engine/Content/Slate/Fonts/Roboto-Bold.ttf' (160K)
[2020.12.21-04.01.29:363][  0]LogSlate: Took 0.000170 seconds to synchronously load lazily loaded font '../../../Engine/Content/Editor/Slate/Fonts/FontAwesome.ttf' (139K)
[2020.12.21-04.01.29:443][  0]LogRenderer: Reallocating scene render targets to support 1208x572 Format 10 NumSamples 1 (Frame:1).
[2020.12.21-04.01.29:498][  0]LogSlate: Took 0.000199 seconds to synchronously load lazily loaded font '../../../Engine/Content/Slate/Fonts/Roboto-Light.ttf' (167K)
[2020.12.21-04.01.29:553][  0]LogContentBrowser: Native class hierarchy updated for 'HierarchicalLODOutliner' in 0.0004 seconds. Added 0 classes and 0 folders.
[2020.12.21-04.01.29:553][  0]LogLoad: (Engine Initialization) Total time: 6.67 seconds
[2020.12.21-04.01.29:553][  0]LogLoad: (Engine Initialization) Total Blueprint compile time: 0.00 seconds
[2020.12.21-04.01.29:604][  0]LogAssetRegistry: Asset discovery search completed in 2.9384 seconds
[2020.12.21-04.01.29:608][  0]LogCollectionManager: Fixed up redirectors for 0 collections in 0.000002 seconds (updated 0 objects)
[2020.12.21-04.01.29:609][  0]LogContentStreaming: Texture pool size now 1000 MB
[2020.12.21-04.01.38:381][ 43]LogSlate: Window 'Plugins' being destroyed
[2020.12.21-04.01.38:385][ 43]LogSlate: Window 'Plugins' being destroyed
[2020.12.21-04.01.38:385][ 43]LogDirectoryWatcher: A directory notification for '../../../Engine/Plugins/' was aborted.
[2020.12.21-04.02.16:476][306]LogSlate: Took 0.000194 seconds to synchronously load lazily loaded font '../../../Engine/Content/Slate/Fonts/Roboto-Light.ttf' (167K)
[2020.12.21-04.02.16:498][306]LogUObjectHash: Compacting FUObjectHashTables data took   0.53ms
[2020.12.21-04.02.16:530][306]LogSavePackage: Moving 'F:/old desktop/Games/My games/Robogoo group/RoboGoo/RoboGooCPlusPlus/Saved/ThirdPersonExampleMap0880F5AF4B4105E9A3D94BB6B5437EE0.tmp' to 'F:/old desktop/Games/My games/Robogoo group/RoboGoo/RoboGooCPlusPlus/Content/ThirdPersonCPP/Maps/ThirdPersonExampleMap.umap'
[2020.12.21-04.02.16:628][306]LogSavePackage: Moving 'F:/old desktop/Games/My games/Robogoo group/RoboGoo/RoboGooCPlusPlus/Saved/ThirdPersonExampleMap_BuiltData9DCD3DA64F9957603A9DCF8E408A3CA3.tmp' to 'F:/old desktop/Games/My games/Robogoo group/RoboGoo/RoboGooCPlusPlus/Content/ThirdPersonCPP/Maps/ThirdPersonExampleMap_BuiltData.uasset'
[2020.12.21-04.02.16:637][306]AssetCheck: New page: Asset Save: multiple assets
[2020.12.21-04.02.16:637][306]LogContentValidation: Display: Validating World /Game/ThirdPersonCPP/Maps/ThirdPersonExampleMap.ThirdPersonExampleMap
[2020.12.21-04.02.16:637][306]LogContentValidation: Display: Validating MapBuildDataRegistry /Game/ThirdPersonCPP/Maps/ThirdPersonExampleMap_BuiltData.ThirdPersonExampleMap_BuiltData
[2020.12.21-04.02.17:249][377]LogUObjectHash: Compacting FUObjectHashTables data took   0.18ms
[2020.12.21-04.02.17:269][377]LogSavePackage: Moving 'F:/old desktop/Games/My games/Robogoo group/RoboGoo/RoboGooCPlusPlus/Saved/ThirdPersonExampleMapC6AA06BE4CF44BC41CC97596A92F7457.tmp' to 'F:/old desktop/Games/My games/Robogoo group/RoboGoo/RoboGooCPlusPlus/Content/ThirdPersonCPP/Maps/ThirdPersonExampleMap.umap'
[2020.12.21-04.02.17:342][377]LogSavePackage: Moving 'F:/old desktop/Games/My games/Robogoo group/RoboGoo/RoboGooCPlusPlus/Saved/ThirdPersonExampleMap_BuiltDataE3C53F3149F6D3407D0B5EBC34E53247.tmp' to 'F:/old desktop/Games/My games/Robogoo group/RoboGoo/RoboGooCPlusPlus/Content/ThirdPersonCPP/Maps/ThirdPersonExampleMap_BuiltData.uasset'
[2020.12.21-04.02.17:355][377]AssetCheck: New page: Asset Save: multiple assets
[2020.12.21-04.02.17:355][377]LogContentValidation: Display: Validating World /Game/ThirdPersonCPP/Maps/ThirdPersonExampleMap.ThirdPersonExampleMap
[2020.12.21-04.02.17:355][377]LogContentValidation: Display: Validating MapBuildDataRegistry /Game/ThirdPersonCPP/Maps/ThirdPersonExampleMap_BuiltData.ThirdPersonExampleMap_BuiltData
[2020.12.21-04.02.22:695][467]LogHotReload: New module detected: UE4Editor-Robogoo_Cplusplus-0019.dll
[2020.12.21-04.02.23:385][470]LogHotReload: Starting Hot-Reload from IDE
[2020.12.21-04.02.23:432][470]LogContentBrowser: Native class hierarchy updated for 'Robogoo_Cplusplus' in 0.0004 seconds. Added 3 classes and 3 folders.
[2020.12.21-04.02.23:433][470]Display: HotReload successful (1 functions remapped  0 scriptstructs remapped)
[2020.12.21-04.02.23:478][470]LogContentBrowser: Native class hierarchy populated in 0.0081 seconds. Added 3410 classes and 808 folders.
[2020.12.21-04.02.23:482][470]Display: HotReload took  0.1s.
[2020.12.21-04.02.25:496][568]LogTemp: Repeating last play command: Selected Viewport
[2020.12.21-04.02.25:511][568]LogPlayLevel: PlayLevel: No blueprints needed recompiling
[2020.12.21-04.02.25:512][568]PIE: New page: PIE session: ThirdPersonExampleMap (21 Dec 2020, 04:02:25)
[2020.12.21-04.02.25:513][568]LogOnline: OSS: Creating online subsystem instance for: NULL
[2020.12.21-04.02.25:514][568]LogOnline: OSS: TryLoadSubsystemAndSetDefault: Loaded subsystem for module [NULL]
[2020.12.21-04.02.25:514][568]LogPlayLevel: Creating play world package: /Game/ThirdPersonCPP/Maps/UEDPIE_0_ThirdPersonExampleMap
[2020.12.21-04.02.25:523][568]LogPlayLevel: PIE: StaticDuplicateObject took: (0.008630s)
[2020.12.21-04.02.25:524][568]LogAIModule: Creating AISystem for world ThirdPersonExampleMap
[2020.12.21-04.02.25:524][568]LogAISub: UAISubsystem::UAISubsystem EnvQueryManager (0000022523C03E00), frame # 1568
[2020.12.21-04.02.25:524][568]LogAISub: UAISubsystem::UAISubsystem AIPerceptionSystem (00000225240D6840), frame # 1568
[2020.12.21-04.02.25:524][568]LogPlayLevel: PIE: World Init took: (0.000954s)
[2020.12.21-04.02.25:524][568]LogPlayLevel: PIE: Created PIE world by copying editor world from /Game/ThirdPersonCPP/Maps/ThirdPersonExampleMap.ThirdPersonExampleMap to /Game/ThirdPersonCPP/Maps/UEDPIE_0_ThirdPersonExampleMap.ThirdPersonExampleMap (0.009714s)
[2020.12.21-04.02.25:539][568]LogUObjectHash: Compacting FUObjectHashTables data took   0.52ms
[2020.12.21-04.02.25:540][568]LogAudioMixer: Display: Audio Mixer Platform Settings:
[2020.12.21-04.02.25:540][568]LogAudioMixer: Display: 	Sample Rate:						  48000
[2020.12.21-04.02.25:540][568]LogAudioMixer: Display: 	Callback Buffer Frame Size Requested: 1024
[2020.12.21-04.02.25:540][568]LogAudioMixer: Display: 	Callback Buffer Frame Size To Use:	  1024
[2020.12.21-04.02.25:540][568]LogAudioMixer: Display: 	Number of buffers to queue:			  2
[2020.12.21-04.02.25:540][568]LogAudioMixer: Display: 	Max Channels (voices):				  32
[2020.12.21-04.02.25:540][568]LogAudioMixer: Display: 	Number of Async Source Workers:		  0
[2020.12.21-04.02.25:540][568]LogAudio: Display: AudioDevice MaxSources: 32
[2020.12.21-04.02.25:540][568]LogAudio: Display: Using built-in audio occlusion.
[2020.12.21-04.02.25:540][568]LogAudioMixer: Display: Initializing audio mixer.
[2020.12.21-04.02.25:543][568]LogAudioMixer: Display: 0: FrontLeft
[2020.12.21-04.02.25:543][568]LogAudioMixer: Display: 1: FrontRight
[2020.12.21-04.02.25:562][568]LogAudioMixer: Display: Using Audio Device Headset Earphone (HyperX Virtual Surround Sound)
[2020.12.21-04.02.25:562][568]LogAudioMixer: Display: Initializing Sound Submixes...
[2020.12.21-04.02.25:562][568]LogAudioMixer: Display: Creating Master Submix 'MasterSubmixDefault'
[2020.12.21-04.02.25:562][568]LogAudioMixer: Display: Creating Master Submix 'MasterReverbSubmixDefault'
[2020.12.21-04.02.25:562][568]LogAudioMixer: Display: Creating Master Submix 'MasterEQSubmixDefault'
[2020.12.21-04.02.25:573][568]LogInit: FAudioDevice initialized.
[2020.12.21-04.02.25:610][568]LogLoad: Game class is 'New_Gamemode_C'
[2020.12.21-04.02.25:612][568]LogWorld: Bringing World /Game/ThirdPersonCPP/Maps/UEDPIE_0_ThirdPersonExampleMap.ThirdPersonExampleMap up for play (max tick rate 0) at 2020.12.21-04.02.25
[2020.12.21-04.02.25:612][568]LogWorld: Bringing up level for play took: 0.000654
[2020.12.21-04.02.25:612][568]LogOnline: OSS: Creating online subsystem instance for: :Context_2
[2020.12.21-04.02.25:645][568]LogContentBrowser: Native class hierarchy updated for 'MovieSceneCapture' in 0.0004 seconds. Added 20 classes and 0 folders.
[2020.12.21-04.02.25:645][568]LogGameMode: Display: Match State Changed from EnteringMap to WaitingToStart
[2020.12.21-04.02.25:645][568]LogGameState: Match State Changed from EnteringMap to WaitingToStart
[2020.12.21-04.02.25:645][568]LogGameMode: Display: Match State Changed from WaitingToStart to InProgress
[2020.12.21-04.02.25:658][568]LogGameState: Match State Changed from WaitingToStart to InProgress
[2020.12.21-04.02.25:658][568]PIE: Server logged in
[2020.12.21-04.02.25:660][568]PIE: Play in editor total start time 0.151 seconds.
[2020.12.21-04.02.29:576][754]LogWindows: Error: === Critical error: ===
[2020.12.21-04.02.29:576][754]LogWindows: Error: 
[2020.12.21-04.02.29:576][754]LogWindows: Error: Fatal error!
[2020.12.21-04.02.29:576][754]LogWindows: Error: 
[2020.12.21-04.02.29:576][754]LogWindows: Error: Unhandled Exception: EXCEPTION_ACCESS_VIOLATION reading address 0x00000164
[2020.12.21-04.02.29:576][754]LogWindows: Error: 
[2020.12.21-04.02.29:576][754]LogWindows: Error: [Callstack] 0x00007fff279a43ce UE4Editor-Robogoo_Cplusplus-0019.dll!UnknownFunction [F:\old desktop\Games\My games\Robogoo group\RoboGoo\RoboGooCPlusPlus\Source\Robogoo_Cplusplus\Private\Character_Movement.cpp:99]
[2020.12.21-04.02.29:576][754]LogWindows: Error: [Callstack] 0x00007fff423691fa UE4Editor-Engine.dll!UnknownFunction []
[2020.12.21-04.02.29:576][754]LogWindows: Error: [Callstack] 0x00007fff4239514e UE4Editor-Engine.dll!UnknownFunction []
[2020.12.21-04.02.29:576][754]LogWindows: Error: [Callstack] 0x00007fff41e9b988 UE4Editor-Engine.dll!UnknownFunction []
[2020.12.21-04.02.29:576][754]LogWindows: Error: [Callstack] 0x00007fff41eaf1b4 UE4Editor-Engine.dll!UnknownFunction []
[2020.12.21-04.02.29:576][754]LogWindows: Error: [Callstack] 0x00007fff41e99a1b UE4Editor-Engine.dll!UnknownFunction []
[2020.12.21-04.02.29:576][754]LogWindows: Error: [Callstack] 0x00007fff41ead681 UE4Editor-Engine.dll!UnknownFunction []
[2020.12.21-04.02.29:576][754]LogWindows: Error: [Callstack] 0x00007fff41189f84 UE4Editor-Engine.dll!UnknownFunction []
[2020.12.21-04.02.29:576][754]LogWindows: Error: [Callstack] 0x00007fff4224936f UE4Editor-Engine.dll!UnknownFunction []
[2020.12.21-04.02.29:576][754]LogWindows: Error: [Callstack] 0x00007fff4224e3c7 UE4Editor-Engine.dll!UnknownFunction []
[2020.12.21-04.02.29:576][754]LogWindows: Error: [Callstack] 0x00007fff578887d8 UE4Editor-Core.dll!UnknownFunction []
[2020.12.21-04.02.29:576][754]LogWindows: Error: [Callstack] 0x00007fff57888aa3 UE4Editor-Core.dll!UnknownFunction []
[2020.12.21-04.02.29:576][754]LogWindows: Error: [Callstack] 0x00007fff5789f027 UE4Editor-Core.dll!UnknownFunction []
[2020.12.21-04.02.29:576][754]LogWindows: Error: [Callstack] 0x00007fff4226a402 UE4Editor-Engine.dll!UnknownFunction []
[2020.12.21-04.02.29:576][754]LogWindows: Error: [Callstack] 0x00007fff4226f6ca UE4Editor-Engine.dll!UnknownFunction []
[2020.12.21-04.02.29:576][754]LogWindows: Error: [Callstack] 0x00007fff41a2d0bf UE4Editor-Engine.dll!UnknownFunction []
[2020.12.21-04.02.29:576][754]LogWindows: Error: [Callstack] 0x00007fff41a37957 UE4Editor-Engine.dll!UnknownFunction []
[2020.12.21-04.02.29:576][754]LogWindows: Error: [Callstack] 0x00007fff5655af57 UE4Editor-UnrealEd.dll!UnknownFunction []
[2020.12.21-04.02.29:576][754]LogWindows: Error: [Callstack] 0x00007fff56e337e6 UE4Editor-UnrealEd.dll!UnknownFunction []
[2020.12.21-04.02.29:576][754]LogWindows: Error: [Callstack] 0x00007ff7e7e37800 UE4Editor.exe!UnknownFunction []
[2020.12.21-04.02.29:576][754]LogWindows: Error: [Callstack] 0x00007ff7e7e4ba7c UE4Editor.exe!UnknownFunction []
[2020.12.21-04.02.29:576][754]LogWindows: Error: [Callstack] 0x00007ff7e7e4bb5a UE4Editor.exe!UnknownFunction []
[2020.12.21-04.02.29:576][754]LogWindows: Error: [Callstack] 0x00007ff7e7e5e31d UE4Editor.exe!UnknownFunction []
[2020.12.21-04.02.29:576][754]LogWindows: Error: [Callstack] 0x00007ff7e7e6145a UE4Editor.exe!UnknownFunction []
[2020.12.21-04.02.29:576][754]LogWindows: Error: [Callstack] 0x00007fffc32c7034 KERNEL32.DLL!UnknownFunction []
[2020.12.21-04.02.29:576][754]LogWindows: Error: [Callstack] 0x00007fffc3f1d0d1 ntdll.dll!UnknownFunction []
[2020.12.21-04.02.29:576][754]LogWindows: Error: 
[2020.12.21-04.02.29:620][754]LogExit: Executing StaticShutdownAfterError
[2020.12.21-04.02.29:621][754]LogWindows: FPlatformMisc::RequestExit(1)
[2020.12.21-04.02.29:621][754]LogCore: Engine exit requested (reason: Win RequestExit)
[2020.12.21-04.02.29:651][754]Log file closed, 12/21/20 04:02:29
